   SW   perc perc perc  query     position in query        matching                                     repeat                              position in repeat
score   div. del. ins.  sequence  begin  end      (left)   repeat                                       class/family                      begin  end    (left)  ID

  334   16.9  1.4  0.0  NP_61        774    844 (155657) + MINIME_DN                                    Non-LTR_retrotransposon/MINIME_DN    233    304  (914)   1 *
  472    6.1  0.0  0.0  NP_61        782    847 (155654) + DNAREP1_DM                                   RC/Helitron                           37    102  (492)   2  
 1443    9.9  9.1  0.0  NP_61        900   1141 (155360) C Gypsy20-LTR_Dya                              LTR/Gypsy                            (0)    286     23   3  
 5658    7.9  5.2  1.8  NP_61       1143   2112 (154389) C Gypsy20-I_Dya                                LTR/Gypsy                            (0)   6215   5214   3  
  495   10.7  1.1  3.5  NP_61       2155   2241 (154260) + DMCR1A                                       Non-LTR_retrotransposon/CR1            2     86 (4384)   4  
 1310    8.7  4.9  2.2  NP_61       2334   2557 (153944) + DMCR1A                                       Non-LTR_retrotransposon/CR1          239    468 (4002)   4 *
 6769    7.7 10.3  1.7  NP_61       2549   4079 (152422) C Gypsy20-I_Dya                                LTR/Gypsy                         (1801)   4414   2753   3  
  500    7.0  0.0  2.8  NP_61       4072   4145 (152356) + DNAREP1_DM                                   RC/Helitron                          523    594    (0)   2 *
  372   18.8  0.0  2.5  NP_61       4073   4154 (152347) C Transib-1_DRh                                DNA/CMC-Transib                   (2253)    743    664   5 *
 1245    8.8  2.8  0.5  NP_61       4438   4654 (151847) C Jockey2                                      Non-LTR_retrotransposon/Jockey       (1)   3427   3206   6 *
 2344   10.9  1.9  1.3  NP_61       4654   5194 (151307) C Gypsy-4_DSim-I                               LTR/Gypsy                         (4168)   2196   1599   7  
 2455    9.1  7.7  0.3  NP_61       5249   5613 (150888) C GTWIN_I                                      LTR/Gypsy                         (3201)   3220   2829   8  
 1404   12.7  0.1  1.3  NP_61       5604   5849 (150652) C GTWIN_I                                      LTR/Gypsy                         (3760)   2661   2445   8 *
  932    6.4  7.9  0.0  NP_61       5824   5963 (150538) + DNAREP1_DSim                                 RC/Helitron                          542    692    (0)   9 *
  265    5.6  0.0  0.0  NP_61       5932   5967 (150534) + Hoyak2                                       DNA/hAT-Ac                             1     36 (2525)  10 *
 1982    7.3  0.9  4.0  NP_61       7820   8136 (148365) + DNAREP1_DSim                                 RC/Helitron                           33    352  (340)  11  
 1727   10.8  3.9  1.4  NP_61       8157   8438 (148063) C HELENA_RT                                    Non-LTR_retrotransposon/Jockey     (116)   1201    913  12  
  763    9.1  0.0  0.0  NP_61       8437   8546 (147955) C Helena_Ds                                    Non-LTR_retrotransposon/Jockey     (792)   4120   4011  13 *
 1088    9.7  1.2  1.2  NP_61       8543   8709 (147792) C HELENA_RT                                    Non-LTR_retrotransposon/Jockey     (754)    563    397  12  
  572   14.8  9.0  7.1  NP_61       9032   9198 (147303) C Gypsy-7_DSim-I                               LTR/Gypsy                         (6625)    201     32  14  
  417   20.0  4.7  0.9  NP_61       9209   9314 (147187) C Gypsy1-LTR_DM                                LTR/Gypsy                            (7)    401    292  14  
 2101   18.1  4.5  3.6  NP_61       9683  10238 (146263) C Stalker2_I                                   LTR/Gypsy                         (6551)    845    285  15  
  667    8.0  3.0  0.0  NP_61      10437  10536 (145965) C STALKER4_LTR                                 LTR/Gypsy                           (23)    379    277  16  
 4272    1.0  0.0  0.0  NP_61      10537  11031 (145470) C GTWIN_LTR                                    LTR/Gypsy                            (0)    495      1  17 *
11291    0.2  0.0  0.0  NP_61      11023  12319 (144182) C GTWIN_I                                      LTR/Gypsy                            (0)   6421   5134  17  
 3573    1.6  0.0  0.2  NP_61      12320  12762 (143739) C MDG1_LTR                                     LTR/Gypsy                            (0)    442      1  18  
 2109    1.0  1.1  2.8  NP_61      12744  13308 (143193) C GTWIN_I                                      LTR/Gypsy                            (0)   6596   6206  17 *
 3867    1.0  0.2  6.8  NP_61      13309  13822 (142679) C DM412B_LTR                                   LTR/Gypsy                           (89)    482      1  19 *
50098    0.2  0.1  0.1  NP_61      13807  19788 (136713) C DM412                                        LTR/Gypsy                            (0)   6477    510  20  
 1547    1.6  0.5  0.0  NP_61      19790  19982 (136519) C DM412                                        LTR/Gypsy                         (5907)    570    377  21  
 1017    0.0  0.0  1.5  NP_61      19973  20106 (136395) C DM412                                        LTR/Gypsy                         (6345)    132      1  21 *
 3867    1.0  0.2  6.8  NP_61      20107  20620 (135881) C DM412                                        LTR/Gypsy                           (89)    482      1  20  
31195    0.8  0.0  0.0  NP_61      20621  24357 (132144) C MDG1_I                                       LTR/Gypsy                          (387)   6209   2473  22  
 3573    1.6  0.0  0.2  NP_61      24371  24813 (131688) C MDG1_LTR                                     LTR/Gypsy                            (0)    442      1  23  
44338    0.3  0.4  0.1  NP_61      24814  29933 (126568) C GTWIN_I                                      LTR/Gypsy                         (1284)   5137      1  24  
 4292    0.8  0.0  0.0  NP_61      29934  30428 (126073) C GTWIN_LTR                                    LTR/Gypsy                            (0)    495      1  24  
  677    1.3  0.0  0.0  NP_61      30429  30507 (125994) C STALKER4_LTR                                 LTR/Gypsy                          (122)    280    202  25 *
13881    5.8  1.6  1.1  NP_61      30507  33629 (122872) C Gypsy2_I                                     LTR/Gypsy                         (1358)   4777   1713  26  
 1361    4.6  0.0  0.0  NP_61      33629  33802 (122699) C Gypsy2_I                                     LTR/Gypsy                         (5173)    962    789  26 *
 4494    3.9  4.3  1.1  NP_61      33800  34429 (122072) C Gypsy2_I                                     LTR/Gypsy                         (5485)    650      1  26  
 2856    3.7  0.0  0.3  NP_61      34430  34783 (121718) C Gypsy2_LTR                                   LTR/Gypsy                            (0)    353      1  26  
  270   28.2  2.8  5.6  NP_61      35353  35814 (120687) C Gypsy-5_DSim-I                               LTR/Gypsy                          (696)   7416   6967  27  
  389   28.6  4.0  4.3  NP_61      35844  36138 (120363) C Gypsy-5_DSim-I                               LTR/Gypsy                         (1227)   6465   6011  27  
  264   28.9  2.5  2.0  NP_61      36238  36425 (120076) C Gypsy-5_DSim-I                               LTR/Gypsy                         (1155)   6007   5847  27  
  464   30.3  1.9  1.9  NP_61      36520  36829 (119672) C Gypsy-5_DSim-I                               LTR/Gypsy                         (3601)   3561   3252  27  
 1746   18.2  2.1  3.6  NP_61      36881  37307 (119194) C Gypsy_LTR                                    LTR/Gypsy                           (37)    445     25  28  
 9917   12.3  0.1  0.1  NP_61      37324  38838 (117663) C Gypsy_I                                      LTR/Gypsy                            (0)   6507   4992  28  
 2371   15.6  0.0  0.5  NP_61      38835  39241 (117260) C Gypsy_I                                      LTR/Gypsy                         (2013)   4494   4090  28 *
 2410    1.7  0.0  0.0  NP_61      39251  39540 (116961) + STALKER4_I                                   LTR/Gypsy                           4501   4790 (1740)  29  
  646    4.8  0.0  0.0  NP_61      39536  39618 (116883) C STALKER4_LTR                                 LTR/Gypsy                          (319)     83      1  30 *
 5882    1.2  2.0  0.0  NP_61      39619  40385 (116116) C STALKER4_I                                   LTR/Gypsy                            (0)   6530   5749  30 *
19159    0.7  0.2  0.0  NP_61      40382  42649 (113852) + FW_DM                                        Non-LTR_retrotransposon/Jockey      1498   3769  (923)  31  
 1611    3.5  1.2  9.4  NP_61      42708  42961 (113540) + Gypsy6_I                                     LTR/Gypsy                            318    552 (6460)  32 *
 7074    1.0  0.0  0.0  NP_61      42958  43787 (112714) + FW_DM                                        Non-LTR_retrotransposon/Jockey      3702   4531  (161)  33  
 4269   13.2  0.7  0.8  NP_61      43786  44623 (111878) + Gypsy_6B                                     LTR/Gypsy                           6036   7519  (228)  34 *
  563    5.1  0.0  2.5  NP_61      44679  44759 (111742) + Gypsy6_I                                     LTR/Gypsy                             97    175 (6837)  35  
  794    7.8 11.3  0.6  NP_61      44832  44973 (111528) + Gypsy6_I                                     LTR/Gypsy                            168    324 (6688)  35  
 9415    3.9  0.2  4.0  NP_61      45004  46536 (109965) + Gypsy6_I                                     LTR/Gypsy                            318   1877 (5135)  35  
 4871    3.2  0.2  0.0  NP_61      46531  47124 (109377) + Gypsy6_I                                     LTR/Gypsy                           2241   2835 (4177)  35 *
31902    3.3  2.0  0.2  NP_61      47127  51380 (105121) + Gypsy6_I                                     LTR/Gypsy                              1   7527  (220)  35  
  761    5.7  0.7  9.6  NP_61      51396  51531 (104970) + Gypsy6_I                                     LTR/Gypsy                             51    175 (6837)  36  
  863    6.7  8.8  0.7  NP_61      51604  51739 (104762) + Gypsy6_I                                     LTR/Gypsy                            168    314 (6698)  36  
 6884    2.7  0.0  0.0  NP_61      52165  53024 (103477) + STALKER4_I                                   LTR/Gypsy                           4723   5582  (948)  37  
 6033    0.7  1.9  0.0  NP_61      53022  53795 (102706) + STALKER4_I                                   LTR/Gypsy                           5742   6530    (0)  37 *
  646    4.8  0.0  0.0  NP_61      53796  53878 (102623) + STALKER4_LTR                                 LTR/Gypsy                              1     83  (319)  37 *
13449    1.6  1.6  0.1  NP_61      53874  55525 (100976) C STALKER4_I                                   LTR/Gypsy                         (1740)   4790   3114  38  
 9574    3.3  1.4  0.5  NP_61      55552  56794  (99707) C STALKER4_I                                   LTR/Gypsy                         (4213)   2317   1064  38  
 2160   14.8  5.0  2.4  NP_61      56843  57481  (99020) C STALKER4_I                                   LTR/Gypsy                         (5531)    999    285  38  
  900    7.1  1.6  0.0  NP_61      57680  57806  (98695) C STALKER4_LTR                                 LTR/Gypsy                           (23)    379    251  39  
 1068    6.3  1.4  0.0  NP_61      57807  57949  (98552) C Gypsy6_LTR                                   LTR/Gypsy                            (0)    407    263  40  
  407    1.6  0.0 18.8  NP_61      58067  58141  (98360) C BLOOD_LTR                                    LTR/Gypsy                          (143)    256    194  41  
  477    6.8  0.0  4.0  NP_61      58142  58218  (98283) + ROVER-LTR_DM                                 LTR/Gypsy                              1     74  (293)  42  
 1317    5.3  0.5  5.2  NP_61      58351  58550  (97951) + ROVER-LTR_DM                                 LTR/Gypsy                            177    367    (0)  42  
  974    6.1  0.6  6.7  NP_61      58566  58723  (97778) C ROVER-LTR_DM                                 LTR/Gypsy                           (42)    325    177  43  
  260   13.9  6.6  5.2  NP_61      58833  58908  (97593) C ROVER-LTR_DM                                 LTR/Gypsy                          (288)     79      3  43  
  477    8.2  0.0  6.5  NP_61      58909  59012  (97489) C ROVER-LTR_DM                                 LTR/Gypsy                          (296)     71      1  43 *
  495    0.0  0.0  0.0  NP_61      58983  59040  (97461) C ROVER-I_DM                                   LTR/Gypsy                            (0)   6584   6527  43  
 3658    0.7  0.0  0.0  NP_61      59041  59470  (97031) C Gypsy5_LTR                                   LTR/Gypsy                            (0)    430      1  44  
  281   23.8  8.4  1.8  NP_61      59471  59521  (96980) + noCat_dsim_final-B-P113.23-Map3_novel_repeat Other/de_novo                        752    809   (54)  45 *
 9428    0.3  0.4  0.0  NP_61      59464  60590  (95911) C Gypsy5_I                                     LTR/Gypsy                          (406)   7162   5386  46 *
31441    0.1  0.1  0.0  NP_61      60590  64254  (92247) C Gypsy5_I                                     LTR/Gypsy                         (2792)   3717     48  46  
 1840   21.6  7.4  5.8  NP_61      64430  65024  (91477) C Gypsy-5_DSim-I                               LTR/Gypsy                         (6181)    981    378  47  
  413    6.6  0.0  0.5  NP_61      65187  65261  (91240) C Gypsy-5_DSim-I                               LTR/Gypsy                         (7069)     93      1  47 *
 3658    0.7  0.0  0.0  NP_61      65257  65686  (90815) C Gypsy5_LTR                                   LTR/Gypsy                            (0)    430      1  47  
38912    5.7  0.6  0.8  NP_61      65802  71894  (84607) C ROVER-I_DM                                   LTR/Gypsy                          (215)   6205    103  48  
 1301    6.4  1.9  3.9  NP_61      71946  72269  (84232) C ROVER-LTR_DM                                 LTR/Gypsy                            (0)    367      1  48  
  477    6.8  0.0  4.0  NP_61      72401  72477  (84024) C ROVER-LTR_DM                                 LTR/Gypsy                          (293)     74      1  48  
 1541    5.1  2.4  0.5  NP_61      72478  72732  (83769) C BLOOD_LTR                                    LTR/Gypsy                          (200)    199      1  49  
15035    1.0  0.0  0.4  NP_61      72733  74580  (81921) C BLOOD_I                                      LTR/Gypsy                          (138)   6475   4635  49  
39955    0.3  0.1  0.4  NP_61      74597  79299  (77202) + DOC                                          Non-LTR_retrotransposon/Jockey        32   4723    (2)  50  
28230    1.8  1.9  0.2  NP_61      79299  83917  (72584) C BLOOD_I                                      LTR/Gypsy                         (1964)   4649      1  49 *
 1883    4.0  0.8  4.7  NP_61      84035  84300  (72201) C BLOOD_LTR                                    LTR/Gypsy                          (143)    256      1  51  
 2174   13.9  3.0  5.0  NP_61      84301  85224  (71277) C Stalker2_I                                   LTR/Gypsy                         (5189)   1341    285  52  
  812    7.5  2.5  0.0  NP_61      85414  85533  (70968) C STALKER4_LTR                                 LTR/Gypsy                           (23)    379    257  53  
31610    3.6  2.1  0.4  NP_61      85534  89799  (66702) C Gypsy6_I                                     LTR/Gypsy                          (229)   7518   3110  54  
 4884    3.7  0.0  0.0  NP_61      89802  90396  (66105) C Gypsy6_I                                     LTR/Gypsy                         (4177)   2835   2241  54 *
 8978    4.8  1.7  5.3  NP_61      90391  92077  (64424) C Gypsy6_I                                     LTR/Gypsy                         (5135)   1877    168  54  
  550    6.3  0.0  2.5  NP_61      92150  92230  (64271) C Gypsy6_I                                     LTR/Gypsy                         (6837)    175     97  54  
 4565   12.6  0.7  0.8  NP_61      92286  93156  (63345) C Gypsy_6B                                     LTR/Gypsy                          (228)   7519   6003  55  
27115    0.7  0.1  0.0  NP_61      93157  96350  (60151) C FW_DM                                        Non-LTR_retrotransposon/Jockey       (1)   4691   1495  56  
 3763    0.5  0.2  0.0  NP_61      96351  96793  (59708) C Pifo_LTR                                     LTR/Gypsy                            (0)    444      1  57 *
12431    0.3  0.5  0.0  NP_61      96785  98276  (58225) C Pifo_I                                       LTR/Gypsy                            (0)   8112   6623  58  
 2297    0.0  0.0  0.0  NP_61      98277  98552  (57949) + Copia_LTR                                    LTR/Copia                              1    276    (0)  59  
39033    0.1  0.0  0.1  NP_61      98553 103151  (53350) + Copia_I                                      LTR/Copia                              1   4593    (0)  59  
 2297    0.0  0.0  0.0  NP_61     103152 103427  (53074) + Copia_LTR                                    LTR/Copia                              1    276    (0)  59  
30536    5.6  0.9  0.2  NP_61     103428 108279  (48222) C Pifo_I                                       LTR/Gypsy                         (1485)   6627   1885  58  
  245    9.8  2.4  0.0  NP_61     108289 108329  (48172) C Gypsy1-LTR_DM                                LTR/Gypsy                            (0)    408    367  60  
 2693    8.3  0.5  3.8  NP_61     108351 108763  (47738) C Gypsy1-LTR_DM                                LTR/Gypsy                            (0)    408      9  61 *
15948    0.5  0.3  0.4  NP_61     108762 110653  (45848) C Pifo_I                                       LTR/Gypsy                         (6221)   1891      1  58  
 3756    0.5  0.2  0.0  NP_61     110654 111096  (45405) C Pifo_LTR                                     LTR/Gypsy                            (0)    444      1  58  
12410    1.5  0.3  0.5  NP_61     111097 112597  (43904) C FW_DM                                        Non-LTR_retrotransposon/Jockey    (3194)   1498      1  62  
10634    4.9  0.2  0.1  NP_61     112599 113951  (42550) C Gypsy_6B                                     LTR/Gypsy                          (546)   6010   4656  63  
 7513    2.2  0.0  0.0  NP_61     113950 114846  (41655) C Gypsy_6B                                     LTR/Gypsy                         (2286)   4270   3374  63 *
 8176    0.7  0.4  0.4  NP_61     114847 115826  (40675) C DOC                                          Non-LTR_retrotransposon/Jockey       (0)   4725   3746  64  
 3648    0.0  0.0  0.0  NP_61     115827 116250  (40251) C Stalker2_LTR                                 LTR/Gypsy                            (0)    424      1  65  
38061    1.6  0.5  0.2  NP_61     116251 121504  (34997) C Stalker2_I                                   LTR/Gypsy                            (0)   7396   1568  65  
12966    0.3  0.8  0.1  NP_61     121704 123277  (33224) C Stalker2_I                                   LTR/Gypsy                         (5810)   1586      1  65  
 3648    0.0  0.0  0.0  NP_61     123284 123707  (32794) C Stalker2_LTR                                 LTR/Gypsy                            (0)    424      1  65  
 5891    0.1  0.0  0.0  NP_61     123708 124387  (32114) C DOC                                          Non-LTR_retrotransposon/Jockey     (976)   3749   3070  66 *
26208    3.4  2.7  0.1  NP_61     124374 127674  (28827) C Gypsy_6B                                     LTR/Gypsy                         (3167)   3389      2  67  
 1739   10.1  1.6  6.3  NP_61     127723 128038  (28463) C Gypsy6A_LTR                                  LTR/Gypsy                          (118)    302      1  68  
10793    5.0  2.7  0.3  NP_61     128039 129515  (26986) C STALKER4_I                                   LTR/Gypsy                         (3346)   3184   1672  69  
 4911    7.2  0.8  2.6  NP_61     129521 130705  (25796) C STALKER4_I                                   LTR/Gypsy                         (5228)   1302     17  69  
  878   12.2 12.4  3.0  NP_61     130759 130943  (25558) C STALKER4_LTR                                 LTR/Gypsy                           (29)    373    172  69  
 2614    3.1  0.0  0.3  NP_61     130944 131270  (25231) C Gypsy2-LTR_DM                                LTR/Gypsy                           (12)    326      1  70  
  750   16.0  1.3  0.0  NP_61     131277 131432  (25069) C STALKER4_LTR                                 LTR/Gypsy                          (227)    175     18  69  
 6199   16.8  0.2  0.1  NP_61     131438 132525  (23976) + Gypsy1-I_DM                                  LTR/Gypsy                           5647   6725    (2)  71  
  298    7.8  0.0  0.0  NP_61     132519 132562  (23939) + Gypsy-7_DSim-LTR                             LTR/Gypsy                              1     44  (354)  71 *
  361   10.7  1.2  0.0  NP_61     132577 132638  (23863) C Gypsy-7_DSim-LTR                             LTR/Gypsy                          (385)    110     40  72  
 7179    5.3  1.6  0.8  NP_61     132722 133744  (22757) C Gypsy-1_DSim-I                               LTR/Gypsy                         (1269)   5753   4723  73 *
 8176   10.1  1.9  0.7  NP_61     133743 136942  (19559) C Gypsy-1_DSim-I                               LTR/Gypsy                         (3160)   3667     13  73  
 2074   13.0  7.5  4.2  NP_61     136969 137672  (18829) C Gypsy-1_DSim-LTR                             LTR/Gypsy                         (5353)    804     49  74  
  702   23.9 12.6  0.0  NP_61     137698 137919  (18582) C ZAM_I                                        LTR/Gypsy                          (269)   7270   7021  75  
 2627   11.4  3.4  3.0  NP_61     137923 138392  (18109) C ZAM_LTR                                      LTR/Gypsy                            (0)    472      1  76  
 4112    3.5  0.3  0.0  NP_61     138393 138909  (17592) C ZAM_I                                        LTR/Gypsy                           (12)   7478   6876  75 *
19625    4.4  3.9  0.6  NP_61     138908 142296  (14205) C ZAM_I                                        LTR/Gypsy                         (3187)   4303    802  75  
 2117    3.9  0.7  3.8  NP_61     142297 142592  (13909) C Gypsy4_LTR                                   LTR/Gypsy                            (0)    287      1  77  
 2191   10.4  7.6  3.4  NP_61     142624 143020  (13481) C ZAM_LTR                                      LTR/Gypsy                           (59)    413      1  78  
13076    4.4  0.6  0.9  NP_61     143022 144727  (11774) C Gypsy-2_DSe-I                                LTR/Gypsy                          (507)   5904   4205  79  
 1256   10.8  0.4  0.7  NP_61     144698 144896  (11605) C Gypsy-2_DSe-I                                LTR/Gypsy                         (2288)   4123   3894  79 *
 1413    2.3  1.7  0.0  NP_61     144900 145074  (11427) C Gypsy2-I_DM                                  LTR/Gypsy                          (311)   6234   6057  80  
 3894    5.3  1.6  0.0  NP_61     145110 145621  (10880) C Gypsy2-I_DM                                  LTR/Gypsy                          (676)   5869   5350  80  
 3060    7.1  0.5  0.5  NP_61     145609 146032  (10469) C Gypsy2-I_DM                                  LTR/Gypsy                         (1550)   4995   4572  80 *
 3688    4.4  1.5  0.2  NP_61     146068 146547   (9954) C Gypsy2-I_DM                                  LTR/Gypsy                         (3767)   2778   2293  80  
 2270   16.6  1.9  0.7  NP_61     146567 146991   (9510) C Gypsy2-I_DM                                  LTR/Gypsy                         (3956)   2573   2144  81 *
 5425    5.9  5.9  5.5  NP_61     146986 148367   (8134) C Gypsy2-I_DM                                  LTR/Gypsy                         (5153)   1392      1  81  
 1827    9.4 10.1  0.0  NP_61     148368 148674   (7827) C Gypsy2-LTR_DM                                LTR/Gypsy                            (0)    338      1  81  
 1016   10.7  0.6  0.0  NP_61     148681 148848   (7653) C STALKER4_LTR                                 LTR/Gypsy                          (227)    175      7  82  
  288   22.4  4.7  0.0  NP_61     149029 149113   (7388) + Gypsy-1_DSim-I                               LTR/Gypsy                           6640   6728  (294)  83  
 1682   21.8  1.1  0.0  NP_61     149172 149519   (6982) C Gypsy-10_DSim-I                              LTR/Gypsy                           (73)   7466   7115  84  
 2006   21.2 11.6  0.0  NP_61     149534 149972   (6529) C Gypsy-10_DSim-I                              LTR/Gypsy                          (540)   6999   6510  84  
 1740    7.7 14.3  0.0  NP_61     149969 150254   (6247) C Gypsy11_LTR                                  LTR/Gypsy                           (39)    413     87  85 *
  317   11.2  8.8  0.7  NP_61     150249 150327   (6174) C Gypsy-8_DSim-I                               LTR/Gypsy                          (217)   5195   5134  86 *
 1738    8.4  9.1  5.7  NP_61     150385 150724   (5777) C IDEFIX_LTR                                   LTR/Gypsy                            (0)    594    244  87  
 1401   10.0  0.9  3.0  NP_61     150757 151013   (5488) C Gypsy-10_DSim-I                              LTR/Gypsy                            (2)   5626   5413  84 *
12507    1.3  0.5  0.0  NP_61     150997 152474   (4027) C Gypsy-10_DSim-I                              LTR/Gypsy                          (852)   4336   2851  84  
 2110   13.6  3.4  2.7  NP_61     152548 152985   (3516) C GTWIN_LTR                                    LTR/Gypsy                           (54)    441      1  88  
  788   16.3 18.4  4.3  NP_61     152996 153482   (3019) C Gypsy-31_DYa-I                               LTR/Gypsy                         (6795)    773    397  89  
 1654    1.5  0.0  0.0  NP_61     153508 153713   (2788) C G6_DM                                        Non-LTR_retrotransposon/Jockey       (0)   2042   1837  90 *
13594    0.5  0.7  0.3  NP_61     153711 155351   (1150) C G6_DM                                        Non-LTR_retrotransposon/Jockey     (395)   1647      1  90  
 1097   15.6  2.5  7.9  NP_61     155645 155965    (536) C Gypsy-31_DYa-I                               LTR/Gypsy                         (7263)    305      1  89  
  527   14.9  0.8  1.6  NP_61     155966 156088    (413) C Gypsy-31_DYa-LTR                             LTR/Gypsy                            (0)    122      1  89  
 2745    7.7  0.8  0.5  NP_61     156112 156501      (0) C Gypsy-31_DYa-I                               LTR/Gypsy                           (23)   7545   7155  89  
