   SW   perc perc perc  query     position in query        matching          repeat                           position in repeat
score   div. del. ins.  sequence  begin  end      (left)   repeat            class/family                   begin  end    (left)  ID

 1719    9.9 10.4  3.7  NP_61       1100   1550 (361938) + DNAREP1_DM        RC/Helitron                         4    692    (0)   1  
  342   16.9  0.0  0.0  NP_61       1498   1562 (361926) C Transib-1_DRh     DNA/CMC-Transib                (2268)    728    664   2 *
 2714   14.3  3.8  3.6  NP_61       3185   3930 (359558) + DNAREP1_DSim      RC/Helitron                        40    701   (92)   3  
  279    5.6  0.0  0.0  NP_61       3931   3966 (359522) + Hoyak2            DNA/hAT-Ac                          1     36 (2525)   4  
 1232   10.5 23.1  2.0  NP_61       5826   6206 (357282) + DNAREP1_DSim      RC/Helitron                         1    473   (94)   5  
  660   13.0 24.9  0.0  NP_61       6196   6392 (357096) + DNAREP1_DSim      RC/Helitron                       427    672   (20)   6 *
  266   24.1  3.4  2.2  NP_61       6425   6513 (356975) C Gypsy-8_DSim-I    LTR/Gypsy                      (2435)   4074   3985   7  
  291   27.1  4.1  1.0  NP_61       6575   6671 (356817) + REP-1_DTa         Other/Other                       167    266 (2150)   8  
 2860   10.7  1.2  1.9  NP_61       6844   7328 (356160) C DM412B_LTR        LTR/Gypsy                        (89)    482      1   9  
 1926    1.6  8.7  0.4  NP_61       8404   8657 (354831) C DM412             LTR/Gypsy                      (4430)   2047   1773  10  
 6901    2.0  0.0  1.4  NP_61       8658   9536 (353952) C Gypsy-8_DSim-I    LTR/Gypsy                      (1321)   4091   3225   7  
 1118   12.1  8.7  0.9  NP_61       9552   9759 (353729) + Invader2_LTR      LTR/Gypsy                          43    266    (0)  11  
11230    4.2  0.7  0.0  NP_61       9760  11218 (352270) + Invader2_I        LTR/Gypsy                           1   1469 (3123)  11 *
22257    2.6  0.0  0.4  NP_61      11216  14073 (349415) + Invader2_I        LTR/Gypsy                        1746   4592    (0)  11  
 2677    5.8  0.8  0.3  NP_61      14106  14467 (349021) C Gypsy10_LTR       LTR/Gypsy                         (0)    364      1  12  
  539    4.9  0.0 10.8  NP_61      14468  14559 (348929) C Gypsy10_I         LTR/Gypsy                         (0)   5278   5196  12  
16441   19.1  1.4  2.1  NP_61      14642  21084 (342404) C Gypsy10_I         LTR/Gypsy                       (218)   6736      1  13  
 2677    5.8  0.8  0.3  NP_61      21085  21446 (342042) C Gypsy10_LTR       LTR/Gypsy                         (0)    364      1  13  
 1040   12.6  9.4  0.0  NP_61      21447  21637 (341851) + Invader2_LTR      LTR/Gypsy                          54    262    (4)  14  
 1413    1.2  0.0  0.0  NP_61      21639  21808 (341680) C Gypsy-8_DSim-I    LTR/Gypsy                      (2179)   3233   3064  15 *
 3593    3.6  3.2  0.6  NP_61      21808  22282 (341206) C Gypsy-8_DSim-I    LTR/Gypsy                      (2462)   2950   2464  15  
 1537   10.4 11.1  0.3  NP_61      22280  22549 (340939) + G5_DM             Non-LTR_retrotransposon/Jockey   4555   4853    (3)  16 *
 4233    1.2  0.0  0.0  NP_61      22548  23061 (340427) C Gypsy-8_DSim-I    LTR/Gypsy                      (2937)   2475   1962  15  
 2991    1.9  0.0  0.0  NP_61      23061  23429 (340059) C Gypsy-8_DSim-I    LTR/Gypsy                      (3770)   1642   1274  15 *
 1506    5.9  1.5  0.5  NP_61      23480  23685 (339803) C STALKER4_LTR      LTR/Gypsy                        (23)    379    172  17  
  434   18.0  0.0  1.1  NP_61      24073  24162 (339326) C Gypsy-53_DEl-I    LTR/Gypsy                       (342)   4047   3959  18  
  750   28.7  1.8  1.6  NP_61      24305  24803 (338685) C Gypsy-53_DEl-I    LTR/Gypsy                       (588)   3801   3302  18  
 1042   27.9  1.7  4.8  NP_61      24804  25271 (338217) C Gypsy-53_DEl-I    LTR/Gypsy                      (1560)   2829   2376  18  
 7519   27.3  2.1  0.8  NP_61      25301  28748 (334740) C Gypsy-53_DEl-I    LTR/Gypsy                      (1386)   5159      1  18  
 1526   32.3  0.6  0.6  NP_61      28956  29619 (333869) C MDG1_I            LTR/Gypsy                      (4416)   2113   1450  19  
  356   16.8  3.4 10.9  NP_61      30360  30506 (332982) C Gypsy-10_DMoj-LTR LTR/Gypsy                      (2344)    682    546  20  
  269   23.7  3.2 15.3  NP_61      30575  30793 (332695) C Gypsy16-I_Dya     LTR/Gypsy                      (2464)    562    196  20  
 1387    2.3  0.0  0.0  NP_61      31328  31502 (331986) C STALKER4_LTR      LTR/Gypsy                       (227)    175      1  21  
24603    1.7  1.9  0.1  NP_61      31503  36828 (326660) C STALKER4_I        LTR/Gypsy                         (0)   6530   1110  21  
17425    0.4  0.6  0.0  NP_61      37029  39130 (324358) C Gypsy-8_DSim-I    LTR/Gypsy                         (3)   5409   3295  22  
 6859    0.6  0.6  0.2  NP_61      39123  39971 (323517) C Gypsy-8_DSim-I    LTR/Gypsy                      (4560)    852      1  22 *
  709   20.5  4.6  7.8  NP_61      39972  40645 (322843) C MDG1_I            LTR/Gypsy                      (4602)   1512    592  19  
 2472   16.9  3.9  0.9  NP_61      40752  41318 (322170) C MDG1_I            LTR/Gypsy                      (6012)    584      1  19  
 2017    1.7  0.0  0.0  NP_61      41519  41756 (321732) C Gypsy-8_DSim-I    LTR/Gypsy                         (3)   5409   5172  23  
  324    6.0  0.0  6.0  NP_61      41750  41802 (321686) C Gypsy-3_DSe-I     LTR/Gypsy                      (5417)   1113   1064  24 *
 2109    1.6  0.0  0.0  NP_61      41952  42198 (321290) C Gypsy-3_DSe-I     LTR/Gypsy                      (7126)    247      1  24  
  310   18.4  1.3  1.3  NP_61      42199  42263 (321225) + NOMAD_LTR         LTR/Gypsy                         139    203  (315)  25  
 2008    0.8  0.0  0.0  NP_61      42350  42660 (320828) C Gypsy-3_DSe-LTR   LTR/Gypsy                         (0)    379      1  26  
 2017   18.7  5.1  2.8  NP_61      42666  43198 (320290) C Stalker2_I        LTR/Gypsy                      (6567)    829    285  27  
 1585    5.8  1.0  0.0  NP_61      43406  43611 (319877) C STALKER4_LTR      LTR/Gypsy                        (23)    379    172  28  
 1604   18.9  2.9  2.3  NP_61      43703  44087 (319401) C Gypsy_LTR         LTR/Gypsy                        (95)    387      1  29  
  996    0.8  0.0  0.0  NP_61      44088  44211 (319277) C STALKER4_LTR      LTR/Gypsy                       (227)    175     52  30  
 8781    1.3  0.3  1.6  NP_61      44215  45301 (318187) C Gypsy-8_DSim-I    LTR/Gypsy                      (4141)   1271    199  31  
 3520    0.9  0.5  0.0  NP_61      45302  45723 (317765) C Stalker2_LTR      LTR/Gypsy                         (0)    424      1  32  
38380    1.6  0.5  0.1  NP_61      45724  50955 (312533) C Stalker2_I        LTR/Gypsy                         (0)   7396   1568  32  
 3690    0.9  0.4  0.0  NP_61      51155  51613 (311875) C Stalker2_I        LTR/Gypsy                      (5810)   1586   1126  32  
 9246    1.0  1.0  0.3  NP_61      51839  52972 (310516) C Stalker2_I        LTR/Gypsy                      (6254)   1142      1  32  
 3520    0.9  0.5  0.0  NP_61      52979  53400 (310088) C Stalker2_LTR      LTR/Gypsy                         (0)    424      1  32  
 1433    2.0  0.0  2.0  NP_61      53401  53606 (309882) C Gypsy-8_DSim-I    LTR/Gypsy                      (5210)    202      1  33  
  685   20.3  3.8  7.8  NP_61      53607  54274 (309214) C MDG1_I            LTR/Gypsy                      (4602)   1512    593  34  
  797   14.3  0.0  0.7  NP_61      54381  54528 (308960) C MDG1_I            LTR/Gypsy                      (6012)    584    438  34  
 1215    5.6  1.2  0.0  NP_61      54534  54694 (308794) C PROTOP_B          DNA/P                           (886)    267    105  35 *
12841    5.9  0.0  0.0  NP_61      54692  56374 (307114) + G5_DM             Non-LTR_retrotransposon/Jockey   1640   3322 (1534)  36  
 1432   32.0  1.9  2.6  NP_61      56376  57178 (306310) C NOMAD_I           LTR/Gypsy                       (633)   6906   6110  37  
38532    4.6  1.0  0.8  NP_61      57185  62144 (301344) C NOMAD_I           LTR/Gypsy                       (632)   5940    970  37  
40407    7.0  0.5  0.7  NP_61      62177  67867 (295621) C NOMAD_I           LTR/Gypsy                       (531)   6041    782  38  
 2243   13.3  1.0  2.5  NP_61      68010  68417 (295071) C GTWIN_LTR         LTR/Gypsy                        (93)    402      1  39  
 5308    6.0  1.9  4.7  NP_61      68418  69224 (294264) C NOMAD_I           LTR/Gypsy                      (5787)    785      1  38  
  732   23.2  4.4  4.9  NP_61      69225  69428 (294060) C NOMAD_LTR         LTR/Gypsy                         (0)    518    316  38  
  433   22.5 14.5  0.9  NP_61      69590  69782 (293706) C Gypsy-3_DSe-LTR   LTR/Gypsy                         (2)    377    153  40  
  254    8.3  0.0  0.0  NP_61      69853  69888 (293600) C NOMAD_LTR         LTR/Gypsy                       (373)    145    110  41  
  634   18.2  2.3  9.2  NP_61      69955  70422 (293066) C MDG1_I            LTR/Gypsy                      (5432)   1037    572  42  
 2449   14.9  0.0  0.9  NP_61      70529  70988 (292500) C MDG1_I            LTR/Gypsy                      (6012)    584    129  42 *
 2503   12.6  1.4  0.7  NP_61      70988  71433 (292055) C DM412             LTR/Gypsy                      (4770)   1707   1259  43  
  507   14.6 10.5  1.2  NP_61      71531  71683 (291805) C DM412             LTR/Gypsy                      (5214)   1263   1097  43  
43926    1.8  0.6  0.7  NP_61      71815  77500 (285988) C QUASIMODO2-I_DM   LTR/Gypsy                         (0)   6613      1  44  
 6741    1.9  0.1  1.6  NP_61      77501  78324 (285164) C QUASIMODO2-I_DM   LTR/Gypsy                      (5373)   1240    429  44  
 1315    6.9  1.6  0.5  NP_61      78316  78505 (284983) C QUASIMODO2-I_DM   LTR/Gypsy                      (6421)    192      1  44 *
  427    0.0  0.0 18.5  NP_61      78637  78713 (284775) C BLOOD_LTR         LTR/Gypsy                       (143)    256    192  45  
44259    2.8  1.1  1.7  NP_61      78715  85201 (278287) C QUASIMODO2-I_DM   LTR/Gypsy                         (9)   5491      1  44  
 1516    3.1  3.1  0.0  NP_61      85202  85392 (278096) C BLOOD_LTR         LTR/Gypsy                       (202)    197      1  46  
 4993    8.6  3.6  0.4  NP_61      85394  86171 (277317) C DM412             LTR/Gypsy                      (4416)   2061   1259  47  
 5794   11.8  4.6  0.5  NP_61      86269  87324 (276164) C DM412             LTR/Gypsy                      (5214)   1263    164  47  
 1218    3.3  0.0  0.0  NP_61      87357  87504 (275984) C Gypsy-8_DSim-I    LTR/Gypsy                         (6)   5406   5259  48  
 2665    5.8  0.8  0.3  NP_61      87505  87865 (275623) C Gypsy10_LTR       LTR/Gypsy                         (1)    363      1  49  
  539    4.9  0.0 10.8  NP_61      87866  87957 (275531) C Gypsy10_I         LTR/Gypsy                         (0)   5278   5196  49  
16467   19.1  1.4  2.1  NP_61      88040  94480 (269008) C Gypsy10_I         LTR/Gypsy                       (218)   6736      1  50  
 2677    5.8  0.8  0.3  NP_61      94481  94842 (268646) C Gypsy10_LTR       LTR/Gypsy                         (0)    364      1  50  
  622    8.9  0.0  0.0  NP_61      94843  94924 (268564) C Gypsy-8_DSim-I    LTR/Gypsy                       (157)   5255   5174  51  
  287   18.5  1.7  9.0  NP_61      94916  95034 (268454) C DM412             LTR/Gypsy                      (6366)    111      1  52 *
 2345   14.4  1.7  2.4  NP_61      95050  95517 (267971) C DM412B_LTR        LTR/Gypsy                       (106)    465      1  53  
 8891    7.1  0.7  0.7  NP_61      95518  96749 (266739) + R1_DSi            Non-LTR_retrotransposon/R1       1041   2272 (3162)  54  
 1309    8.4 18.3  3.2  NP_61      96778  97068 (266420) + R1_DM             Non-LTR_retrotransposon/R1       4321   4883  (473)  55  
 9428    5.6  0.9  0.0  NP_61      97082  98331 (265157) + R1_DSi            Non-LTR_retrotransposon/R1       2249   3509 (1925)  56  
 1002    7.7  0.0  0.0  NP_61      98314  98456 (265032) + R1_DSi            Non-LTR_retrotransposon/R1       3769   3911 (1523)  56 *
 1118    4.2  0.0  0.0  NP_61      98461  98602 (264886) + R1_DM             Non-LTR_retrotransposon/R1       4084   4225 (1131)  57  
 1664    9.4  1.7  8.8  NP_61      98732  99034 (264454) C Gypsy-8_DSim-I    LTR/Gypsy                         (0)   5412   5194  58  
25657    7.8  1.1  1.0  NP_61      99035 105202 (258286) C Gypsy-1_DSim-I    LTR/Gypsy                         (3)   7019    486  59  
 1230   13.3  4.1  5.6  NP_61     105203 105472 (258016) + Invader2_LTR      LTR/Gypsy                           1    266    (0)  60  
 5280    4.7  0.2  1.4  NP_61     105473 106220 (257268) C Gypsy-1_DSim-I    LTR/Gypsy                      (6237)    785      6  59  
 3411    4.0  0.0  5.2  NP_61     106222 106751 (256737) C Gypsy-1_DSim-LTR  LTR/Gypsy                        (18)    504      1  59  
  598    6.9 16.7  0.0  NP_61     106752 106843 (256645) C Gypsy-1_DSim-I    LTR/Gypsy                        (30)   6992   6884  59  
  295   29.8  1.7  2.3  NP_61     107176 107347 (256141) C Gypsy-5_DSim-I    LTR/Gypsy                      (5389)   1773   1603  61  
 1984    7.2  4.7  1.2  NP_61     108157 108509 (254979) C Gypsy-12_DSim-LTR LTR/Gypsy                         (0)    594      1  62  
  241   18.1  3.6 10.6  NP_61     108510 108598 (254890) C IDEFIX_LTR        LTR/Gypsy                       (402)    192    111  63 *
  694   11.7  6.7  6.1  NP_61     108592 108755 (254733) C IDEFIX_LTR        LTR/Gypsy                       (429)    165      1  64  
12305   14.0  0.0  0.2  NP_61     108756 110872 (252616) C IDEFIX_I          LTR/Gypsy                      (4160)   7230   3517  65 *
18430    2.9  1.4  0.2  NP_61     110872 113195 (250293) C Gypsy-12_DSim-I   LTR/Gypsy                      (1017)   3766   1414  66  
  256   19.2  0.0  0.0  NP_61     113180 113231 (250257) C Gypsy-7_DSim-I    LTR/Gypsy                      (6774)     52      1  67 *
10608    6.2  0.2  0.2  NP_61     113232 114866 (248622) C Gypsy-7_DSim-I    LTR/Gypsy                       (254)   7154   5592  67  
 6689    6.0  1.9  3.7  NP_61     114867 115958 (247530) C Gypsy-7_DSim-I    LTR/Gypsy                      (1348)   5379   4298  67  
 3929    5.2  0.0  0.0  NP_61     115954 116468 (247020) + R1_DSi            Non-LTR_retrotransposon/R1       1758   2272 (3162)  68 *
 3593    9.1 12.2  0.5  NP_61     116503 117066 (246422) + R1_DM             Non-LTR_retrotransposon/R1       4321   4950  (406)  69  
 3407   10.8  3.8  5.5  NP_61     117070 117694 (245794) + R1_DSi            Non-LTR_retrotransposon/R1         27    641 (4793)  70  
10005    7.8  1.2  0.0  NP_61     117697 119090 (244398) + R1_DSi            Non-LTR_retrotransposon/R1        862   2272 (3162)  70  
 1393    8.8 12.6  0.2  NP_61     119118 119464 (244024) + R1_DM             Non-LTR_retrotransposon/R1       4321   4602  (754)  71  
 3451   10.2  3.9  5.5  NP_61     119468 120090 (243398) + R1_DSi            Non-LTR_retrotransposon/R1         27    639 (4795)  72 *
 6058    4.8  0.9  0.0  NP_61     120080 120874 (242614) + R1_DSi            Non-LTR_retrotransposon/R1       2011   2812 (2622)  72  
 4444    6.0  0.0  0.0  NP_61     120879 121465 (242023) + R1_DSi            Non-LTR_retrotransposon/R1       2923   3509 (1925)  72  
 1002    7.7  0.0  0.0  NP_61     121448 121590 (241898) + R1_DSi            Non-LTR_retrotransposon/R1       3769   3911 (1523)  72 *
 1118    4.2  0.0  0.0  NP_61     121595 121736 (241752) + R1_DM             Non-LTR_retrotransposon/R1       4084   4225 (1131)  73  
 1915    2.1  0.4  0.0  NP_61     121934 122166 (241322) C Gypsy-8_DSim-I    LTR/Gypsy                         (0)   5412   5179  74  
12935    5.3  1.0  0.5  NP_61     122167 125154 (238334) C Gypsy-1_DSim-I    LTR/Gypsy                      (3171)   3851    782  75  
 1230   13.3  4.1  5.6  NP_61     125155 125424 (238064) + Invader2_LTR      LTR/Gypsy                           1    266    (0)  76  
18705    4.5  0.0  0.0  NP_61     125425 127853 (235635) + Invader2_I        LTR/Gypsy                           1   2429 (2163)  76  
 2043   12.8  1.1  1.4  NP_61     127939 128287 (235201) C GTWIN_LTR         LTR/Gypsy                        (93)    402     55  77  
11245    7.5  0.0  0.0  NP_61     128299 129809 (233679) C GTWIN_I           LTR/Gypsy                         (0)   6421   4921  78  
30538   10.7  0.1  0.2  NP_61     129915 134348 (229140) C GTWIN_I           LTR/Gypsy                      (1525)   4896    466  78  
  616   21.5  8.1 12.3  NP_61     134446 134790 (228698) C GTWIN_I           LTR/Gypsy                      (6089)    332      1  78  
 2043   12.8  1.1  1.4  NP_61     134885 135233 (228255) C GTWIN_LTR         LTR/Gypsy                        (93)    402     55  79  
17065    2.6  0.0  0.4  NP_61     135244 137436 (226052) + Invader2_I        LTR/Gypsy                        2409   4592    (0)  80  
 1230   13.3  4.1  5.6  NP_61     137437 137706 (225782) + Invader2_LTR      LTR/Gypsy                           1    266    (0)  80  
 5280    4.7  0.2  1.4  NP_61     137707 138454 (225034) C Gypsy-8_DSim-I    LTR/Gypsy                      (6237)    785      6  81  
25925    2.7  0.8  1.1  NP_61     138456 142549 (220939) C Gypsy-8_DSim-I    LTR/Gypsy                       (223)   5189      1  81  
 3025    1.4  0.0  0.0  NP_61     142550 142917 (220571) C Gypsy-8_DSim-I    LTR/Gypsy                      (3771)   1641   1274  81  
 1585    5.8  1.0  0.0  NP_61     142968 143173 (220315) C STALKER4_LTR      LTR/Gypsy                        (23)    379    172  82  
 1604   18.9  2.9  2.3  NP_61     143265 143649 (219839) C Gypsy_LTR         LTR/Gypsy                        (95)    387      1  83  
  996    0.8  0.0  0.0  NP_61     143650 143773 (219715) C STALKER4_LTR      LTR/Gypsy                       (227)    175     52  84  
10412    1.2  0.2  0.4  NP_61     143777 145049 (218439) C Gypsy-8_DSim-I    LTR/Gypsy                      (4141)   1271      1  85  
  685   21.5  3.8  6.1  NP_61     145050 145715 (217773) C MDG1_I            LTR/Gypsy                      (4602)   1512    593  86  
 2682   14.3  0.2  0.8  NP_61     145822 146322 (217166) C MDG1_I            LTR/Gypsy                      (6012)    584     87  86  
  258   11.9  0.0  0.0  NP_61     146590 146631 (216857) C BARI1             DNA/TcMar-Tc1                  (1706)     44      3  87 *
  586   12.3  6.6 12.7  NP_61     146600 146766 (216722) + Gypsy-12_DSim-LTR LTR/Gypsy                           1    158  (436)  88  
 1891    9.7  4.4  1.0  NP_61     146856 147208 (216280) + Gypsy-12_DSim-LTR LTR/Gypsy                           1    594    (0)  88 *
35577    7.4  0.3  0.2  NP_61     147198 153305 (210183) + Gypsy-12_DSim-I   LTR/Gypsy                           1   5628    (0)  88  
  570   16.2  1.8  7.6  NP_61     153291 153457 (210031) + Gypsy-12_DSim-LTR LTR/Gypsy                           1    158  (436)  89 *
 1853    9.7  4.7  1.0  NP_61     153547 153898 (209590) + Gypsy-12_DSim-LTR LTR/Gypsy                           1    594    (0)  89  
 2008    0.8  0.0  0.0  NP_61     153915 154225 (209263) + Gypsy-3_DSe-LTR   LTR/Gypsy                           1    379    (0)  90  
  310   18.4  1.3  1.3  NP_61     154312 154376 (209112) C NOMAD_LTR         LTR/Gypsy                       (315)    203    139  91  
63604    0.5  0.5  0.0  NP_61     154377 161715 (201773) + Gypsy-3_DSe-I     LTR/Gypsy                           1   7373    (0)  90  
 1971    2.1  0.0  0.0  NP_61     161716 162026 (201462) + Gypsy-3_DSe-LTR   LTR/Gypsy                           1    379    (0)  90  
  310   18.4  1.3  1.3  NP_61     162106 162170 (201318) C NOMAD_LTR         LTR/Gypsy                       (315)    203    139  92  
 2082    2.0  0.0  0.0  NP_61     162171 162417 (201071) + Gypsy-3_DSe-I     LTR/Gypsy                           1    247 (7126)  90  
 1465    5.0  0.4 12.9  NP_61     162418 162669 (200819) C Gypsy-8_DSim-I    LTR/Gypsy                        (10)   5402   5179  93  
 5482    7.0  4.9  0.1  NP_61     162670 163481 (200007) C DM412             LTR/Gypsy                      (4368)   2109   1259  94  
 2179   12.2  5.4  0.4  NP_61     163579 164021 (199467) C DM412             LTR/Gypsy                      (5214)   1263    799  94  
 3201    4.7  1.0  9.0  NP_61     164025 164541 (198947) C DM412             LTR/Gypsy                        (92)    479      1  94 *
11011    3.2  3.3  1.0  NP_61     164526 166026 (197462) C DM412             LTR/Gypsy                         (0)   6477   4958  95 *
27213    4.7  1.7  0.8  NP_61     166023 169741 (193747) C DM412             LTR/Gypsy                      (2213)   4264    510  95  
 3508    8.3  0.0  4.5  NP_61     169743 170300 (193188) C DM412             LTR/Gypsy                      (5907)    570     37  96  
  527    6.7  9.1  5.3  NP_61     170294 170403 (193085) C DM412             LTR/Gypsy                      (6363)    114      1  97 *
 3201    4.7  1.0  9.0  NP_61     170408 170924 (192564) C DM412             LTR/Gypsy                        (92)    479      1  95  
  897   10.2  5.0  1.2  NP_61     170926 171084 (192404) C DM412             LTR/Gypsy                      (5675)    802    638  98  
 2996   19.8  0.9  1.3  NP_61     171099 172054 (191434) C Gypsy1-I_DM       LTR/Gypsy                       (254)   7154   6281  95 *
30821   11.3  0.4  0.9  NP_61     172052 178086 (185402) C Gypsy1-I_DM       LTR/Gypsy                       (619)   5558      1  95  
 1867   17.7  1.5  3.5  NP_61     178101 178510 (184978) C DM412             LTR/Gypsy                         (5)    403      2  95  
 2627   11.5  1.7  2.2  NP_61     178511 178971 (184517) C DM412             LTR/Gypsy                      (5855)    622    164  99  
 1863    4.3  0.0  0.0  NP_61     179004 179236 (184252) C Gypsy-8_DSim-I    LTR/Gypsy                         (6)   5406   5174 100  
  263   19.4  1.7  9.0  NP_61     179228 179346 (184142) C DM412             LTR/Gypsy                      (6366)    111      1  99 *
 2408   14.4  1.7  1.1  NP_61     179362 179823 (183665) C DM412B_LTR        LTR/Gypsy                       (106)    465      1 101  
 8330    7.8  2.8  0.7  NP_61     179824 181029 (182459) + R1_DSi            Non-LTR_retrotransposon/R1       1041   2272 (3162) 102  
  271    5.7  0.0  0.0  NP_61     181061 181095 (182393) + R1_DM             Non-LTR_retrotransposon/R1       4321   4355 (1001) 103  
 3750    8.5  0.2  0.4  NP_61     181096 181624 (181864) + R1_DSi            Non-LTR_retrotransposon/R1       4496   5023  (411) 102  
 3406   11.0  3.7  5.5  NP_61     181628 182253 (181235) + R1_DSi            Non-LTR_retrotransposon/R1         27    641 (4793) 104  
 1890    7.6  2.2  1.1  NP_61     182256 182533 (180955) + R1_DM             Non-LTR_retrotransposon/R1        792   1072 (4284) 105 *
 2986    8.5  7.2  0.7  NP_61     182531 183041 (180447) C DM412B_LTR        LTR/Gypsy                      (5424)   1053    510 106  
 3508    8.3  0.0  4.5  NP_61     183043 183600 (179888) C DM412             LTR/Gypsy                      (5907)    570     37 107  
  527    6.7  9.1  5.3  NP_61     183594 183703 (179785) C DM412             LTR/Gypsy                      (6363)    114      1 108 *
 3163    4.7  1.2  9.0  NP_61     183708 184223 (179265) C DM412B_LTR        LTR/Gypsy                        (92)    479      1 106  
 3519   11.4  4.2  0.5  NP_61     184225 184840 (178648) C DM412             LTR/Gypsy                      (5675)    802    164 109  
 1863    4.3  0.0  0.0  NP_61     184873 185105 (178383) C Gypsy-8_DSim-I    LTR/Gypsy                         (6)   5406   5174 110  
  287   18.5  1.7  9.0  NP_61     185097 185215 (178273) C DM412             LTR/Gypsy                      (6366)    111      1 109 *
 2372   14.2  1.7  2.4  NP_61     185231 185698 (177790) C DM412B_LTR        LTR/Gypsy                       (106)    465      1 111  
 8347    7.6  2.8  0.7  NP_61     185699 186904 (176584) + R1_DSi            Non-LTR_retrotransposon/R1       1041   2272 (3162) 112  
  271    5.7  0.0  0.0  NP_61     186937 186971 (176517) + R1_DM             Non-LTR_retrotransposon/R1       4321   4355 (1001) 113  
 3750    8.5  0.2  0.4  NP_61     186972 187500 (175988) + R1_DSi            Non-LTR_retrotransposon/R1       4496   5023  (411) 112  
 3384   11.2  3.7  5.5  NP_61     187504 188129 (175359) + R1_DSi            Non-LTR_retrotransposon/R1         27    641 (4793) 114  
 3030    7.7  1.4  0.2  NP_61     188132 188563 (174925) + R1_DSi            Non-LTR_retrotransposon/R1        862   1298 (4136) 114  
 8916    4.5  3.4  0.0  NP_61     188566 189756 (173732) + R1_DSi            Non-LTR_retrotransposon/R1       2600   3830 (1604) 114  
 8041    6.2  0.4  0.3  NP_61     189773 190855 (172633) + R1_DM             Non-LTR_retrotransposon/R1       3867   4950  (406) 115  
 1251   11.1  5.5  4.2  NP_61     190859 191093 (172395) + R1_DSi            Non-LTR_retrotransposon/R1         27    264 (5170) 116 *
 1680   12.7  4.1  0.0  NP_61     191083 191373 (172115) + R1_DM             Non-LTR_retrotransposon/R1        309    611 (4745) 117  
 9664    6.0  1.5  0.0  NP_61     191375 192664 (170824) + R1_DSi            Non-LTR_retrotransposon/R1       1191   2499 (2935) 116  
 1178   10.5  1.5  2.6  NP_61     192693 192887 (170601) C Gypsy-5_DSim-LTR  LTR/Gypsy                         (0)    369    177 118  
13147   21.7  0.8  0.7  NP_61     192909 196007 (167481) C Gypsy-5_DSim-I    LTR/Gypsy                         (4)   6505   3423 119  
 4337    5.8  1.2  0.0  NP_61     196008 196591 (166897) + R1_DSi            Non-LTR_retrotransposon/R1       1909   2499 (2935) 120  
 1178   10.5  1.5  2.6  NP_61     196620 196814 (166674) C Gypsy-5_DSim-LTR  LTR/Gypsy                         (0)    369    177 121  
29718    8.4  0.3  0.3  NP_61     196836 202135 (161353) C Gypsy-5_DSim-I    LTR/Gypsy                         (4)   6505   1234 119  
 3139    5.5  1.9  7.8  NP_61     202131 202645 (160843) C DM412B_LTR        LTR/Gypsy                        (84)    487      1 122 *
17108    4.9  1.1  2.0  NP_61     202646 205001 (158487) C Gypsy-5_DSim-I    LTR/Gypsy                      (4827)   2335      1 119  
 2164    4.7  6.0 10.3  NP_61     205010 205393 (158095) C Gypsy-5_DSim-LTR  LTR/Gypsy                         (0)    369      1 119  
21700   15.7  1.3  0.5  NP_61     205441 209147 (154341) C Gypsy-7_DEu-I     LTR/Gypsy                      (1225)   5129   1104 123  
 3713    8.2  3.1  2.0  NP_61     209148 210122 (153366) C Gypsy-10_DSim-I   LTR/Gypsy                         (0)   5188   4751 124  
 5579    1.4  0.0  0.1  NP_61     210123 210782 (152706) C Gypsy-10_DSim-I   LTR/Gypsy                       (793)   4395   3737 124  
  427   12.3  0.0  0.0  NP_61     210784 210856 (152632) C IDEFIX_I          LTR/Gypsy                       (538)   5090   5018 125  
 1422   17.9  5.5  4.6  NP_61     210976 211321 (152167) C GTWIN_LTR         LTR/Gypsy                        (90)    405     57 126  
16030   13.4  0.4  0.6  NP_61     211385 213929 (149559) C GTWIN_I           LTR/Gypsy                         (1)   6420   3880 127  
 1911    4.2  2.6  5.0  NP_61     214057 214391 (149097) C BLOOD_LTR         LTR/Gypsy                       (143)    256      1 128  
 7217   20.1  0.5  1.0  NP_61     214395 216145 (147343) + ZAM_I             LTR/Gypsy                        5378   7154  (254) 129  
 1167    9.2  2.6  0.0  NP_61     216173 216367 (147121) + ZAM_I             LTR/Gypsy                         638    837 (6653) 129  
 2178    0.0  0.4  0.0  NP_61     216371 216622 (146866) C Gypsy-2_DSe-LTR   LTR/Gypsy                         (0)    253      1 130  
56000    0.0  0.0  0.0  NP_61     216623 223032 (140456) C Gypsy-2_DSe-I     LTR/Gypsy                         (0)   6411      1 130  
 2178    0.0  0.4  0.0  NP_61     223033 223284 (140204) C Gypsy-2_DSe-LTR   LTR/Gypsy                         (0)    253      1 130  
 7967    7.2  6.1  1.0  NP_61     223309 224593 (138895) + ZAM_I             LTR/Gypsy                         834   2183 (5307) 129 *
37037    5.8  0.1  0.1  NP_61     224592 229605 (133883) + ZAM_I             LTR/Gypsy                        2024   7039  (451) 131  
44249    1.9  0.3  0.8  NP_61     229674 235511 (127977) C BLOOD_I           LTR/Gypsy                         (0)   6613      1 132  
 6719    2.1  0.1  1.6  NP_61     235512 236335 (127153) C BLOOD_I           LTR/Gypsy                      (5373)   1240    429 132  
 1362    5.8  1.6  0.5  NP_61     236327 236516 (126972) C BLOOD_I           LTR/Gypsy                      (6421)    192      1 132 *
 1875    2.0  2.3  5.5  NP_61     236648 236911 (126577) C BLOOD_LTR         LTR/Gypsy                       (143)    256      1 133  
21511   11.7  0.2  0.2  NP_61     236912 240135 (123353) C GTWIN_I           LTR/Gypsy                      (2534)   3887    665 134  
42832    1.2  0.0  0.0  NP_61     240152 245144 (118344) + LINEJ1_DM         Non-LTR_retrotransposon/Jockey     27   5020    (0) 135  
 6363   18.0  0.8  0.7  NP_61     245154 246573 (116915) C Gypsy-1_DSe-I     LTR/Gypsy                      (4553)   2273    255 136  
  963   19.1  2.7  4.3  NP_61     247127 247460 (116028) C GTWIN_I           LTR/Gypsy                      (6187)    639    146 134  
  423   27.3  0.8  0.8  NP_61     247570 247691 (115797) C MDG1_I            LTR/Gypsy                       (163)   6265   6144 137  
 3326   14.1  0.0  0.2  NP_61     247708 248276 (115212) C IDEFIX_I          LTR/Gypsy                      (1016)   4612   4045 138  
 1427   17.1  2.4  1.0  NP_61     248250 248545 (114943) C MDG1_LTR          LTR/Gypsy                        (19)    423    124 139 *
 4400    6.5 11.4  0.6  NP_61     248532 249215 (114273) + MDG1_I            LTR/Gypsy                        1167   1924 (4672) 140  
20993    3.3  0.2  0.9  NP_61     249220 251910 (111578) + MDG1_I            LTR/Gypsy                        2273   4945 (1651) 140  
  919    9.7  0.0  0.0  NP_61     251909 252053 (111435) + MDG1_I            LTR/Gypsy                        5593   5737  (859) 140 *
 8693    3.7  3.0  0.0  NP_61     252054 253207 (110281) C MDG1_I            LTR/Gypsy                       (998)   5598   4410 137  
12747    3.6  0.0  0.0  NP_61     253208 254827 (108661) C MDG1_I            LTR/Gypsy                      (2704)   3892   2273 137  
 4815    6.6  0.6  1.0  NP_61     254832 255524 (107964) C MDG1_I            LTR/Gypsy                      (4672)   1924   1235 137  
  289    9.8 28.2  0.8  NP_61     255918 256020 (107468) C MDG1_I            LTR/Gypsy                      (5669)    927    797 137  
 3233    2.4  0.5  1.0  NP_61     256029 256444 (107044) + DM297_LTR         LTR/Gypsy                           1    414    (0) 141  
 2261    1.4  2.9  0.0  NP_61     256450 256728 (106760) + Gypsy4_LTR        LTR/Gypsy                           1    287    (0) 142  
 3226    2.2  0.7  0.7  NP_61     256736 257149 (106339) C DM297_LTR         LTR/Gypsy                         (0)    414      1 143  
 6386    2.6  0.0  0.5  NP_61     257150 257998 (105490) C DM297_I           LTR/Gypsy                       (152)   6930   5323 144  
 4652    2.5  0.0  0.0  NP_61     258006 258602 (104886) C DM297_I           LTR/Gypsy                      (1210)   4957   4361 144 *
28584    1.9  0.9  0.6  NP_61     258598 262197 (101291) C DM297_I           LTR/Gypsy                      (2314)   3853    244 144  
 2385   14.1  1.4  2.5  NP_61     262198 262684 (100804) + DM412B_LTR        LTR/Gypsy                           1    482   (89) 145  
  249   16.4 12.0  2.4  NP_61     262685 262759 (100729) + DM412             LTR/Gypsy                           1     82 (6395) 146  
 3792    5.5  1.9  0.2  NP_61     262852 263376 (100112) + DM412             LTR/Gypsy                         100    633 (5844) 146  
 1850    8.1  7.1  0.0  NP_61     263382 263690  (99798) C Gypsy-12_DSim-LTR LTR/Gypsy                         (0)    331      1 147  
  263   17.1  3.6 10.6  NP_61     263696 263806  (99682) C IDEFIX_LTR        LTR/Gypsy                       (380)    214    111 148 *
  723   11.7  6.7  6.1  NP_61     263800 263963  (99525) C IDEFIX_LTR        LTR/Gypsy                       (429)    165      1 149 *
10415   14.0  0.0  0.3  NP_61     263949 265763  (97725) C IDEFIX_I          LTR/Gypsy                         (0)   5628   3834 150  
 1380   19.0  8.2  1.8  NP_61     265764 266127  (97361) + Gypsy_LTR         LTR/Gypsy                           1    387   (95) 151  
  246   17.9  1.4  2.9  NP_61     266254 266322  (97166) + Gypsy_I           LTR/Gypsy                          62    129 (6378) 152  
22623    1.0  0.0  0.6  NP_61     266338 268991  (94497) C LINEJ1_DM         Non-LTR_retrotransposon/Jockey    (0)   5020   2382 153  
38545   11.7  0.2  0.0  NP_61     268993 274789  (88699) + Gypsy_I           LTR/Gypsy                         694   6503    (4) 152  
  247   10.4  2.0  6.1  NP_61     274761 274792  (88696) C Gypsy-31_DWil-I   LTR/Gypsy                      (7010)    631    602 154 *
 1380   19.0  8.2  1.8  NP_61     274793 275156  (88332) + Gypsy_LTR         LTR/Gypsy                           1    387   (95) 152  
31882    5.2  0.7  0.2  NP_61     275246 279527  (83961) C Gypsy-12_DSim-I   LTR/Gypsy                       (480)   4303      1 155  
  233   12.1  0.0  0.0  NP_61     279504 279527  (83961) C Gypsy17-I_Dpse    LTR/Gypsy                      (9988)   1402   1379 156 *
 1893    7.4  7.1  0.0  NP_61     279528 279836  (83652) C Gypsy-12_DSim-LTR LTR/Gypsy                         (0)    331      1 155  
  769   15.0  6.6  5.1  NP_61     279842 280052  (83436) C IDEFIX_LTR        LTR/Gypsy                       (380)    214      1 157  
  258   11.9  0.0  0.0  NP_61     280021 280062  (83426) + BARI1             DNA/TcMar-Tc1                       3     44 (1706) 158 *
11486    5.5  2.3  0.5  NP_61     280053 281671  (81817) + DM412             LTR/Gypsy                         638   2285 (4192) 159  
  709   21.0 14.5  1.7  NP_61     281672 282017  (81471) + Gypsy_LTR         LTR/Gypsy                           1    390   (92) 160  
15557    3.1  0.8  0.2  NP_61     282105 284074  (79414) + DM412             LTR/Gypsy                        2285   4264 (2213) 161  
10458    6.9  4.2  2.4  NP_61     284071 285790  (77698) + DM412             LTR/Gypsy                        4958   6477    (0) 161 *
 3318    1.0  0.7  1.2  NP_61     285790 286205  (77283) + DM297_LTR         LTR/Gypsy                           1    414    (0) 162 *
30785    1.9  0.3  0.5  NP_61     286206 290065  (73423) + DM297_I           LTR/Gypsy                           1   3853 (2314) 162  
 9421    2.3  2.5  0.3  NP_61     290061 291288  (72200) + DM297_I           LTR/Gypsy                        4361   5615  (552) 162 *
16184    9.1  0.3  0.9  NP_61     291290 295760  (67728) + Jockey-1_DSe      Non-LTR_retrotransposon/Jockey      1   4339    (7) 163  
 2295    8.4  2.6  0.6  NP_61     295760 296291  (67197) + DM297_I           LTR/Gypsy                        5604   6167    (0) 164 *
 3166    2.2  0.7  2.2  NP_61     296283 296702  (66786) + DM297_LTR         LTR/Gypsy                           1    414    (0) 164  
 2261    1.8  2.9  0.0  NP_61     296710 296988  (66500) C Gypsy4_LTR        LTR/Gypsy                         (0)    287      1 165  
 9641    1.4  0.1  0.0  NP_61     296989 298124  (65364) C Gypsy4_I          LTR/Gypsy                         (0)   6288   5152 165 *
16947    1.7  0.7  0.1  NP_61     298117 300160  (63328) C Gypsy4_I          LTR/Gypsy                      (1320)   4968   2912 165 *
20997    1.8  2.2  0.1  NP_61     300159 302732  (60756) C Gypsy4_I          LTR/Gypsy                      (3660)   2628      1 165  
 2371    2.5  0.3  0.0  NP_61     302733 303018  (60470) C Gypsy4_LTR        LTR/Gypsy                         (0)    287      1 165  
 3223    1.5  0.7  2.7  NP_61     303024 303445  (60043) C DM297_LTR         LTR/Gypsy                         (0)    414      1 166  
 2365    7.8  0.2 14.1  NP_61     303452 303912  (59576) C MDG1_I            LTR/Gypsy                      (5818)    778    374 167  
  335    9.6  1.9  0.0  NP_61     303913 303964  (59524) C MDG1_I            LTR/Gypsy                      (6471)    125     73 167  
 8768    4.4  0.2  0.2  NP_61     304024 305144  (58344) C Helena_Ds         Non-LTR_retrotransposon/Jockey   (15)   4897   2701 168  
 2030   12.8  1.1  1.4  NP_61     305231 305579  (57909) C GTWIN_LTR         LTR/Gypsy                        (93)    402     55 169  
11225    7.6  0.0  0.0  NP_61     305591 307101  (56387) C GTWIN_I           LTR/Gypsy                         (0)   6421   4921 170  
22976   11.0  0.0  0.0  NP_61     307205 310531  (52957) C GTWIN_I           LTR/Gypsy                      (1525)   4896   1570 170  
 6470    9.9  0.4  1.1  NP_61     310515 311480  (52008) C GTWIN_I           LTR/Gypsy                      (4997)   1424    466 170 *
  493   19.9  8.2  4.2  NP_61     311578 311832  (51656) C GTWIN_I           LTR/Gypsy                      (6089)    332      1 170  
 2018   13.1  1.1  1.4  NP_61     311927 312275  (51213) C GTWIN_LTR         LTR/Gypsy                        (93)    402     55 171  
 1457    2.2  0.0  0.6  NP_61     312288 312466  (51022) C HELENA_RT         Non-LTR_retrotransposon/Jockey  (909)    408    231 172  
 1555    2.1  0.0  0.0  NP_61     312468 312655  (50833) + ROOA_LTR          LTR/Pao                           199    386    (0) 173  
 2087    7.2  1.0  0.0  NP_61     312682 312993  (50495) C Gypsy-2_DSim-LTR  LTR/Gypsy                       (771)    392      3 174  
  257    9.8  0.0  0.0  NP_61     312985 313025  (50463) C Gypsy-2_DSim-I    LTR/Gypsy                         (0)   4540   4500 174 *
 2405    8.3  5.7  0.3  NP_61     312996 313450  (50038) C Gypsy-2_DSim-I    LTR/Gypsy                       (468)   3921   3018 174  
 1815   19.6  3.9  2.7  NP_61     313433 314050  (49438) C Gypsy-34_DEl-I    LTR/Gypsy                       (316)   4408   3387 175 *
 1548    9.3  2.0  5.2  NP_61     314046 314338  (49150) C BATUMI_I          LTR/Pao                         (679)   7284   7001 176 *
16724   16.8  2.0  2.5  NP_61     314339 320632  (42856) C BATUMI_I          LTR/Pao                           (3)   7785   1395 177  
 3027    7.5  4.0  6.2  NP_61     320654 321234  (42254) C BATUMI_I          LTR/Pao                        (6646)   1317    749 177  
 3745    6.7 14.2  2.6  NP_61     321241 321989  (41499) C BATUMI_I          LTR/Pao                        (7130)    833      1 177  
 1497    7.2  5.9  2.9  NP_61     321990 322259  (41229) C BATUMI_I          LTR/Pao                         (679)   7284   7007 178  
 2016   18.0  0.2  0.0  NP_61     322266 322659  (40829) C Gypsy-34_DEl-I    LTR/Gypsy                       (984)   3740   3346 179 *
 5837   20.5  2.7  0.1  NP_61     322654 323842  (39646) C Gypsy-34_DEl-I    LTR/Gypsy                      (2016)   2708   1489 179  
 5445   18.7  7.2  1.1  NP_61     323850 325155  (38333) C Gypsy-34_DEl-I    LTR/Gypsy                      (3083)   1320      1 179  
 2146    6.2  3.4  0.0  NP_61     325156 325462  (38026) C Gypsy-2_DSim-LTR  LTR/Gypsy                       (772)    391      1 180  
 1366   18.7  8.0  1.8  NP_61     325557 325921  (37567) C Gypsy_LTR         LTR/Gypsy                        (95)    387      1 181  
  268   13.2  7.5  0.0  NP_61     325902 325921  (37567) + Gypsy-31_DWil-I   LTR/Gypsy                         575    598 (7043) 182 *
40270   11.5  0.3  0.0  NP_61     325922 331951  (31537) C Gypsy_I           LTR/Gypsy                         (0)   6507    460 181  
 1760    0.5  0.0  0.0  NP_61     331997 332199  (31289) + LINEJ1_DM         Non-LTR_retrotransposon/Jockey   3949   4151  (869) 183  
42813    1.2  0.1  0.0  NP_61     332204 337208  (26280) C LINEJ1_DM         Non-LTR_retrotransposon/Jockey    (0)   5020     27 184  
50412    1.2  0.2  0.5  NP_61     337228 343776  (19712) C Gypsy-5_DSe-I     LTR/Gypsy                        (29)   6135      1 185  
 1588    1.9  8.5  0.0  NP_61     343788 343997  (19491) + Invader6_LTR      LTR/Gypsy                           1    228  (165) 186  
 3682    9.0  1.5  1.0  NP_61     343998 344671  (18817) + PROTOP_B          DNA/P                               1    686 (3689) 187  
  579    2.3  0.0  0.0  NP_61     344765 344851  (18637) + PROTOP_B          DNA/P                             607    693  (460) 188  
 3150    4.3 11.5  4.3  NP_61     344889 345427  (18061) + PROTOP            DNA/P                            3905   4480    (0) 189  
 1427    1.7  0.0  0.0  NP_61     345428 345599  (17889) + Invader6_LTR      LTR/Gypsy                         222    393    (0) 190  
26864    0.8  0.7  0.2  NP_61     345600 348750  (14738) + Invader6_I        LTR/Gypsy                           1   3166  (933) 190  
 1007   17.5  4.4  4.4  NP_61     348767 348969  (14519) C NOMAD_LTR         LTR/Gypsy                         (0)    518    316 191  
  363   21.4 17.4  0.6  NP_61     349196 349350  (14138) C Gypsy-3_DSe-LTR   LTR/Gypsy                        (17)    362    182 192  
  241    3.1  0.0  0.0  NP_61     349399 349430  (14058) C NOMAD_LTR         LTR/Gypsy                       (486)     32      1 193  
31422    8.0  4.0  1.6  NP_61     349431 355968   (7520) C NOMAD_I           LTR/Gypsy                        (11)   7528    723 193  
 1143   31.7  4.3  1.8  NP_61     356435 357102   (6386) C Gypsy-52_DEl-I    LTR/Gypsy                       (494)   5553   4869 194  
 5368    4.7  1.1  1.4  NP_61     360987 361717   (1771) C NOMAD_I           LTR/Gypsy                      (5843)    729      1 193  
  972   18.6  4.4  4.4  NP_61     361718 361920   (1568) C NOMAD_LTR         LTR/Gypsy                         (0)    518    316 193  
  350   22.1 17.4  0.6  NP_61     362147 362301   (1187) C Gypsy-3_DSe-LTR   LTR/Gypsy                        (17)    362    182 195  
  248    5.9  0.0  0.0  NP_61     362350 362383   (1105) C NOMAD_LTR         LTR/Gypsy                       (373)    145    112 193 *
 5938   10.7  0.3  0.7  NP_61     362379 363488      (0) + Invader6_I        LTR/Gypsy                        2626   4259  (421) 196  
