   SW   perc perc perc  query     position in query        matching                                     repeat                           position in repeat
score   div. del. ins.  sequence  begin  end      (left)   repeat                                       class/family                   begin  end    (left)   ID

 1495   19.9 11.8  2.6  NP_60        340    824 (481390) + Gypsy-3_DSe-I                                LTR/Gypsy                         670   1197 (6176)    1  
  401   25.5  0.0  0.0  NP_60       1029   1122 (481092) + Gypsy-3_DSe-I                                LTR/Gypsy                        1376   1469 (5904)    1  
 2540   14.6  2.6  1.1  NP_60       1123   1580 (480634) + DM412B_LTR                                   LTR/Gypsy                           1    465  (106)    2  
 5749   12.0  3.4  2.9  NP_60       1596   2630 (479584) + DM412                                        LTR/Gypsy                           1   1040 (5437)    3  
  711    4.6  1.2  1.8  NP_60       2633   2756 (479458) C G4_DM                                        Non-LTR_retrotransposon/Jockey    (0)   3856   3768    4  
  232    9.4  0.0  0.0  NP_60       2813   2844 (479370) + Gypsy16-LTR_Dya                              LTR/Gypsy                          52     83  (342)    5  
  257   18.8  3.0  4.5  NP_60       3155   3221 (478993) + Gypsy-10_DMoj-LTR                            LTR/Gypsy                          91    156 (2870)    6  
  409   18.3  1.3 10.7  NP_60       3646   3798 (478416) + Gypsy-10_DMoj-LTR                            LTR/Gypsy                         515    654 (2372)    6  
 1707   32.6  0.7  1.0  NP_60       4177   4866 (477348) + Gypsy2-I_DM                                  LTR/Gypsy                         808   1495 (5050)    7  
  492   26.0  6.2  4.3  NP_60       5366   5664 (476550) + Gypsy-10_DMoj-LTR                            LTR/Gypsy                        1967   2476  (550)    7  
 1587   24.0  2.5  2.7  NP_60       5710   6179 (476035) + Gypsy16-I_Dya                                LTR/Gypsy                         727   1168 (3655)    8  
  331    5.1  0.0  0.0  NP_60       6177   6215 (475999) + Gypsy-1_DSe-I                                LTR/Gypsy                        5179   5217  (195)    9 *
 3664    2.6  1.2  0.2  NP_60       6230   6657 (475557) + Gypsy-1_DSe-I                                LTR/Gypsy                        5997   6428    (0)    9  
 1222   10.3 17.8  6.2  NP_60       6661   6981 (475233) + Gypsy-1_DSe-LTR                              LTR/Gypsy                           3    358    (0)    9  
20955    9.3  1.5  0.9  NP_60       6982  11428 (470786) + Gypsy-1_DSe-I                                LTR/Gypsy                           1   4745 (1683)    9  
 3212    2.2  0.0  0.0  NP_60      12756  13116 (469098) + Gypsy-1_DSe-I                                LTR/Gypsy                        5997   6357   (71)    9  
  225   26.2  8.3  4.7  NP_60      14353  14496 (467718) + Gypsy5_I                                     LTR/Gypsy                        2000   2148 (3303)   10  
 3753   31.8  0.8  1.7  NP_60      15368  17011 (465203) + Gypsy5_I                                     LTR/Gypsy                        2110   4967 (1514)   10  
 1323   31.9  5.2  4.8  NP_60      16982  18110 (464104) + Gypsy-1_DSim-I                               LTR/Gypsy                        4680   5921 (1241)   11 *
 2770    2.9  0.0  0.0  NP_60      18411  18724 (463490) + HOBO                                         DNA/hAT-hobo                        1    314 (2702)   12  
  255   14.3  1.4 20.3  NP_60      18728  18797 (463417) + PROTOP_B                                     DNA/P                              17     75 (1078)   13  
  753    8.2 11.8  0.0  NP_60      18957  19091 (463123) + PROTOP_B                                     DNA/P                             312    462  (691)   14 *
 3170    3.4  1.8  1.3  NP_60      19090  19472 (462742) + HOBO                                         DNA/hAT-hobo                     2632   3016    (0)   15  
  251   14.5  6.3  1.5  NP_60      19539  19601 (462613) + Gypsy-1_DSim-I                               LTR/Gypsy                        5876   5941 (1627)   11  
  304   33.6  2.9  2.0  NP_60      19832  20212 (462002) + Gypsy-1_DSim-I                               LTR/Gypsy                        6483   6827  (663)   11  
 3216    2.3  3.8  0.7  NP_60      20235  20632 (461582) + DM297_LTR                                    LTR/Gypsy                           5    414    (0)   16  
  232   15.0  2.0  8.3  NP_60      20611  20632 (461582) + Gypsy-15_DEl-I                               LTR/Gypsy                         153    171 (6008)   17 *
 3533    3.6  2.6  0.0  NP_60      20633  21099 (461115) + DM297_I                                      LTR/Gypsy                           1    479 (5688)   16  
 3678    4.4  0.6  7.5  NP_60      21100  21614 (460600) + DM412B_LTR                                   LTR/Gypsy                           1    482   (89)   18  
 5524    7.3  1.2  1.8  NP_60      21615  22384 (459830) + MDG1_I                                       LTR/Gypsy                           1    960 (5098)   19  
43341    4.1  0.5  0.9  NP_60      22385  28141 (454073) + DM412                                        LTR/Gypsy                           1   6477    (0)   19  
 5524    7.3  1.2  1.8  NP_60      28142  28911 (453303) + DM297_I                                      LTR/Gypsy                           1    960 (5098)   20  
43146    4.3  0.6  1.0  NP_60      28912  34670 (447544) + DM412                                        LTR/Gypsy                           1   6477    (0)   20  
48130    2.4  0.6  0.3  NP_60      34671  40342 (441872) + DM297_I                                      LTR/Gypsy                         480   6167    (0)   20  
 3347    3.2  0.7  1.2  NP_60      40343  40758 (441456) + DM412                                        LTR/Gypsy                           1    414    (0)   20  
 1389   31.8  0.8  2.0  NP_60      40759  41324 (440890) + Gypsy-1_DSim-I                               LTR/Gypsy                        5029   5587  (460)   11  
  235   20.8  1.9  1.9  NP_60      41334  41387 (440827) + Gypsy8-I_Dya                                 LTR/Gypsy                       10257  10310    (1)   21  
  468    3.5  0.0  0.0  NP_60      41421  41477 (440737) C Gypsy11_LTR                                  LTR/Gypsy                       (395)     57      1   22  
 6444   18.9  1.5  0.6  NP_60      41478  42847 (439367) C DM412                                        LTR/Gypsy                       (247)   7149   5030   23  
 2104   12.4  0.8  4.1  NP_60      42908  43286 (438928) + Gypsy-28_DYa-LTR                             LTR/Gypsy                           1    367    (0)   24 *
 3132   10.2  0.7  6.7  NP_60      43268  44108 (438106) + Gypsy8-I_Dya                                 LTR/Gypsy                           1   1566 (8745)   24  
 4157    6.8  2.2  2.0  NP_60      44109  44979 (437235) + Gypsy-1_DSim-LTR                             LTR/Gypsy                           1    504   (18)   11  
10368    9.6  1.6  1.3  NP_60      44995  48099 (434115) + Gypsy-1_DSim-I                               LTR/Gypsy                          26   3234 (3788)   25  
 1402   16.9  4.5  8.4  NP_60      48100  48480 (433734) + ROVER-LTR_DM                                 LTR/Gypsy                           1    367    (0)   26  
23292    3.0  1.9  0.7  NP_60      48481  51912 (430302) + Gypsy-1_DSim-I                               LTR/Gypsy                        3230   6705  (317)   25  
 1027   12.6  6.2  1.7  NP_60      51917  52208 (430006) + Gypsy-1_DSim-I                               LTR/Gypsy                        6841   7002   (20)   25  
 3921   30.6  3.9  2.7  NP_60      52209  54643 (427571) + Gypsy-31_DYa-I                               LTR/Gypsy                        1639   4433 (3135)   27  
  967   32.6  6.9  4.0  NP_60      54665  56068 (426146) + Gypsy-31_DYa-I                               LTR/Gypsy                        5137   6577  (585)   27  
  429   18.1  2.9  5.2  NP_60      56513  56664 (425550) + Gypsy-31_DYa-I                               LTR/Gypsy                        7027   7162    (0)   27  
 1981   12.0  0.5  0.7  NP_60      56929  57270 (424944) C Gypsy-13_DSim-LTR                            LTR/Gypsy                       (112)    659    388   28  
 1500   19.7 12.0  2.6  NP_60      60789  61272 (420942) + Gypsy-3_DSe-I                                LTR/Gypsy                         670   1197 (6176)   29  
  401   25.5  0.0  0.0  NP_60      61481  61574 (420640) + Gypsy-3_DSe-I                                LTR/Gypsy                        1376   1469 (5904)   29  
 2562   15.8  1.7  0.6  NP_60      61575  62051 (420163) + DM412B_LTR                                   LTR/Gypsy                           1    482   (89)   30 *
 2791   29.4  1.7  1.5  NP_60      62049  63348 (418866) + Gypsy-26_DBp-I                               LTR/Gypsy                         770   2335 (1454)   31  
  427   30.3  4.7  5.2  NP_60      63357  64005 (418209) + Gypsy-26_DBp-I                               LTR/Gypsy                        4960   5320 (1225)   31  
 1554   29.1  1.7  1.9  NP_60      64129  64707 (417507) + Gypsy-26_DBp-I                               LTR/Gypsy                        2355   2932  (857)   32  
  244   21.4  0.0  0.0  NP_60      65008  65049 (417165) + Gypsy-26_DBp-I                               LTR/Gypsy                        6280   6321    (5)   31  
 3164    2.1  6.7  0.2  NP_60      65393  65781 (416433) + DM297_LTR                                    LTR/Gypsy                           1    414    (0)   31  
 1787   15.4  4.5  1.4  NP_60      65782  66213 (416001) C STALKER4_I                                   LTR/Gypsy                      (5634)    896    389   33  
  985   13.8  0.5  1.1  NP_60      66376  66544 (415670) C STALKER4_LTR                                 LTR/Gypsy                        (29)    373    227   34  
  336   19.0  8.1  2.2  NP_60      66678  66763 (415451) C Gypsy2_LTR                                   LTR/Gypsy                       (236)    117     27   35  
 2462   16.3  0.2  0.5  NP_60      66776  67194 (415020) C Gypsy2_I                                     LTR/Gypsy                       (601)   5534   5117   36  
  803   28.2  0.1  0.5  NP_60      67194  67397 (414817) C Gypsy2_I                                     LTR/Gypsy                      (1124)   5011   4835   37 *
  426   23.6  8.3  3.7  NP_60      67680  67915 (414299) + Gypsy-1_DSim-I                               LTR/Gypsy                        1986   2163 (4125)   38  
  480    4.6  1.5  0.0  NP_60      67925  67989 (414225) + Gypsy-1_DSim-I                               LTR/Gypsy                        6640   6705  (317)   39  
 9998   23.8  4.6  4.2  NP_60      67993  71582 (410632) + Gypsy-10_DBp-I                               LTR/Gypsy                         156   3761 (2396)   40  
 1354   18.1  2.5 11.7  NP_60      71583  71982 (410232) + ROVER-LTR_DM                                 LTR/Gypsy                           1    367    (0)   41  
 4635    7.2  3.7  1.0  NP_60      71983  72646 (409568) + Gypsy-1_DSim-I                               LTR/Gypsy                        3230   3911 (3111)   42  
  834   28.1  0.4  0.4  NP_60      72656  72919 (409295) C Gypsy5_I                                     LTR/Gypsy                      (4093)   2416   2153   43  
  249   34.0  0.0  0.0  NP_60      73267  73363 (408851) C Gypsy-8_DSe-I                                LTR/Gypsy                      (3463)   3018   2922   44  
 1000   11.9  8.1  1.6  NP_60      73425  73717 (408497) C Gypsy-1_DSim-I                               LTR/Gypsy                        (20)   7002   6841   45  
23484    3.1  3.3  0.2  NP_60      73722  76616 (405598) C Gypsy-1_DSim-I                               LTR/Gypsy                       (317)   6705   3723   45 *
23743    3.6  0.6  0.3  NP_60      76598  79551 (402663) + Gypsy-1_DSim-I                               LTR/Gypsy                        2637   6705  (317)   38  
 1027   12.2  5.7  1.7  NP_60      79556  79848 (402366) + Gypsy-1_DSim-I                               LTR/Gypsy                        6841   7002   (20)   38  
  249   34.0  0.0  0.0  NP_60      79910  80006 (402208) + Gypsy-8_DSe-I                                LTR/Gypsy                        2922   3018 (3463)   46  
 2519   28.7  2.4  0.7  NP_60      80354  81154 (401060) + Gypsy-1_DSim-I                               LTR/Gypsy                        2153   2966 (3543)   47 *
22877    3.4  0.5  0.2  NP_60      81152  83978 (398236) + Gypsy-1_DSim-I                               LTR/Gypsy                        3871   6705  (317)   47  
 1027   12.2  5.7  1.7  NP_60      83983  84275 (397939) + Gypsy-1_DSim-I                               LTR/Gypsy                        6841   7002   (20)   47  
  249   34.0  0.0  0.0  NP_60      84337  84433 (397781) + Gypsy-8_DSe-I                                LTR/Gypsy                        2922   3018 (3463)   48  
 2519   28.7  2.4  0.7  NP_60      84781  85581 (396633) + Gypsy-1_DSim-I                               LTR/Gypsy                        2153   2966 (3543)   49 *
23038    3.5  0.2  0.2  NP_60      85579  88415 (393799) + Gypsy-1_DSim-I                               LTR/Gypsy                        3871   6705  (317)   49  
 1027   12.2  5.7  1.7  NP_60      88420  88712 (393502) + Gypsy-1_DSim-I                               LTR/Gypsy                        6841   7002   (20)   49  
  249   34.0  0.0  0.0  NP_60      88774  88870 (393344) + Gypsy-8_DSe-I                                LTR/Gypsy                        2922   3018 (3463)   50  
 3899   30.6  4.2  2.9  NP_60      89218  91126 (391088) + Gypsy5_I                                     LTR/Gypsy                        2153   4085 (2424)   51  
  865   28.4  5.1  2.0  NP_60      91148  91690 (390524) + Gypsy5_I                                     LTR/Gypsy                        5137   5718 (1850)   51  
  668   32.9  4.5  4.1  NP_60      91770  92530 (389684) + Gypsy-31_DYa-I                               LTR/Gypsy                        5160   6504 (1064)   52  
  429   18.1  2.9  5.2  NP_60      92975  93126 (389088) + Gypsy-31_DYa-I                               LTR/Gypsy                        7027   7162    (0)   52  
 2023   11.4  0.5  0.7  NP_60      93391  93732 (388482) C Gypsy-13_DSim-LTR                            LTR/Gypsy                       (112)    659    388   53  
 1474   20.3 11.8  2.6  NP_60      97196  97680 (384534) + Gypsy-3_DSe-I                                LTR/Gypsy                         670   1197 (6176)   54  
  420   24.5  0.0  0.0  NP_60      97887  97980 (384234) + Gypsy-3_DSe-I                                LTR/Gypsy                        1376   1469 (5904)   54  
 2588   15.6  1.7  0.6  NP_60      97981  98457 (383757) + DM412B_LTR                                   LTR/Gypsy                           1    482   (89)   55 *
 2829   29.6  1.3  1.6  NP_60      98455  99759 (382455) + Gypsy-26_DBp-I                               LTR/Gypsy                         770   2335 (1454)   56  
  502   29.9  3.1  5.6  NP_60      99757 100416 (381798) + Gypsy-26_DBp-I                               LTR/Gypsy                        2219   2379 (1783)   56 *
 1398   29.3  1.9  3.8  NP_60     100540 101128 (381086) + Gypsy-26_DBp-I                               LTR/Gypsy                        2355   2932  (857)   56  
  244   21.4  0.0  0.0  NP_60     101429 101470 (380744) + Gypsy-30_DAn-I                               LTR/Gypsy                        6280   6321    (5)   57  
 3178    1.8  6.7  0.2  NP_60     101815 102203 (380011) + DM297_LTR                                    LTR/Gypsy                           1    414    (0)   57  
 1801   15.0  3.1  1.3  NP_60     102205 102637 (379577) C STALKER4_I                                   LTR/Gypsy                      (5639)    891    389   58  
  985   13.8  0.5  1.1  NP_60     102800 102968 (379246) C STALKER4_LTR                                 LTR/Gypsy                        (29)    373    227   59  
  336   19.0  8.1  2.2  NP_60     103102 103187 (379027) C Gypsy2_LTR                                   LTR/Gypsy                       (236)    117     27   60  
 2462   16.3  0.2  0.5  NP_60     103200 103618 (378596) C Gypsy2_I                                     LTR/Gypsy                       (601)   5534   5117   61  
  803   28.1  0.1  0.5  NP_60     103618 103821 (378393) C Gypsy2_I                                     LTR/Gypsy                      (1124)   5011   4835   62 *
  387   25.4  6.1  7.5  NP_60     104104 104333 (377881) + Gypsy-5_DSim-I                               LTR/Gypsy                        2481   2707 (4455)   63  
  480    4.6  1.5  0.0  NP_60     104353 104417 (377797) + Gypsy-1_DSim-I                               LTR/Gypsy                        6640   6705  (317)   64  
 9109   10.5  2.0  1.7  NP_60     104428 108023 (374191) + Gypsy-1_DSim-I                               LTR/Gypsy                          65   3761 (2396)   65  
 1354   18.1  2.5 11.7  NP_60     108024 108423 (373791) + ROVER-LTR_DM                                 LTR/Gypsy                           1    367    (0)   66  
 4693    6.8  3.7  1.0  NP_60     108424 109087 (373127) + Gypsy-1_DSim-I                               LTR/Gypsy                        3230   3911 (3111)   65  
  833   28.5  0.4  0.4  NP_60     109097 109360 (372854) C Gypsy5_I                                     LTR/Gypsy                      (4093)   2416   2153   67  
  249   34.0  0.0  0.0  NP_60     109708 109804 (372410) C Gypsy-8_DSe-I                                LTR/Gypsy                      (3463)   3018   2922   68  
 1027   11.3  8.1  1.6  NP_60     109866 110158 (372056) C Gypsy-1_DSim-I                               LTR/Gypsy                        (20)   7002   6841   69  
23259    3.4  3.2  0.2  NP_60     110163 113058 (369156) C Gypsy-1_DSim-I                               LTR/Gypsy                       (317)   6705   3723   69 *
23956    3.7  0.2  0.3  NP_60     113040 116004 (366210) + Gypsy-1_DSim-I                               LTR/Gypsy                        2637   6705  (317)   70  
 1027   11.9  5.7  1.7  NP_60     116009 116301 (365913) + Gypsy-1_DSim-I                               LTR/Gypsy                        6841   7002   (20)   70  
  249   34.0  0.0  0.0  NP_60     116363 116459 (365755) + Gypsy-8_DSe-I                                LTR/Gypsy                        2922   3018 (3463)   71  
 3905   30.4  4.3  3.0  NP_60     116807 118715 (363499) + Gypsy5_I                                     LTR/Gypsy                        2153   4085 (2424)   72  
  958   32.8  5.9  3.7  NP_60     118737 120140 (362074) + Gypsy5_I                                     LTR/Gypsy                        5137   6577  (585)   72  
  429   18.1  2.9  5.2  NP_60     120587 120738 (361476) + Gypsy5_I                                     LTR/Gypsy                        7027   7162    (0)   72  
 2963   13.3  2.4  3.5  NP_60     121008 121706 (360508) C Gypsy-13_DSim-LTR                            LTR/Gypsy                         (2)    769    200   73  
 1503   19.9 12.0  2.6  NP_60     125181 125664 (356550) + Gypsy-3_DSe-I                                LTR/Gypsy                         670   1197 (6176)   74  
  390   25.5  0.0  0.0  NP_60     125873 125966 (356248) + Gypsy-3_DSe-I                                LTR/Gypsy                        1376   1469 (5904)   74  
 2497   14.7  3.3  1.3  NP_60     125967 126422 (355792) + DM412B_LTR                                   LTR/Gypsy                           1    465  (106)   75  
 5584   12.6  4.0  2.8  NP_60     126451 127484 (354730) + DM412                                        LTR/Gypsy                           1   1040 (5437)   76  
  702    5.7  1.2  1.8  NP_60     127487 127610 (354604) C G4_DM                                        Non-LTR_retrotransposon/Jockey    (0)   3856   3768   77  
  232    9.4  0.0  0.0  NP_60     127667 127698 (354516) + Gypsy16-LTR_Dya                              LTR/Gypsy                          52     83  (342)   78  
  257   18.8  3.0  4.5  NP_60     128009 128075 (354139) + Gypsy-10_DMoj-LTR                            LTR/Gypsy                          91    156 (2870)   79  
  373   19.8  1.3 10.7  NP_60     128500 128652 (353562) + Gypsy-10_DMoj-LTR                            LTR/Gypsy                         515    654 (2372)   79  
 1697   32.8  0.7  1.0  NP_60     129024 129713 (352501) + Gypsy2-I_DM                                  LTR/Gypsy                         808   1495 (5050)   80  
  505   25.2  7.2  5.3  NP_60     130213 130511 (351703) + Gypsy-10_DMoj-LTR                            LTR/Gypsy                        1967   2476  (550)   80  
 1564   24.3  2.5  2.7  NP_60     130557 131026 (351188) + Gypsy16-I_Dya                                LTR/Gypsy                         727   1168 (3655)   81  
  331    5.1  0.0  0.0  NP_60     131024 131062 (351152) + Gypsy-1_DSe-I                                LTR/Gypsy                        5179   5217  (195)   82 *
 3650    2.6  1.2  0.2  NP_60     131077 131504 (350710) + Gypsy-1_DSe-I                                LTR/Gypsy                        5997   6428    (0)   82  
 1226   10.0 17.8  6.2  NP_60     131508 131828 (350386) + Gypsy-1_DSe-LTR                              LTR/Gypsy                           3    358    (0)   82  
24052    3.0  1.2  0.2  NP_60     131829 134638 (347576) + Gypsy-1_DSe-I                                LTR/Gypsy                           1   2840 (3588)   82  
 1816    2.6 11.0  0.0  NP_60     134635 134862 (347352) + Gypsy-1_DSe-I                                LTR/Gypsy                        3816   4068 (2360)   82 *
10445    2.9  0.6  1.8  NP_60     134879 136362 (345852) + Gypsy-1_DSe-I                                LTR/Gypsy                        4156   5679  (749)   82  
 1757    3.5  0.0  0.0  NP_60     136363 136565 (345649) + Copia1-LTR_DM                                LTR/Copia                           1    203    (0)   83  
37611    1.0  0.1  0.0  NP_60     136566 140687 (341527) + Copia1-I_DM                                  LTR/Copia                           1   4124    (0)   83  
 1757    3.5  0.0  0.0  NP_60     140688 140890 (341324) + Copia1-LTR_DM                                LTR/Copia                           1    203    (0)   83  
 6044    2.5  0.0  0.0  NP_60     140891 141573 (340641) + Gypsy-1_DSe-I                                LTR/Gypsy                        5675   6357   (71)   82  
 2300    1.6  0.0  0.0  NP_60     141574 141829 (340385) C STALKER4_LTR                                 LTR/Gypsy                       (146)    256      1   84  
 7314    2.6  7.5  1.3  NP_60     141830 142790 (339424) C STALKER4_I                                   LTR/Gypsy                         (0)   6530   5510   84  
  244   18.5  0.0  4.6  NP_60     142806 142873 (339341) C MDG1_I                                       LTR/Gypsy                      (5315)   1281   1217   85  
  441   13.6 12.1  0.6  NP_60     143055 143195 (339019) C MDG1_I                                       LTR/Gypsy                      (5354)   1242   1086   85  
 2625    8.8  2.9  0.0  NP_60     143325 143698 (338516) C DIVER2_LTR                                   LTR/Pao                           (0)    385      1   86  
 1517    9.7  2.2  0.0  NP_60     143699 143925 (338289) C MDG1_I                                       LTR/Gypsy                      (5544)   1052    821   85  
18625   11.9  0.9  1.9  NP_60     143996 147411 (334803) C BATUMI_I                                     LTR/Pao                        (2688)   5601   2010   87  
  783    8.3  0.0  0.7  NP_60     147419 158747 (323467) C 15mer_SAT                                    Satellite/Satellite               (5)  11249      1   88 *
 7531    3.8  7.0  2.0  NP_60     158742 159707 (322507) C BATUMI_I                                     LTR/Pao                        (5665)   2298   1284   89  
49391    1.1  0.4  0.0  NP_60     159708 165458 (316756) + BEL_I                                        LTR/Pao                             1   5404    (0)   90  
 3248    1.9  0.0  0.0  NP_60     165459 165819 (316395) + BEL_LTR                                      LTR/Pao                             1    361    (0)   90  
 3596    8.7  6.3  4.2  NP_60     165820 167026 (315188) C BATUMI_I                                     LTR/Pao                        (6676)   1287      1   89  
 1693    8.3  2.0  5.3  NP_60     167027 167318 (314896) C BATUMI_I                                     LTR/Pao                         (679)   7284   7002   91  
 1568    8.8 11.7  6.0  NP_60     167333 167648 (314566) C MDG1_I                                       LTR/Gypsy                      (5718)    878    546   92  
 4660    8.5  2.0  1.6  NP_60     167683 168406 (313808) + Gypsy-13_DSim-LTR                            LTR/Gypsy                           1    769    (2)   93  
 8900   17.8  1.5  0.8  NP_60     168407 170563 (311651) + Gypsy_I                                      LTR/Gypsy                        4064   6490   (17)   94  
  439   12.9  2.3  2.3  NP_60     170562 170648 (311566) + Gypsy_LTR                                    LTR/Gypsy                         319    405   (77)   95 *
 3458   11.7  3.4  2.6  NP_60     170627 171262 (310952) + Gypsy8_I                                     LTR/Gypsy                         509   1274 (5256)   96 *
 6079    3.2  8.0  0.0  NP_60     171260 172035 (310179) + Gypsy-13_DSim-I                              LTR/Gypsy                        3308   4145 (1299)   97  
 2470    9.0  5.4  2.1  NP_60     172036 172408 (309806) + DIVER2_LTR                                   LTR/Pao                             1    385    (0)   98  
 3530    7.3  0.4  3.7  NP_60     172409 172935 (309279) + Gypsy8_I                                     LTR/Gypsy                        2214   2723 (1624)   96  
  562    5.5  1.6  0.3  NP_60     172935 172997 (309217) + Gypsy-4_DSim-I                               LTR/Gypsy                         495    572 (5792)   99 *
 8220    4.7  3.4  1.1  NP_60     172998 174356 (307858) + Gypsy-11_DSim-I                              LTR/Gypsy                           1   1053 (5494)  100 *
46284    1.0  0.0  0.2  NP_60     174351 179739 (302475) C I_DM                                         Non-LTR_retrotransposon/I         (9)   5365      1  101  
  788    6.8  3.9  0.0  NP_60     179734 179836 (302378) + Gypsy-11_DSim-I                              LTR/Gypsy                        1031   1137 (5410)  102 *
38829    2.8  0.4  0.5  NP_60     179845 184337 (297877) + DMCR1A                                       Non-LTR_retrotransposon/CR1         2   4560    (0)  103 *
47446    2.8  0.6  0.0  NP_60     184327 189720 (292494) + Gypsy-11_DSim-I                              LTR/Gypsy                        1123   6547    (0)  102  
  241   14.6  0.0  0.0  NP_60     189689 189729 (292485) + Gypsy-4_DSim-I                               LTR/Gypsy                        6086   6126    (0)  104 *
 1776    4.7  1.9  0.7  NP_60     189721 190200 (292014) + Gypsy-4_DSim-I                               LTR/Gypsy                           1    795 (5569)  104  
 1733    0.5  0.0  0.0  NP_60     190200 190392 (291822) + Helena_Ds                                    Non-LTR_retrotransposon/Jockey   4703   4895   (17)  105 *
 1036    5.0  0.1  0.4  NP_60     190368 190501 (291713) + Gypsy-4_DSim-I                               LTR/Gypsy                         788    901 (5463)  104 *
 3031    1.4  0.3  3.0  NP_60     190502 190877 (291337) C LINEJ1_DM                                    Non-LTR_retrotransposon/Jockey    (0)   5020   4669  106 *
 7721    3.0  0.0  0.0  NP_60     190877 191789 (290425) + Gypsy-4_DSim-I                               LTR/Gypsy                         893   1805 (4559)  107  
  387   11.4  8.3  0.8  NP_60     191788 191888 (290326) + Gypsy_I                                      LTR/Gypsy                         236    390 (6117)  108 *
10958    2.1  0.2  0.7  NP_60     191893 193154 (289060) C LINEJ1_DM                                    Non-LTR_retrotransposon/Jockey    (0)   5020   3002  109  
 4898   11.6  1.6  0.8  NP_60     193126 193854 (288360) + Gypsy_I                                      LTR/Gypsy                         421   1155 (5352)  110 *
33763   12.1  1.0  0.0  NP_60     193837 198632 (283582) + Gypsy_I                                      LTR/Gypsy                        1677   6507    (0)  110  
  290   13.2  7.5  0.0  NP_60     198590 198622 (283592) C Gypsy-31_DWil-I                              LTR/Gypsy                      (7010)    631    595  111 *
 1526   18.5  8.2  2.1  NP_60     198623 198987 (283227) + Gypsy_LTR                                    LTR/Gypsy                           1    387   (95)  110  
 3225    4.3  0.0  0.0  NP_60     199080 199476 (282738) + DM412                                        LTR/Gypsy                        2672   3068 (3409)  112  
  463    6.8  1.6  0.0  NP_60     199470 199538 (282676) + IDEFIX_LTR                                   LTR/Gypsy                         318    388  (236)  113 *
36220   11.6  1.5  0.1  NP_60     199537 205265 (276949) C Gypsy_I                                      LTR/Gypsy                       (276)   6231    421  114  
10919    1.7  0.2  0.3  NP_60     205237 206462 (275752) + LINEJ1_DM                                    Non-LTR_retrotransposon/Jockey   3002   5007   (13)  115 *
 1007   12.0  0.7  0.4  NP_60     206475 206637 (275577) + Gypsy_I                                      LTR/Gypsy                        6234   6507    (0)  116  
  341   12.7  9.5  0.0  NP_60     206579 206611 (275603) C Gypsy-31_DWil-I                              LTR/Gypsy                      (7010)    631    593  117 *
 1886   19.6  1.7  2.2  NP_60     206612 207018 (275196) + Gypsy_LTR                                    LTR/Gypsy                           1    405   (77)  118  
  939    8.6  1.6  0.0  NP_60     207089 207216 (274998) + STALKER4_LTR                                 LTR/Gypsy                         250    379   (23)  119  
 7741    9.9  4.2  2.5  NP_60     207404 208814 (273400) + Gypsy-3_DSe-I                                LTR/Gypsy                         285   1787 (4743)  120  
 2314    2.9  0.0  0.4  NP_60     208815 209091 (273123) + Copia_LTR                                    LTR/Copia                           1    276    (0)  121  
41832    0.3  0.0  0.1  NP_60     209092 213687 (268527) + Copia_I                                      LTR/Copia                           1   4593    (0)  121  
 2314    2.9  0.0  0.4  NP_60     213688 213964 (268250) + Copia_LTR                                    LTR/Copia                           1    276    (0)  121  
 2985    3.0  5.5  0.0  NP_60     213965 214326 (267888) + Gypsy-3_DSe-I                                LTR/Gypsy                        1783   2164 (4366)  120  
18162    1.9  0.7  0.8  NP_60     214345 216499 (265715) + Gypsy-3_DSe-I                                LTR/Gypsy                        4354   6504   (26)  120  
 1304    8.1  0.4  7.3  NP_60     216505 216774 (265440) + Gypsy-3_DSe-LTR                              LTR/Gypsy                           1    379    (0)  120  
  367   23.2  1.0  3.0  NP_60     216861 216925 (265289) C NOMAD_LTR                                    LTR/Gypsy                       (315)    203    141  122  
57874    4.0  1.4  0.8  NP_60     216926 224012 (258202) + Gypsy-3_DSe-I                                LTR/Gypsy                           1   7179  (194)  120  
  960    6.0  0.0  0.0  NP_60     224011 224127 (258087) + Gypsy-3_DSe-LTR                              LTR/Gypsy                         263    379    (0)  123 *
55216    3.5  0.6  0.5  NP_60     224219 230627 (251587) + Gypsy-3_DSe-I                                LTR/Gypsy                         764   7179  (194)  124  
  968    5.1  0.0  0.0  NP_60     230626 230742 (251472) + Gypsy-3_DSe-LTR                              LTR/Gypsy                         263    379    (0)  125 *
46212    3.7  1.6  0.6  NP_60     230834 237180 (245034) + Gypsy-3_DSe-I                                LTR/Gypsy                         764   7179  (194)  126  
  960    6.0  0.0  0.0  NP_60     237179 237295 (244919) + Gypsy-3_DSe-LTR                              LTR/Gypsy                         263    379    (0)  127 *
  354   21.0  1.2  1.2  NP_60     237382 237446 (244768) C NOMAD_LTR                                    LTR/Gypsy                       (315)    203    139  128  
 1098   18.1  3.6  6.1  NP_60     237447 237699 (244515) + Gypsy-3_DSe-I                                LTR/Gypsy                           1    247 (7126)  127 *
 7035    2.1  1.9  0.0  NP_60     237696 238503 (243711) + Gypsy-5_DSim-I                               LTR/Gypsy                        6340   7162    (0)  129  
  287   24.8  2.7  4.6  NP_60     238451 238503 (243711) C noCat_dsim_final-B-P113.23-Map3_novel_repeat Other/de_novo                    (54)    809    759  130 *
 2617    5.5  0.7 10.3  NP_60     238504 238907 (243307) + Gypsy-5_DSim-LTR                             LTR/Gypsy                           1    369    (0)  131  
 9994    4.2  3.0  0.6  NP_60     238940 240154 (242060) C DIVER_I                                      LTR/Pao                        (4398)   1245      1  132  
 1309   10.5  0.4 12.5  NP_60     240176 240426 (241788) C DIVER_LTR                                    LTR/Pao                           (0)    224      1  132  
 3229    2.5  0.0  0.0  NP_60     240436 240797 (241417) + Gypsy-9_DSim-LTR                             LTR/Gypsy                           1    362    (0)  133  
  264   13.2  0.0  0.0  NP_60     240798 240833 (241381) + NOMAD_LTR                                    LTR/Gypsy                         110    145  (373)  134  
  480   22.8 15.7  0.7  NP_60     240882 241106 (241108) + Gypsy-3_DSe-LTR                              LTR/Gypsy                         114    377    (2)  135  
  672   23.2  2.6  4.3  NP_60     241266 241486 (240728) + Gypsy-3_DSe-LTR                              LTR/Gypsy                         188    518    (0)  127 *
47395    5.5  1.7  1.0  NP_60     241474 247373 (234841) + NOMAD_I                                      LTR/Gypsy                           1   5940  (632)  136  
 4475   20.6  1.3  4.0  NP_60     247380 248804 (233410) + NOMAD_I                                      LTR/Gypsy                        6032   7528   (11)  136  
  243    6.2  0.0  0.0  NP_60     248805 248836 (233378) + NOMAD_LTR                                    LTR/Gypsy                           1     32  (486)  136  
  467   23.4 15.7  0.7  NP_60     248885 249109 (233105) + Gypsy-3_DSe-LTR                              LTR/Gypsy                         114    377    (2)  137  
  672   26.2  1.9  4.4  NP_60     249269 249476 (232738) + Gypsy-3_DSe-LTR                              LTR/Gypsy                         316    518    (0)  127  
  461   10.4  6.5  1.2  NP_60     249482 249636 (232578) C MDG1_I                                       LTR/Gypsy                        (47)   6549   6387  138  
 1380   16.6  5.1  1.3  NP_60     249665 249958 (232256) + DM412B_LTR                                   LTR/Gypsy                         161    465  (106)  139  
 3346   12.9  2.8  4.1  NP_60     249987 250627 (231587) + DM412                                        LTR/Gypsy                           1    627 (5850)  140  
 2397    7.6  1.1  0.5  NP_60     250628 250961 (231253) + Gypsy-2_DSim-LTR                             LTR/Gypsy                           1    405  (758)  141  
 5671   17.8 11.2  0.5  NP_60     251056 252176 (230038) + Gypsy-34_DEl-I                               LTR/Gypsy                          10   1250 (3474)  142  
 6732   20.9  0.2  0.3  NP_60     252179 253409 (228805) + Gypsy-34_DEl-I                               LTR/Gypsy                        1481   2710 (2014)  142  
  708   18.1  0.0  0.8  NP_60     253402 253529 (228685) + Gypsy-34_DEl-I                               LTR/Gypsy                        3510   3636 (1011)  142 *
 2058   20.3  2.4  3.5  NP_60     253527 254209 (228005) + Gypsy-34_DEl-I                               LTR/Gypsy                        3739   4408  (316)  142 *
 2472    7.3  7.1  2.1  NP_60     254192 254671 (227543) + Gypsy-2_DSim-I                               LTR/Gypsy                        3018   3580  (110)  143  
  356    9.6  1.9  0.0  NP_60     254776 254827 (227387) + MDG1_I                                       LTR/Gypsy                          73    125 (6471)  144  
 2785    8.0  0.5  5.2  NP_60     254828 255251 (226963) + MDG1_I                                       LTR/Gypsy                         374    778 (5818)  144  
 3362    3.3  3.6  3.5  NP_60     255268 255725 (226489) + Gypsy-5_DSe-LTR                              LTR/Gypsy                           1    441    (0)  145 *
51589    2.9  0.5  1.1  NP_60     255701 262337 (219877) + Gypsy-5_DSe-I                                LTR/Gypsy                           1   6964  (118)  145  
  416   14.9  1.1  0.0  NP_60     262394 262487 (219727) + Gypsy-5_DSe-I                                LTR/Gypsy                        1126   1220 (5376)  145  
18049    4.9  4.2  0.2  NP_60     262687 265000 (217214) + Gypsy-5_DSe-I                                LTR/Gypsy                        1227   3631 (2965)  145  
 5668    5.8  8.5  0.1  NP_60     264983 265782 (216432) + Gypsy-5_DSe-I                                LTR/Gypsy                        4746   5598  (998)  145 *
 1116    8.3  0.1  0.0  NP_60     265764 265927 (216287) C MDG1_I                                       LTR/Gypsy                       (859)   5737   5593  146 *
 1696    8.8  1.0  0.9  NP_60     265927 266083 (216131) C MDG1_I                                       LTR/Gypsy                      (3125)   3471   3362  146  
  322   21.5  0.0  1.3  NP_60     266084 266163 (216051) + Gypsy-23_DWil-I                              LTR/Gypsy                         544    622 (2429)  147  
 1696    8.8  1.0  0.9  NP_60     266164 266303 (215911) C MDG1_I                                       LTR/Gypsy                      (3125)   3361   3263  146  
 2836    6.1  0.8  0.3  NP_60     266304 266665 (215549) + Gypsy10_LTR                                  LTR/Gypsy                           1    364    (0)  148  
17763   19.8  1.5  2.1  NP_60     266666 273104 (209110) + Gypsy10_I                                    LTR/Gypsy                           1   6736  (218)  148  
  587    6.0  0.0 10.0  NP_60     273187 273286 (208928) + Gypsy10_I                                    LTR/Gypsy                        5196   5278    (0)  149 *
 2836    6.1  0.8  0.3  NP_60     273279 273640 (208574) + Gypsy10_LTR                                  LTR/Gypsy                           1    364    (0)  149  
15840    4.9  4.2  0.1  NP_60     273641 275660 (206554) C MDG1_I                                       LTR/Gypsy                      (3330)   3266   1164  150  
 1124    7.8  2.5  2.2  NP_60     275638 275899 (206315) + MDG1_I                                       LTR/Gypsy                        6213   6594    (2)  151 *
  360   12.5  4.1  5.2  NP_60     275900 276073 (206141) C MDG1_I                                       LTR/Gypsy                      (5572)    957    786  150 *
 1181    9.2  5.1  0.0  NP_60     275897 276180 (206034) + MDG1_LTR                                     LTR/Gypsy                          17    241  (201)  152  
29153    7.1  0.8  1.1  NP_60     276181 282252 (199962) + Gypsy-2_DBp-I                                LTR/Gypsy                           1   5188    (0)  153  
14238    1.1  0.1  1.5  NP_60     282253 283847 (198367) + Gypsy-2_DBp-I                                LTR/Gypsy                        2742   4313  (875)  153 *
29273    3.2  1.1  0.1  NP_60     283847 287329 (194885) + Gypsy-13_DSim-I                              LTR/Gypsy                         626   4145 (1299)  152  
 2468    8.8  5.4  2.1  NP_60     287330 287702 (194512) + DIVER2_LTR                                   LTR/Pao                             1    385    (0)  154  
 2055    4.7  0.0  0.0  NP_60     287703 287955 (194259) + Gypsy-13_DSim-I                              LTR/Gypsy                        4141   4393 (1051)  152  
  859    2.0  0.0  0.0  NP_60     287957 288054 (194160) + ACCORD2_LTR                                  LTR/Gypsy                           1     98  (117)  155 *
 7888    2.0  2.8  0.2  NP_60     288047 288962 (193252) + ACCORD2_I                                    LTR/Gypsy                         112   1051 (6161)  156  
10452    1.8  0.0  0.2  NP_60     288963 290161 (192053) + ACCORD2_I                                    LTR/Gypsy                        1680   2875 (4337)  156  
 4789    2.5  0.0  0.2  NP_60     290153 290718 (191496) + ACCORD2_I                                    LTR/Gypsy                        6637   7201   (11)  156 *
 1869    0.9  0.9  1.4  NP_60     290719 290934 (191280) + ACCORD2_LTR                                  LTR/Gypsy                           1    215    (0)  156  
 5489   10.4  0.1  6.0  NP_60     290935 291864 (190350) + Gypsy8_I                                     LTR/Gypsy                        2451   3328 (1019)  157  
 2231   21.6  6.5  5.6  NP_60     291918 293328 (188886) + Gypsy-13_DSim-I                              LTR/Gypsy                        3407   4050  (297)  152  
 3159    4.5  0.5  0.0  NP_60     293379 293755 (188459) C STALKER4_LTR                                 LTR/Gypsy                        (23)    379      1  158  
49245    3.2  0.7  1.0  NP_60     293756 299842 (182372) C STALKER4_I                                   LTR/Gypsy                         (0)   6530    379  158  
  436    1.9  0.0  0.0  NP_60     299855 299907 (182307) C STALKER4_LTR                                 LTR/Gypsy                        (93)    309    257  159 *
 1493   17.9  7.7  1.9  NP_60     299907 300258 (181956) + Gypsy-1_DSim-I                               LTR/Gypsy                        5997   6368   (60)  160  
 1041   19.0  5.0 10.6  NP_60     300444 300739 (181475) + Gypsy-31_DEl-I                               LTR/Gypsy                         157    663 (6163)  161  
 2596   24.7  2.3  1.4  NP_60     301143 301782 (180432) + Gypsy-31_DEl-I                               LTR/Gypsy                         860   1505 (5321)  161  
12797   11.6  0.2  0.1  NP_60     301790 303570 (178644) + Gypsy-1_DSe-I                                LTR/Gypsy                        1100   2882 (3546)  162  
 2184    5.0  1.1  0.7  NP_60     303571 303850 (178364) C DM412B_LTR                                   LTR/Gypsy                        (89)    482    202  163  
 3935    6.3  4.4  2.2  NP_60     303851 304733 (177481) + Gypsy-1_DSim-LTR                             LTR/Gypsy                           1    522    (0)  160  
60327    2.5  0.3  0.2  NP_60     304734 311998 (170216) + Gypsy-1_DSim-I                               LTR/Gypsy                           1   7021    (1)  160  
 1545    2.5  0.0 16.6  NP_60     311999 312232 (169982) C DM412B_LTR                                   LTR/Gypsy                       (371)    200      1  164  
10476   14.5  0.1  0.3  NP_60     312233 313817 (168397) + Gypsy-31_DEl-I                               LTR/Gypsy                        3720   5274 (1552)  165  
 2263   18.6  1.4  7.0  NP_60     313795 314736 (167478) + Gypsy-31_DEl-I                               LTR/Gypsy                        3407   5231  (213)  165 *
  664    4.6  0.0  0.0  NP_60     314736 314823 (167391) + Gypsy-13_DSim-LTR                            LTR/Gypsy                         115    194  (577)  166 *
16974    2.8  0.5  0.1  NP_60     314825 316807 (165407) C R1_DSi                                       Non-LTR_retrotransposon/R1        (5)   5429   3438  167  
 2709   20.1  3.2  7.7  NP_60     316794 318426 (163788) + Gypsy8_I                                     LTR/Gypsy                        2865   5231  (213)  168 *
  641    5.9  0.0  0.0  NP_60     318426 318513 (163701) + Gypsy-13_DSim-LTR                            LTR/Gypsy                         115    194  (577)  169 *
16928    3.0  0.5  0.1  NP_60     318515 320497 (161717) C R1_DSi                                       Non-LTR_retrotransposon/R1        (5)   5429   3438  170  
 2709   20.0  3.2  7.8  NP_60     320484 322117 (160097) + Gypsy8_I                                     LTR/Gypsy                        2865   5231  (213)  171 *
  641    5.9  0.0  0.0  NP_60     322117 322204 (160010) + Gypsy-13_DSim-LTR                            LTR/Gypsy                         115    194  (577)  172 *
 5254    4.2  1.4  0.0  NP_60     322206 322843 (159371) C R1_DSi                                       Non-LTR_retrotransposon/R1        (5)   5429   4783  173  
 1462    7.7  0.0  0.0  NP_60     322845 323027 (159187) C R1_DM                                        Non-LTR_retrotransposon/R1      (856)   4500   4318  174  
 4129    2.9  0.8  0.0  NP_60     323066 323552 (158662) C R1_DSi                                       Non-LTR_retrotransposon/R1     (3162)   2272   1782  173  
 2141   11.6  6.2  0.7  NP_60     323529 324083 (158131) C R1_DSi                                       Non-LTR_retrotransposon/R1     (3887)   1557   1237  173 *
 1111   13.0 10.7  5.5  NP_60     324073 324316 (157898) C R1_DSi                                       Non-LTR_retrotransposon/R1     (5170)    264      9  173 *
13206    4.0  0.2  0.1  NP_60     324300 325882 (156332) C R1_DSi                                       Non-LTR_retrotransposon/R1      (411)   5023   3438  173  
 2738   11.1  0.0  9.3  NP_60     325869 326375 (155839) + Gypsy8_I                                     LTR/Gypsy                        2865   3328 (1019)  175 *
 2278   20.1  3.2  7.2  NP_60     326458 327495 (154719) + Gypsy8_I                                     LTR/Gypsy                        3407   5231  (213)  171  
  641    5.9  0.0  0.0  NP_60     327495 327582 (154632) + Gypsy-13_DSim-LTR                            LTR/Gypsy                         115    194  (577)  176 *
11802    4.6  2.5  0.1  NP_60     327584 329050 (153164) C R1_DSi                                       Non-LTR_retrotransposon/R1        (5)   5429   3927  177  
 6254    1.9  0.8  0.7  NP_60     329051 330179 (152035) C ROO_I                                        LTR/Pao                           (0)   8256   7556  178 *
61001    0.6  0.8  0.3  NP_60     330172 337365 (144849) C ROO_I                                        LTR/Pao                        (1464)   6792      1  178  
 2976    1.5 24.3  0.0  NP_60     337366 337762 (144452) C R1_DSi                                       Non-LTR_retrotransposon/R1     (1503)   3931   3438  179  
 2672   13.4  1.4  8.1  NP_60     337749 338318 (143896) + Gypsy8_I                                     LTR/Gypsy                        2865   3310 (1037)  180 *
 2224   19.2  3.3  7.4  NP_60     338312 339323 (142891) + Gypsy8_I                                     LTR/Gypsy                        3407   5231  (213)  180 *
  664    4.6  0.0  0.0  NP_60     339332 339419 (142795) + Gypsy-13_DSim-LTR                            LTR/Gypsy                         115    194  (577)  181  
12408    3.4  0.7  0.1  NP_60     339421 340890 (141324) C R1_DSi                                       Non-LTR_retrotransposon/R1        (5)   5429   3951  182  
  265    3.5  0.0  0.0  NP_60     340894 340922 (141292) C R1_DSi                                       Non-LTR_retrotransposon/R1     (1452)   3982   3954  182 *
12860    2.7  0.1  0.1  NP_60     340911 342406 (139808) C R1_DSi                                       Non-LTR_retrotransposon/R1      (501)   4933   3438  183  
 1108   11.3  0.0  3.6  NP_60     342393 342566 (139648) + Gypsy8_I                                     LTR/Gypsy                        2865   3032 (1315)  184 *
 3749    3.6  0.6  7.5  NP_60     342567 343081 (139133) + DM412B_LTR                                   LTR/Gypsy                           1    482   (89)  185  
 9368    5.5  2.5  0.9  NP_60     343082 344335 (137879) + DM412                                        LTR/Gypsy                           1   1274 (5203)  186  
 6854    7.3  0.0  0.7  NP_60     344324 345213 (137001) + DM412                                        LTR/Gypsy                        1399   2282 (4195)  186 *
 2361   14.1  1.0  2.5  NP_60     345214 345621 (136593) + GTWIN_LTR                                    LTR/Gypsy                           1    402   (93)  187  
24993    3.4  0.0  0.2  NP_60     345779 348718 (133496) + DM412                                        LTR/Gypsy                        2285   5218 (1259)  188  
 5769    4.7  0.8  4.0  NP_60     348720 349956 (132258) + DM412                                        LTR/Gypsy                        5089   6477    (0)  188  
 9380    5.5  2.6  0.9  NP_60     349957 351209 (131005) + DM412                                        LTR/Gypsy                           1   1274 (5203)  189  
 6854    7.3  0.0  0.7  NP_60     351198 352087 (130127) + DM412                                        LTR/Gypsy                        1399   2282 (4195)  189 *
 2361   14.1  1.0  2.5  NP_60     352088 352495 (129719) + GTWIN_LTR                                    LTR/Gypsy                           1    402   (93)  190  
24993    3.4  0.0  0.2  NP_60     352653 355592 (126622) + DM412                                        LTR/Gypsy                        2285   5218 (1259)  191  
 5763    4.7  0.8  4.1  NP_60     355594 356831 (125383) + DM412                                        LTR/Gypsy                        5089   6477    (0)  191  
 1068   11.5 23.0  1.2  NP_60     356832 357077 (125137) + Gypsy8_I                                     LTR/Gypsy                        3029   3328 (1019)  192  
 2272   20.1  3.2  6.9  NP_60     357166 358202 (124012) + Gypsy8_I                                     LTR/Gypsy                        3407   5231  (213)  192  
  664    4.6  0.0  0.0  NP_60     358202 358289 (123925) + Gypsy-13_DSim-LTR                            LTR/Gypsy                         115    194  (577)  193 *
17028    2.7  0.5  0.1  NP_60     358291 360273 (121941) C R1_DSi                                       Non-LTR_retrotransposon/R1        (5)   5429   3438  194  
 2658   11.7  0.0  9.3  NP_60     360260 360766 (121448) + Gypsy8_I                                     LTR/Gypsy                        2865   3328 (1019)  195 *
43538    4.3  0.7  1.5  NP_60     360822 368721 (113493) + Gypsy12_I                                    LTR/Gypsy                           1   5546    (0)  196  
17535    6.2  1.2  3.0  NP_60     368722 371098 (111116) + Gypsy12_LTR                                  LTR/Gypsy                           1   2336    (0)  196  
 2162   18.9  3.7  7.6  NP_60     371136 372159 (110055) + Gypsy8_I                                     LTR/Gypsy                        3407   5231  (213)  197  
  658    5.6  0.0  0.0  NP_60     372159 372246 (109968) + Gypsy-13_DSim-LTR                            LTR/Gypsy                         115    194  (577)  198 *
17085    2.6  0.5  0.1  NP_60     372248 374230 (107984) C R1_DSi                                       Non-LTR_retrotransposon/R1        (5)   5429   3438  199  
 2444   11.0  3.7  9.3  NP_60     374217 374705 (107509) + Gypsy8_I                                     LTR/Gypsy                        2865   3328 (1019)  200 *
 2287   19.2  1.4  7.5  NP_60     374794 375831 (106383) + Gypsy8_I                                     LTR/Gypsy                        3407   5231  (213)  197  
  664    4.6  0.0  0.0  NP_60     375831 375918 (106296) + Gypsy-13_DSim-LTR                            LTR/Gypsy                         115    194  (577)  201 *
 4386    3.6  1.7  0.0  NP_60     375920 376444 (105770) C R1_DSi                                       Non-LTR_retrotransposon/R1        (5)   5429   4896  202  
  525    6.5  2.5  0.7  NP_60     376454 376545 (105669) C R1_DSi                                       Non-LTR_retrotransposon/R1     (1424)   4010   3951  203 *
12892    2.7  0.1  0.1  NP_60     376534 378029 (104185) C R1_DSi                                       Non-LTR_retrotransposon/R1      (501)   4933   3438  204  
 2686   11.5  0.0  9.3  NP_60     378016 378522 (103692) + Gypsy8_I                                     LTR/Gypsy                        2865   3328 (1019)  205 *
 1844   20.3  1.6  7.8  NP_60     378611 379277 (102937) + Gypsy8_I                                     LTR/Gypsy                        4889   5231  (213)  197  
 7734    2.1  1.6  0.0  NP_60     379281 380178 (102036) C R1_DSi                                       Non-LTR_retrotransposon/R1     (1092)   4342   3431  206 *
19722    2.2  1.3  0.0  NP_60     380177 382463  (99751) C R1_DSi                                       Non-LTR_retrotransposon/R1      (626)   4808   2493  207  
  362   10.9  0.0  0.0  NP_60     382468 382522  (99692) C R1_DSi                                       Non-LTR_retrotransposon/R1     (4339)   1095   1041  208  
  934   12.0  0.0  0.7  NP_60     382523 382665  (99549) + DM412B_LTR                                   LTR/Gypsy                           1    142  (429)  209  
  642   21.5  4.3  1.6  NP_60     382666 382849  (99365) + DM412B_LTR                                   LTR/Gypsy                         277    465  (106)  209  
 6848   12.1  3.9  2.8  NP_60     382865 384113  (98101) + DM412                                        LTR/Gypsy                           1   1263 (5214)  210  
 5045   11.3  0.1  1.7  NP_60     384208 384989  (97225) + DM412                                        LTR/Gypsy                        1259   2102 (4367)  210  
 2984   14.3  0.8  0.8  NP_60     385225 385740  (96474) + MDG1_I                                       LTR/Gypsy                          69    584 (6012)  211  
  226   15.0  0.0  0.0  NP_60     385742 385781  (96433) + MDG1_I                                       LTR/Gypsy                         506    545 (6051)  211  
  737   20.9  2.7 17.7  NP_60     385850 386531  (95683) + MDG1_I                                       LTR/Gypsy                         572   1514 (4600)  211  
11813    3.4  2.4  0.1  NP_60     386532 387969  (94245) + Gypsy-8_DSim-I                               LTR/Gypsy                           3   1472 (3940)  212  
 3769    4.5  0.1  0.2  NP_60     387970 388816  (93398) + Gypsy-8_DSim-I                               LTR/Gypsy                        1069   2444 (2968)  212  
13252    3.2  1.3  0.0  NP_60     388817 390398  (91816) + Gypsy-8_DSim-I                               LTR/Gypsy                        2001   3603 (1809)  212  
  233   13.8  0.0 11.4  NP_60     390769 390817  (91397) + Gypsy-10_DMoj-LTR                            LTR/Gypsy                         108    151 (2875)  213  
  318   25.2  3.5 15.5  NP_60     390923 391124  (91090) + HMSBEAGLE_I                                  LTR/Gypsy                         196    547 (2479)  214  
  419   17.2  3.1 12.3  NP_60     391204 391362  (90852) + Gypsy-10_DMoj-LTR                            LTR/Gypsy                         546    691 (2335)  215  
 1783   32.7  0.8  0.9  NP_60     391940 392748  (89466) + HMSBEAGLE_I                                  LTR/Gypsy                         892   2113 (4416)  214  
 8979   27.1  0.9  1.0  NP_60     392957 396437  (85777) + Gypsy-53_DEl-I                               LTR/Gypsy                           1   5159 (1386)  216  
 4172   28.0  2.9  2.2  NP_60     396423 398134  (84080) + Gypsy-53_DEl-I                               LTR/Gypsy                        2325   4047  (342)  216 *
13028    4.0  4.2  2.4  NP_60     398511 400275  (81939) + Gypsy-8_DSim-I                               LTR/Gypsy                        3577   5372   (40)  217  
 2989   14.3  0.8  0.8  NP_60     400451 400966  (81248) + Gypsy-8_DSim-I                               LTR/Gypsy                          69    584 (6012)  218  
  226   15.0  0.0  0.0  NP_60     400968 401007  (81207) + Gypsy-8_DSim-I                               LTR/Gypsy                         506    545 (6051)  218  
 3775   13.8  5.5  8.1  NP_60     401073 402282  (79932) + Gypsy-8_DSim-I                               LTR/Gypsy                           3   1531 (4583)  218  
 3199   10.3  1.2  0.6  NP_60     403752 404230  (77984) + DM412B_LTR                                   LTR/Gypsy                           1    482   (89)  219  
  301   24.1  3.4  2.2  NP_60     404503 404591  (77623) + Gypsy-53_DEl-I                               LTR/Gypsy                        3985   4074 (2435)  216  
  724   13.2  1.3 13.4  NP_60     404624 404820  (77394) C DNAREP1_DSim                                 RC/Helitron                      (20)    773    427  220 *
  914    9.2 16.7  0.4  NP_60     404805 405003  (77211) C DNAREP1_DSim                                 RC/Helitron                     (237)    455    267  221  
  452    7.1 10.0  0.0  NP_60     405005 405074  (77140) C DNAREP1_DSim                                 RC/Helitron                     (615)     77      1  221  
  297    5.6  0.0  0.0  NP_60     406781 406816  (75398) C Hoyak2                                       DNA/hAT-Ac                     (2525)     36      1  222  
 2036   16.7  5.3  1.3  NP_60     406817 407265  (74949) C DNAREP1_DSim                                 RC/Helitron                      (92)    701    254  223  
  361   15.4  8.8  2.4  NP_60     408853 408932  (73282) + noCat_dsim_final-B-P81.43-Map3_novel_repeat  Other/de_novo                     786    870    (3)  224 *
 1947    7.7  9.9  7.1  NP_60     408862 409323  (72891) C DNAREP1_DM                                   RC/Helitron                       (0)    692      1  225  
  540   21.6 14.8  2.1  NP_60     411344 411580  (70634) + DNAREP1_DSim                                 RC/Helitron                       142    555   (39)  226  
 7397    6.4 11.5  0.3  NP_60     415588 416975  (65239) C G5A_DM                                       Non-LTR_retrotransposon/Jockey   (16)   2825   1283  227  
 3164    8.0  5.8  2.1  NP_60     416971 417432  (64782) C G5A_DM                                       Non-LTR_retrotransposon/Jockey (1842)    999    521  227 *
 1500    7.0 10.2  0.4  NP_60     417433 417648  (64566) C G5A_DM                                       Non-LTR_retrotransposon/Jockey (2449)    392    156  227  
 2199   10.6  7.6  0.8  NP_60     417658 418001  (64213) C DNAREP1_DSim                                 RC/Helitron                     (325)    367      1  228  
  434   20.4 21.1  1.4  NP_60     418329 418565  (63649) + DNAREP1_DSim                                 RC/Helitron                       125    555   (39)  229  
 7397    6.4 11.5  0.3  NP_60     422574 423961  (58253) C G5A_DM                                       Non-LTR_retrotransposon/Jockey   (16)   2825   1283  230  
 3178    7.7  5.8  2.1  NP_60     423957 424418  (57796) C G5A_DM                                       Non-LTR_retrotransposon/Jockey (1842)    999    521  230 *
 1500    7.0 10.2  0.4  NP_60     424419 424634  (57580) C G5A_DM                                       Non-LTR_retrotransposon/Jockey (2449)    392    156  230  
 2199   10.6  7.6  0.8  NP_60     424644 424987  (57227) C DNAREP1_DSim                                 RC/Helitron                     (325)    367      1  231  
  434   20.4 21.1  1.4  NP_60     425315 425551  (56663) + DNAREP1_DSim                                 RC/Helitron                       125    555   (39)  232  
 7397    6.4 11.5  0.3  NP_60     429559 430946  (51268) C G5A_DM                                       Non-LTR_retrotransposon/Jockey   (16)   2825   1283  233  
 2953    9.1  5.3  1.9  NP_60     430942 431508  (50706) C G5A_DM                                       Non-LTR_retrotransposon/Jockey (1842)    999    521  233 *
 1500    7.0 10.2  0.4  NP_60     431509 431724  (50490) C G5A_DM                                       Non-LTR_retrotransposon/Jockey (2449)    392    156  233  
 2221   10.2  7.6  0.8  NP_60     431734 432077  (50137) C DNAREP1_DSim                                 RC/Helitron                     (325)    367      1  234  
  426   20.4 21.9  1.6  NP_60     432405 432640  (49574) + DNAREP1_DSim                                 RC/Helitron                       125    555   (39)  235  
 7357    6.4 11.5  0.3  NP_60     436647 438034  (44180) C G5A_DM                                       Non-LTR_retrotransposon/Jockey   (16)   2825   1283  236  
 3178    7.7  5.8  2.1  NP_60     438030 438491  (43723) C G5A_DM                                       Non-LTR_retrotransposon/Jockey (1842)    999    521  236 *
 1462    7.0 10.7  0.4  NP_60     438492 438706  (43508) C G5A_DM                                       Non-LTR_retrotransposon/Jockey (2449)    392    156  236  
 2199   10.6  7.6  0.8  NP_60     438716 439059  (43155) C DNAREP1_DSim                                 RC/Helitron                     (325)    367      1  237  
  226   30.0  0.0  7.7  NP_60     439207 439318  (42896) + Helitron-N1_DBi                              RC/Helitron                        90    193  (395)  238  
  434   20.4 21.1  1.4  NP_60     439386 439622  (42592) + DNAREP1_DSim                                 RC/Helitron                       125    555   (39)  239  
 7397    6.4 11.5  0.3  NP_60     443630 445017  (37197) C G5A_DM                                       Non-LTR_retrotransposon/Jockey   (16)   2825   1283  240  
 2953    9.1  5.3  1.9  NP_60     445013 445579  (36635) C G5A_DM                                       Non-LTR_retrotransposon/Jockey (1842)    999    521  240 *
 1500    7.0 10.2  0.4  NP_60     445580 445795  (36419) C G5A_DM                                       Non-LTR_retrotransposon/Jockey (2449)    392    156  240  
 2221   10.2  7.6  0.8  NP_60     445805 446148  (36066) C DNAREP1_DSim                                 RC/Helitron                     (325)    367      1  241  
  434   20.4 21.1  1.4  NP_60     446476 446712  (35502) + DNAREP1_DSim                                 RC/Helitron                       125    555   (39)  242  
 7397    6.5 11.5  0.3  NP_60     450720 452107  (30107) C G5A_DM                                       Non-LTR_retrotransposon/Jockey   (16)   2825   1283  243  
 3164    8.0  5.8  2.1  NP_60     452103 452564  (29650) C G5A_DM                                       Non-LTR_retrotransposon/Jockey (1842)    999    521  243 *
 1431    8.7  8.6  0.8  NP_60     452565 452784  (29430) C G5A_DM                                       Non-LTR_retrotransposon/Jockey (2449)    392    156  243  
 2067   12.3  7.2  1.4  NP_60     452794 453140  (29074) C DNAREP1_DSim                                 RC/Helitron                     (325)    367      1  244  
  394   20.4  4.5  1.1  NP_60     453468 453556  (28658) + DNAREP1_DSim                                 RC/Helitron                       125    216  (476)  245  
 7350    6.6 11.5  0.3  NP_60     457325 458712  (23502) C G5A_DM                                       Non-LTR_retrotransposon/Jockey   (16)   2825   1283  246  
 3178    7.7  5.8  2.1  NP_60     458708 459169  (23045) C G5A_DM                                       Non-LTR_retrotransposon/Jockey (1842)    999    521  246 *
 1522    6.5 10.2  0.4  NP_60     459170 459385  (22829) C G5A_DM                                       Non-LTR_retrotransposon/Jockey (2449)    392    156  246  
 2221   10.2  7.6  0.8  NP_60     459395 459738  (22476) C DNAREP1_DSim                                 RC/Helitron                     (325)    367      1  247  
 1519   18.5  8.2  2.1  NP_60     459955 460319  (21895) C Gypsy_LTR                                    LTR/Gypsy                        (95)    387      1  248 *
42524   11.4  1.3  0.3  NP_60     460310 466355  (15859) C Gypsy_I                                      LTR/Gypsy                         (0)   6507    414  248  
 4473    1.0  0.2  1.9  NP_60     466356 466880  (15334) + LINEJ1_DM                                    Non-LTR_retrotransposon/Jockey   4519   5020    (0)  249 *
 7921    1.3  0.1  1.1  NP_60     466880 467777  (14437) + LINEJ1_DM                                    Non-LTR_retrotransposon/Jockey   4144   5020    (0)  250  
 7350    6.7 11.4  0.3  NP_60     471635 473023   (9191) C G5A_DM                                       Non-LTR_retrotransposon/Jockey   (16)   2825   1283  251  
 3164    8.0  5.8  2.1  NP_60     473019 473480   (8734) C G5A_DM                                       Non-LTR_retrotransposon/Jockey (1842)    999    521  251 *
 1431    8.7  8.6  0.8  NP_60     473481 473700   (8514) C G5A_DM                                       Non-LTR_retrotransposon/Jockey (2449)    392    156  251  
 2170   11.1  7.2  1.4  NP_60     473710 474056   (8158) C DNAREP1_DSim                                 RC/Helitron                     (325)    367      1  252  
 1519   18.5  8.2  2.1  NP_60     474273 474637   (7577) C Gypsy_LTR                                    LTR/Gypsy                        (95)    387      1  253 *
43032   11.3  0.7  0.5  NP_60     474628 480720   (1494) C Gypsy_I                                      LTR/Gypsy                         (0)   6507    414  253  
 4443    1.1  0.2  1.9  NP_60     480721 481245    (969) + LINEJ1_DM                                    Non-LTR_retrotransposon/Jockey   4519   5020    (0)  254 *
 7909    1.4  0.1  1.0  NP_60     481245 482140     (74) + LINEJ1_DM                                    Non-LTR_retrotransposon/Jockey   4144   5020    (0)  255  
