   SW   perc perc perc  query     position in query        matching                                     repeat                           position in repeat
score   div. del. ins.  sequence  begin  end      (left)   repeat                                       class/family                   begin  end    (left)  ID

  576   20.4 15.6  2.0  NP_61         48    297 (420191) C DNAREP1_DSim                                 RC/Helitron                      (39)    555    125   1  
 1975    7.1  9.9  7.1  NP_61       2317   2777 (417711) + DNAREP1_DM                                   RC/Helitron                         1    692    (0)   2  
  227   15.4  0.0  0.0  NP_61       2744   2782 (417706) + Hoyak2                                       DNA/hAT-Ac                          1     39 (2522)   3 *
 4038   20.2  0.6  0.9  NP_61       3843   4911 (415577) C Gypsy1-I_DM                                  LTR/Gypsy                       (254)   7154   6157   4  
 6876    4.2  2.9  0.1  NP_61       4912   5777 (414711) + TRANSIB2                                     DNA/CMC-Transib                     1    890 (1954)   5  
 4449    4.1  0.5  0.2  NP_61       5777   6336 (414152) + TRANSIB2                                     DNA/CMC-Transib                  2283   2844    (0)   6 *
34324   15.3  0.8  1.5  NP_61       6338  12487 (408001) C Gypsy1-I_DM                                  LTR/Gypsy                       (664)   6348     33   4  
 2088   18.0  1.7  3.3  NP_61      12527  12962 (407526) C Gypsy1-LTR_DM                                LTR/Gypsy                        (16)    392      2   4  
 2733   16.3  9.6  1.8  NP_61      13398  14004 (406484) + DNAREP1_DSim                                 RC/Helitron                        40    692    (0)   7  
  298    5.6  0.0  0.0  NP_61      13973  14008 (406480) + Hoyak2                                       DNA/hAT-Ac                          1     36 (2525)   8 *
  662    6.8 20.6  1.6  NP_61      16003  16157 (404331) + DNAREP1_DSim                                 RC/Helitron                       305    497   (97)   9 *
  724   13.0 24.9  0.0  NP_61      16150  16346 (404142) + DNAREP1_DSim                                 RC/Helitron                       427    672   (20)  10  
  297   24.1  3.4  2.2  NP_61      16379  16467 (404021) C Gypsy5_I                                     LTR/Gypsy                      (2435)   4074   3985  11  
  360   26.4  5.6  4.2  NP_61      16494  16635 (403853) + REP-1_DTa                                    Other/Other                       133    276 (2140)  12  
 3100   11.3  1.2  0.6  NP_61      16786  17264 (403224) C DM412_LTR                                   LTR/Gypsy                        (89)    482      1  13  
37847    1.0  0.6  1.1  NP_61      18472  23273 (397215) C TABOR_I                                      LTR/Gypsy                         (0)   6336      1  14 *
53479    0.5  0.3  0.7  NP_61      23273  29755 (390733) C DM412_I                                        LTR/Gypsy                         (0)   6477      1  14  
 5169    1.0  0.0  0.4  NP_61      29756  30328 (390160) C DM412_I                                        LTR/Gypsy                      (5916)    561      1  14  
 4032    1.5  0.6  7.0  NP_61      30329  30841 (389647) C DM412_LTR                                   LTR/Gypsy                        (89)    482      1  15  
 9784    4.3  1.0  0.5  NP_61      30842  32964 (387524) C TABOR_I                                      LTR/Gypsy                      (4250)   2346      1  16  
 4655    0.8  0.0  0.0  NP_61      32965  33470 (387018) C TABOR_LTR                                    LTR/Gypsy                         (0)    506      1  16  
41278    3.1  2.7  0.9  NP_61      33536  38686 (381802) C Gypsy-8_DSim-I                               LTR/Gypsy                        (40)   5372    130  17  
 3868    0.2  0.0  0.0  NP_61      38701  39124 (381364) C DM412_I                                        LTR/Gypsy                         (0)    424      1  18  
  346    9.0  2.6  0.0  NP_61      39125  39181 (381307) C GTWIN_I                                      LTR/Gypsy                         (0)   6530   6486  18 *
40891    1.9  0.5  0.1  NP_61      39166  44360 (376128) C Stalker2_I                                   LTR/Gypsy                        (95)   7073   1568  19  
 3914    0.9  0.7  0.0  NP_61      44560  45017 (375471) C Stalker2_I                                   LTR/Gypsy                      (5810)   1586   1126  19  
 9778    0.9  0.9  2.5  NP_61      45240  46401 (374087) C Stalker2_I                                   LTR/Gypsy                      (6251)   1145      1  19  
 3868    0.2  0.0  0.0  NP_61      46408  46831 (373657) C Stalker2_LTR                                 LTR/Gypsy                         (0)    424      1  19  
  728   18.1  2.8 15.3  NP_61      46832  47600 (372888) C MDG1_I                                       LTR/Gypsy                      (4585)   1529    572  20  
  232   15.0  0.0  0.0  NP_61      47669  47708 (372780) C MDG1_I                                       LTR/Gypsy                      (6051)    545    506  20  
 2589   13.5  8.8  0.8  NP_61      47710  48187 (372301) C MDG1_I                                       LTR/Gypsy                      (6012)    584     69  20  
  936    3.0  0.6 18.0  NP_61      48384  48546 (371942) C GTWIN_I                                      LTR/Gypsy                       (100)   5312   5174  18 *
10497   12.5  2.4  0.1  NP_61      48540  50251 (370237) C GTWIN_I                                      LTR/Gypsy                      (2962)   4560   2278  18  
 1252    5.4  0.4 19.6  NP_61      50387  50617 (369871) C Gypsy-8_DSim-I                               LTR/Gypsy                        (40)   5372   5179  21 *
 8109   10.0  3.6  1.9  NP_61      50614  52639 (367849) C DM412_I                                        LTR/Gypsy                      (4368)   2109      3  18  
 3385    7.5  1.0  1.9  NP_61      52642  53127 (367361) C DM412_LTR                                   LTR/Gypsy                        (89)    482      1  22  
 2974   12.9  2.9  0.2  NP_61      53128  53646 (366842) C DM412_I                                        LTR/Gypsy                      (5303)   1174    642  23  
 1166   16.6  1.9  8.5  NP_61      53647  53909 (366579) C Gypsy-3_DSe-I                                LTR/Gypsy                      (7126)    247      1  24  
 1328    8.0  0.4  7.3  NP_61      54043  54312 (366176) C Gypsy-3_DSe-LTR                              LTR/Gypsy                         (0)    379      1  24  
10426    2.9  1.2  0.0  NP_61      54318  55540 (364948) + R1_DSi                                      LINE/R1       2401   3638 (1796)  25  
19100    4.3  2.3  0.1  NP_61      55562  57885 (362603) + R1_DSi                                      LINE/R1       2649   5023  (411)  26  
 1073   13.1 11.1  5.0  NP_61      57889  58113 (362375) + R1_DSi                                      LINE/R1         27    264 (5170)  27 *
 1077   15.1  0.6  0.0  NP_61      58103  58281 (362207) + R1_DM                                       LINE/R1        309    488 (4868)  28 *
 4549    8.0  6.7  5.3  NP_61      58278  59094 (361394) + R1_DSi                                      LINE/R1        123   1273 (4161)  27 *
 4655   10.3  7.6  2.8  NP_61      59084  60056 (360432) + R1_DSi                                      LINE/R1        123   1334 (4110)  27  
 1077   15.1  0.6  0.0  NP_61      60046  60224 (360264) + R1_DSi                                      LINE/R1        309    488 (4868)  27 *
  392    9.3  0.0  0.0  NP_61      60221  60274 (360214) + R1_DSi                                      LINE/R1        585    638 (4796)  29 *
 8537    4.8  0.0  0.0  NP_61      60274  61290 (359198) + R1_DSi                                      LINE/R1       1256   2272 (3162)  29  
 4193    8.9  6.9  0.3  NP_61      61322  61915 (358573) + R1_DM                                       LINE/R1       4318   4950  (406)  30  
13231    7.6  3.5  1.1  NP_61      61919  63974 (356514) + R1_DSi                                      LINE/R1         27   2272 (3162)  31  
 4168    9.3  6.9  0.3  NP_61      64007  64600 (355888) + R1_DM                                       LINE/R1       4318   4950  (406)  32  
13276    7.5  3.5  1.1  NP_61      64604  66659 (353829) + R1_DSi                                      LINE/R1         27   2272 (3162)  33  
 4671    9.7  0.6  0.3  NP_61      66691  67321 (353167) + R1_DM                                       LINE/R1       4318   4950  (406)  34  
 1098   12.6 11.2  4.6  NP_61      67325  67548 (352940) + R1_DSi                                      LINE/R1         27    264 (5170)  35 *
 1888   11.4  4.2  0.0  NP_61      67538  67826 (352662) + R1_DM                                       LINE/R1        309    609 (4747)  36  
 8687    4.4  0.0  0.4  NP_61      67830  68869 (351619) + R1_DSi                                      LINE/R1       1237   2272 (3162)  37  
 1235    9.3  0.0  0.0  NP_61      68904  69065 (351423) + R1_DM                                       LINE/R1       4318   4479  (877)  38  
  960   10.1  0.0  0.8  NP_61      69071  69200 (351288) + R1_DSi                                      LINE/R1       4895   5023  (411)  39  
 1072   13.6 11.2  4.2  NP_61      69204  69426 (351062) + R1_DSi                                      LINE/R1         27    264 (5170)  40  
 5098    7.2  1.5  3.5  NP_61      69427  70161 (350327) + R1_DSe                                      LINE/R1        350   1070 (4347)  41 *
 7299    4.0  0.0  0.5  NP_61      70161  71037 (349451) + R1_DSi                                      LINE/R1       1400   2272 (3162)  42  
 4735    8.9  0.6  0.2  NP_61      71074  71703 (348785) + R1_DM                                       LINE/R1       4318   4950  (406)  43  
 1107   13.0 10.7  5.5  NP_61      71687  71930 (348558) + R1_DSi                                      LINE/R1          9    264 (5170)  44 *
 1888   11.4  4.2  0.0  NP_61      71920  72208 (348280) + R1_DM                                       LINE/R1        309    609 (4747)  45  
 8687    4.4  0.0  0.4  NP_61      72212  73251 (347237) + R1_DSi                                      LINE/R1       1237   2272 (3162)  46  
 1235    9.3  0.0  0.0  NP_61      73287  73448 (347040) + R1_DM                                       LINE/R1       4318   4479  (877)  47  
  960   10.1  0.0  0.8  NP_61      73454  73583 (346905) + R1_DSi                                      LINE/R1       4895   5023  (411)  48  
 1097   13.1 11.2  4.2  NP_61      73587  73809 (346679) + R1_DSi                                      LINE/R1         27    264 (5170)  49  
 5098    7.2  1.5  3.5  NP_61      73810  74544 (345944) + R1_DSe                                      LINE/R1        350   1070 (4347)  50 *
 7299    4.0  0.0  0.5  NP_61      74544  75420 (345068) + R1_DSi                                      LINE/R1       1400   2272 (3162)  51  
 4712    9.1  0.6  0.2  NP_61      75457  76086 (344402) + R1_DM                                       LINE/R1       4318   4950  (406)  52  
 1085   12.6 11.2  4.6  NP_61      76090  76313 (344175) + R1_DSi                                      LINE/R1         27    264 (5170)  53 *
 2002   10.4  4.0  0.0  NP_61      76303  76599 (343889) + R1_DM                                       LINE/R1        309    617 (4739)  54 *
 2436    6.5  0.0  2.5  NP_61      76579  76911 (343577) + R1_DSi                                      LINE/R1        760   1084 (4350)  53 *
 7289    4.1  0.0  0.5  NP_61      76911  77787 (342701) + R1_DSi                                      LINE/R1       1400   2272 (3162)  53  
  764   11.8  1.8  0.0  NP_61      77824  77933 (342555) + R1_DSe                                      LINE/R1       4377   4488  (929)  55 *
 4982   13.4  4.8  3.4  NP_61      77921  79171 (341317) C Gypsy-13_DSim-LTR                            LTR/Gypsy                      (7068)    829      1  56  
 4430   18.7  2.4 10.1  NP_61      79172  81223 (339265) C Gypsy-13_DSim-I                              LTR/Gypsy                      (1219)   6678   4887  56  
35975    6.9  1.1  0.4  NP_61      81285  87269 (333219) C Gypsy-13_DSim-I                              LTR/Gypsy                      (2681)   5216      1  57  
 4057    8.5  0.6  0.0  NP_61      87270  87801 (332687) + R1_DSi                                      LINE/R1       4489   5023  (411)  58  
 1082   13.4 10.7  5.5  NP_61      87785  88028 (332460) + R1_DSi                                      LINE/R1          9    264 (5170)  58 *
 1958   11.1  4.0  0.0  NP_61      88018  88314 (332174) + R1_DM                                       LINE/R1        309    617 (4739)  59  
 2485    4.0  0.0  0.0  NP_61      88319  88620 (331868) + R1_DSi                                      LINE/R1        783   1084 (4350)  60 *
 7308    3.8  0.0  0.5  NP_61      88620  89491 (330997) + R1_DSi                                      LINE/R1       1400   2267 (3167)  60  
 4265    9.2  5.8  0.2  NP_61      89535  90133 (330355) + R1_DSi                                      LINE/R1       4391   5023  (411)  61  
 1098   12.6 11.2  4.6  NP_61      90137  90360 (330128) + R1_DSi                                      LINE/R1         27    264 (5170)  62 *
13172    6.5  2.7  1.0  NP_61      90350  92189 (328299) + R1_DSi                                      LINE/R1        309   2267 (3167)  58  
 4738    9.9  0.5  0.0  NP_61      92233  92869 (327619) + R1_DSi                                      LINE/R1       4391   5030  (404)  63  
 1088   13.8 10.2  5.1  NP_61      92846  93089 (327399) + R1_DSi                                      LINE/R1          9    264 (5170)  63 *
 1901   11.4  4.1  0.0  NP_61      93079  93368 (327120) + R1_DM                                       LINE/R1        309    610 (4746)  64  
11371    3.9  0.4  0.3  NP_61      93378  94726 (325762) + R1_DSi                                      LINE/R1        917   2267 (3167)  65  
 4738    9.9  0.5  0.0  NP_61      94769  95405 (325083) + R1_DSi                                      LINE/R1       4391   5030  (404)  66  
 1088   13.8 10.2  5.1  NP_61      95382  95625 (324863) + R1_DSi                                      LINE/R1          9    264 (5170)  66 *
 1901   11.4  4.1  0.0  NP_61      95615  95904 (324584) + R1_DM                                       LINE/R1        309    610 (4746)  67  
11321    4.0  0.4  0.3  NP_61      95914  97262 (323226) + R1_DSi                                      LINE/R1        917   2267 (3167)  68  
 4308    9.0  5.8  0.0  NP_61      97306  97903 (322585) + R1_DSi                                      LINE/R1       4391   5023  (411)  69 *
 6974    8.8  9.4  6.6  NP_61      97887  99229 (321259) + R1_DSi                                      LINE/R1          9   1391 (4043)  69  
 5726    3.3  0.0  0.6  NP_61      99230  99908 (320580) + R1_DSi                                      LINE/R1       1598   2272 (3162)  69  
 4437    9.0  0.7  0.0  NP_61      99944 100532 (319956) + R1_DM                                       LINE/R1       4318   4910  (446)  70  
  229   17.3  9.1  7.9  NP_61     100591 100657 (319831) C Gypsy-1_DVir-LTR                             LTR/Gypsy                        (32)    392    325  71  
47120    1.9  0.6  0.5  NP_61     100658 106347 (314141) C BLOOD_I                                      LTR/Gypsy                         (0)   6613      1  72  
 5459    1.9  6.7  1.4  NP_61     106348 107520 (312968) C BLOOD_I                                      LTR/Gypsy                      (5376)   1237      1  72  
  229   17.3  9.1  7.9  NP_61     107584 107671 (312817) C BLOOD_LTR                                    LTR/Gypsy                        (32)    392    304  72 *
 1986    4.0  2.3  4.7  NP_61     107651 107914 (312574) C BLOOD_LTR                                    LTR/Gypsy                       (141)    258      1  73  
  379   13.8  0.0  1.7  NP_61     107915 107964 (312524) + R1_DSe                                      LINE/R1       4960   5008  (409)  74 *
 1055   13.9 10.7  5.5  NP_61     107948 108191 (312297) + R1_DSi                                      LINE/R1          9    264 (5170)  75 *
 1969   10.9  4.1  0.0  NP_61     108181 108474 (312014) + R1_DM                                       LINE/R1        309    614 (4742)  76  
 6477    3.3  0.0  0.5  NP_61     108475 109235 (311253) + R1_DSi                                      LINE/R1       1516   2272 (3162)  77  
 4758    8.7  0.6  0.2  NP_61     109269 109898 (310590) + R1_DM                                       LINE/R1       4318   4950  (406)  78  
 1055   13.9 10.7  5.5  NP_61     109882 110125 (310363) + R1_DSi                                      LINE/R1          9    264 (5170)  79 *
 3168   11.8  1.5  5.6  NP_61     110124 110952 (309536) + R1_DSe                                      LINE/R1        387   1184 (4329)  80 *
 5082    4.7  0.0  0.7  NP_61     110952 111573 (308915) + R1_DSi                                      LINE/R1       1400   2017 (3417)  81  
 8143    4.2  0.9  0.0  NP_61     111583 112546 (307942) + R1_DSi                                      LINE/R1       4457   5429    (5)  81  
 1664    4.1  0.2  0.6  NP_61     112532 112780 (307708) C Gypsy-13_DSim-LTR                            LTR/Gypsy                       (457)    314      1  82 *
 1274    8.8  0.5  2.1  NP_61     112751 112946 (307542) C Gypsy-13_DSim-I                              LTR/Gypsy                         (1)   5443   5251  82 *
 2575    3.8  0.0  2.2  NP_61     112962 113284 (307204) C NINJA_LTR                                    LTR/Pao                           (1)    316      1  83  
 9797    1.9  0.1  0.2  NP_61     113285 114411 (306077) C NINJA_I                                      LTR/Pao                           (0)   6011   4886  83  
 7302    6.0  3.2  1.2  NP_61     114396 115547 (304941) C NINJA_I                                      LTR/Pao                        (3064)   2947   1690  83 *
 2604    3.2  0.3  2.2  NP_61     115549 115871 (304617) C NINJA_LTR                                    LTR/Pao                           (0)    317      1  84  
 5577   16.0  7.6  5.6  NP_61     115872 118262 (302226) C Gypsy8_I                                     LTR/Gypsy                      (1748)   6149   2451  85  
  308   22.0  7.9  0.9  NP_61     118264 118335 (302153) C ZAM_LTR                                      LTR/Gypsy                         (0)    472    394  86  
45925    6.4  1.4  0.3  NP_61     118336 118744 (301744) C ZAM_I                                        LTR/Gypsy                         (0)   7490   6997  86  
  281   29.5  0.9  0.9  NP_61     118745 118857 (301631) + noCat_dsim_final-B-P113.23-Map3_novel_repeat DNA/RC                     708    820   (43)  87  
45925    6.4  1.4  0.3  NP_61     118858 124640 (295848) C ZAM_I                                        LTR/Gypsy                         (0)   6996      1  86  
 2294   11.5  9.7  1.1  NP_61     124641 125065 (295423) C ZAM_I                                        LTR/Gypsy                      (6080)   1410    949  86  
  708   21.8  4.7  5.8  NP_61     125066 125255 (295233) C NOMAD_LTR                                    LTR/Gypsy                         (0)    518    331  88  
  444   23.4 16.8  0.8  NP_61     125430 125668 (294820) C Gypsy-3_DSe-LTR                              LTR/Gypsy                         (2)    377     96  89  
  239    6.2  0.0  0.0  NP_61     125703 125734 (294754) C NOMAD_LTR                                    LTR/Gypsy                       (486)     32      1  90  
10459   13.5  1.8  2.3  NP_61     125735 128516 (291972) C NOMAD_I                                      LTR/Gypsy                        (11)   7528   4567  90 *
17924    4.0  0.2  0.0  NP_61     128515 130575 (289913) C NOMAD_I                                      LTR/Gypsy                      (2250)   4322   2258  90  
17806    5.9  0.3  3.2  NP_61     131627 133956 (286532) C NOMAD_I                                      LTR/Gypsy                      (4313)   2259      1  90  
  767   17.6  6.5  7.2  NP_61     133938 134140 (286348) C NOMAD_LTR                                    LTR/Gypsy                         (0)    518    188  91 *
  447   25.4 14.7  0.9  NP_61     134315 134553 (285935) C Gypsy-3_DSe-LTR                              LTR/Gypsy                         (2)    377    100  92  
  275   11.6  4.7  0.0  NP_61     134583 134625 (285863) C NOMAD_LTR                                    LTR/Gypsy                       (373)    145    101  91 *
 1699    8.1  0.0  0.0  NP_61     134615 134836 (285652) C ZAM_I                                        LTR/Gypsy                      (6845)    645    424  93  
 3166    4.0  0.5  0.0  NP_61     134884 135260 (285228) C STALKER4_LTR                                 LTR/Gypsy                        (23)    379      1  94  
 4799    2.7  0.9  0.2  NP_61     135261 135881 (284607) C STALKER4_I                                   LTR/Gypsy                         (0)   6530   5905  94  
20914    0.1  0.0  0.0  NP_61     135882 138121 (282367) C Helena_Ds                                   LINE/Jockey    (0)   4912   2673  95  
24568    1.2  0.4  0.0  NP_61     138129 140901 (279587) C STALKER4_I                                   LTR/Gypsy                       (569)   5961   3179  94  
 2414   13.8  1.0  2.5  NP_61     141059 141466 (279022) C GTWIN_LTR                                    LTR/Gypsy                        (93)    402      1  96  
12092    7.0  0.1  0.0  NP_61     141490 142987 (277501) C GTWIN_I                                      LTR/Gypsy                         (1)   6420   4921  96  
16304   14.9  0.5  0.3  NP_61     143049 147166 (273322) C GTWIN_I                                      LTR/Gypsy                      (1486)   5021    700  96  
  795   15.8 24.0  1.0  NP_61     147204 147453 (273035) C GTWIN_I                                      LTR/Gypsy                      (6200)    307      1  96  
 1496   19.0  8.2  2.1  NP_61     147544 147908 (272580) C Gypsy_LTR                                    LTR/Gypsy                        (95)    387      1  97  
 2931    7.2  0.0  1.5  NP_61     147909 148305 (272183) C DM412_I                                        LTR/Gypsy                      (3802)   2675   2285  98  
 2415   13.8  1.0  2.5  NP_61     148463 148870 (271618) C GTWIN_LTR                                    LTR/Gypsy                        (93)    402      1  99  
18178    3.2  2.1  0.7  NP_61     148871 151133 (269355) C STALKER4_I                                   LTR/Gypsy                      (3348)   3182    888 100  
 9010   27.3  1.6  1.4  NP_61     151521 156699 (263789) C Gypsy-53_DEl-I                               LTR/Gypsy                      (1386)   5159      1 101  
 1762   32.7  0.8  0.9  NP_61     156908 157716 (262772) C HMSBEAGLE_I                                  LTR/Gypsy                      (4416)   2113    892 102  
  391   17.9  3.1 12.3  NP_61     158293 158451 (262037) C Gypsy-10_DMoj-LTR                            LTR/Gypsy                      (2335)    691    546 103  
  325   28.9  6.2  0.7  NP_61     158604 158732 (261756) C HMSBEAGLE_I                                  LTR/Gypsy                      (4492)    331    196 102  
  235   13.8  0.0 11.4  NP_61     158838 158886 (261602) C Gypsy-10_DMoj-LTR                            LTR/Gypsy                      (2875)    151    108 104  
35432    3.3  0.6  0.4  NP_61     159266 163557 (256931) C Gypsy-12_DSim-I                              LTR/Gypsy                       (483)   4300      2 105  
 2108    6.8  6.4  1.4  NP_61     163535 163899 (256589) C Gypsy-12_DSim-LTR                            LTR/Gypsy                         (0)    594      1 106 *
  299   18.1  3.6 10.6  NP_61     163900 163988 (256500) C IDEFIX_LTR                                   LTR/Gypsy                       (402)    192    111 107 *
  702   12.7 10.6  6.4  NP_61     163982 164132 (256356) C IDEFIX_LTR                                   LTR/Gypsy                       (429)    165      9 108 *
 2306   16.6  5.1  5.7  NP_61     164129 164890 (255598) C Gypsy-31_DYa-I                               LTR/Gypsy                      (6684)    884    422 109  
 2253   10.2  2.8  4.1  NP_61     164953 165350 (255138) C Gypsy-31_DYa-I                               LTR/Gypsy                      (7175)    393      1 109  
 2647   11.0  2.7  1.0  NP_61     165476 165880 (254608) C Gypsy-31_DYa-I                               LTR/Gypsy                         (2)   7566   7155 110  
 1940    9.0  0.6  0.5  NP_61     165880 166194 (254294) C Gypsy-13_DSim-LTR                            LTR/Gypsy                       (395)    376      1 111 *
 1184   14.5  2.0  8.5  NP_61     166165 166462 (254026) C Gypsy8_I                                     LTR/Gypsy                         (1)   5443   5238 111 *
  255   28.4  4.9  1.0  NP_61     166625 166809 (253679) C Gypsy-15_DRh-I                               LTR/Gypsy                       (723)   5325   5134 112  
 5778    9.1  1.3  4.0  NP_61     166828 167744 (252744) C Gypsy8_I                                     LTR/Gypsy                      (1004)   3343   2451 111  
  347   21.1  0.5  1.1  NP_61     168103 168213 (252275) C Gypsy8_I                                     LTR/Gypsy                         (0)   7162   7099 111  
  243   28.6  5.3  5.3  NP_61     168438 168644 (251844) C Gypsy8_I                                     LTR/Gypsy                       (329)   7161   6955 111  
  323   28.7  6.8  4.7  NP_61     168983 169424 (251064) C Gypsy8_I                                     LTR/Gypsy                       (873)   6819   6369 111  
  933   29.2  4.2  3.6  NP_61     169587 170247 (250241) C Gypsy-5_DSim-I                               LTR/Gypsy                       (333)   6148   5605 113  
  288   25.5  3.7  0.0  NP_61     170233 170347 (250141) + TIRANT_I                                     LTR/Gypsy                        5481   5559 (2133) 114 *
  514   28.1  1.9  0.9  NP_61     170332 170543 (249945) C Gypsy-5_DSim-I                               LTR/Gypsy                      (2166)   4343   4130 113  
 1453   24.8  1.8  4.2  NP_61     170558 171046 (249442) C Gypsy-5_DSim-I                               LTR/Gypsy                      (3405)   3757   3280 113  
  318   29.4  8.9  5.7  NP_61     171294 171860 (248628) C Gypsy-5_DSim-I                               LTR/Gypsy                      (3799)   3413   3202 115  
  369   34.0  3.1  2.8  NP_61     172149 172505 (247983) C Gypsy-5_DSim-I                               LTR/Gypsy                      (5455)   1054    697 115  
  285   30.1  0.0  0.0  NP_61     172519 172621 (247867) C Gypsy-5_DSim-I                               LTR/Gypsy                      (5913)    596    494 115  
 2677    2.5  0.6  0.9  NP_61     173939 174256 (246232) + NINJA_LTR                                    LTR/Pao                             1    317    (0) 116  
 4248    6.2  3.1  7.6  NP_61     174257 174954 (245534) + NINJA_I                                      LTR/Pao                             1    669 (5342) 116  
  265    8.6  0.0  0.0  NP_61     174944 174978 (245510) C Gypsy-5_DSim-I                               LTR/Gypsy                      (7127)     35      1 115 *
 3264    1.4  0.3  1.1  NP_61     174979 175350 (245138) C Gypsy-5_DSim-LTR                             LTR/Gypsy                         (0)    369      1 115  
  338   24.6  1.8  4.6  NP_61     175294 175344 (245144) + noCat_dsim_final-B-P113.23-Map3_novel_repeat DNA/RC                     702    749  (114) 117 *
51791    5.9  1.4  0.5  NP_61     175345 182917 (237571) C Gypsy-5_DSim-I                               LTR/Gypsy                         (0)   6509      1 115  
 3258    1.4  0.3  1.4  NP_61     182918 183290 (237198) C Gypsy-5_DSim-LTR                             LTR/Gypsy                         (0)    369      1 115  
33035    5.2  1.5  0.1  NP_61     183294 188537 (231951) + NINJA_I                                      LTR/Pao                           666   5547    (0) 118  
 2693    2.2  0.6  0.9  NP_61     188538 188855 (231633) + NINJA_LTR                                    LTR/Pao                             1    317    (0) 118  
  610   10.3  0.0  1.1  NP_61     188990 189077 (231411) + R1_DSi                                      LINE/R1       2192   2278 (3156) 119  
 2373    9.3  0.0  0.6  NP_61     189086 189408 (231080) + R1_DM                                       LINE/R1       4476   4796  (560) 120  
15403    6.3  3.5  0.7  NP_61     189431 191465 (229023) + R1_DSi                                      LINE/R1        366   2457 (2977) 121  
 1103   18.9  9.2  2.9  NP_61     191601 191895 (228593) C TIRANT_LTR                                   LTR/Gypsy                       (104)    313      1 122 *
37195   18.2  0.6  0.1  NP_61     191887 198192 (222296) C TIRANT_I                                     LTR/Gypsy                         (0)   7692   1369 123  
 2652   26.3  2.4 11.7  NP_61     198311 199385 (221103) C TIRANT_I                                     LTR/Gypsy                      (6356)   1336    351 123  
  625   18.8  3.9  0.6  NP_61     199409 199563 (220925) C TIRANT_I                                     LTR/Gypsy                      (7532)    160      1 123  
 1103   18.9  9.2  2.9  NP_61     199690 199984 (220504) C TIRANT_LTR                                   LTR/Gypsy                       (104)    313      1 124  
19825    3.7  0.7  0.2  NP_61     199985 202354 (218134) + R1_DSi                                      LINE/R1       2489   4869  (565) 125  
 1988   10.0  0.0  0.0  NP_61     202377 202655 (217833) + R1_DM                                       LINE/R1        335    613 (4743) 126 *
32206    3.3  0.7  0.1  NP_61     202655 206424 (214064) + R1_DSi                                      LINE/R1       1076   4869  (565) 127  
 1991    9.7  0.0  0.0  NP_61     206447 206725 (213763) + R1_DM                                       LINE/R1        335    613 (4743) 128 *
32595    3.3  0.3  0.0  NP_61     206725 210509 (209979) + R1_DSi                                      LINE/R1       1076   4869  (565) 129  
36322    4.2  1.9  0.4  NP_61     210532 214972 (205516) + R1_DSi                                      LINE/R1        366   4869  (565) 130  
36615    4.1  1.6  0.3  NP_61     214995 219440 (201048) + R1_DSi                                      LINE/R1        366   4869  (565) 130  
 2133   10.8  0.3  1.8  NP_61     219463 219810 (200678) + R1_DSe                                      LINE/R1        364    706 (4711) 131 *
32189    3.3  1.1  0.2  NP_61     219804 223595 (196893) + R1_DSi                                      LINE/R1       1047   4869  (565) 132  
19081    4.6  1.5  0.9  NP_61     223618 225984 (194504) + R1_DSi                                      LINE/R1        366   2746 (2688) 133  
57961    0.6  0.6  0.1  NP_61     225985 226359 (194129) C Gypsy5_I                                     LTR/Gypsy                         (0)   6509   6149 134  
  321   23.8  8.4  1.8  NP_61     226360 226466 (194022) + noCat_dsim_final-B-P113.23-Map3_novel_repeat DNA/RC                     696    809   (54) 135  
57961    0.6  0.6  0.1  NP_61     226467 232839 (187649) C Gypsy5_I                                     LTR/Gypsy                         (0)   6148      1 134  
 2172   21.6 18.3  2.3  NP_61     233015 233841 (186647) C Gypsy-5_DSim-I                               LTR/Gypsy                      (6181)    981     25 136  
 3875    0.7  0.0  0.2  NP_61     233842 234272 (186216) C Gypsy5_LTR                                   LTR/Gypsy                         (0)    430      1 136  
20106    3.1  0.8  0.1  NP_61     234273 236617 (183871) + R1_DSi                                      LINE/R1       2743   5103  (331) 137  
 1611    4.2  0.5  0.0  NP_61     236616 236807 (183681) + R1_DM                                       LINE/R1       5157   5349    (7) 138 *
  832   14.0  0.0  0.7  NP_61     236811 236947 (183541) C Gypsy8_LTR                                   LTR/Gypsy                       (168)    136      1 139  
 2764   18.3  3.3  7.0  NP_61     236948 238406 (182082) C Gypsy8_I                                     LTR/Gypsy                       (242)   5202   3407 139  
 3644    2.6  0.0  0.0  NP_61     238411 238827 (181661) C TIRANT_LTR                                   LTR/Gypsy                         (0)    417      1 140 *
64910    1.3  1.2  0.3  NP_61     238819 246346 (174142) C TIRANT_I                                     LTR/Gypsy                         (0)   7692      1 141  
 3323    2.8  4.8  0.0  NP_61     246347 246744 (173744) C TIRANT_LTR                                   LTR/Gypsy                         (0)    417      1 141  
 1017   12.5  0.0  4.0  NP_61     246938 247120 (173368) C Gypsy8_I                                     LTR/Gypsy                      (1004)   3343   3168 139 *
 3664    9.7  2.4  2.4  NP_61     247118 247700 (172788) C Gypsy8_I                                     LTR/Gypsy                      (1314)   3033   2451 139  
  278   24.0  7.9  0.9  NP_61     247702 247773 (172715) C ZAM_LTR                                      LTR/Gypsy                         (0)    472    394 142  
 2161   15.1  9.6  1.3  NP_61     247774 248209 (172279) C ZAM_LTR                                      LTR/Gypsy                         (0)    472      1 142  
37121    5.0  0.7  0.5  NP_61     248211 253744 (166744) C Gypsy-13_DSim-I                              LTR/Gypsy                      (1051)   4393      1 143  
 2226   10.1  6.1  1.5  NP_61     253756 254149 (166339) C Gypsy-10_DSim-I                              LTR/Gypsy                       (128)   5500   5089 144  
 5575    0.2  0.0  0.0  NP_61     254151 254747 (165741) C Gypsy-10_DSim-I                              LTR/Gypsy                       (855)   4333   3737 144  
  378   11.1  0.0  1.6  NP_61     254749 254806 (165682) C IDEFIX_I                                     LTR/Gypsy                       (538)   5090   5034 145  
 2393   10.6  4.5  2.1  NP_61     254807 255182 (165306) C DIVER2_LTR                                   LTR/Pao                           (0)    385      1 146  
 4091   14.2  0.8  0.6  NP_61     255183 255843 (164645) C IDEFIX_I                                     LTR/Gypsy                       (591)   5037   4376 145  
 1844    1.9  0.0  0.5  NP_61     255844 256053 (164435) C Gypsy-7_DSe-LTR                              LTR/Gypsy                         (0)    258     50 147  
 1713    4.8  0.5  0.0  NP_61     256054 256259 (164229) C Chimpo_LTR                                   LTR/Gypsy                         (0)    207      1 148  
36624    0.9  0.7  0.0  NP_61     256260 260289 (160199) C Chimpo_I                                     LTR/Gypsy                         (0)   4059      1 148  
 1713    4.8  0.5  0.0  NP_61     260290 260495 (159993) C Chimpo_LTR                                   LTR/Gypsy                         (0)    207      1 148  
  482    1.9  0.0  0.0  NP_61     260496 260548 (159940) C Gypsy-7_DSe-LTR                              LTR/Gypsy                       (205)     53      1 147  
 2053   14.8  0.0  0.3  NP_61     260549 260884 (159604) C IDEFIX_I                                     LTR/Gypsy                      (1249)   4379   4045 145 *
 2057   13.3  6.3  4.0  NP_61     260858 261271 (159217) C MDG1_LTR                                     LTR/Gypsy                        (19)    423      1 149  
  538    9.2  5.4  2.1  NP_61     261254 261450 (159038) C Gypsy-7_DSim-I                               LTR/Gypsy                         (0)   6596   6213 150 *
 6735    6.0  5.9  0.6  NP_61     261428 262355 (158133) + MDG1_I                                       LTR/Gypsy                        1164   2140 (4456) 151  
 2446    9.1  6.0  0.3  NP_61     262356 262719 (157769) C DIVER2_LTR                                   LTR/Pao                           (0)    385      1 152  
26316    4.3  3.7  1.0  NP_61     262720 266093 (154395) + MDG1_I                                       LTR/Gypsy                        2136   5598  (998) 151  
 1112    8.3  0.1  0.0  NP_61     266076 266238 (154250) C Gypsy-7_DSim-I                               LTR/Gypsy                       (859)   5737   5593 150 *
22371    4.3  1.5  1.0  NP_61     266237 269034 (151454) C Gypsy-7_DSim-I                               LTR/Gypsy                      (1651)   4945   2136 150  
 2419    9.4  6.0  0.3  NP_61     269035 269398 (151090) + DIVER2_LTR                                   LTR/Pao                             1    385    (0) 153  
 6451    6.0  4.4  1.0  NP_61     269399 270282 (150206) C Gypsy-7_DSim-I                               LTR/Gypsy                      (4456)   2140   1227 150  
  471   13.3  7.8  0.0  NP_61     270470 270597 (149891) C Gypsy-7_DSim-I                               LTR/Gypsy                      (5354)   1242   1105 150  
 2983   10.3  7.5  3.2  NP_61     270713 271244 (149244) C Gypsy-7_DSim-I                               LTR/Gypsy                      (5669)    927    374 150  
  358    9.6  1.9  0.0  NP_61     271245 271296 (149192) C Gypsy-7_DSim-I                               LTR/Gypsy                      (6471)    125     73 150  
10173    4.3  2.5  1.6  NP_61     271356 272623 (147865) C Helena_Ds                                   LINE/Jockey   (14)   4898   3619 154  
 1626    3.2  0.0  0.0  NP_61     272623 272811 (147677) + ROOA_LTR                                     LTR/Pao                           198    386    (0) 155 *
 1424    1.6  2.6  3.1  NP_61     272825 273019 (147469) + Gypsy-4_DSim-I                               LTR/Gypsy                        6171   6364    (0) 156  
 2905    2.7  0.0  0.3  NP_61     273020 273359 (147129) + Gypsy-4_DSim-LTR                             LTR/Gypsy                           1    339    (0) 156  
39341    2.4  0.1  0.3  NP_61     273360 279800 (140688) + Gypsy-4_DSim-I                               LTR/Gypsy                           1   6364    (0) 156  
 2905    2.7  0.0  0.3  NP_61     279801 280140 (140348) + Gypsy-4_DSim-LTR                             LTR/Gypsy                           1    339    (0) 156  
  675    4.0  0.9  5.0  NP_61     280141 280245 (140243) + Gypsy-4_DSim-I                               LTR/Gypsy                           1    101 (6263) 156  
 2237    7.3  1.0  0.0  NP_61     280248 280561 (139927) C Gypsy-2_DSim-LTR                             LTR/Gypsy                       (771)    392      1 157  
  309    2.8  0.0  0.0  NP_61     280566 280601 (139887) C Gypsy-7_DSim-I                               LTR/Gypsy                      (6790)     36      1 150  
13966   17.1  1.9  0.9  NP_61     280602 283302 (137186) C Gypsy-7_DSim-I                               LTR/Gypsy                       (254)   7154   4402 150  
 8079    2.3  0.1  0.3  NP_61     283302 284216 (136272) C Gypsy-7_DSim-I                               LTR/Gypsy                      (3031)   3795   2914 150 *
23753    7.4  0.6  1.0  NP_61     284188 288474 (132014) C Gypsy-7_DSim-I                               LTR/Gypsy                       (254)   7154      1 150  
 1692    0.5  0.0  3.6  NP_61     288490 288688 (131800) + DIVER_I                                      LTR/Pao                             1    192 (5451) 158 *
 9359    4.1  1.4  0.0  NP_61     288662 289767 (130721) + DIVER_I                                      LTR/Pao                           124   1245 (4398) 158  
 2643    5.2  0.7 10.3  NP_61     289800 290203 (130285) C Gypsy-7_DSim-LTR                             LTR/Gypsy                         (0)    369      1 159  
  296   24.6  1.8  7.4  NP_61     290147 290197 (130291) + noCat_dsim_final-B-P113.23-Map3_novel_repeat DNA/RC                     702    746  (117) 160 *
13243   22.2  0.3  0.3  NP_61     290198 293003 (127485) C Gypsy-7_DSim-I                               LTR/Gypsy                         (0)   6509   3715 159  
 5772    1.7  0.8  0.0  NP_61     293008 293658 (126830) + FW_DM                                       LINE/Jockey    503   1158 (3534) 161  
 1689   17.8  7.5  0.0  NP_61     293654 293974 (126514) C Gypsy3_I                                     LTR/Gypsy                      (1151)   5026   4682 162 *
19678    2.6  2.2  1.3  NP_61     293971 297564 (122924) C Gypsy-7_DSim-I                               LTR/Gypsy                       (842)   4346      1 159  
 3338   13.2  5.6  1.6  NP_61     297565 298173 (122315) C DM412_I                                        LTR/Gypsy                      (5844)    633      1 163  
 1350   16.9  5.1  1.3  NP_61     298208 298501 (121987) C DM412_LTR                                   LTR/Gypsy                       (106)    465    161 164  
  446    9.4  1.3  6.0  NP_61     298533 298690 (121798) + MDG1_I                                       LTR/Gypsy                        6399   6549   (47) 165  
 1308   11.3  0.4 11.2  NP_61     298701 298948 (121540) + DIVER_LTR                                    LTR/Pao                             1    224    (0) 166  
 2531    2.7  0.7  2.3  NP_61     298970 299276 (121212) + DIVER_I                                      LTR/Pao                             1    302 (5341) 166 *
59039    3.5  0.7  0.4  NP_61     299272 306450 (114038) C Gypsy-11_DSim-I                              LTR/Gypsy                       (258)   7150      1 167  
 7906    4.3  1.5  0.0  NP_61     306451 307388 (113100) + DIVER_I                                      LTR/Pao                           294   1245 (4398) 168  
 2643    5.2  0.7 10.3  NP_61     307421 307824 (112664) C Gypsy-5_DSim-LTR                             LTR/Gypsy                         (0)    369      1 169  
  296   24.6  1.8  7.4  NP_61     307768 307818 (112670) + noCat_dsim_final-B-P113.23-Map3_novel_repeat DNA/RC                     702    746  (117) 170 *
 5372    1.7  0.1  0.1  NP_61     307819 308421 (112067) C Gypsy-5_DSim-I                               LTR/Gypsy                         (1)   7161   6413 169  
 2320    0.4  0.4  0.0  NP_61     308425 308676 (111812) C Gypsy-2_DSe-LTR                              LTR/Gypsy                         (0)    253      1 171  
59312    0.3  0.0  0.1  NP_61     308677 315090 (105398) C Gypsy-2_DSe-I                                LTR/Gypsy                         (0)   6411      1 171  
 2320    0.4  0.4  0.0  NP_61     315091 315342 (105146) C Gypsy-2_DSe-LTR                              LTR/Gypsy                         (0)    253      1 171  
  225    0.0  0.0  0.0  NP_61     315343 315366 (105122) C Gypsy-2_DSe-I                                LTR/Gypsy                         (0)   6411   6388 171  
10119   21.6  0.1  0.2  NP_61     315367 317481 (103007) C Gypsy-2_DSe-I                                LTR/Gypsy                       (591)   5918   3807 171  
 3112    3.7  4.0  0.0  NP_61     317474 317847 (102641) + DIVER_I                                      LTR/Pao                           857   1245 (4398) 172 *
 2643    5.2  0.7 10.3  NP_61     317880 318283 (102205) C Gypsy-5_DSim-LTR                             LTR/Gypsy                         (0)    369      1 173  
  290   24.7  1.7  8.3  NP_61     318227 318277 (102211) + noCat_dsim_final-B-P113.23-Map3_novel_repeat DNA/RC                     702    745  (118) 174 *
13115   22.3  0.6  0.3  NP_61     318278 321076  (99412) C Gypsy5_I                                     LTR/Gypsy                         (0)   6509   3715 173  
13887    2.2  3.2  0.2  NP_61     321081 322709  (97779) + FW_DM                                       LINE/Jockey    503   2179 (2513) 175  
 6156    3.2  0.0  0.4  NP_61     322700 323421  (97067) C Gypsy-5_DSim-I                               LTR/Gypsy                      (2903)   4259   3541 176 *
 3226    4.0  0.0  1.3  NP_61     323415 323815  (96673) C Gypsy-5_DSim-I                               LTR/Gypsy                      (3797)   3365   2970 176 *
 4902    3.4  0.0  1.4  NP_61     323812 324405  (96083) C Gypsy-5_DSim-I                               LTR/Gypsy                      (4948)   2214   1629 176  
12149    7.1  1.5  5.5  NP_61     324475 326387  (94101) C Gypsy-5_DSim-I                               LTR/Gypsy                      (5550)   1612      1 176  
  353   24.3  1.0  3.0  NP_61     326388 326452  (94036) + NOMAD_LTR                                    LTR/Gypsy                         141    203  (315) 177  
 1301    9.0  0.4  7.3  NP_61     326539 326808  (93680) C Gypsy-3_DSe-LTR                              LTR/Gypsy                         (0)    379      1 178  
60164    4.2  0.7  1.1  NP_61     326809 334157  (86331) C Gypsy-3_DSe-I                                LTR/Gypsy                         (0)   7373      1 178  
  353   24.3  1.0  3.0  NP_61     334158 334222  (86266) + NOMAD_LTR                                    LTR/Gypsy                         141    203  (315) 179  
 1298    8.9  0.0  6.8  NP_61     334309 334578  (85910) C Gypsy-3_DSe-LTR                              LTR/Gypsy                         (0)    379      1 180  
  456    3.4  0.0  0.0  NP_61     334614 334672  (85816) C Gypsy-5_DSim-LTR                             LTR/Gypsy                       (310)     59      1 181  
 3924   10.3  1.3  0.3  NP_61     334676 335569  (84919) + R1_DSi                                      LINE/R1       2491   3457 (1987) 182  
 7683    3.7  0.4  0.0  NP_61     335572 336471  (84017) + R1_DSi                                      LINE/R1       4526   5429    (5) 182  
11156    7.2  0.6  0.3  NP_61     336479 337904  (82584) + R1_DSi                                      LINE/R1        692   2122 (3312) 183  
  246    0.0  6.5  0.0  NP_61     337905 337935  (82553) + DM412_LTR                                   LTR/Gypsy                           1     33  (538) 184  
  240    9.3  4.5  2.2  NP_61     337936 337979  (82509) + DM412_LTR                                   LTR/Gypsy                         117    161  (410) 184 *
 1911   11.2  7.8  1.1  NP_61     337978 338310  (82178) + DM412_LTR                                   LTR/Gypsy                         128    482   (89) 184  
  593   14.1  4.7  4.7  NP_61     338311 338437  (82051) + DM412_I                                        LTR/Gypsy                           1    127 (6350) 185 *
 4134    5.3  3.6  1.5  NP_61     338430 338978  (81510) + DM412_I                                        LTR/Gypsy                          27    577 (5900) 186 *
48244    1.5  0.9  0.4  NP_61     338963 344562  (75926) + DM412_I                                        LTR/Gypsy                         510   6139  (338) 186  
 2106    4.3  1.3  0.0  NP_61     344559 344847  (75641) + DM412_LTR                                   LTR/Gypsy                         139    482   (89) 187 *
  487   13.9  2.4  0.7  NP_61     344847 344944  (75544) C R1_DSi                                      LINE/R1     (5401)    112     11 188 *
 4759    9.4  0.5  0.0  NP_61     344930 345559  (74929) C R1_DSi                                      LINE/R1      (411)   5023   4391 188  
  621    2.7  2.7  0.0  NP_61     345595 345669  (74819) C R1_DSi                                      LINE/R1     (3162)   2272   2196 189  
 1920   10.6  0.0  0.0  NP_61     345671 345944  (74544) + R1_DM                                       LINE/R1        341    614 (4742) 190  
 6141    4.5  0.0  0.5  NP_61     345955 346696  (73792) + R1_DSi                                      LINE/R1       1535   2272 (3162) 191  
 4656   10.5  0.5  0.0  NP_61     346731 347360  (73128) + R1_DSi                                      LINE/R1       4391   5023  (411) 192  
 1107   13.9 10.7  5.1  NP_61     347344 347586  (72902) + R1_DSi                                      LINE/R1          9    264 (5170) 192 *
 4766    8.1  4.6  0.6  NP_61     347587 348280  (72208) + R1_DSe                                      LINE/R1        350   1071 (4346) 193  
  921    7.3  0.4  0.3  NP_61     348260 348427  (72061) C Gypsy-13_DSim-LTR                            LTR/Gypsy                        (38)    228      1 194 *
 2685   17.7  4.0  6.2  NP_61     348428 349574  (70914) C Gypsy8_I                                     LTR/Gypsy                       (244)   5200   3407 194  
 5757   13.5  2.1  6.3  NP_61     349588 350909  (69579) C Gypsy8_I                                     LTR/Gypsy                      (1019)   3328   2457 195  
  255   25.7  2.8  1.9  NP_61     350910 350987  (69501) C ZAM_LTR                                      LTR/Gypsy                         (0)    472    394 196  
36162    6.5  0.5  0.5  NP_61     350988 355993  (64495) C ZAM_I                                        LTR/Gypsy                         (1)   7489      1 196  
11182    7.2  1.8  1.2  NP_61     355994 357865  (62623) C R1_DSi                                      LINE/R1     (3214)   2220      9 197  
 4729    9.2  0.6  0.3  NP_61     357849 358479  (62009) C R1_DM                                       LINE/R1      (406)   4950   4318 198 *
11499    7.8  1.6  1.2  NP_61     358509 360435  (60053) C R1_DSi                                      LINE/R1     (3162)   2272      9 199  
 4750    8.9  0.6  0.3  NP_61     360419 361049  (59439) C R1_DSi                                      LINE/R1      (406)   4950   4318 200 *
11489    7.9  1.6  1.2  NP_61     361080 363006  (57482) C R1_DSi                                      LINE/R1     (3162)   2272      9 200  
 4750    8.9  0.6  0.3  NP_61     362990 363620  (56868) C R1_DSi                                      LINE/R1      (406)   4950   4318 201 *
11411    8.1  1.5  1.2  NP_61     363652 365580  (54908) C R1_DSi                                      LINE/R1     (3162)   2272      9 201  
 4686    9.2  0.6  0.2  NP_61     365564 366193  (54295) C R1_DM                                       LINE/R1      (406)   4950   4318 202 *
10997    4.5  2.0  0.6  NP_61     366228 367582  (52906) C R1_DSi                                      LINE/R1     (3162)   2272    899 203  
 3221    8.2  0.7  0.0  NP_61     367581 367993  (52495) C R1_DM                                       LINE/R1      (623)   4733   4318 204 *
11211    4.2  1.7  0.3  NP_61     368026 369380  (51108) C R1_DSi                                      LINE/R1     (3162)   2272    899 205  
 3189    8.5  0.7  0.0  NP_61     369379 369791  (50697) C R1_DM                                       LINE/R1      (623)   4733   4318 206 *
 5796    3.2  0.0  0.6  NP_61     369828 370509  (49979) C R1_DSi                                      LINE/R1     (3162)   2272   1595 207 *
 8155   10.1  1.6  1.4  NP_61     370507 371835  (48653) C R1_DSi                                      LINE/R1     (4001)   1433      9 207  
 4656   10.5  0.5  0.0  NP_61     371819 372448  (48040) C R1_DSi                                      LINE/R1      (411)   5023   4391 207 *
  561    6.7  2.7  0.0  NP_61     372488 372562  (47926) C R1_DSi                                      LINE/R1     (3162)   2272   2196 208  
 1920   10.6  0.0  0.0  NP_61     372564 372837  (47651) + R1_DM                                       LINE/R1        341    614 (4742) 209  
 6177    4.1  0.0  0.5  NP_61     372848 373589  (46899) + R1_DSi                                      LINE/R1       1535   2272 (3162) 210  
 4775    9.4  0.5  0.0  NP_61     373624 374253  (46235) + R1_DSi                                      LINE/R1       4391   5023  (411) 211  
  506   14.4  1.0  3.1  NP_61     374237 374336  (46152) + R1_DSi                                      LINE/R1          9    106 (5328) 211 *
 2081    4.7  1.3  0.0  NP_61     374336 374624  (45864) C DM412_LTR                                   LTR/Gypsy                        (89)    482    139 212 *
33882    2.3  1.0  0.1  NP_61     374621 378575  (41913) C DM412_I                                        LTR/Gypsy                       (338)   6139   2153 213  
20586    1.4  2.2  1.0  NP_61     378576 381359  (39129) + ROO_I                                        LTR/Pao                             1   2389 (5867) 214  
 1047    3.0  0.7  0.7  NP_61     381348 381482  (39006) + ROO_I                                        LTR/Pao                          5753   5887 (2369) 214 *
 7408    3.1  1.8  1.0  NP_61     381457 382703  (37785) + ROO_I                                        LTR/Pao                          7429   8256    (0) 214  
 6964    5.8  1.6  0.0  NP_61     382704 383601  (36887) C DM412_I                                        LTR/Gypsy                      (4320)   2157   1246 215  
 5556    7.4  1.2  1.8  NP_61     383582 384383  (36105) C MDG1_I                                       LTR/Gypsy                      (5065)    993      1 215 *
 3747    3.8  0.6  7.3  NP_61     384384 384897  (35591) C DM412_LTR                                   LTR/Gypsy                        (89)    482      1 216  
  668   11.5 16.9  6.1  NP_61     384898 385045  (35443) + R1_DSi                                      LINE/R1        102    264 (5170) 217 *
 1726    9.8 11.7  0.0  NP_61     385035 385308  (35180) + R1_DM                                       LINE/R1        309    614 (4742) 218  
 6066    4.6  0.0  0.8  NP_61     385319 386062  (34426) + R1_DSi                                      LINE/R1       1535   2272 (3162) 219  
 4714    9.7  0.5  0.0  NP_61     386095 386724  (33764) + R1_DSi                                      LINE/R1       4391   5023  (411) 220  
 1152   12.6 10.7  5.1  NP_61     386708 386950  (33538) + R1_DSi                                      LINE/R1          9    264 (5170) 220 *
13274    6.2  4.6  0.9  NP_61     386949 388729  (31759) + R1_DSi                                      LINE/R1        361   2196 (3238) 221  
 2163    2.8  0.0  0.4  NP_61     388715 388968  (31520) + Gypsy-8_DSe-LTR                              LTR/Gypsy                          36    288    (0) 222 *
10171    1.2  0.8  0.0  NP_61     388969 390118  (30370) + Gypsy-8_DSe-I                                LTR/Gypsy                           1   1159 (5322) 222  
  275   11.9  0.0  0.0  NP_61     390109 390150  (30338) C BARI1                                        DNA/TcMar-Tc1                  (1706)     44      3 223 *
  779   11.5  7.0  6.3  NP_61     390119 390276  (30212) + IDEFIX_LTR                                   LTR/Gypsy                           1    159  (435) 224  
  331   18.2  2.2  8.8  NP_61     390289 390424  (30064) + IDEFIX_LTR                                   LTR/Gypsy                         125    300  (294) 224  
39245    6.1  0.4  0.2  NP_61     390427 396721  (23767) + Gypsy-12_DSim-I                              LTR/Gypsy                           1   5628    (0) 225  
  748   12.2  7.0  6.3  NP_61     396700 396857  (23631) + IDEFIX_LTR                                   LTR/Gypsy                           1    159  (435) 226 *
  273   17.4  3.1 12.2  NP_61     396870 396967  (23521) + IDEFIX_LTR                                   LTR/Gypsy                         125    214  (380) 226  
 2065    8.0  4.4  0.9  NP_61     396973 397289  (23199) + Gypsy-12_DSim-LTR                            LTR/Gypsy                           1    328    (3) 227  
 2067    8.8  2.5  1.5  NP_61     397299 397676  (22812) + Gypsy-12_DSim-I                              LTR/Gypsy                        1154   1535 (4946) 225  
 2077    8.0  4.4  0.9  NP_61     397677 397993  (22495) C Gypsy-12_DSim-LTR                            LTR/Gypsy                         (3)    328      1 228  
  273   17.4  3.1 12.2  NP_61     397999 398096  (22392) C IDEFIX_LTR                                   LTR/Gypsy                       (380)    214    125 229  
  781   11.5  7.0  6.3  NP_61     398109 398266  (22222) C IDEFIX_LTR                                   LTR/Gypsy                       (435)    159      1 229 *
38296    6.7  1.0  0.2  NP_61     398245 404658  (15830) C Gypsy-12_DSim-I                              LTR/Gypsy                         (0)   5628      1 230  
  273   17.4  3.1 12.2  NP_61     404664 404761  (15727) C IDEFIX_LTR                                   LTR/Gypsy                       (380)    214    125 231  
  781   11.5  7.0  6.3  NP_61     404774 404931  (15557) C IDEFIX_LTR                                   LTR/Gypsy                       (435)    159      1 231  
  256   23.9  1.4  0.0  NP_61     404900 404970  (15518) + BARI1                                        DNA/TcMar-Tc1                       3     74 (1676) 232 *
17053    1.0  0.1  0.7  NP_61     404933 406923  (13565) + Gypsy-8_DSe-I                                LTR/Gypsy                        1387   3365 (3116) 233  
12124    5.1  2.8  0.3  NP_61     406920 408444  (12044) + R1_DM                                       LINE/R1       1792   3353 (2003) 234 *
 7756    3.6  1.0  0.0  NP_61     408432 409339  (11149) + R1_DSi                                      LINE/R1       4513   5429    (5) 235 *
 1633    3.6  0.1  0.4  NP_61     409345 409570  (10918) C Gypsy-13_DSim-LTR                            LTR/Gypsy                        (83)    221      1 236  
 5717   16.1  4.7  7.1  NP_61     409571 412083   (8405) C Gypsy8_I                                     LTR/Gypsy                      (1778)   6119   2457 236  
  326   21.0  7.9  0.9  NP_61     412084 412155   (8333) C ZAM_LTR                                      LTR/Gypsy                         (0)    472    394 237  
47183    6.1  1.0  0.4  NP_61     412156 412526   (7962) C ZAM_I                                        LTR/Gypsy                         (0)   7490   7043 237  
  257   26.4  5.4  5.4  NP_61     412527 412674   (7814) + noCat_dsim_final-B-P113.23-Map3_novel_repeat DNA/RC                     708    855    (8) 238  
47183    6.1  1.0  0.4  NP_61     412675 418489   (1999) C ZAM_I                                        LTR/Gypsy                         (0)   7042      1 237  
 4238    9.1  7.5  0.7  NP_61     418509 419183   (1305) C ZAM_I                                        LTR/Gypsy                      (6128)   1362    642 237  
 2526    2.5  0.3  0.0  NP_61     419184 419469   (1019) C Gypsy4_LTR                                   LTR/Gypsy                         (0)    287      1 239  
 9262    1.4  0.1  0.1  NP_61     419470 420488      (0) C Gypsy4_I                                     LTR/Gypsy                        (24)   6387   5270 239  
