   SW   perc perc perc  query     position in query        matching                                     repeat                           position in repeat
score   div. del. ins.  sequence  begin  end      (left)   repeat                                       class/family                   begin  end    (left)   ID

  433   23.1 15.7  0.7  NP_60          1    225 (429999) C Gypsy-3_DSe-LTR                              LTR/Gypsy                         (2)    377    114    1  
 6179   15.3  6.1  3.5  NP_60        301   2667 (427557) C NOMAD_I                                      LTR/Gypsy                         (6)   7533   4991    2  
15046    4.0  0.0  0.0  NP_60       2671   4510 (425714) C NOMAD_I                                      LTR/Gypsy                      (1689)   4883   3044    2 *
40707    2.4  1.2  0.1  NP_60       4495   9674 (420550) C DM297_I                                      LTR/Gypsy                       (929)   5238      1    3  
 3166    2.9  0.7  0.7  NP_60       9675  10088 (420136) C DM297_LTR                                    LTR/Gypsy                         (0)    414      1    3  
  792   22.2  4.8  3.2  NP_60      10192  10519 (419705) + Gypsy5_I                                     LTR/Gypsy                         245    450 (6059)    4 *
12098   20.6  2.0  0.7  NP_60      10514  13209 (417015) + Gypsy5_I                                     LTR/Gypsy                         911   3642 (2867)    4  
 2789    4.8  0.5  4.0  NP_60      13211  13602 (416622) + STALKER4_LTR                                 LTR/Gypsy                           1    379   (23)    5  
 1519   29.2  1.8  0.7  NP_60      13652  14202 (416022) + Gypsy-31_DYa-I                               LTR/Gypsy                        3326   3882 (3686)    6  
  235   32.0  3.9  3.5  NP_60      14536  15020 (415204) + Gypsy-5_DSim-I                               LTR/Gypsy                        6192   6678  (812)    7  
  297   10.0 11.0  0.0  NP_60      15764  15827 (414397) + Gypsy-5_DSim-I                               LTR/Gypsy                        7096   7165  (403)    7  
 2692   10.7  4.8  1.2  NP_60      16124  16636 (413588) C Gypsy-13_DSim-LTR                            LTR/Gypsy                         (2)    769    285    8  
 1281   19.9 11.8  2.6  NP_60      20122  20606 (409618) + Gypsy-3_DSe-I                                LTR/Gypsy                         670   1197 (6176)    9  
  365   25.5  0.0  0.0  NP_60      20811  20904 (409320) + Gypsy-3_DSe-I                                LTR/Gypsy                        1376   1469 (5904)    9  
 2320   14.6  2.6  1.1  NP_60      20905  21362 (408862) + DM412B_LTR                                   LTR/Gypsy                           1    465  (106)   10  
 5244   12.5  3.2  2.7  NP_60      21378  22412 (407812) + DM412                                        LTR/Gypsy                           1   1040 (5437)   11  
  658    2.9  0.9  1.2  NP_60      22418  22526 (407698) C G4_DM                                        Non-LTR_retrotransposon/Jockey    (0)   3856   3768   12  
  232   18.8  3.0  4.5  NP_60      22937  22972 (407252) + Gypsy-10_DMoj-LTR                            LTR/Gypsy                          91    154 (2870)   13  
  233    3.5  0.0  0.0  NP_60      22973  23001 (407223) + Gypsy16-I_Dya                                LTR/Gypsy                           5     33 (4790)   13  
  392    7.7  1.2  7.6  NP_60      23497  23580 (406644) + Gypsy-10_DMoj-LTR                            LTR/Gypsy                         576    654 (2372)   13  
 1448   32.6  0.7  1.0  NP_60      23959  24648 (405576) + Gypsy2-I_DM                                  LTR/Gypsy                         808   1495 (5050)   14  
  398   32.0  1.8  0.4  NP_60      25219  25444 (404780) + Gypsy-10_DMoj-LTR                            LTR/Gypsy                        2246   2474  (552)   15  
 1402   23.6  2.2  2.7  NP_60      25492  25935 (404289) + Gypsy5_I                                     LTR/Gypsy                         727   1168 (3655)   16  
  309    5.1  0.0  0.0  NP_60      25959  25997 (404227) + Gypsy-1_DSe-I                                LTR/Gypsy                        5179   5217  (195)   17  
 3435    2.6  1.2  0.2  NP_60      26012  26439 (403785) + Gypsy-1_DSe-I                                LTR/Gypsy                        5997   6428    (0)   17  
 1074   10.0 17.9  6.2  NP_60      26445  26763 (403461) + Gypsy-1_DSe-LTR                              LTR/Gypsy                           5    358    (0)   17  
19578    3.5  1.2  0.2  NP_60      26764  29228 (400996) + Gypsy-1_DSe-I                                LTR/Gypsy                           1   2491 (3937)   17  
15925    3.4  0.5  0.1  NP_60      29224  31210 (399014) + Gypsy-1_DSe-I                                LTR/Gypsy                        2751   4745 (1683)   17 *
 3016    2.2  0.0  0.0  NP_60      32538  32898 (397326) + Gypsy-1_DSe-I                                LTR/Gypsy                        5997   6357   (71)   17  
 3208   31.6  0.5  0.5  NP_60      35251  36585 (393639) + Gypsy5_I                                     LTR/Gypsy                        2206   3540 (2969)   16  
 1045   32.8  4.5  4.1  NP_60      36835  37892 (392332) + Gypsy5_I                                     LTR/Gypsy                        4680   5921 (1241)   16  
 2600    2.9  0.0  0.0  NP_60      38193  38506 (391718) + HOBO                                         DNA/hAT-hobo                        1    314 (2702)   18  
  229   14.3  1.4 20.3  NP_60      38510  38579 (391645) + PROTOP_B                                     DNA/P                              17     75 (1078)   19  
  683    7.6 12.1  0.0  NP_60      38742  38873 (391351) + PROTOP_B                                     DNA/P                             315    462  (691)   20 *
 2966    3.4  1.8  1.3  NP_60      38872  39254 (390970) + HOBO                                         DNA/hAT-hobo                     2632   3016    (0)   21  
  239   26.1  0.4  0.4  NP_60      39873  39994 (390230) + TIRANT_I                                     LTR/Gypsy                        6974   7032  (660)   22  
 2985    2.3  3.8  0.7  NP_60      40017  40414 (389810) + DM297_LTR                                    LTR/Gypsy                           5    414    (0)   23  
 3272    3.6  2.6  0.0  NP_60      40415  40881 (389343) + DM297_I                                      LTR/Gypsy                           1    479 (5688)   23  
 3406    4.4  0.6  7.5  NP_60      40882  41396 (388828) + DM412B_LTR                                   LTR/Gypsy                           1    482   (89)   24  
 5155    7.0  1.1  1.5  NP_60      41397  42179 (388045) + MDG1_I                                       LTR/Gypsy                           1    778 (5818)   25  
40364    4.0  0.4  0.9  NP_60      42180  47923 (382301) + DM412                                        LTR/Gypsy                           1   6477    (0)   25  
 5155    7.0  1.1  1.5  NP_60      47924  48706 (381518) + DM297_I                                      LTR/Gypsy                           1    778 (5818)   26  
40176    4.2  0.5  0.9  NP_60      48707  54452 (375772) + DM412                                        LTR/Gypsy                           1   6477    (0)   26  
44798    2.4  0.6  0.3  NP_60      54453  60124 (370100) + DM297_I                                      LTR/Gypsy                         480   6167    (0)   26  
 3110    3.2  0.7  1.2  NP_60      60125  60540 (369684) + DM412                                        LTR/Gypsy                           1    414    (0)   26  
 1170   32.4  0.7  1.9  NP_60      60541  61106 (369118) + Gypsy-1_DSim-I                               LTR/Gypsy                        5029   5587  (460)   27  
  436    3.5  0.0  0.0  NP_60      61203  61259 (368965) C Gypsy11_LTR                                  LTR/Gypsy                       (395)     57      1   28  
 5853   11.6  3.9  0.9  NP_60      61260  62632 (367592) C DM412                                        LTR/Gypsy                       (246)   6231   5030   29  
 1943   12.4  0.8  4.1  NP_60      62690  63068 (367156) + Gypsy-28_DYa-LTR                             LTR/Gypsy                           1    367    (0)   30 *
 2881    8.8  0.7  4.7  NP_60      63050  63890 (366334) + Gypsy8-I_Dya                                 LTR/Gypsy                           1   1566 (8745)   30  
 3860    6.5  1.8  2.2  NP_60      63891  64761 (365463) + Gypsy-1_DSim-LTR                             LTR/Gypsy                           1    504   (18)   27  
 9641    7.9  0.5  0.6  NP_60      64789  67881 (362343) + Gypsy-1_DSim-I                               LTR/Gypsy                          26   3516 (3311)   31  
 1227   16.9  4.5  8.4  NP_60      67882  68262 (361962) + ROVER-LTR_DM                                 LTR/Gypsy                           1    367    (0)   32  
21614    3.0  1.9  0.6  NP_60      68274  71694 (358530) + Gypsy-1_DSim-I                               LTR/Gypsy                        3240   6705  (317)   31  
  943   12.6  6.2  1.7  NP_60      71699  71990 (358234) + Gypsy-1_DSim-I                               LTR/Gypsy                        6841   7002   (20)   31  
 3457   29.4  3.0  0.5  NP_60      72499  73883 (356341) + Gypsy5_I                                     LTR/Gypsy                        2145   3564 (2945)   33  
  333   27.6  1.1  7.8  NP_60      74066  74428 (355796) + ZAM_I                                        LTR/Gypsy                        5600   5864 (1348)   34  
  725   28.1  2.1  1.8  NP_60      74447  74776 (355448) + ZAM_I                                        LTR/Gypsy                        5327   5657 (1833)   34  
  271   30.4  2.5  2.0  NP_60      75282  75526 (354698) + ZAM_I                                        LTR/Gypsy                        5792   6037 (1286)   34  
  385   11.7  0.0  0.0  NP_60      76367  76436 (353788) + ZAM_I                                        LTR/Gypsy                        7096   7165  (403)   34  
 1870   12.0  0.5  0.7  NP_60      76711  77052 (353172) C Gypsy-13_DSim-LTR                            LTR/Gypsy                       (112)    659    388   35  
 1288   19.7 12.0  2.6  NP_60      80571  81054 (349170) + Gypsy-3_DSe-I                                LTR/Gypsy                         670   1197 (6176)   36  
  365   25.5  0.0  0.0  NP_60      81263  81356 (348868) + Gypsy-3_DSe-I                                LTR/Gypsy                        1376   1469 (5904)   36  
 2334   15.8  1.7  0.6  NP_60      81357  81833 (348391) + DM412B_LTR                                   LTR/Gypsy                           1    482   (89)   37 *
 2395   29.5  1.4  1.7  NP_60      81809  83130 (347094) + Gypsy-26_DBp-I                               LTR/Gypsy                         770   3336 (3599)   38  
  412   29.9  0.6  1.2  NP_60      83130  83491 (346733) + Gypsy-26_DBp-I                               LTR/Gypsy                        2219   2361 (1801)   38 *
  280   26.7  2.0  2.0  NP_60      83639  83787 (346437) + Gypsy-10_DBp-I                               LTR/Gypsy                        6054   6155    (2)   39  
 1317   29.1  1.7  1.9  NP_60      83911  84489 (345735) + Gypsy-26_DBp-I                               LTR/Gypsy                        2355   2932  (857)   38  
  228   21.4  0.0  0.0  NP_60      84790  84831 (345393) + Gypsy-30_DAn-I                               LTR/Gypsy                        6280   6321    (5)   40  
 2937    2.1  6.7  0.2  NP_60      85175  85563 (344661) + DM297_LTR                                    LTR/Gypsy                           1    414    (0)   40  
 1642   16.0  3.0  1.3  NP_60      85564  85995 (344229) C STALKER4_I                                   LTR/Gypsy                      (5642)    888    389   41  
  908   11.3  0.0  0.0  NP_60      86186  86326 (343898) C STALKER4_LTR                                 LTR/Gypsy                        (29)    373    233   42  
  301   21.4  8.1  2.2  NP_60      86460  86545 (343679) C Gypsy2_LTR                                   LTR/Gypsy                       (236)    117     27   43  
 2258   16.3  0.2  0.5  NP_60      86558  86976 (343248) C Gypsy2_I                                     LTR/Gypsy                       (601)   5534   5117   44  
  743   28.2  0.1  0.5  NP_60      86976  87179 (343045) C Gypsy2_I                                     LTR/Gypsy                      (1124)   5011   4835   45 *
  355   24.1  8.9  6.6  NP_60      87462  87697 (342527) + ACCORD_I                                     LTR/Gypsy                        1986   2163 (4125)   46  
  445    4.6  1.5  0.0  NP_60      87707  87771 (342453) + Gypsy-1_DSim-I                               LTR/Gypsy                        6640   6705  (317)   47  
 3142    9.1  5.9  1.4  NP_60      87775  88381 (341843) + Gypsy-1_DSim-LTR                             LTR/Gypsy                           1    720 (5437)   48  
 8889    8.8  1.1  0.7  NP_60      88382  91364 (338860) + Gypsy-1_DSim-I                               LTR/Gypsy                           6   3761 (2396)   48  
 1178   18.1  2.5 11.7  NP_60      91365  91764 (338460) + ROVER-LTR_DM                                 LTR/Gypsy                           1    367    (0)   49  
 3288    7.7  2.7  1.6  NP_60      91776  92428 (337796) + Gypsy-1_DSim-I                               LTR/Gypsy                        2880   3655 (3367)   50  
  730   28.1  0.4  0.4  NP_60      92438  92701 (337523) C Gypsy5_I                                     LTR/Gypsy                      (4093)   2416   2153   51  
  917   11.9  8.1  1.6  NP_60      93207  93499 (336725) C Gypsy-1_DSim-I                               LTR/Gypsy                        (20)   7002   6841   52  
21801    3.0  0.2  0.2  NP_60      93504  96357 (333867) C Gypsy-1_DSim-I                               LTR/Gypsy                       (317)   6705   3853   52  
22033    3.5  0.5  0.2  NP_60      96397  99333 (330891) + Gypsy-1_DSim-I                               LTR/Gypsy                        3760   6705  (317)   53  
  943   12.2  5.7  1.7  NP_60      99338  99630 (330594) + Gypsy-1_DSim-I                               LTR/Gypsy                        6841   7002   (20)   53  
 2194   28.6  2.4  0.7  NP_60     100136 100934 (329290) + Gypsy-1_DSim-I                               LTR/Gypsy                        2153   2964 (3545)   54 *
21228    3.4  0.5  0.2  NP_60     100934 103760 (326464) + Gypsy-1_DSim-I                               LTR/Gypsy                        3871   6705  (317)   54  
  943   12.2  5.7  1.7  NP_60     103765 104057 (326167) + Gypsy-1_DSim-I                               LTR/Gypsy                        6841   7002   (20)   54  
 2194   28.6  2.4  0.7  NP_60     104563 105361 (324863) + Gypsy-1_DSim-I                               LTR/Gypsy                        2153   2964 (3545)   55 *
21384    3.5  0.2  0.2  NP_60     105361 108197 (322027) + Gypsy-1_DSim-I                               LTR/Gypsy                        3871   6705  (317)   55  
  943   12.2  5.7  1.7  NP_60     108202 108494 (321730) + Gypsy-1_DSim-I                               LTR/Gypsy                        6841   7002   (20)   55  
 3400   30.2  3.3  0.5  NP_60     109062 110355 (319869) + Gypsy-31_DYa-I                               LTR/Gypsy                        3015   4344 (3224)   56  
  364   31.8  1.4  6.0  NP_60     110558 110905 (319319) + ACCORD2_I                                    LTR/Gypsy                        5600   5932 (1280)   57  
  735   27.8  2.1  1.8  NP_60     110930 111259 (318965) + Gypsy-31_DYa-I                               LTR/Gypsy                        5327   5657 (1833)   56  
  290   31.8  3.0  2.5  NP_60     111831 112312 (317912) + Gypsy-1_DSim-I                               LTR/Gypsy                        1344   1530 (1277)   55  
  385   11.7  0.0  0.0  NP_60     112829 112898 (317326) + Gypsy-1_DSim-I                               LTR/Gypsy                        7096   7165  (403)   55  
 1910   11.4  0.5  0.7  NP_60     113173 113514 (316710) C Gypsy-13_DSim-LTR                            LTR/Gypsy                       (112)    659    388   58  
 1260   20.3 11.8  2.6  NP_60     116978 117462 (312762) + Gypsy-3_DSe-I                                LTR/Gypsy                         670   1197 (6176)   59  
  384   24.5  0.0  0.0  NP_60     117669 117762 (312462) + Gypsy-3_DSe-I                                LTR/Gypsy                        1376   1469 (5904)   59  
 2359   15.6  1.7  0.6  NP_60     117763 118239 (311985) + DM412B_LTR                                   LTR/Gypsy                           1    482   (89)   60 *
 2433   29.6  1.0  1.7  NP_60     118215 119541 (310683) + Gypsy-26_DBp-I                               LTR/Gypsy                         770   3336 (3599)   61  
  439   29.3  0.8  1.4  NP_60     119541 119902 (310322) + Gypsy-26_DBp-I                               LTR/Gypsy                        2219   2361 (1801)   61 *
  280   26.7  2.0  2.0  NP_60     120050 120198 (310026) + Gypsy-10_DBp-I                               LTR/Gypsy                        6054   6155    (2)   62  
 1164   29.3  1.9  3.8  NP_60     120322 120910 (309314) + Gypsy-26_DBp-I                               LTR/Gypsy                        2355   2932  (857)   61  
  228   21.4  0.0  0.0  NP_60     121211 121252 (308972) + Gypsy-30_DAn-I                               LTR/Gypsy                        6280   6321    (5)   63  
 2950    1.8  6.7  0.2  NP_60     121597 121985 (308239) + DM297_LTR                                    LTR/Gypsy                           1    414    (0)   63  
 1656   15.5  3.1  1.3  NP_60     121987 122419 (307805) C STALKER4_I                                   LTR/Gypsy                      (5639)    891    389   64  
  908   11.3  0.0  0.0  NP_60     122610 122750 (307474) C STALKER4_LTR                                 LTR/Gypsy                        (29)    373    233   65  
  301   21.4  8.1  2.2  NP_60     122884 122969 (307255) C Gypsy2_LTR                                   LTR/Gypsy                       (236)    117     27   66  
 2258   16.3  0.2  0.5  NP_60     122982 123400 (306824) C Gypsy2_I                                     LTR/Gypsy                       (601)   5534   5117   67  
  743   28.1  0.1  0.5  NP_60     123400 123603 (306621) C Gypsy2_I                                     LTR/Gypsy                      (1124)   5011   4835   68 *
  312   26.2  5.7  7.0  NP_60     123886 124115 (306109) + ACCORD_I                                     LTR/Gypsy                        1986   2163 (4125)   69  
  445    4.6  1.5  0.0  NP_60     124135 124199 (306025) + Gypsy-1_DSim-I                               LTR/Gypsy                        6640   6705  (317)   70  
 3142    9.2  5.9  1.4  NP_60     124210 124815 (305409) + Gypsy-1_DSim-LTR                             LTR/Gypsy                           1    720 (5437)   71  
 8426    8.8  1.3  1.0  NP_60     124816 127805 (302419) + Gypsy-1_DSim-I                               LTR/Gypsy                           6   3761 (2396)   71  
 1178   18.1  2.5 11.7  NP_60     127806 128205 (302019) + ROVER-LTR_DM                                 LTR/Gypsy                           1    367    (0)   72  
 3356   10.2  1.4  0.3  NP_60     128217 128869 (301355) + Gypsy-1_DSim-I                               LTR/Gypsy                        3240   3655 (3367)   71  
  728   28.5  0.4  0.4  NP_60     128879 129142 (301082) C Gypsy5_I                                     LTR/Gypsy                      (4093)   2416   2153   73  
  943   11.3  8.1  1.6  NP_60     129648 129940 (300284) C Gypsy-1_DSim-I                               LTR/Gypsy                        (20)   7002   6841   74  
21587    3.4  0.2  0.2  NP_60     129945 132799 (297425) C Gypsy-1_DSim-I                               LTR/Gypsy                       (317)   6705   3853   74  
22240    3.5  0.2  0.2  NP_60     132839 135786 (294438) + Gypsy-1_DSim-I                               LTR/Gypsy                        3760   6705  (317)   71  
  943   11.9  5.7  1.7  NP_60     135791 136083 (294141) + Gypsy-1_DSim-I                               LTR/Gypsy                        6841   7002   (20)   71  
 3400   30.2  3.3  0.5  NP_60     136651 137944 (292280) + Gypsy-31_DYa-I                               LTR/Gypsy                        3015   4344 (3224)   75  
  346   31.8  1.4  6.0  NP_60     138147 138494 (291730) + ACCORD2_I                                    LTR/Gypsy                        5600   5932 (1280)   76  
  714   28.1  2.1  1.8  NP_60     138519 138848 (291376) + Gypsy-31_DYa-I                               LTR/Gypsy                        5327   5657 (1833)   75  
  280   33.0  3.5  3.2  NP_60     138999 139922 (290302) + Gypsy-31_DYa-I                               LTR/Gypsy                        6185   6577  (585)   75  
  385   11.7  0.0  0.0  NP_60     140441 140510 (289714) + Gypsy-31_DYa-I                               LTR/Gypsy                        7096   7165  (403)   75  
 2790   13.4  2.3  3.5  NP_60     140790 141488 (288736) C Gypsy-13_DSim-LTR                            LTR/Gypsy                         (2)    769    200   77  
 1291   19.9 12.0  2.6  NP_60     144963 145446 (284778) + Gypsy-3_DSe-I                                LTR/Gypsy                         670   1197 (6176)   78  
  354   25.5  0.0  0.0  NP_60     145655 145748 (284476) + Gypsy-3_DSe-I                                LTR/Gypsy                        1376   1469 (5904)   78  
 2284   13.9  2.6  0.9  NP_60     145749 146175 (284049) + DM412B_LTR                                   LTR/Gypsy                           1    434  (137)   79  
 5085   13.1  3.8  2.6  NP_60     146239 147266 (282958) + DM412                                        LTR/Gypsy                           1   1040 (5437)   80  
  648    4.0  0.9  1.2  NP_60     147272 147380 (282844) C G4_DM                                        Non-LTR_retrotransposon/Jockey    (0)   3856   3768   81  
  232   18.8  3.0  4.5  NP_60     147791 147826 (282398) + Gypsy-10_DMoj-LTR                            LTR/Gypsy                          91    154 (2870)   82  
  233    3.5  0.0  0.0  NP_60     147827 147855 (282369) + Gypsy16-I_Dya                                LTR/Gypsy                           5     33 (4790)   82  
  356   10.3  1.2  7.6  NP_60     148351 148434 (281790) + Gypsy-10_DMoj-LTR                            LTR/Gypsy                         576    654 (2372)   82  
 1441   32.8  0.7  1.0  NP_60     148806 149495 (280729) + Gypsy2-I_DM                                  LTR/Gypsy                         808   1495 (5050)   83  
  410   31.6  1.8  0.4  NP_60     150066 150291 (279933) + Gypsy-10_DMoj-LTR                            LTR/Gypsy                        2246   2474  (552)   84  
 1377   23.9  2.2  2.7  NP_60     150339 150782 (279442) + Gypsy16-I_Dya                                LTR/Gypsy                         727   1168 (3655)   85  
  309    5.1  0.0  0.0  NP_60     150806 150844 (279380) + Gypsy-1_DSe-I                                LTR/Gypsy                        5179   5217  (195)   86  
 3423    2.6  1.2  0.2  NP_60     150859 151286 (278938) + Gypsy-1_DSe-I                                LTR/Gypsy                        5997   6428    (0)   86  
 1079    9.7 17.9  6.2  NP_60     151292 151610 (278614) + Gypsy-1_DSe-LTR                              LTR/Gypsy                           5    358    (0)   86  
22463    3.0  1.2  0.2  NP_60     151611 154420 (275804) + Gypsy-1_DSe-I                                LTR/Gypsy                           1   2840 (3588)   86  
 1683    2.6 11.0  0.0  NP_60     154417 154644 (275580) + Gypsy-1_DSe-I                                LTR/Gypsy                        3816   4068 (2360)   86 *
 9737    2.5  4.1  1.4  NP_60     154661 156144 (274080) + Gypsy-1_DSe-I                                LTR/Gypsy                        4156   5679  (749)   86  
 1638    3.5  0.0  0.0  NP_60     156145 156347 (273877) + Copia1-LTR_DM                                LTR/Copia                           1    203    (0)   87  
35212    1.0  0.1  0.0  NP_60     156348 160469 (269755) + Copia1-I_DM                                  LTR/Copia                           1   4124    (0)   87  
 1638    3.5  0.0  0.0  NP_60     160470 160672 (269552) + Copia1-LTR_DM                                LTR/Copia                           1    203    (0)   87  
 5680    2.5  0.0  0.0  NP_60     160673 161355 (268869) + Gypsy-1_DSe-I                                LTR/Gypsy                        5675   6357   (71)   86  
 2149    1.6  0.0  0.0  NP_60     161356 161611 (268613) C STALKER4_LTR                                 LTR/Gypsy                       (146)    256      1   88  
 6784    2.5  7.5  1.3  NP_60     161612 162570 (267654) C STALKER4_I                                   LTR/Gypsy                         (0)   6530   5512   88  
  235   11.1  0.0  0.0  NP_60     162588 162623 (267601) C MDG1_I                                       LTR/Gypsy                      (5315)   1281   1246   89  
  437    9.5 10.3  0.8  NP_60     162837 162953 (267271) C MDG1_I                                       LTR/Gypsy                      (5354)   1242   1115   89  
  260   22.1  0.0  0.0  NP_60     163039 163106 (267118) C MDG1_I                                       LTR/Gypsy                      (5217)   1313   1246   90  
 2431    7.9  4.8  1.8  NP_60     163107 163480 (266744) C DIVER2_LTR                                   LTR/Pao                           (0)    385      1   91  
 1395    9.7  2.2  0.0  NP_60     163481 163707 (266517) C MDG1_I                                       LTR/Gypsy                      (5544)   1052    821   90  
17399   12.0  0.9  1.9  NP_60     163778 167193 (263031) C BATUMI_I                                     LTR/Pao                        (2688)   5601   2010   92  
  732    7.8  0.0  0.6  NP_60     167201 178529 (251695) C 15mer_SAT                                    Satellite/Satellite               (5)  11265      1   93 *
 7039    3.8  7.0  2.0  NP_60     178524 179489 (250735) C BATUMI_I                                     LTR/Pao                        (5665)   2298   1284   94  
 3076    1.4  0.0  0.0  NP_60     179490 179850 (250374) + BEL_LTR                                      LTR/Pao                             1    361    (0)   95  
46402    0.9  0.3  0.0  NP_60     179851 185240 (244984) + BEL_I                                        LTR/Pao                             1   5404    (0)   95  
 3037    1.9  0.0  0.0  NP_60     185241 185601 (244623) + BEL_LTR                                      LTR/Pao                             1    361    (0)   95  
 3270    8.7  6.3  4.2  NP_60     185602 186808 (243416) C BATUMI_I                                     LTR/Pao                        (6676)   1287      1   94  
 1554    8.1  2.1  5.0  NP_60     186809 187094 (243130) C BATUMI_I                                     LTR/Pao                         (679)   7284   7007   96  
 1408    8.8 11.7  6.0  NP_60     187115 187430 (242794) C MDG1_I                                       LTR/Gypsy                      (5718)    878    546   97  
 4421    7.8  1.9  1.7  NP_60     187465 188188 (242036) + Gypsy-13_DSim-LTR                            LTR/Gypsy                           1    769    (2)   98  
 5393   13.5  3.6  0.0  NP_60     188189 189067 (241157) + Gypsy_I                                      LTR/Gypsy                        4064   4974 (1533)   99  
 8283   12.9  0.0  0.0  NP_60     189068 190345 (239879) + Gypsy_I                                      LTR/Gypsy                        5213   6490   (17)   99  
  399   12.9  2.3  2.3  NP_60     190344 190430 (239794) + Gypsy_LTR                                    LTR/Gypsy                         319    405   (77)  100 *
 3142   11.8  3.4  2.6  NP_60     190426 191044 (239180) + Gypsy8_I                                     LTR/Gypsy                         651   1274 (5256)   98 *
 5713    3.2  8.0  0.0  NP_60     191042 191817 (238407) + Gypsy-13_DSim-I                              LTR/Gypsy                        3308   4145 (1299)  101  
 2278    9.0  5.4  2.1  NP_60     191818 192190 (238034) + DIVER2_LTR                                   LTR/Pao                             1    385    (0)  102  
 3311    6.9  0.4  3.8  NP_60     192191 192714 (237510) + Gypsy8_I                                     LTR/Gypsy                        2214   2720 (1627)   98  
  528    5.5  1.6  0.3  NP_60     192717 192779 (237445) + Gypsy-4_DSim-I                               LTR/Gypsy                         495    572 (5792)  103  
 7659    4.4  3.3  1.0  NP_60     192780 194138 (236086) + Gypsy-11_DSim-I                              LTR/Gypsy                           1   1053 (5494)  104 *
43297    1.0  0.0  0.2  NP_60     194133 199521 (230703) C I_DM                                         Non-LTR_retrotransposon/I         (9)   5365      1  105  
  733    6.8  3.9  0.0  NP_60     199516 199618 (230606) + Gypsy-11_DSim-I                              LTR/Gypsy                        1031   1137 (5410)  106 *
36267    2.8  0.4  0.5  NP_60     199627 204119 (226105) + DMCR1A                                       Non-LTR_retrotransposon/CR1         2   4560    (0)  107 *
44481    2.7  0.6  0.0  NP_60     204119 209502 (220722) + Gypsy-11_DSim-I                              LTR/Gypsy                        1133   6547    (0)  106  
 1659    4.2 13.1  0.7  NP_60     209503 209982 (220242) + Gypsy-11_DSim-I                              LTR/Gypsy                           1    795 (5569)  106  
 1618    0.0  0.0  0.0  NP_60     209982 210171 (220053) + Helena_Ds                                    Non-LTR_retrotransposon/Jockey   4703   4892   (20)  108 *
  965    4.4  0.4  0.5  NP_60     210150 210286 (219938) + Gypsy-11_DSim-I                              LTR/Gypsy                         788    904 (5460)  106 *
 2819    0.8  0.0  2.8  NP_60     210298 210659 (219565) C LINEJ1_DM                                    Non-LTR_retrotransposon/Jockey    (0)   5020   4669  109 *
 7208    3.0  0.0  0.0  NP_60     210659 211571 (218653) + Gypsy-11_DSim-I                              LTR/Gypsy                         893   1805 (4559)  106  
  350   11.4  7.6  0.8  NP_60     211572 211667 (218557) + Gypsy_I                                      LTR/Gypsy                         236    390 (6117)  110  
10269    0.9  0.0  0.6  NP_60     211693 212901 (217323) C LINEJ1_DM                                    Non-LTR_retrotransposon/Jockey    (0)   5020   3819  111  
 4518    9.8  0.0  0.0  NP_60     212992 213636 (216588) + Gypsy_I                                      LTR/Gypsy                         511   1155 (5352)  110 *
31403   12.0  1.0  0.0  NP_60     213619 218404 (211820) + Gypsy_I                                      LTR/Gypsy                        1677   6507    (0)  110  
  268   13.2  7.5  0.0  NP_60     218372 218404 (211820) C Gypsy-31_DWil-I                              LTR/Gypsy                      (7010)    631    595  112 *
 1363   18.5  8.2  2.1  NP_60     218405 218769 (211455) + Gypsy_LTR                                    LTR/Gypsy                           1    387   (95)  110  
 2995    4.3  0.0  0.0  NP_60     218862 219258 (210966) + DM412                                        LTR/Gypsy                        2672   3068 (3409)  113  
  432    6.8  1.6  0.0  NP_60     219252 219320 (210904) + IDEFIX_LTR                                   LTR/Gypsy                         318    388  (236)  114 *
33659   11.4  1.4  0.0  NP_60     219319 224963 (205261) C Gypsy_I                                      LTR/Gypsy                       (276)   6231    511  115  
10237    0.8  0.0  0.2  NP_60     225054 226244 (203980) + LINEJ1_DM                                    Non-LTR_retrotransposon/Jockey   3819   5007   (13)  116  
  944   11.6  0.1  0.2  NP_60     226257 226409 (203815) + Gypsy_I                                      LTR/Gypsy                        6234   6507    (0)  117  
  310   12.7  9.5  0.0  NP_60     226361 226393 (203831) C Gypsy-31_DWil-I                              LTR/Gypsy                      (7010)    631    593  118 *
 1712   19.1  1.8  2.0  NP_60     226394 226784 (203440) + Gypsy_LTR                                    LTR/Gypsy                           1    390   (92)  117  
  868    8.6  1.6  0.0  NP_60     226871 226998 (203226) + STALKER4_LTR                                 LTR/Gypsy                         250    379   (23)  119  
 7093    9.7  3.8  2.0  NP_60     227186 228596 (201628) + Gypsy-3_DSe-I                                LTR/Gypsy                         285   1787 (4743)  120  
 2146    2.9  0.0  0.4  NP_60     228597 228873 (201351) + Copia_LTR                                    LTR/Copia                           1    276    (0)  121 *
39037    0.3  0.0  0.1  NP_60     228871 233469 (196755) + Copia_I                                      LTR/Copia                           1   4593    (0)  121  
 2146    2.9  0.0  0.4  NP_60     233470 233746 (196478) + Copia_LTR                                    LTR/Copia                           1    276    (0)  121  
 2777    3.0  5.5  0.0  NP_60     233747 234108 (196116) + Gypsy-3_DSe-I                                LTR/Gypsy                        1783   2164 (4366)  120  
16898    1.9  0.7  0.8  NP_60     234127 236281 (193943) + Gypsy-3_DSe-I                                LTR/Gypsy                        4354   6504   (26)  120  
 1233    8.1  0.4  7.3  NP_60     236287 236556 (193668) + Gypsy-3_DSe-LTR                              LTR/Gypsy                           1    379    (0)  120  
  336   23.2  1.0  3.0  NP_60     236643 236707 (193517) C NOMAD_LTR                                    LTR/Gypsy                       (315)    203    141  122  
54225    4.0  1.4  0.8  NP_60     236708 243794 (186430) + Gypsy-3_DSe-I                                LTR/Gypsy                           1   7179  (194)  120  
  907    6.0  0.0  0.0  NP_60     243793 243909 (186315) + Gypsy-3_DSe-LTR                              LTR/Gypsy                         263    379    (0)  123 *
51759    3.5  0.6  0.5  NP_60     244001 250409 (179815) + Gypsy-3_DSe-I                                LTR/Gypsy                         764   7179  (194)  124  
  915    5.1  0.0  0.0  NP_60     250408 250524 (179700) + Gypsy-3_DSe-LTR                              LTR/Gypsy                         263    379    (0)  125 *
43281    3.7  1.6  0.6  NP_60     250616 256962 (173262) + Gypsy-3_DSe-I                                LTR/Gypsy                         764   7179  (194)  126  
  907    6.0  0.0  0.0  NP_60     256961 257077 (173147) + Gypsy-3_DSe-LTR                              LTR/Gypsy                         263    379    (0)  127 *
  329   21.0  1.2  1.2  NP_60     257164 257228 (172996) C NOMAD_LTR                                    LTR/Gypsy                       (315)    203    139  128  
  988   19.6  2.8  5.3  NP_60     257229 257481 (172743) + Gypsy-3_DSe-I                                LTR/Gypsy                           1    247 (7126)  127 *
 6564    2.1  1.9  0.0  NP_60     257478 258285 (171939) + Gypsy-5_DSim-I                               LTR/Gypsy                        6340   7162    (0)  129  
  256   24.8  2.7  4.6  NP_60     258233 258285 (171939) C noCat_dsim_final-B-P113.23-Map3_novel_repeat Other/de_novo                    (54)    809    759  130 *
 2430    5.5  0.7 10.3  NP_60     258286 258689 (171535) + Gypsy-5_DSim-LTR                             LTR/Gypsy                           1    369    (0)  131  
 9328    4.3  3.0  0.6  NP_60     258722 259936 (170288) C DIVER_I                                      LTR/Pao                        (4398)   1245      1  132  
 1210    9.6  0.4 12.5  NP_60     259958 260208 (170016) C DIVER_LTR                                    LTR/Pao                           (0)    224      1  132  
 3031    2.5  0.0  0.0  NP_60     260218 260579 (169645) + Gypsy-9_DSim-LTR                             LTR/Gypsy                           1    362    (0)  133  
  247   13.2  0.0  0.0  NP_60     260580 260615 (169609) + NOMAD_LTR                                    LTR/Gypsy                         110    145  (373)  134  
  428   20.9 14.5  0.6  NP_60     260664 260822 (169402) + Gypsy-3_DSe-LTR                              LTR/Gypsy                         182    362   (17)  135  
  594   24.0  2.2  3.9  NP_60     261048 261268 (168956) + NOMAD_LTR                                    LTR/Gypsy                         188    518    (0)  134 *
44185    5.5  1.7  1.0  NP_60     261256 267155 (163069) + NOMAD_I                                      LTR/Gypsy                           1   5940  (632)  136  
 4190   20.6  1.3  4.0  NP_60     267162 268586 (161638) + NOMAD_I                                      LTR/Gypsy                        6032   7528   (11)  136  
  228    6.2  0.0  0.0  NP_60     268587 268618 (161606) + NOMAD_LTR                                    LTR/Gypsy                           1     32  (486)  136  
  416   21.5 14.5  0.6  NP_60     268667 268825 (161399) + Gypsy-3_DSe-LTR                              LTR/Gypsy                         182    362   (17)  137  
  594   26.2  1.9  4.4  NP_60     269051 269258 (160966) + NOMAD_LTR                                    LTR/Gypsy                         316    518    (0)  134  
  423   10.9  2.7  2.0  NP_60     269264 269413 (160811) C MDG1_I                                       LTR/Gypsy                        (47)   6549   6399  138  
 1252   16.0  4.2  0.7  NP_60     269447 269711 (160513) + DM412B_LTR                                   LTR/Gypsy                         161    434  (137)  139  
 3064   13.5  2.5  3.8  NP_60     269775 270414 (159810) + DM412                                        LTR/Gypsy                           1    632 (5845)  140  
 2236    6.5  1.0  0.0  NP_60     270417 270743 (159481) + Gypsy-2_DSim-LTR                             LTR/Gypsy                           1    405  (758)  141  
 5002   18.2 11.2  0.5  NP_60     270838 271958 (158266) + Gypsy-34_DEl-I                               LTR/Gypsy                          10   1250 (3474)  142  
 6180   20.8  0.2  0.3  NP_60     271961 273189 (157035) + Gypsy-34_DEl-I                               LTR/Gypsy                        1481   2708 (2016)  142  
  654   18.1  0.0  0.8  NP_60     273184 273311 (156913) + Gypsy-34_DEl-I                               LTR/Gypsy                        3510   3636 (1011)  142 *
 1853   20.8  2.3  3.4  NP_60     273309 273991 (156233) + Gypsy-34_DEl-I                               LTR/Gypsy                        3739   4408  (316)  142 *
 2282    6.2  6.8  0.3  NP_60     273974 274453 (155771) + Gypsy-2_DSim-I                               LTR/Gypsy                        3018   3580  (110)  143  
  330    9.6  1.9  0.0  NP_60     274558 274609 (155615) + MDG1_I                                       LTR/Gypsy                          73    125 (6471)  144  
 2582    8.0  0.5  5.2  NP_60     274610 275033 (155191) + MDG1_I                                       LTR/Gypsy                         374    778 (5818)  144  
47994    3.0  0.7  1.2  NP_60     275050 282119 (148105) + Gypsy-5_DSe-I                                LTR/Gypsy                           1   6964  (118)  145  
  368   14.9  1.1  0.0  NP_60     282176 282269 (147955) + Gypsy-5_DSe-I                                LTR/Gypsy                        1126   1220 (5376)  145  
13053    4.8  4.1  0.1  NP_60     282477 284782 (145442) + Gypsy-5_DSe-I                                LTR/Gypsy                        1235   3631 (2965)  145  
 4980    6.5  8.8  0.1  NP_60     284780 285564 (144660) + Gypsy-5_DSe-I                                LTR/Gypsy                        4746   5598  (998)  145 *
 1037    6.2  0.0  0.0  NP_60     285565 285709 (144515) C MDG1_I                                       LTR/Gypsy                       (859)   5737   5593  146 *
 1136    6.0  0.0  0.0  NP_60     285709 285875 (144349) C MDG1_I                                       LTR/Gypsy                      (1651)   4945   4779  146  
  290   21.5  0.0  1.3  NP_60     285866 285945 (144279) + Gypsy-23_DWil-I                              LTR/Gypsy                         544    622 (2429)  147 *
 1574    3.4  0.0  0.0  NP_60     285877 286085 (144139) C MDG1_I                                       LTR/Gypsy                      (3125)   3471   3263  146  
 2656    6.1  0.8  0.3  NP_60     286086 286447 (143777) + Gypsy10_LTR                                  LTR/Gypsy                           1    364    (0)  148  
16513   19.8  1.3  1.9  NP_60     286448 292886 (137338) + Gypsy10_I                                    LTR/Gypsy                           1   6736  (218)  148  
  539    4.9  0.0 10.8  NP_60     292969 293060 (137164) + Gypsy10_I                                    LTR/Gypsy                        5196   5278    (0)  149  
 2656    6.1  0.8  0.3  NP_60     293061 293422 (136802) + Gypsy10_LTR                                  LTR/Gypsy                           1    364    (0)  149  
10576    4.9  4.1  0.0  NP_60     293423 295442 (134782) C MDG1_I                                       LTR/Gypsy                      (3330)   3266   1164  150  
 1018    7.8  2.5  2.2  NP_60     295420 295681 (134543) + MDG1_I                                       LTR/Gypsy                        6213   6594    (2)  151 *
  241    5.3  3.4  4.2  NP_60     295682 295780 (134444) C MDG1_I                                       LTR/Gypsy                      (5635)    894    797  150 *
 1070    9.2  4.8  0.0  NP_60     295663 295962 (134262) + MDG1_LTR                                     LTR/Gypsy                          17    241  (201)  152  
26945    7.1  0.8  1.1  NP_60     295963 302034 (128190) + Gypsy-2_DBp-I                                LTR/Gypsy                           1   5188    (0)  153  
13341    1.1  0.1  1.5  NP_60     302035 303629 (126595) + Gypsy-2_DBp-I                                LTR/Gypsy                        2742   4313  (875)  153 *
27476    3.3  1.1  0.1  NP_60     303629 307111 (123113) + Gypsy-13_DSim-I                              LTR/Gypsy                         626   4145 (1299)  152  
 2276    8.8  5.4  2.1  NP_60     307112 307484 (122740) + DIVER2_LTR                                   LTR/Pao                             1    385    (0)  154  
 1939    4.7  0.0  0.0  NP_60     307485 307737 (122487) + Gypsy-13_DSim-I                              LTR/Gypsy                        4141   4393 (1051)  152  
  801    0.0  0.0  0.0  NP_60     307739 307831 (122393) + ACCORD2_LTR                                  LTR/Gypsy                           1     93  (122)  155 *
 7350    2.0  2.8  0.2  NP_60     307829 308744 (121480) + ACCORD2_I                                    LTR/Gypsy                         112   1051 (6161)  156  
 9761    1.8  0.0  0.2  NP_60     308745 309943 (120281) + ACCORD2_I                                    LTR/Gypsy                        1680   2875 (4337)  156  
 4457    2.5  0.0  0.2  NP_60     309935 310500 (119724) + ACCORD2_I                                    LTR/Gypsy                        6637   7201   (11)  156 *
 1746    0.9  0.9  1.4  NP_60     310501 310716 (119508) + ACCORD2_LTR                                  LTR/Gypsy                           1    215    (0)  156  
 5144   10.5  0.1  6.0  NP_60     310717 311646 (118578) + Gypsy8_I                                     LTR/Gypsy                        2451   3328 (1019)  157  
 2011   22.2  6.4  5.4  NP_60     311700 313102 (117122) + Gypsy-13_DSim-I                              LTR/Gypsy                        3407   4050  (297)  152  
 2942    4.5  0.5  0.0  NP_60     313161 313537 (116687) C STALKER4_LTR                                 LTR/Gypsy                        (23)    379      1  158  
45792    3.2  0.7  0.9  NP_60     313538 319624 (110600) C STALKER4_I                                   LTR/Gypsy                         (0)   6530    379  158  
  406    1.9  0.0  0.0  NP_60     319637 319689 (110535) C STALKER4_LTR                                 LTR/Gypsy                        (93)    309    257  159 *
 1340   17.9  7.7  1.9  NP_60     319689 320040 (110184) + Gypsy-1_DSim-I                               LTR/Gypsy                        5997   6368   (60)  160  
  925   19.2  2.6  2.4  NP_60     320226 320474 (109750) + Gypsy-31_DEl-I                               LTR/Gypsy                         397    639 (6187)  161  
 2323   24.7  2.3  1.4  NP_60     320925 321564 (108660) + Gypsy-31_DEl-I                               LTR/Gypsy                         860   1505 (5321)  161  
11874   11.6  0.2  0.1  NP_60     321572 323352 (106872) + Gypsy-1_DSe-I                                LTR/Gypsy                        1100   2882 (3546)  162  
 2029    5.0  1.1  0.7  NP_60     323353 323632 (106592) C DM412B_LTR                                   LTR/Gypsy                        (89)    482    202  163  
 3641    4.2  3.7  1.2  NP_60     323633 324515 (105709) + Gypsy-1_DSim-LTR                             LTR/Gypsy                           1    522    (0)  160  
56180    2.5  0.3  0.2  NP_60     324516 331780  (98444) + Gypsy-1_DSim-I                               LTR/Gypsy                           1   7021    (1)  160  
 1424    2.5  0.0 16.6  NP_60     331781 332014  (98210) C DM412B_LTR                                   LTR/Gypsy                       (371)    200      1  164  
 9702   14.5  0.1  0.3  NP_60     332015 333599  (96625) + Gypsy-13_DSim-I                              LTR/Gypsy                        3720   5274 (1552)  152  
 2065   18.2  1.4  6.8  NP_60     333606 334518  (95706) + Gypsy-13_DSim-I                              LTR/Gypsy                        3407   5231  (213)  152  
  629    4.5  0.0  0.0  NP_60     334518 334605  (95619) + Gypsy-13_DSim-LTR                            LTR/Gypsy                         115    194  (577)  165 *
15984    2.8  0.5  0.1  NP_60     334607 336586  (93638) C R1_DSi                                       Non-LTR_retrotransposon/R1        (5)   5429   3441  166  
 2536   18.9  1.3  8.1  NP_60     336576 338208  (92016) + Gypsy8_I                                     LTR/Gypsy                        2865   5231  (213)  167 *
  607    3.8  0.0  0.0  NP_60     338208 338287  (91937) + Gypsy-13_DSim-LTR                            LTR/Gypsy                         115    194  (577)  168 *
15939    2.9  0.5  0.1  NP_60     338297 340276  (89948) C R1_DSi                                       Non-LTR_retrotransposon/R1        (5)   5429   3441  169  
 2536   18.8  1.3  8.2  NP_60     340266 341899  (88325) + Gypsy8_I                                     LTR/Gypsy                        2865   5231  (213)  170 *
  607    3.8  0.0  0.0  NP_60     341899 341978  (88246) + Gypsy-13_DSim-LTR                            LTR/Gypsy                         115    194  (577)  171 *
 4936    4.2  1.4  0.0  NP_60     341988 342625  (87599) C R1_DSi                                       Non-LTR_retrotransposon/R1        (5)   5429   4783  172  
 1370    6.7  0.0  0.0  NP_60     342627 342806  (87418) C R1_DM                                        Non-LTR_retrotransposon/R1      (856)   4500   4321  173  
 3897    2.9  0.8  0.0  NP_60     342848 343334  (86890) C R1_DSi                                       Non-LTR_retrotransposon/R1     (3162)   2272   1782  172  
 2010    7.5  0.7  0.0  NP_60     343321 343598  (86626) C R1_DSi                                       Non-LTR_retrotransposon/R1     (3918)   1516   1237  172 *
 1354   12.5 14.0  0.0  NP_60     343602 343865  (86359) C R1_DM                                        Non-LTR_retrotransposon/R1     (4747)    609    309  174  
 1008   12.2 11.2  4.6  NP_60     343855 344078  (86146) C R1_DSi                                       Non-LTR_retrotransposon/R1     (5170)    264     27  172 *
12426    4.0  0.2  0.1  NP_60     344082 345661  (84563) C R1_DSi                                       Non-LTR_retrotransposon/R1      (411)   5023   3441  175  
 2563   11.1  0.0  9.3  NP_60     345651 346157  (84067) + Gypsy8_I                                     LTR/Gypsy                        2865   3328 (1019)  176 *
 2079   19.3  1.4  7.6  NP_60     346240 347277  (82947) + Gypsy8_I                                     LTR/Gypsy                        3407   5231  (213)  170  
  607    3.8  0.0  0.0  NP_60     347277 347356  (82868) + Gypsy-13_DSim-LTR                            LTR/Gypsy                         115    194  (577)  177 *
11086    4.6  2.5  0.1  NP_60     347366 348832  (81392) C R1_DSi                                       Non-LTR_retrotransposon/R1        (5)   5429   3927  178  
 5825    1.8  0.9  0.4  NP_60     348833 349961  (80263) C ROO_I                                        LTR/Pao                           (0)   8256   7556  179 *
56919    0.4  0.7  0.2  NP_60     349961 357147  (73077) C ROO_I                                        LTR/Pao                        (1470)   6786      1  179  
 2801    1.2 24.5  0.0  NP_60     357148 357541  (72683) C R1_DSi                                       Non-LTR_retrotransposon/R1     (1503)   3931   3441  180  
 2503   13.6  1.3  8.1  NP_60     357531 358100  (72124) + Gypsy8_I                                     LTR/Gypsy                        2865   3310 (1037)  181 *
 2033   18.5  1.5  7.8  NP_60     358094 359105  (71119) + Gypsy8_I                                     LTR/Gypsy                        3407   5231  (213)  181 *
  629    4.5  0.0  0.0  NP_60     359114 359201  (71023) + Gypsy-13_DSim-LTR                            LTR/Gypsy                         115    194  (577)  182  
11680    3.4  0.7  0.1  NP_60     359203 360672  (69552) C R1_DSi                                       Non-LTR_retrotransposon/R1        (5)   5429   3951  183  
  230    3.5  0.0  0.0  NP_60     360676 360704  (69520) C R1_DSi                                       Non-LTR_retrotransposon/R1     (1452)   3982   3954  183 *
12112    2.7  0.1  0.1  NP_60     360693 362185  (68039) C R1_DSi                                       Non-LTR_retrotransposon/R1      (501)   4933   3441  184  
 1042   11.3  0.0  3.6  NP_60     362175 362348  (67876) + Gypsy8_I                                     LTR/Gypsy                        2865   3032 (1315)  185 *
 3476    3.6  0.6  7.5  NP_60     362349 362863  (67361) + DM412B_LTR                                   LTR/Gypsy                           1    482   (89)  186  
 8685    5.4  2.7  1.1  NP_60     362864 364117  (66107) + DM412                                        LTR/Gypsy                           1   1274 (5203)  187  
 6390    7.2  0.0  0.0  NP_60     364106 364995  (65229) + DM412                                        LTR/Gypsy                        1399   2288 (4189)  187 *
 2165   14.1  1.0  2.5  NP_60     364996 365403  (64821) + GTWIN_LTR                                    LTR/Gypsy                           1    402   (93)  188  
23286    3.4  0.0  0.2  NP_60     365561 368500  (61724) + DM412                                        LTR/Gypsy                        2285   5218 (1259)  189  
 5348    4.0  0.0  1.0  NP_60     368502 369239  (60985) + DM412                                        LTR/Gypsy                        5763   6477    (0)  189  
 3476    3.6  0.6  7.5  NP_60     369224 369738  (60486) + DM412B_LTR                                   LTR/Gypsy                           1    482   (89)  190 *
 8688    5.5  2.6  0.9  NP_60     369739 370991  (59233) + DM412                                        LTR/Gypsy                           1   1274 (5203)  191  
 6390    7.2  0.0  0.0  NP_60     370980 371869  (58355) + DM412                                        LTR/Gypsy                        1399   2288 (4189)  191 *
 2165   14.1  1.0  2.5  NP_60     371870 372277  (57947) + GTWIN_LTR                                    LTR/Gypsy                           1    402   (93)  192  
23286    3.4  0.0  0.2  NP_60     372435 375374  (54850) + DM412                                        LTR/Gypsy                        2285   5218 (1259)  193  
 5342    4.0  0.0  1.1  NP_60     375376 376114  (54110) + DM412                                        LTR/Gypsy                        5763   6477    (0)  193  
 3476    3.6  0.6  7.5  NP_60     376099 376613  (53611) + DM412B_LTR                                   LTR/Gypsy                           1    482   (89)  194 *
 1005   11.5 23.0  1.2  NP_60     376612 376859  (53365) + Gypsy8_I                                     LTR/Gypsy                        3027   3328 (1019)  193 *
 2075   19.1  1.4  7.4  NP_60     376948 377984  (52240) + Gypsy8_I                                     LTR/Gypsy                        3407   5231  (213)  185  
  629    4.5  0.0  0.0  NP_60     377984 378071  (52153) + Gypsy-13_DSim-LTR                            LTR/Gypsy                         115    194  (577)  195 *
16035    2.7  0.5  0.1  NP_60     378073 380052  (50172) C R1_DSi                                       Non-LTR_retrotransposon/R1        (5)   5429   3441  196  
 2486   11.7  0.0  9.3  NP_60     380042 380548  (49676) + Gypsy8_I                                     LTR/Gypsy                        2865   3328 (1019)  197 *
40776    4.2  0.6  1.4  NP_60     380604 388503  (41721) + Gypsy12_I                                    LTR/Gypsy                           1   5546    (0)  198  
16240    6.2  1.2  3.0  NP_60     388504 390880  (39344) + Gypsy12_LTR                                  LTR/Gypsy                           1   2336    (0)  198  
 1969   18.9  3.7  7.6  NP_60     390918 391941  (38283) + Gypsy8_I                                     LTR/Gypsy                        3407   5231  (213)  199  
  623    5.6  0.0  0.0  NP_60     391941 392028  (38196) + Gypsy-13_DSim-LTR                            LTR/Gypsy                         115    194  (577)  200 *
16090    2.5  0.5  0.1  NP_60     392030 394009  (36215) C R1_DSi                                       Non-LTR_retrotransposon/R1        (5)   5429   3441  201  
 2276   11.0  3.7  9.3  NP_60     393999 394487  (35737) + Gypsy8_I                                     LTR/Gypsy                        2865   3328 (1019)  202 *
 2087   19.2  1.4  7.6  NP_60     394576 395613  (34611) + Gypsy8_I                                     LTR/Gypsy                        3407   5231  (213)  199  
  629    4.5  0.0  0.0  NP_60     395613 395700  (34524) + Gypsy-13_DSim-LTR                            LTR/Gypsy                         115    194  (577)  203 *
 4123    3.6  1.7  0.0  NP_60     395702 396226  (33998) C R1_DSi                                       Non-LTR_retrotransposon/R1        (5)   5429   4896  204  
  496    5.6  1.2  0.2  NP_60     396236 396327  (33897) C R1_DSi                                       Non-LTR_retrotransposon/R1     (1424)   4010   3951  205 *
12146    2.7  0.1  0.1  NP_60     396316 397811  (32413) C R1_DSi                                       Non-LTR_retrotransposon/R1      (501)   4933   3438  206  
 2512   11.5  0.0  9.3  NP_60     397798 398304  (31920) + Gypsy8_I                                     LTR/Gypsy                        2865   3328 (1019)  207 *
 1733   20.2  1.7  7.8  NP_60     398393 399059  (31165) + Gypsy8_I                                     LTR/Gypsy                        4889   5231  (213)  199  
 7296    2.1  1.6  0.0  NP_60     399063 399960  (30264) C R1_DSi                                       Non-LTR_retrotransposon/R1     (1092)   4342   3431  208 *
18583    2.2  1.3  0.0  NP_60     399959 402245  (27979) C R1_DSi                                       Non-LTR_retrotransposon/R1      (626)   4808   2493  209  
  345   10.9  0.0  0.0  NP_60     402250 402304  (27920) C R1_DSi                                       Non-LTR_retrotransposon/R1     (4339)   1095   1041  210  
  863   12.0  0.0  0.7  NP_60     402305 402447  (27777) + DM412B_LTR                                   LTR/Gypsy                           1    142  (429)  211  
  563   21.5  4.3  1.6  NP_60     402448 402631  (27593) + DM412B_LTR                                   LTR/Gypsy                         277    465  (106)  211  
 6226   12.8  3.5  2.4  NP_60     402647 403895  (26329) + DM412                                        LTR/Gypsy                           1   1263 (5214)  212  
 4664   11.2  0.1  1.7  NP_60     403990 404771  (25453) + DM412                                        LTR/Gypsy                        1259   2100 (4369)  212  
 2764   13.7  0.2  0.8  NP_60     405022 405522  (24702) + Gypsy-53_DEl-I                               LTR/Gypsy                          87    584 (6012)  213  
  658   23.3  3.0 13.7  NP_60     405629 406313  (23911) + Gypsy-53_DEl-I                               LTR/Gypsy                         572   1514 (4600)  213  
10992    3.3  2.4  0.1  NP_60     406314 407749  (22475) + Gypsy-8_DSim-I                               LTR/Gypsy                           3   1470 (3942)  214  
 3507    2.7  0.0  0.0  NP_60     407752 408195  (22029) + Gypsy-8_DSim-I                               LTR/Gypsy                        2001   2444 (2968)  214  
 3206    4.0  0.0  0.0  NP_60     408195 408596  (21628) + Gypsy-8_DSim-I                               LTR/Gypsy                        1069   1470 (3942)  215 *
12335    3.0  1.1  0.0  NP_60     408599 410171  (20053) + Gypsy-8_DSim-I                               LTR/Gypsy                        2001   3591 (1821)  215  
  280   28.9  6.2  0.7  NP_60     410705 410833  (19391) + HMSBEAGLE_I                                  LTR/Gypsy                         196    331 (4492)  216  
  356   16.8  3.4 10.9  NP_60     410986 411132  (19092) + Gypsy-10_DMoj-LTR                            LTR/Gypsy                         546    682 (2344)  217  
 1548   32.8  0.6  0.7  NP_60     411754 412530  (17694) + HMSBEAGLE_I                                  LTR/Gypsy                         921   2113 (4416)  216  
 7999   26.9  0.9  0.9  NP_60     412738 416219  (14005) + Gypsy-53_DEl-I                               LTR/Gypsy                           1   5159 (1386)  213  
 3499   28.3  2.3  2.0  NP_60     416249 417916  (12308) + Gypsy-53_DEl-I                               LTR/Gypsy                        2376   4047  (342)  213  
12011    3.9  4.3  1.9  NP_60     418293 420031  (10193) + Gypsy-8_DSim-I                               LTR/Gypsy                        3577   5355   (57)  218  
 2768   13.7  0.2  0.8  NP_60     420248 420748   (9476) + Gypsy-8_DSim-I                               LTR/Gypsy                          87    584 (6012)  219  
  664   16.1  3.5  5.2  NP_60     420855 421120   (9104) + Gypsy-8_DSim-I                               LTR/Gypsy                         572    866 (5603)  219  
 3476   11.5  7.2  1.7  NP_60     421260 422064   (8160) + Gypsy-8_DSim-I                               LTR/Gypsy                           3   1531 (4583)  219  
 2949   10.3  1.2  0.6  NP_60     423534 424012   (6212) + DM412B_LTR                                   LTR/Gypsy                           1    482   (89)  220  
  266   24.1  3.4  2.2  NP_60     424285 424373   (5851) + Gypsy5_I                                     LTR/Gypsy                        3985   4074 (2435)  221  
  673   13.5 24.9  0.0  NP_60     424406 424602   (5622) C DNAREP1_DSim                                 RC/Helitron                      (20)    672    427  222 *
  826    8.3 16.9  1.5  NP_60     424592 424785   (5439) C DNAREP1_DSim                                 RC/Helitron                      (94)    473    264  223  
  415    7.1 10.0  0.0  NP_60     424787 424856   (5368) C DNAREP1_DSim                                 RC/Helitron                     (615)     77      1  223  
  279    5.6  0.0  0.0  NP_60     426563 426598   (3626) C Hoyak2                                       DNA/hAT-Ac                     (2525)     36      1  224  
 1838   16.8  5.4  1.4  NP_60     426599 427062   (3162) C DNAREP1_DSim                                 RC/Helitron                      (92)    701    254  225  
  392   20.4  0.0  1.1  NP_60     428635 428646   (1578) + Transib-1_DRh                                DNA/CMC-Transib                   664    674 (2322)  226  
 1791    8.6 10.4  1.6  NP_60     428647 429102   (1122) C DNAREP1_DM                                   RC/Helitron                       (0)    692      4  227  
