   SW   perc perc perc  query     position in query        matching                                     repeat                           position in repeat
score   div. del. ins.  sequence  begin  end      (left)   repeat                                       class/family                   begin  end    (left)  ID

  420   28.1  2.7  3.6  NP_61          1    224 (487320) + Gypsy-5_DSim-I                               LTR/Gypsy                        5793   5982 (1180)   1  
  976   33.2  3.6  2.3  NP_61        700   1561 (485983) + Gypsy_I                                      LTR/Gypsy                        4871   5371  (676)   2  
  254   22.2  3.6  2.4  NP_61       1572   1654 (485890) + Gypsy8-I_Dya                                 LTR/Gypsy                       10227  10310    (1)   3  
  313    9.1  0.0  0.0  NP_61       2015   2058 (485486) + Gypsy-13_DSim-LTR                            LTR/Gypsy                         427    470  (301)   4  
 7839   12.4  0.1  0.0  NP_61       2079   3184 (484360) + Gypsy_I                                      LTR/Gypsy                        5384   6490   (17)   2  
  412   12.9  2.3  3.5  NP_61       3183   3270 (484274) + Gypsy_LTR                                    LTR/Gypsy                         319    405   (77)   5 *
 3383   11.5  3.4  2.6  NP_61       3249   3884 (483660) + STALKER4_I                                   LTR/Gypsy                         509   1274 (5256)   6 *
 8861    3.4  2.4  0.0  NP_61       3882   4942 (482602) + Gypsy-13_DSim-I                              LTR/Gypsy                        3308   4393 (1051)   7  
 2541    6.1  0.8 10.4  NP_61       4948   5347 (482197) + Gypsy-5_DSim-LTR                             LTR/Gypsy                           5    369    (0)   8  
  768   11.6  1.4  4.3  NP_61       5356   5499 (482045) + Gypsy-5_DSim-I                               LTR/Gypsy                           1    140 (7022)   8  
  954    2.5 42.9  0.0  NP_61       5500   5693 (481851) + Gypsy4_LTR                                   LTR/Gypsy                           1    279    (8)   9  
 1931   11.2 10.2  0.8  NP_61       5694   6045 (481499) C DIVER2_LTR                                   LTR/Pao                           (0)    385      1  10  
 4377    6.5  0.3  0.2  NP_61       6046   6712 (480832) C BEL-6_DYa-I                                  LTR/Pao                           (0)   5475   4960  10 *
 6857    3.4  0.6  0.0  NP_61       6706   7495 (480049) C BEL-6_DYa-I                                  LTR/Pao                        (4680)    795      1  10  
  290   10.9  2.1  2.1  NP_61       7474   7520 (480024) C BEL-6_DYa-I                                  LTR/Pao                        (5648)     47      1  10 *
 1958   10.9 10.2  0.8  NP_61       7497   7848 (479696) C DIVER2_LTR                                   LTR/Pao                           (0)    385      1  10  
 7632    2.6  6.7  0.3  NP_61       7864   8817 (478727) + Gypsy4_I                                     LTR/Gypsy                           3   1017 (5271)  11  
 1543    0.6  0.0  0.0  NP_61       8822   8991 (478553) + Gypsy4_I                                     LTR/Gypsy                        1299   1468 (4820)  11  
28949    1.7  0.1  0.2  NP_61       9000  12260 (475284) + Gypsy4_I                                     LTR/Gypsy                        1778   5032 (1256)  11  
  865    9.2  2.1  2.3  NP_61      12260  12404 (475140) + DMCR1A                                      LINE/CR1      3574   3670  (800)  12 *
11334    1.5  0.4  0.1  NP_61      12361  13619 (473925) + Gypsy4_I                                     LTR/Gypsy                        5026   6432  (380)  13  
 2518    2.1  0.3  0.0  NP_61      13620  13905 (473639) + Gypsy4_LTR                                   LTR/Gypsy                           1    287    (0)  13  
 4216    8.9  7.5  0.7  NP_61      13906  14580 (472964) + ZAM_I                                        LTR/Gypsy                         642   1362 (6128)  14  
46729    6.1  0.7  0.4  NP_61      14600  20406 (467138) + ZAM_I                                        LTR/Gypsy                           1   9637  (674)  14  
  244   26.4  5.4  6.1  NP_61      20407  20555 (466989) C noCat_dsim_final-B-P113.23-Map3_novel_repeat DNA/RC                     (8)    855    708  15  
46729    6.1  0.7  0.4  NP_61      20556  20959 (466585) + ZAM_I                                        LTR/Gypsy                        9638  10310    (1)  14  
  335   21.0  7.9  0.9  NP_61      20960  21031 (466513) + ZAM_LTR                                      LTR/Gypsy                         394    472    (0)  14  
 5881   11.0  1.4  5.1  NP_61      21032  22072 (465472) + Gypsy8_I                                     LTR/Gypsy                        2457   3328 (1019)  16  
 1363    2.5  0.0  0.0  NP_61      22292  22452 (465092) + Gypsy-13_DSim-LTR                            LTR/Gypsy                          33    193  (578)  17  
 7673    3.5  1.2  0.0  NP_61      22460  23352 (464192) C R1_DSi                                      LINE/R1        (5)   5429   4526  18  
11735    5.3  5.0  0.3  NP_61      23353  24844 (462700) C R1_DM                                       LINE/R1     (2003)   3353   1792  19 *
15866    0.9  0.1  0.1  NP_61      24841  26663 (460881) C Gypsy-8_DSe-I                                LTR/Gypsy                      (3116)   3365   1543  20  
  270   10.0  0.0  0.0  NP_61      26647  26686 (460858) C BARI1                                        DNA/TcMar-Tc1                  (1708)     42      3  21 *
  773   11.5  7.0  6.3  NP_61      26655  26812 (460732) + IDEFIX_LTR                                   LTR/Gypsy                           1    159  (435)  22  
  274   17.6  6.1 11.0  NP_61      26825  26927 (460617) + IDEFIX_LTR                                   LTR/Gypsy                         125    259  (365)  22  
 2049    8.3  4.9  1.3  NP_61      26928  27272 (460272) + Gypsy-12_DSim-LTR                            LTR/Gypsy                           2    328    (3)  23 *
30415    7.6  1.6  0.1  NP_61      27243  32240 (455304) + Gypsy-12_DSim-I                              LTR/Gypsy                           1   5111  (517)  24  
38710    5.6  0.3  0.2  NP_61      32291  37864 (449680) C Gypsy-12_DSim-I                              LTR/Gypsy                       (517)   5111      1  25  
 1275    8.3  1.9  1.7  NP_61      37835  38044 (449500) C Gypsy-12_DSim-LTR                            LTR/Gypsy                         (3)    328    149  26 *
  332   18.8  1.5  8.0  NP_61      38047  38182 (449362) C IDEFIX_LTR                                   LTR/Gypsy                       (294)    300    125  27  
  773   11.5  7.0  6.3  NP_61      38195  38352 (449192) C IDEFIX_LTR                                   LTR/Gypsy                       (435)    159      1  27  
  271   11.9  0.0  0.0  NP_61      38321  38362 (449182) + BARI1                                        DNA/TcMar-Tc1                       3     44 (1706)  28 *
 8874    1.0  0.8  0.0  NP_61      38353  39351 (448193) C Gypsy-8_DSe-I                                LTR/Gypsy                      (5322)   1159    153  29  
13571    2.5  0.8  0.0  NP_61      39352  40919 (446625) C DMCR1A                                      LINE/CR1       (0)   4560   2910  30  
 1308    2.0  0.0  0.0  NP_61      40930  41082 (446462) C Gypsy-8_DSe-I                                LTR/Gypsy                      (6328)    153      1  31  
 2158    2.8  0.0  0.4  NP_61      41083  41336 (446208) C Gypsy-8_DSe-LTR                              LTR/Gypsy                         (0)    288     36  31 *
 5482    4.7  0.3  0.6  NP_61      41322  41985 (445559) C R1_DSi                                      LINE/R1     (3238)   2196   1535  32  
 1760    9.8 11.7  0.0  NP_61      41996  42269 (445275) C R1_DM                                       LINE/R1     (4742)    614    309  33  
 1160   12.6 10.7  5.1  NP_61      42259  42501 (445043) C R1_DSi                                      LINE/R1     (5170)    264      9  34 *
 4774    9.5  0.5  0.0  NP_61      42485  43114 (444430) C R1_DSi                                      LINE/R1      (411)   5023   4391  34  
14387    6.2  8.8  1.4  NP_61      43152  45245 (442299) C R1_DSi                                      LINE/R1     (3162)   2272     27  35  
 4799    9.4  0.5  0.0  NP_61      45249  45878 (441666) C R1_DSi                                      LINE/R1      (411)   5023   4391  36  
13966    6.5  4.3  0.4  NP_61      45915  47752 (439792) C R1_DSe                                      LINE/R1     (3159)   2258    350  37  
 1180   12.1 10.7  5.1  NP_61      47753  47995 (439549) C R1_DSi                                      LINE/R1     (5170)    264      9  38 *
 4783    9.5  0.5  0.0  NP_61      47979  48608 (438936) C R1_DSi                                      LINE/R1      (411)   5023   4391  38  
14869    6.4  7.6  0.9  NP_61      48645  50768 (436776) C R1_DSi                                      LINE/R1     (3162)   2272      9  39  
 4783    9.5  0.5  0.0  NP_61      50752  51381 (436163) C R1_DSi                                      LINE/R1      (411)   5023   4391  39 *
 6277    3.9  0.0  0.5  NP_61      51419  52160 (435384) C R1_DSi                                      LINE/R1     (3162)   2272   1535  40  
 2112   11.5  0.3  0.0  NP_61      52171  52475 (435069) C R1_DM                                       LINE/R1     (4742)    614    309  41  
 1180   12.1 10.7  5.1  NP_61      52465  52707 (434837) C R1_DSi                                      LINE/R1     (5170)    264      9  42 *
 4779    9.5  0.5  0.0  NP_61      52691  53320 (434224) C R1_DSi                                      LINE/R1      (411)   5023   4391  42  
14396    6.5  9.0  1.0  NP_61      53360  55457 (432087) C R1_DSi                                      LINE/R1     (3162)   2272      9  43  
 4772    9.5  0.5  0.0  NP_61      55441  56070 (431474) C R1_DSi                                      LINE/R1      (411)   5023   4391  43 *
14427    6.6  8.8  1.0  NP_61      56107  58209 (429335) C R1_DSi                                      LINE/R1     (3162)   2272      9  43  
 4772    9.5  0.5  0.0  NP_61      58193  58822 (428722) C R1_DSi                                      LINE/R1      (411)   5023   4391  43 *
14360    6.6  9.4  0.7  NP_61      58858  60940 (426604) C R1_DSi                                      LINE/R1     (3162)   2272      9  43  
 4783    9.5  0.5  0.0  NP_61      60924  61553 (425991) C R1_DSi                                      LINE/R1      (411)   5023   4391  43 *
14684    6.8  7.6  1.1  NP_61      61590  63716 (423828) C R1_DSi                                      LINE/R1     (3162)   2272      9  43  
 4783    9.5  0.5  0.0  NP_61      63700  64329 (423215) C R1_DSi                                      LINE/R1      (411)   5023   4391  43 *
14691    6.8  7.6  1.0  NP_61      64367  66491 (421053) C R1_DSi                                      LINE/R1     (3162)   2272      9  43  
 4810    9.4  0.5  0.0  NP_61      66475  67104 (420440) C R1_DSi                                      LINE/R1      (411)   5023   4391  43 *
14698    6.7  7.7  1.0  NP_61      67144  69266 (418278) C R1_DSi                                      LINE/R1     (3162)   2272      9  43  
 4820    9.2  0.5  0.0  NP_61      69250  69879 (417665) C R1_DSi                                      LINE/R1      (411)   5023   4391  43 *
 6277    3.9  0.0  0.5  NP_61      69915  70656 (416888) C R1_DSi                                      LINE/R1     (3162)   2272   1535  44  
 2112   11.5  0.3  0.0  NP_61      70667  70971 (416573) C R1_DM                                       LINE/R1     (4742)    614    309  45  
  668   11.5 16.9  6.1  NP_61      70961  71108 (416436) C R1_DSi                                      LINE/R1     (5170)    264    102  46 *
 3740    3.8  0.6  7.3  NP_61      71109  71622 (415922) + DM412_LTR                                   LTR/Gypsy                           1    482   (89)  47  
 5124    7.0  1.3  1.8  NP_61      71623  72357 (415187) + MDG1_I                                       LTR/Gypsy                           1    993 (5065)  48  
40131    2.8  2.0  0.1  NP_61      72371  77175 (410369) + DM412_I                                        LTR/Gypsy                        1246   6139  (338)  48  
 2110    4.3  1.3  0.0  NP_61      77172  77460 (410084) + DM412_LTR                                   LTR/Gypsy                         139    482   (89)  49 *
  507   14.4  1.0  3.1  NP_61      77460  77559 (409985) C R1_DSi                                      LINE/R1     (5328)    106      9  50 *
 4821    9.2  0.5  0.0  NP_61      77543  78172 (409372) C R1_DSi                                      LINE/R1      (411)   5023   4391  50  
 6221    3.9  0.1  0.5  NP_61      78208  78948 (408596) C R1_DSi                                      LINE/R1     (3162)   2272   1535  51  
 2112   11.5  0.3  0.0  NP_61      78959  79263 (408281) C R1_DM                                       LINE/R1     (4742)    614    309  52  
 1131   13.0 10.7  5.1  NP_61      79253  79495 (408049) C R1_DSi                                      LINE/R1     (5170)    264      9  53 *
 4821    9.2  0.5  0.0  NP_61      79479  80108 (407436) C R1_DSi                                      LINE/R1      (411)   5023   4391  53  
 6127    4.5  0.0  1.8  NP_61      80144  80894 (406650) C R1_DSi                                      LINE/R1     (3162)   2272   1535  54  
 1953   10.6  0.0  0.0  NP_61      80905  81178 (406366) C R1_DM                                       LINE/R1     (4742)    614    341  55  
  627    2.7  2.7  0.0  NP_61      81180  81254 (406290) + R1_DSi                                      LINE/R1       2196   2272 (3162)  56  
 4600   10.0  1.9  0.0  NP_61      81288  81908 (405636) + R1_DSi                                      LINE/R1       4391   5023  (411)  57  
 1149   13.0 10.7  5.1  NP_61      81892  82134 (405410) + R1_DSi                                      LINE/R1          9    264 (5170)  57 *
 4862    8.1  4.6  0.6  NP_61      82135  82828 (404716) + R1_DSe                                      LINE/R1        350   1071 (4346)  58  
  956    6.7  0.4  0.3  NP_61      82808  82975 (404569) C Gypsy-13_DSim-LTR                            LTR/Gypsy                        (38)    228      1  59 *
 2747   17.5  4.6  6.1  NP_61      82976  84122 (403422) C Gypsy8_I                                     LTR/Gypsy                       (244)   5200   3407  59  
 5853   13.5  2.3  6.8  NP_61      84136  85475 (402069) C Gypsy8_I                                     LTR/Gypsy                      (1019)   3328   2457  60  
  243   26.7  2.8  1.9  NP_61      85476  85553 (401991) C ZAM_LTR                                      LTR/Gypsy                         (0)    472    394  61  
14197    7.6  1.2  0.8  NP_61      85554  85962 (401582) C ZAM_I                                        LTR/Gypsy                         (0)   7490   7142  61  
  232   26.5  5.3  7.4  NP_61      85963  86113 (401431) + noCat_dsim_final-B-P113.23-Map3_novel_repeat DNA/RC                     708    855    (8)  62  
14197    7.6  1.2  0.8  NP_61      86114  87828 (399716) C ZAM_I                                        LTR/Gypsy                         (0)   7141   5676  61  
35915    6.1  0.3  0.5  NP_61      87830  88133 (399411) C ZAM_I                                        LTR/Gypsy                         (3)   7487   7011  61  
  244   26.4  5.4  6.1  NP_61      88134  88282 (399262) + noCat_dsim_final-B-P113.23-Map3_novel_repeat DNA/RC                     708    855    (8)  63  
35915    6.1  0.3  0.5  NP_61      88283  92734 (394810) C ZAM_I                                        LTR/Gypsy                         (3)   7010      1  61  
11410    7.2  1.6  1.2  NP_61      92735  94609 (392935) C R1_DSi                                      LINE/R1     (3214)   2220      9  64  
 4772    9.1  0.6  0.3  NP_61      94593  95223 (392321) C R1_DM                                       LINE/R1      (406)   4950   4318  65 *
11649    7.7  1.6  1.2  NP_61      95254  97179 (390365) C R1_DSi                                      LINE/R1     (3162)   2272      9  66  
 4698   10.0  0.5  0.0  NP_61      97163  97792 (389752) C R1_DSi                                      LINE/R1      (411)   5023   4391  66 *
11737    7.3  1.9  1.2  NP_61      97828  99749 (387795) C R1_DSi                                      LINE/R1     (3162)   2272      9  67  
 4685    9.5  0.6  0.2  NP_61      99733 100362 (387182) C R1_DM                                       LINE/R1      (406)   4950   4318  68 *
 3017    3.4  1.1  1.1  NP_61     100399 100761 (386783) C R1_DM                                       LINE/R1     (3157)   2199   1837  69  
 6275    4.7  0.1  0.0  NP_61     100765 101505 (386039) C R1_DSi                                      LINE/R1     (3794)   1640    899  70  
 3292    7.5  0.7  0.0  NP_61     101504 101916 (385628) C R1_DM                                       LINE/R1      (623)   4733   4318  71 *
11671    4.2  0.1  0.3  NP_61     101956 103328 (384216) C R1_DSi                                      LINE/R1     (3166)   2268    899  72  
 3292    7.5  0.7  0.0  NP_61     103327 103739 (383805) C R1_DM                                       LINE/R1      (623)   4733   4318  73 *
11699    3.9  0.4  0.3  NP_61     103769 105141 (382403) C R1_DSi                                      LINE/R1     (3162)   2272    899  74  
 3216    8.5  0.7  0.0  NP_61     105140 105552 (381992) C R1_DM                                       LINE/R1      (623)   4733   4318  75 *
11285    4.4  1.7  0.3  NP_61     105589 106943 (380601) C R1_DSi                                      LINE/R1     (3162)   2272    899  76  
 3265    7.8  0.7  0.0  NP_61     106942 107354 (380190) C R1_DM                                       LINE/R1      (623)   4733   4318  77 *
 8653    4.2  0.2  0.4  NP_61     107390 108408 (379136) C R1_DSi                                      LINE/R1     (3162)   2272   1256  78  
 2097   11.3  0.3  0.0  NP_61     108408 108708 (378836) C R1_DM                                       LINE/R1     (4746)    610    309  79 *
 1108   13.1 11.2  4.2  NP_61     108698 108920 (378624) C R1_DSi                                      LINE/R1     (5170)    264     27  80 *
 4629    9.4  0.5  2.7  NP_61     108924 109567 (377977) C R1_DSi                                      LINE/R1      (411)   5023   4394  81  
11760    4.1  0.1  0.3  NP_61     109606 110982 (376562) C R1_DSi                                      LINE/R1     (3162)   2272    899  82  
 3245    8.2  0.7  0.0  NP_61     110981 111393 (376151) C R1_DM                                       LINE/R1      (623)   4733   4318  83 *
 8655    4.2  0.2  0.4  NP_61     111429 112447 (375097) C R1_DSi                                      LINE/R1     (3162)   2272   1256  84  
 2106   11.0  0.3  0.0  NP_61     112447 112747 (374797) C R1_DM                                       LINE/R1     (4746)    610    309  85 *
 1065   14.7 10.7  5.1  NP_61     112737 112979 (374565) C R1_DSi                                      LINE/R1     (5170)    264      9  86 *
 4619    9.4  0.5  2.7  NP_61     112963 113606 (373938) C R1_DSi                                      LINE/R1      (411)   5023   4394  86  
11728    4.1  0.1  0.3  NP_61     113644 115019 (372525) C R1_DSi                                      LINE/R1     (3162)   2272    899  87  
 3179    9.0  0.7  0.0  NP_61     115018 115430 (372114) C R1_DM                                       LINE/R1      (623)   4733   4318  88 *
 8329    4.0  2.4  0.4  NP_61     115465 116461 (371083) C R1_DSi                                      LINE/R1     (3162)   2272   1256  89  
 2128   11.0  0.3  0.0  NP_61     116461 116761 (370783) C R1_DM                                       LINE/R1     (4746)    610    309  90 *
 1147   13.8 10.3  4.7  NP_61     116751 116993 (370551) C R1_DSi                                      LINE/R1     (5170)    264      9  91 *
 4579    9.1  0.6  2.9  NP_61     116977 117620 (369924) C R1_DM                                       LINE/R1      (406)   4950   4321  92  
 8617    4.4  0.2  0.4  NP_61     117660 118678 (368866) C R1_DSi                                      LINE/R1     (3162)   2272   1256  93  
 2137   11.2  3.4  0.3  NP_61     118678 119056 (368488) C R1_DM                                       LINE/R1     (4746)    610    160  94 *
 4531    2.6  0.2  1.5  NP_61     119057 119594 (367950) + NOMAD_LTR                                    LTR/Gypsy                           1    518    (0)  95 *
 7755    0.7  0.1  0.1  NP_61     119576 120439 (367105) + NOMAD_I                                      LTR/Gypsy                           1    858 (5714)  96  
 7527    0.6  0.8  3.8  NP_61     120420 121291 (366253) + NOMAD_I                                      LTR/Gypsy                        5726   6572    (0)  96 *
 4558    1.9  0.0  1.4  NP_61     121292 121816 (365728) + NOMAD_LTR                                    LTR/Gypsy                           1    518    (0)  96  
  843   14.8  0.6  1.9  NP_61     121817 121974 (365570) C R1_DSi                                      LINE/R1     (5270)    164      9  97 *
 4646    9.6  1.4  0.0  NP_61     121958 122581 (364963) C R1_DSi                                      LINE/R1      (411)   5023   4391  97  
10976    7.1  2.1  1.1  NP_61     122615 124450 (363094) C R1_DSi                                      LINE/R1     (3158)   2276      9  98 *
12672    4.5  4.3  1.1  NP_61     124434 126036 (361508) C R1_DSi                                      LINE/R1      (411)   5023   3370  98  
 7013    1.7  0.1  0.0  NP_61     126034 126812 (360732) C R1_DSi                                      LINE/R1     (2536)   2898   2119  98 *
 1978   10.3  7.8  1.1  NP_61     126813 127145 (360399) C DM412_LTR                                   LTR/Gypsy                        (89)    482    128  99  
  241    9.3  4.5  2.2  NP_61     127144 127187 (360357) C DM412_LTR                                   LTR/Gypsy                       (410)    161    117  99 *
  243    0.0  6.5  0.0  NP_61     127188 127218 (360326) C DM412_LTR                                   LTR/Gypsy                       (538)     33      1  99 *
 5785    1.1  0.1  1.1  NP_61     127203 127920 (359624) C DM412_I                                        LTR/Gypsy                         (0)   6477   5401 100 *
44870    1.1  0.6  0.2  NP_61     127907 133262 (354282) C I_DM                                        LINE/I         (9)   5365      4 101  
44608    1.3  0.2  0.7  NP_61     133266 138451 (349093) C DM412_I                                        LTR/Gypsy                       (674)   5803    642 102  
 4529    2.5  0.0  1.2  NP_61     138452 138975 (348569) + NOMAD_LTR                                    LTR/Gypsy                           1    518    (0) 103  
 4239    5.9  4.8  1.5  NP_61     138976 139546 (347998) C DM412_I                                        LTR/Gypsy                      (5861)    616     27 102  
  618   13.2  4.7  4.7  NP_61     139539 139665 (347879) C DM412_I                                        LTR/Gypsy                      (6350)    127      1 104 *
 1961   10.6  7.8  1.1  NP_61     139666 139998 (347546) C DM412_LTR                                   LTR/Gypsy                        (89)    482    128 105  
  241    9.3  4.5  2.2  NP_61     139997 140040 (347504) C DM412_LTR                                   LTR/Gypsy                       (410)    161    117 105 *
  243    0.0  6.5  0.0  NP_61     140041 140071 (347473) C DM412_LTR                                   LTR/Gypsy                       (538)     33      1 105  
11335    7.1  0.6  0.3  NP_61     140072 141497 (346047) C R1_DSi                                      LINE/R1     (3312)   2122    692 106  
 3108    2.3  0.0  0.0  NP_61     141505 141851 (345693) C R1_DSi                                      LINE/R1        (5)   5429   5083 107  
 6264    7.8  4.8  0.0  NP_61     141860 142694 (344850) C R1_DM                                       LINE/R1     (2064)   3292   2418 108  
  460    3.4  0.0  0.0  NP_61     142698 142756 (344788) + Gypsy-5_DSim-LTR                             LTR/Gypsy                           1     59  (310) 109  
 1342    7.6  0.0  6.0  NP_61     142792 143058 (344486) + Gypsy-3_DSe-LTR                              LTR/Gypsy                           1    379    (0) 110  
  360   19.7  1.3  1.3  NP_61     143145 143209 (344335) C NOMAD_LTR                                    LTR/Gypsy                       (315)    203    139 111  
60678    4.2  0.4  1.0  NP_61     143210 150576 (336968) + Gypsy-3_DSe-I                                LTR/Gypsy                           1   7373    (0) 110  
 1322    8.1  0.4  7.3  NP_61     150577 150846 (336698) + Gypsy-3_DSe-LTR                              LTR/Gypsy                           1    379    (0) 110  
  363   24.3  1.0  3.0  NP_61     150933 150997 (336547) C NOMAD_LTR                                    LTR/Gypsy                       (315)    203    141 112  
10783    7.3  6.2  5.4  NP_61     150998 152825 (334719) + Gypsy-3_DSe-I                                LTR/Gypsy                           1   1612 (5550) 110  
 4871    3.4  0.0  1.4  NP_61     152887 153480 (334064) + Gypsy-3_DSe-I                                LTR/Gypsy                        1629   2214 (4948) 110  
 3196    4.0  0.0  1.3  NP_61     153477 153877 (333667) + Gypsy-3_DSe-I                                LTR/Gypsy                        2970   3365 (3797) 110 *
 6175    2.9  0.0  0.4  NP_61     153871 154592 (332952) + Gypsy-3_DSe-I                                LTR/Gypsy                        3541   4259 (2903) 110 *
12805    2.3  3.5  0.3  NP_61     154583 156090 (331454) C FW_DM                                       LINE/Jockey (2513)   2179    624 113  
 2450    4.2  0.8 11.2  NP_61     156091 156463 (331081) C Gypsy-5_DSim-LTR                             LTR/Gypsy                        (31)    338      1 114  
  310   24.6  1.8  7.4  NP_61     156407 156469 (331075) + noCat_dsim_final-B-P113.23-Map3_novel_repeat DNA/RC                     702    758  (105) 115 *
13141   22.4  0.2  0.2  NP_61     156470 159263 (328281) C Gypsy5_I                                     LTR/Gypsy                         (0)   6509   3715 114  
 2373    2.2  1.1  0.0  NP_61     159268 159542 (328002) + FW_DM                                       LINE/Jockey    503    780 (3912) 116 *
 4674    4.5  0.3  1.3  NP_61     159482 160069 (327475) + Gypsy-5_DSim-I                               LTR/Gypsy                        3256   4259 (2903) 117 *
12847    2.1  3.5  0.3  NP_61     160060 161567 (325977) C FW_DM                                       LINE/Jockey (2513)   2179    624 118  
 2450    4.2  0.8 11.2  NP_61     161568 161940 (325604) C Gypsy-5_DSim-LTR                             LTR/Gypsy                        (31)    338      1 119  
  316   24.6  1.8  6.5  NP_61     161884 161940 (325604) + noCat_dsim_final-B-P113.23-Map3_novel_repeat DNA/RC                     702    753  (110) 120 *
  866    2.0  0.0  2.0  NP_61     161941 162042 (325502) C Gypsy5_I                                     LTR/Gypsy                         (0)   7162   7063 119 *
10714   21.9  0.1  0.2  NP_61     162037 164314 (323230) C Gypsy5_I                                     LTR/Gypsy                       (520)   5989   3715 119  
 2373    2.2  1.1  0.0  NP_61     164319 164593 (322951) + FW_DM                                       LINE/Jockey    503    780 (3912) 121 *
 4674    4.5  0.3  1.3  NP_61     164533 165120 (322424) + Gypsy-5_DSim-I                               LTR/Gypsy                        3256   4259 (2903) 122 *
13946    1.9  3.2  0.2  NP_61     165111 166739 (320805) C FW_DM                                       LINE/Jockey (2513)   2179    503 123  
13152   22.4  0.2  0.2  NP_61     166744 169537 (318007) + Gypsy5_I                                     LTR/Gypsy                        3715   6509    (0) 124  
  352   24.6  1.8  4.6  NP_61     169487 169540 (318004) C noCat_dsim_final-B-P113.23-Map3_novel_repeat DNA/RC                    (54)    809    759 125 *
 2650    5.2  0.7 10.3  NP_61     169541 169944 (317600) + Gypsy-5_DSim-LTR                             LTR/Gypsy                           1    369    (0) 126  
10397    3.7  1.2  0.9  NP_61     169977 171217 (316327) C DIVER_I                                      LTR/Pao                        (4398)   1245      1 127  
 1320   10.4  0.4 11.2  NP_61     171239 171486 (316058) C DIVER_LTR                                    LTR/Pao                           (0)    224      1 127  
  443    9.4  1.3  2.6  NP_61     171497 171649 (315895) C MDG1_I                                       LTR/Gypsy                        (47)   6549   6399 128  
 1357   16.9  5.1  1.3  NP_61     171679 171972 (315572) + DM412_LTR                                   LTR/Gypsy                         161    465  (106) 129  
 3373   13.2  5.4  1.4  NP_61     172007 172615 (314929) + DM412_I                                        LTR/Gypsy                           1    633 (5844) 130  
23735    1.3  0.4  1.1  NP_61     172616 175642 (311902) + Gypsy-7_DSim-I                               LTR/Gypsy                           1   2607 (4219) 131  
 2835    1.9  0.0  0.3  NP_61     175646 175962 (311582) + Gypsy-7_DSim-I                               LTR/Gypsy                        2914   3229 (3597) 131  
 1664   17.5  7.2  0.0  NP_61     175961 176280 (311264) + Gypsy3_I                                     LTR/Gypsy                        4684   5026 (1151) 132 *
 5773    1.5  0.8  0.0  NP_61     176276 176926 (310618) C FW_DM                                       LINE/Jockey (3534)   1158    503 133  
13094   22.5  0.2  0.2  NP_61     176931 179723 (307821) + Gypsy5_I                                     LTR/Gypsy                        3715   6508    (1) 134  
  316   24.6  1.8  6.5  NP_61     179674 179729 (307815) C noCat_dsim_final-B-P113.23-Map3_novel_repeat DNA/RC                    (54)    809    759 135 *
 2650    5.2  0.7 10.3  NP_61     179730 180133 (307411) + Gypsy-5_DSim-LTR                             LTR/Gypsy                           1    369    (0) 136  
10480    3.6  1.2  0.6  NP_61     180166 181402 (306142) C DIVER_I                                      LTR/Pao                        (4398)   1245      1 137  
 1320   10.4  0.4 11.2  NP_61     181424 181671 (305873) C DIVER_LTR                                    LTR/Pao                           (0)    224      1 137  
  413    9.4  1.3  6.0  NP_61     181682 181839 (305705) C MDG1_I                                       LTR/Gypsy                        (47)   6549   6399 138  
 1357   16.9  5.1  1.3  NP_61     181870 182163 (305381) + DM412_LTR                                   LTR/Gypsy                         161    465  (106) 139  
 3373   13.2  5.4  1.4  NP_61     182198 182806 (304738) + DM412_I                                        LTR/Gypsy                           1    633 (5844) 140  
23686    1.4  0.4  1.1  NP_61     182807 185832 (301712) + Gypsy-7_DSim-I                               LTR/Gypsy                           1   2607 (4219) 141  
 2859    1.6  0.0  0.3  NP_61     185836 186152 (301392) + Gypsy-7_DSim-I                               LTR/Gypsy                        2914   3229 (3597) 141  
 1690   17.4  7.1  0.0  NP_61     186149 186470 (301074) + Gypsy3_I                                     LTR/Gypsy                        4682   5026 (1151) 142 *
 5773    1.5  0.8  0.0  NP_61     186466 187116 (300428) C FW_DM                                       LINE/Jockey (3534)   1158    503 143  
13095   22.4  0.3  0.2  NP_61     187121 189913 (297631) + Gypsy5_I                                     LTR/Gypsy                        3715   6509    (0) 144  
  304   24.7  1.7  8.3  NP_61     189863 189920 (297624) C noCat_dsim_final-B-P113.23-Map3_novel_repeat DNA/RC                    (54)    809    759 145 *
 2650    5.2  0.7 10.3  NP_61     189921 190324 (297220) + Gypsy-5_DSim-LTR                             LTR/Gypsy                           1    369    (0) 146  
10424    3.7  1.2  0.6  NP_61     190357 191593 (295951) C DIVER_I                                      LTR/Pao                        (4398)   1245      1 147  
 1320   10.4  0.4 11.2  NP_61     191615 191862 (295682) C DIVER_LTR                                    LTR/Pao                           (0)    224      1 147  
  431    9.4  1.3  4.0  NP_61     191873 192027 (295517) C MDG1_I                                       LTR/Gypsy                        (47)   6549   6399 148  
 1327   17.2  5.1  1.3  NP_61     192059 192352 (295192) + DM412_LTR                                   LTR/Gypsy                         161    465  (106) 149  
 3221   13.2  5.0  3.8  NP_61     192387 193001 (294543) + DM412_I                                        LTR/Gypsy                           1    622 (5855) 150  
 2141   17.5  1.7  3.3  NP_61     193002 193437 (294107) + Gypsy-7_DSim-LTR                             LTR/Gypsy                           2    392   (16) 151  
34699   12.2  0.6  1.4  NP_61     193477 203324 (284220) + Gypsy1-I_DM                                  LTR/Gypsy                           1   7154  (254) 151  
 2872    1.3  0.0  0.3  NP_61     203328 203644 (283900) + Gypsy1-I_DM                                  LTR/Gypsy                        2914   3229 (3597) 151  
11937    7.4  5.7  0.6  NP_61     203648 205636 (281908) + Gypsy1-I_DM                                  LTR/Gypsy                        5122   7154  (254) 151  
  307    2.8  0.0  0.0  NP_61     205637 205672 (281872) + Gypsy1-I_DM                                  LTR/Gypsy                           1     36 (6790) 151  
 2386    6.7  1.0  0.0  NP_61     205677 205989 (281555) + Gypsy-2_DSim-LTR                             LTR/Gypsy                           1    391  (772) 152  
 4064   18.3 14.4  1.3  NP_61     205990 207142 (280402) + Gypsy1-I_DM                                  LTR/Gypsy                           1   1250 (3474) 151  
 6594   20.8  0.4  0.4  NP_61     207145 208374 (279170) + Gypsy1-I_DM                                  LTR/Gypsy                        1481   2710 (2014) 151  
  711   18.1  0.0  0.8  NP_61     208367 208494 (279050) + Gypsy1-I_DM                                  LTR/Gypsy                        3510   3636 (1011) 151 *
 2033   20.6  2.4  3.5  NP_61     208492 209174 (278370) + Gypsy1-I_DM                                  LTR/Gypsy                        3739   4408  (316) 151 *
 3262    6.8  5.3  1.3  NP_61     209157 209710 (277834) + Gypsy-2_DSim-I                               LTR/Gypsy                        3018   3690    (0) 153  
  282    9.8  0.0  0.0  NP_61     209681 209721 (277823) + Gypsy-2_DSim-I                               LTR/Gypsy                        4500   4540    (0) 153 *
 2254    6.8  1.0  0.0  NP_61     209713 210024 (277520) + Gypsy-2_DSim-LTR                             LTR/Gypsy                           3    392  (771) 153  
 1620    3.2  0.0  0.0  NP_61     210051 210239 (277305) C ROOA_LTR                                     LTR/Pao                           (0)    386    198 154 *
10229    4.3  2.4  1.6  NP_61     210239 211507 (276037) + Helena_Ds                                   LINE/Jockey   3619   4898   (14) 155  
  360    9.6  1.9  0.0  NP_61     211567 211618 (275926) + MDG1_I                                       LTR/Gypsy                          73    125 (6471) 156  
 2951   10.7  7.5  3.2  NP_61     211619 212150 (275394) + MDG1_I                                       LTR/Gypsy                         374    927 (5669) 156  
  442   14.5  7.6  0.0  NP_61     212265 212395 (275149) + MDG1_I                                       LTR/Gypsy                        1102   1242 (5354) 156  
 4855    5.3  5.9  0.9  NP_61     212555 213210 (274334) + MDG1_I                                       LTR/Gypsy                        1452   2140 (4456) 156  
 2452    8.8  6.0  0.3  NP_61     213211 213574 (273970) C DIVER2_LTR                                   LTR/Pao                           (0)    385      1 157  
22288    4.1  1.5  1.0  NP_61     213575 216371 (271173) + MDG1_I                                       LTR/Gypsy                        2136   4945 (1651) 156  
 1105    8.3  0.1  0.0  NP_61     216369 216531 (271013) + MDG1_I                                       LTR/Gypsy                        5593   5737  (859) 156 *
26116    4.3  3.7  1.0  NP_61     216514 219886 (267658) C MDG1_I                                       LTR/Gypsy                       (998)   5598   2136 158  
 2452    8.8  6.0  0.3  NP_61     219887 220250 (267294) + DIVER2_LTR                                   LTR/Pao                             1    385    (0) 159  
 6770    6.4  4.9  0.6  NP_61     220251 221187 (266357) C MDG1_I                                       LTR/Gypsy                      (4456)   2140   1164 158  
  508    9.6  5.8  1.7  NP_61     221165 221361 (266183) + MDG1_I                                       LTR/Gypsy                        6512   6596    (0) 156 *
 2026   13.6  6.3  3.3  NP_61     221344 221754 (265790) + MDG1_LTR                                     LTR/Gypsy                           1    423   (19) 156  
 2023   14.8  0.0  0.3  NP_61     221728 222063 (265481) + IDEFIX_I                                     LTR/Gypsy                        4045   4379 (1249) 160 *
  481    1.9  0.0  0.0  NP_61     222064 222116 (265428) + Gypsy-7_DSe-LTR                              LTR/Gypsy                           1     53  (205) 161  
 1701    5.3  0.5  0.0  NP_61     222117 222322 (265222) + Chimpo_LTR                                   LTR/Gypsy                           1    207    (0) 162  
36609    0.6  0.1  0.0  NP_61     222323 226267 (261277) + Chimpo_I                                     LTR/Gypsy                           1   3951  (108) 162  
  774    9.2  0.9  0.0  NP_61     226268 226376 (261168) + Chimpo_LTR                                   LTR/Gypsy                          98    207    (0) 163  
 1845    1.9  0.0  0.5  NP_61     226377 226586 (260958) + Gypsy-7_DSe-LTR                              LTR/Gypsy                          50    258    (0) 161  
 4114   13.8  0.8  0.6  NP_61     226587 227247 (260297) + IDEFIX_I                                     LTR/Gypsy                        4376   5037  (591) 164  
 2428    9.5  4.8  2.1  NP_61     227248 227622 (259922) + DIVER2_LTR                                   LTR/Pao                             1    385    (0) 165  
  360    8.1  1.6  3.2  NP_61     227623 227680 (259864) + IDEFIX_I                                     LTR/Gypsy                        5034   5090  (538) 164  
 5560    0.3  0.0  0.0  NP_61     227682 228278 (259266) + Gypsy-10_DSim-I                              LTR/Gypsy                        3737   4333  (855) 166  
 2213    9.8  6.1  1.5  NP_61     228280 228673 (258871) + Gypsy-10_DSim-I                              LTR/Gypsy                        5089   5500  (128) 166  
37288    5.4  1.0  0.4  NP_61     228685 234195 (253349) + Gypsy-13_DSim-I                              LTR/Gypsy                           1   4393 (1051) 167  
 2217   14.9  9.6  1.3  NP_61     234197 234632 (252912) + ZAM_LTR                                      LTR/Gypsy                           1    472    (0) 168  
  274   25.0  7.9  0.9  NP_61     234633 234704 (252840) + ZAM_LTR                                      LTR/Gypsy                         394    472    (0) 168  
 3697   16.0  4.9  5.0  NP_61     234706 235664 (251880) + Gypsy8_I                                     LTR/Gypsy                        2451   3334 (1013) 169  
 3324    2.8  4.8  0.0  NP_61     235665 236062 (251482) + TIRANT_LTR                                   LTR/Gypsy                           1    417    (0) 170  
 9070    2.8  2.1  1.8  NP_61     236063 237374 (250170) + TIRANT_I                                     LTR/Gypsy                           1   1420 (6272) 170  
 3523    2.5  0.0  1.5  NP_61     237377 237787 (249757) C NOMAD_LTR                                    LTR/Gypsy                         (0)    518    114 171  
 7382    0.2  0.0  4.0  NP_61     237788 238628 (248916) C NOMAD_I                                      LTR/Gypsy                         (0)   6572   5764 172 *
 7739    0.7  0.5  0.1  NP_61     238623 239481 (248063) C NOMAD_I                                      LTR/Gypsy                      (5715)    857      1 172  
 4417    2.7  0.2  1.7  NP_61     239463 239992 (247552) C NOMAD_LTR                                    LTR/Gypsy                         (0)    518     10 172 *
 1047   12.5  0.0  4.0  NP_61     240009 240191 (247353) + Gypsy8_I                                     LTR/Gypsy                        3168   3343 (1004) 173  
 3324    2.8  4.8  0.0  NP_61     240403 240800 (246744) + TIRANT_LTR                                   LTR/Gypsy                           1    417    (0) 174  
37239    1.7  1.5  0.5  NP_61     240801 245255 (242289) + TIRANT_I                                     LTR/Gypsy                           1   4601 (3091) 174  
 2196    5.9  0.0  3.8  NP_61     245256 245555 (241989) + TIRANT_LTR                                   LTR/Gypsy                         129    417    (0) 175  
 2409   19.7  3.7  6.7  NP_61     245560 246742 (240802) + Gypsy8_I                                     LTR/Gypsy                        3407   3949  (398) 169  
  685    6.5  2.1  0.8  NP_61     246742 246842 (240702) + Gypsy-13_DSim-LTR                            LTR/Gypsy                         115    314  (457) 176 *
 2863    2.8  0.0  0.0  NP_61     246830 247152 (240392) C R1_DM                                       LINE/R1       (11)   5345   5023 177  
 1947    4.0  2.3  5.4  NP_61     247153 247418 (240126) + BLOOD_LTR                                    LTR/Gypsy                           1    258  (141) 178  
  225   21.7  6.8  5.6  NP_61     247398 247485 (240059) + BLOOD_LTR                                    LTR/Gypsy                         304    392   (32) 179 *
10822    2.2  0.3  1.3  NP_61     247549 248797 (238747) + BLOOD_I                                      LTR/Gypsy                           1   1237 (5376) 179  
46802    2.3  0.6  0.7  NP_61     248798 254498 (233046) + BLOOD_I                                      LTR/Gypsy                           1   6612    (1) 179  
  225   21.7  6.8  5.6  NP_61     254499 254565 (232979) + Gypsy-1_DVir-LTR                             LTR/Gypsy                         325    392   (32) 180  
 4685    3.8  0.7  0.0  NP_61     254629 255181 (232363) C R1_DSi                                      LINE/R1      (335)   5099   4543 181 *
 8729    2.8  0.0  0.0  NP_61     255179 256170 (231374) C R1_DSe                                      LINE/R1     (1002)   4415   3424 182  
 2783   11.7  0.0  9.5  NP_61     256157 256664 (230880) + Gypsy8_I                                     LTR/Gypsy                        2865   3328 (1019) 183 *
 2789   17.5  3.9  8.7  NP_61     256753 258105 (229439) + Gypsy8_I                                     LTR/Gypsy                        3407   5443    (1) 183  
  882   12.5  0.0  0.7  NP_61     258076 258212 (229332) + Gypsy8_LTR                                   LTR/Gypsy                           1    136  (168) 183 *
 1664    4.2  0.0  0.0  NP_61     258216 258408 (229136) C R1_DM                                       LINE/R1        (7)   5349   5157 184 *
 4682    6.3  0.7  0.2  NP_61     258378 258975 (228569) C R1_DSi                                      LINE/R1      (331)   5103   4532 185 *
 9159    7.2  0.0  1.8  NP_61     258974 260183 (227361) C R1_DSi                                      LINE/R1     (3880)   1554    366 186  
37275    4.2  0.9  0.5  NP_61     260206 264691 (222853) C R1_DSi                                      LINE/R1      (565)   4869    366 187  
36904    4.3  1.6  0.3  NP_61     264714 269159 (218385) C R1_DSi                                      LINE/R1      (565)   4869    366 187  
36790    4.2  1.9  0.3  NP_61     269182 273612 (213932) C R1_DSi                                      LINE/R1      (565)   4869    366 187  
36814    4.2  1.9  0.3  NP_61     273635 278068 (209476) C R1_DSi                                      LINE/R1      (565)   4869    366 187  
36525    4.2  2.3  0.4  NP_61     278091 282509 (205035) C R1_DSi                                      LINE/R1      (565)   4869    366 187  
32395    3.3  1.0  0.0  NP_61     282532 286287 (201257) C R1_DSi                                      LINE/R1      (565)   4869   1076 188  
 2007   10.4  0.0  0.0  NP_61     286287 286565 (200979) C R1_DM                                       LINE/R1     (4743)    613    335 189 *
20397    3.5  0.2  0.0  NP_61     286587 288962 (198582) C R1_DSi                                      LINE/R1      (565)   4869   2489 190  
 1110   18.9  9.2  2.9  NP_61     288963 289257 (198287) + TIRANT_LTR                                   LTR/Gypsy                           1    313  (104) 191  
  620   18.8  3.9  0.6  NP_61     289384 289538 (198006) + TIRANT_I                                     LTR/Gypsy                           1    160 (7532) 192  
 2269   11.0  6.0  0.8  NP_61     289599 289964 (197580) C DIVER2_LTR                                   LTR/Pao                           (0)    385      1 193  
  618    2.8  0.0  0.0  NP_61     289965 290035 (197509) C BEL-6_DYa-I                                  LTR/Pao                           (0)   5475   5405 193 *
  997    7.0  0.0  0.8  NP_61     290016 290144 (197400) C BEL-6_DYa-I                                  LTR/Pao                        (1027)   4448   4321 193  
 1773    5.0  0.2  3.6  NP_61     290146 290377 (197167) C BEL-6_DYa-I                                  LTR/Pao                        (1699)   4021   3711 193  
  582    1.5  0.0  0.0  NP_61     290360 290424 (197120) C BEL-6_DYa-I                                  LTR/Pao                        (3318)   2157   2093 193 *
 2871    8.8  2.0  2.5  NP_61     290430 290870 (196674) + Gypsy-29_DWil-LTR                            LTR/Gypsy                           1    439    (0) 194  
48356    2.6  0.7  0.6  NP_61     290871 296627 (190917) + Gypsy-29_DWil-I                              LTR/Gypsy                           1   5762    (0) 194  
 2871    8.8  2.0  2.5  NP_61     296628 297068 (190476) + Gypsy-29_DWil-LTR                            LTR/Gypsy                           1    439    (0) 194  
18537    2.6  0.2  0.2  NP_61     297081 299199 (188345) C BEL-6_DYa-I                                  LTR/Pao                        (3379)   2096      1 193  
 2269   11.0  6.0  0.8  NP_61     299176 299541 (188003) C DIVER2_LTR                                   LTR/Pao                           (0)    385      1 193 *
 2480   26.5  2.6 11.7  NP_61     299554 300566 (186978) + TIRANT_I                                     LTR/Gypsy                         395   1324 (6368) 192  
 1565    1.1  0.0  0.0  NP_61     300567 300740 (186804) C R1_DSi                                      LINE/R1     (1840)   3594   3421 195  
  618    2.8  0.0  0.0  NP_61     300751 300821 (186723) C BEL-6_DYa-I                                  LTR/Pao                           (0)   5475   5405 196 *
  997    7.0  0.0  0.8  NP_61     300802 300930 (186614) C BEL-6_DYa-I                                  LTR/Pao                        (1027)   4448   4321 196  
 1773    5.0  0.2  3.6  NP_61     300932 301163 (186381) C BEL-6_DYa-I                                  LTR/Pao                        (1699)   4021   3711 196 *
19092    2.6  0.2  0.2  NP_61     301146 303325 (184219) C BEL-6_DYa-I                                  LTR/Pao                        (3318)   2157      1 196  
 2258   11.0  6.0  0.8  NP_61     303302 303667 (183877) C DIVER2_LTR                                   LTR/Pao                           (0)    385      1 196 *
 2613   25.9  2.6 11.8  NP_61     303680 304705 (182839) + TIRANT_I                                     LTR/Gypsy                         395   1336 (6356) 197  
36682   18.2  1.0  0.1  NP_61     304942 311221 (176323) + TIRANT_I                                     LTR/Gypsy                        1369   7692    (0) 197  
 1130   18.5  9.2  2.9  NP_61     311213 311507 (176037) + TIRANT_LTR                                   LTR/Gypsy                           1    313  (104) 198 *
 8755    4.3  4.3  0.0  NP_61     311622 312689 (174855) C R1_DSi                                      LINE/R1     (2927)   2507   1394 199  
 3719   12.3  4.1  2.7  NP_61     312707 313407 (174137) + STALKER4_I                                   LTR/Gypsy                         564   1274 (5256) 200 *
 8705    3.2  3.9  0.3  NP_61     313405 314452 (173092) + Gypsy-13_DSim-I                              LTR/Gypsy                        3308   4393 (1051) 201  
 2494    5.1  0.7 15.1  NP_61     314458 314874 (172670) + Gypsy-5_DSim-LTR                             LTR/Gypsy                           5    369    (0) 202  
  698   12.0  4.2  0.8  NP_61     314885 315002 (172542) + Gypsy-5_DSim-I                               LTR/Gypsy                           3    124 (7038) 202  
 2520    2.1  0.3  0.0  NP_61     315022 315307 (172237) + Gypsy4_LTR                                   LTR/Gypsy                           1    287    (0) 203  
17998    1.7  2.8  0.1  NP_61     315308 317393 (170151) + Gypsy4_I                                     LTR/Gypsy                           1   2142 (4146) 203  
 5221    2.2  0.0  0.0  NP_61     317391 317976 (169568) + Gypsy4_I                                     LTR/Gypsy                        2301   2886 (3402) 203 *
 2197    9.2  1.6  1.6  NP_61     317977 318297 (169247) C MAX_LTR                                      LTR/Pao                           (0)    321      1 204  
58161    3.0  0.2  0.8  NP_61     318298 325034 (162510) C MAX_I                                        LTR/Pao                           (0)   7914   1217 204  
 7014    8.0  8.3  6.1  NP_61     325019 326534 (161010) C MAX_I                                        LTR/Pao                        (6560)   1354      1 204 *
 2197    9.2  1.6  1.6  NP_61     326535 326855 (160689) C MAX_LTR                                      LTR/Pao                           (0)    321      1 204  
29924    1.5  1.2  0.2  NP_61     326856 330229 (157315) + Gypsy4_I                                     LTR/Gypsy                        2882   6288    (0) 205  
 2548    1.8  0.3  0.0  NP_61     330230 330515 (157029) + Gypsy4_LTR                                   LTR/Gypsy                           1    287    (0) 205  
  529    6.8  3.4  0.0  NP_61     330516 330603 (156941) + Gypsy-5_DSim-I                               LTR/Gypsy                         341    431 (7059) 202  
 1444    2.9  0.0  0.0  NP_61     330604 330778 (156766) + STALKER4_LTR                                 LTR/Gypsy                           1    175  (227) 206  
  236   13.8  0.0 11.4  NP_61     331158 331206 (156338) + Gypsy-10_DMoj-LTR                            LTR/Gypsy                         108    151 (2875) 207  
  333   24.7  3.6 14.4  NP_61     331312 331533 (156011) + Gypsy-5_DSim-I                               LTR/Gypsy                         196    567 (2459) 202  
  403   17.2  3.1 12.3  NP_61     331593 331751 (155793) + Gypsy-10_DMoj-LTR                            LTR/Gypsy                         546    691 (2335) 208  
 8883   26.8  0.7  0.8  NP_61     332386 335648 (151896) + Gypsy-53_DEl-I                               LTR/Gypsy                           1   5159 (1386) 209  
 4032   28.0  2.7  2.3  NP_61     335634 337349 (150195) + Gypsy-53_DEl-I                               LTR/Gypsy                        2325   4047  (342) 209 *
 1335   10.6  1.3  0.9  NP_61     337730 337934 (149610) + STALKER4_LTR                                 LTR/Gypsy                         195    379   (23) 210  
  537    9.6  0.0  0.0  NP_61     337960 338032 (149512) + Gypsy-5_DSim-I                               LTR/Gypsy                         424    496 (6994) 202  
  225    0.0  0.0  0.0  NP_61     338033 338056 (149488) + Gypsy-2_DSe-I                                LTR/Gypsy                        6388   6411    (0) 211  
 2265    0.8  0.8  0.0  NP_61     338057 338307 (149237) + Gypsy-2_DSe-LTR                              LTR/Gypsy                           1    253    (0) 211  
59234    0.3  0.1  0.0  NP_61     338308 344717 (142827) + Gypsy-2_DSe-I                                LTR/Gypsy                           1   6411    (0) 211  
 2240    0.4  1.2  0.0  NP_61     344718 344967 (142577) + Gypsy-2_DSe-LTR                              LTR/Gypsy                           1    253    (0) 211  
  374    6.4  0.0  0.0  NP_61     344968 345014 (142530) C R1_DSi                                      LINE/R1      (158)   5276   5230 212 *
 6368    5.5  0.2  0.1  NP_61     344984 345765 (141779) C R1_DSi                                      LINE/R1      (267)   5853   4351 212 *
18168    3.7  1.1  0.7  NP_61     345760 349495 (138049) C R1_DSi                                      LINE/R1     (1260)   4174    366 212  
10058    4.9  0.4  0.1  NP_61     349518 350727 (136817) C R1_DSi                                      LINE/R1      (565)   4869   3656 213 *
29608    3.6  1.1  0.6  NP_61     350719 354242 (133302) C R1_DSi                                      LINE/R1     (1528)   3906    366 214  
37243    4.1  1.2  0.5  NP_61     354265 358733 (128811) C R1_DSi                                      LINE/R1      (565)   4869    366 215  
36985    4.0  1.6  0.5  NP_61     358756 363210 (124334) C R1_DSi                                      LINE/R1      (565)   4869    366 215  
28311    3.1  2.1  0.3  NP_61     363233 366570 (120974) C R1_DSi                                      LINE/R1      (565)   4869   1471 216  
 6727    6.8  0.0  1.7  NP_61     366569 367466 (120078) C R1_DSi                                      LINE/R1     (4186)   1248    366 216 *
20375    3.3  0.7  0.1  NP_61     367489 369855 (117689) C R1_DSi                                      LINE/R1      (565)   4869   2489 217  
 3838    1.2  0.0  0.2  NP_61     369856 370286 (117258) + Gypsy5_LTR                                   LTR/Gypsy                           1    430    (0) 218  
 2130   21.8 18.3  2.3  NP_61     370287 371113 (116431) + Gypsy-5_DSim-I                               LTR/Gypsy                          25    981 (6181) 218  
57448    0.5  0.6  0.0  NP_61     371290 377658 (109886) + Gypsy5_I                                     LTR/Gypsy                           1   6146  (363) 219  
  331   23.8  8.4  1.8  NP_61     377659 377765 (109779) C noCat_dsim_final-B-P113.23-Map3_novel_repeat DNA/RC                    (54)    809    696 220  
57448    0.5  0.6  0.0  NP_61     377766 378140 (109404) + Gypsy5_I                                     LTR/Gypsy                        6147   6509    (0) 219  
 8393    3.0  4.3  0.3  NP_61     378141 379121 (108423) C R1_DSi                                      LINE/R1     (2942)   2492   1471 221  
 6709    6.8  0.0  2.0  NP_61     379120 380020 (107524) C R1_DSi                                      LINE/R1     (4186)   1248    366 221 *
29110    3.1  0.7  0.4  NP_61     380043 383432 (104112) C R1_DSi                                      LINE/R1      (565)   4869   1471 222  
 5852    9.6 10.6  6.0  NP_61     383431 384614 (102930) C R1_DSi                                      LINE/R1     (4186)   1248      9 222 *
 3523    9.7  0.0  0.4  NP_61     384598 385074 (102470) C R1_DSi                                      LINE/R1      (411)   5023   4549 222 *
  618   10.3  0.0  1.1  NP_61     385083 385170 (102374) C R1_DSi                                      LINE/R1     (3156)   2278   2192 222  
 2346    3.6  4.5  2.2  NP_61     385305 385614 (101930) C NINJA_LTR                                    LTR/Pao                           (0)    317      1 223  
30549    0.9  0.1  0.1  NP_61     385615 388985  (98559) C NINJA_I                                      LTR/Pao                           (0)   6011   2641 223  
20704    2.4  1.8  2.1  NP_61     388976 391502  (96042) C NINJA_I                                      LTR/Pao                        (3491)   2520      1 223 *
 2670    1.9  0.6  2.2  NP_61     391503 391824  (95720) C NINJA_LTR                                    LTR/Pao                           (0)    317      1 223  
52278    1.5  0.9  0.9  NP_61     391825 397836  (89708) C NINJA_I                                      LTR/Pao                           (0)   6011      1 223  
 2718    1.9  0.6  0.9  NP_61     397837 398154  (89390) C NINJA_LTR                                    LTR/Pao                           (0)    317      1 223  
  281   28.7  1.9  1.9  NP_61     399464 399566  (87978) + Gypsy8_I                                     LTR/Gypsy                         494    596 (5913) 224  
  355   34.3  3.1  2.8  NP_61     399580 399936  (87608) + Gypsy8_I                                     LTR/Gypsy                         697   1054 (5455) 224  
  307   29.6  8.9  5.7  NP_61     400225 400791  (86753) + Gypsy8_I                                     LTR/Gypsy                        3202   3413 (3799) 224  
 1416   26.0  1.8  4.0  NP_61     401008 401520  (86024) + Gypsy-5_DSim-I                               LTR/Gypsy                        3256   3757 (3405) 225  
 1348   31.7  3.4  1.9  NP_61     401535 402415  (85129) + Gypsy-5_DSim-I                               LTR/Gypsy                        4130   5023 (1486) 225  
  269   28.9  6.8  4.7  NP_61     402575 403016  (84528) + TIRANT_I                                     LTR/Gypsy                        6369   6819  (873) 226  
  346   27.5  2.7  2.7  NP_61     403785 403832  (83712) + Gypsy8_I                                     LTR/Gypsy                        2309   2403  (404) 224  
  355   15.8  0.0  0.0  NP_61     403833 403889  (83655) C noCat_dsim_final-B-P113.23-Map3_novel_repeat DNA/RC                    (54)    809    753 227  
 5900    9.0  1.3  4.1  NP_61     404253 405170  (82374) + Gypsy8_I                                     LTR/Gypsy                        2451   3343 (1004) 224  
  241   29.7  4.3  0.5  NP_61     405206 405391  (82153) + Gypsy-15_DRh-I                               LTR/Gypsy                        5133   5325  (723) 228  
  443   21.3  2.1  0.0  NP_61     405554 405647  (81897) + Gypsy8_I                                     LTR/Gypsy                        4003   4098  (249) 224  
 1980   11.7  3.5  1.2  NP_61     405720 406038  (81506) + Gypsy-31_DYa-I                               LTR/Gypsy                        7241   7566    (2) 229  
33539   14.8  0.2  0.5  NP_61     406075 411668  (75876) + Gypsy1-I_DM                                  LTR/Gypsy                         446   6228  (784) 230  
 2242   10.5  6.3  0.8  NP_61     411669 412033  (75511) C DIVER2_LTR                                   LTR/Pao                           (0)    385      1 231  
  599    4.2  0.0  0.0  NP_61     412034 412104  (75440) C BEL-6_DYa-I                                  LTR/Pao                           (0)   5475   5405 231 *
 1009    5.0  0.0  0.0  NP_61     412095 412213  (75331) C BEL-6_DYa-I                                  LTR/Pao                        (1036)   4439   4321 231  
 1792    4.5  0.2  3.6  NP_61     412215 412446  (75098) C BEL-6_DYa-I                                  LTR/Pao                        (1699)   4021   3711 231 *
18932    2.6  0.4  0.1  NP_61     412429 414579  (72965) C BEL-6_DYa-I                                  LTR/Pao                        (3318)   2157      1 231  
  287   10.0  1.9  5.9  NP_61     414552 414604  (72940) C BEL-6_DYa-I                                  LTR/Pao                        (5644)     51      1 231 *
 2242   10.5  6.3  0.8  NP_61     414581 414945  (72599) C DIVER2_LTR                                   LTR/Pao                           (0)    385      1 231  
 4826   19.9  0.7  1.4  NP_61     414946 416135  (71409) + Gypsy1-I_DM                                  LTR/Gypsy                        6048   7154  (254) 230  
  943   10.6  1.9  1.1  NP_61     416158 416309  (71235) + STALKER4_LTR                                 LTR/Gypsy                         227    398   (26) 232  
 1694    7.7  0.0  0.0  NP_61     416335 416556  (70988) + Gypsy1-I_DM                                  LTR/Gypsy                         424    645 (6845) 230  
  274   11.6  4.7  0.0  NP_61     416546 416588  (70956) + NOMAD_LTR                                    LTR/Gypsy                         101    145  (373) 233 *
  487   23.5 16.0  0.9  NP_61     416637 416861  (70683) + Gypsy-3_DSe-LTR                              LTR/Gypsy                         114    377    (2) 234  
  814   16.0  6.5  7.2  NP_61     417036 417238  (70306) + NOMAD_LTR                                    LTR/Gypsy                         188    518    (0) 233 *
32409    4.9  0.3  1.9  NP_61     417212 421205  (66339) + NOMAD_I                                      LTR/Gypsy                           1   3919 (2653) 233  
 1944    9.3  2.9  4.9  NP_61     421206 421533  (66011) + BLOOD_LTR                                    LTR/Gypsy                           1    258  (141) 235  
 8739    2.5  0.3  1.6  NP_61     421603 422637  (64907) + BLOOD_I                                      LTR/Gypsy                           1   1022 (5591) 236  
 1786    1.9  0.0  0.0  NP_61     422717 422917  (64627) + BLOOD_I                                      LTR/Gypsy                        1037   1237 (5376) 236  
46797    2.2  0.8  0.5  NP_61     422918 428591  (58953) + BLOOD_I                                      LTR/Gypsy                           1   6613    (0) 236  
 4266    8.7  3.1  0.0  NP_61     428717 429291  (58253) C R1_DM                                       LINE/R1      (446)   4910   4318 237  
 5769    3.5  0.0  0.6  NP_61     429326 430004  (57540) C R1_DSi                                      LINE/R1     (3162)   2272   1598 238  
 5909    9.0  1.6  3.0  NP_61     430005 431104  (56440) C R1_DSi                                      LINE/R1     (4022)   1491    387 238  
 1064   13.9 10.7  5.5  NP_61     431103 431346  (56198) C R1_DSi                                      LINE/R1     (5170)    264      9 238 *
 4849    8.9  0.5  0.0  NP_61     431330 431959  (55585) C R1_DSi                                      LINE/R1      (411)   5023   4391 238  
 6853    3.6  0.0  0.5  NP_61     431991 432796  (54748) C R1_DSi                                      LINE/R1     (3162)   2272   1471 239  
 4669    9.7  2.0  3.6  NP_61     432795 433751  (53793) C R1_DSi                                      LINE/R1     (4165)   1348    387 239 *
 1064   13.9 10.7  5.5  NP_61     433750 433993  (53551) C R1_DSi                                      LINE/R1     (5170)    264      9 239 *
 4860    8.7  0.5  0.0  NP_61     433977 434606  (52938) C R1_DSi                                      LINE/R1      (411)   5023   4391 239  
 7827    4.5  4.7  0.4  NP_61     434639 435938  (51606) C R1_DSi                                      LINE/R1     (3162)   2272    917 240  
 1975   10.7  4.1  0.0  NP_61     435948 436237  (51307) C R1_DM                                       LINE/R1     (4746)    610    309 241  
 1084   13.4 10.7  5.5  NP_61     436227 436470  (51074) C R1_DSi                                      LINE/R1     (5170)    264      9 240 *
 3951   10.5  7.5  0.2  NP_61     436454 437043  (50501) C R1_DM                                       LINE/R1      (406)   4950   4318 242  
 8793    4.3  0.0  0.4  NP_61     437080 438119  (49425) C R1_DSi                                      LINE/R1     (3162)   2272   1237 243  
 1977   11.8  4.0  0.0  NP_61     438123 438412  (49132) C R1_DM                                       LINE/R1     (4747)    609    308 244  
 2406    3.2  0.0  0.7  NP_61     438413 438752  (48792) + MDG1_LTR                                     LTR/Gypsy                           1    442    (0) 245  
27940    1.3  1.3  0.2  NP_61     438753 441981  (45563) + MDG1_I                                       LTR/Gypsy                           1   3266 (3330) 245  
 2106   18.0  1.7  3.3  NP_61     441982 442405  (45139) + Gypsy1-LTR_DM                                LTR/Gypsy                           2    380   (28) 246  
34457   16.5  0.6  1.8  NP_61     442406 449667  (37877) + Gypsy1-I_DM                                  LTR/Gypsy                           1   7154  (254) 246  
26696    1.4  0.2  0.1  NP_61     449693 452945  (34599) + MDG1_I                                       LTR/Gypsy                        3263   6596    (0) 247  
 3778    2.0  0.0  0.0  NP_61     452939 453380  (34164) + MDG1_LTR                                     LTR/Gypsy                           1    442    (0) 247 *
  998   13.5 11.5  4.8  NP_61     453381 453596  (33948) C R1_DSi                                      LINE/R1     (5178)    256     27 248  
 4724    9.7  0.6  0.3  NP_61     453600 454230  (33314) C R1_DM                                       LINE/R1      (406)   4950   4318 249  
13794    5.0  3.1  0.6  NP_61     454264 455984  (31560) C R1_DSi                                      LINE/R1     (3162)   2272    509 250 *
21741    4.0  0.7  0.0  NP_61     455969 458539  (29005) C R1_DSi                                      LINE/R1      (445)   4989   2401 250  
 1290    8.7  0.4  7.4  NP_61     458545 458811  (28733) + Gypsy-3_DSe-LTR                              LTR/Gypsy                           1    376    (3) 251  
 1169   17.7  1.1  7.7  NP_61     458943 459205  (28339) + Gypsy-3_DSe-I                                LTR/Gypsy                           1    247 (7126) 251  
 2989   12.3  2.9  0.2  NP_61     459206 459724  (27820) + DM412_I                                        LTR/Gypsy                         642   1174 (5303) 252  
 3456    7.5  1.0  0.6  NP_61     459725 460204  (27340) + DM412_LTR                                   LTR/Gypsy                           1    482   (89) 253  
14246    7.5  3.1  1.1  NP_61     460205 462271  (25273) + DM412_I                                        LTR/Gypsy                           1   2109 (4368) 254  
 1253    5.4  0.4 19.6  NP_61     462272 462502  (25042) + Gypsy-8_DSim-I                               LTR/Gypsy                        5179   5372   (40) 255  
10568   12.2  2.4  0.1  NP_61     462638 464349  (23195) + GTWIN_I                                      LTR/Gypsy                        2278   4560 (2962) 256  
  908    3.7  0.6 18.0  NP_61     464343 464505  (23039) + GTWIN_I                                      LTR/Gypsy                        5174   5312  (100) 256 *
  225   24.1  5.2  0.0  NP_61     464640 464697  (22847) + Gypsy-57_DWil-I                              LTR/Gypsy                        2329   2389 (3332) 257  
 2615   13.3  8.8  0.8  NP_61     464702 465179  (22365) + MDG1_I                                       LTR/Gypsy                          69    584 (6012) 258  
  227   17.5  0.0  0.0  NP_61     465181 465220  (22324) + MDG1_I                                       LTR/Gypsy                         506    545 (6051) 258  
  695   24.0  3.1 10.9  NP_61     465286 465965  (21579) + MDG1_I                                       LTR/Gypsy                         593   1514 (4600) 258  
 3346    2.2  9.6  0.2  NP_61     465966 466413  (21131) + Gypsy-8_DSim-I                               LTR/Gypsy                           3    492 (4920) 259  
 3846    0.2  0.0  0.0  NP_61     466414 466837  (20707) + Stalker2_LTR                                 LTR/Gypsy                           1    424    (0) 260  
 9829    0.8  1.2  0.1  NP_61     466844 467975  (19569) + Stalker2_I                                   LTR/Gypsy                           1   1145 (6251) 260  
 3905    0.9  0.2  0.0  NP_61     468198 468657  (18887) + Stalker2_I                                   LTR/Gypsy                        1126   1586 (5810) 260  
40630    2.4  0.5  0.3  NP_61     468857 474513  (13031) + Stalker2_I                                   LTR/Gypsy                           1   6356  (174) 260  
38767    2.8  2.3  1.3  NP_61     474513 479349   (8195) + Stalker2_I                                   LTR/Gypsy                         488   5372   (40) 260 *
 3192   10.7  1.0  0.6  NP_61     480646 481125   (6419) + DM412_LTR                                   LTR/Gypsy                           1    482   (89) 261  
  349   26.4  5.6  4.2  NP_61     481276 481417   (6127) C REP-1_DTa                                    Other/Other                    (2140)    276    133 262  
  295   24.1  3.4  2.2  NP_61     481444 481532   (6012) + Gypsy5_I                                     LTR/Gypsy                        3985   4074 (2435) 263  
  885   13.3 14.2  3.8  NP_61     481565 481945   (5599) C DNAREP1_DSim                                 RC/Helitron                      (23)    571    263 264  
  442    7.1 10.0  0.0  NP_61     481947 482016   (5528) C DNAREP1_DSim                                 RC/Helitron                     (615)     77      1 264  
  299    5.6  0.0  0.0  NP_61     483649 483684   (3860) C Hoyak2                                       DNA/hAT-Ac                     (2525)     36      1 265 *
 2711   16.4  9.6  1.8  NP_61     483653 484259   (3285) C DNAREP1_DSim                                 RC/Helitron                       (0)    692     40 266  
  226   15.4  0.0  0.0  NP_61     485921 485959   (1585) C Hoyak2                                       DNA/hAT-Ac                     (2522)     39      1 267 *
 1969    7.1  9.9  7.1  NP_61     485926 486386   (1158) C DNAREP1_DM                                   RC/Helitron                       (0)    692      1 268  
