   SW   perc perc perc  query     position in query        matching                                     repeat                           position in repeat
score   div. del. ins.  sequence  begin  end      (left)   repeat                                       class/family                   begin  end    (left)  ID

  428    9.9  5.2  5.2  NP_60          1     95 (406540) C BATUMI_I                                     LTR/Pao                        (7194)    769    675   1  
  791   22.7  4.4  5.4  NP_60         96    300 (406335) C NOMAD_LTR                                    LTR/Gypsy                         (0)    518    316   2  
  484   23.1 15.7  0.7  NP_60        460    684 (405951) C Gypsy-3_DSe-LTR                              LTR/Gypsy                         (2)    377    114   3  
  239    6.2  0.0  0.0  NP_60        733    764 (405871) C NOMAD_LTR                                    LTR/Gypsy                       (486)     32      1   4  
 6679   16.1  3.2  3.4  NP_60        765   3126 (403509) C NOMAD_I                                      LTR/Gypsy                        (11)   7528   4991   4 *
15939    4.2  0.2  0.0  NP_60       3126   4966 (401669) C NOMAD_I                                      LTR/Gypsy                      (1685)   4887   3044   4 *
43664    2.5  1.2  0.1  NP_60       4951  10131 (396504) C DM297_I                                      LTR/Gypsy                       (929)   5238      1   5  
 3471    3.7  0.8  1.1  NP_60      10103  10545 (396090) C DM297_LTR                                    LTR/Gypsy                         (0)    414      1   6 *
  883   22.2  4.8  3.2  NP_60      10649  10976 (395659) + Gypsy5_I                                     LTR/Gypsy                         245    450 (6059)   7 *
13344   20.3  2.5  0.8  NP_60      10969  13658 (392977) + Gypsy5_I                                     LTR/Gypsy                         909   3643 (2866)   7  
 3005    4.8  0.5  4.0  NP_60      13659  14050 (392585) + STALKER4_LTR                                 LTR/Gypsy                           1    379   (23)   8  
 1706   29.3  1.8  0.8  NP_60      14100  14669 (391966) + Gypsy-31_DYa-I                               LTR/Gypsy                        3326   3952 (1866)   9  
  364   31.5  4.6  4.9  NP_60      14985  15683 (390952) + Gypsy-5_DSim-I                               LTR/Gypsy                        5847   6577  (585)  10  
  335   21.7  9.3  3.5  NP_60      16125  16260 (390375) + Gypsy-5_DSim-I                               LTR/Gypsy                        7027   7165  (403)  10  
 2856   10.7  4.8  1.2  NP_60      16557  17069 (389566) C Gypsy-13_DSim-LTR                            LTR/Gypsy                         (2)    769    285  11  
 1488   20.3 11.5  2.6  NP_60      20568  21053 (385582) + Gypsy-3_DSe-I                                LTR/Gypsy                         670   1197 (6176)  12  
  420   24.5  0.0  0.0  NP_60      21260  21353 (385282) + Gypsy-3_DSe-I                                LTR/Gypsy                        1376   1469 (5904)  12  
 2585   14.7  3.0  1.0  NP_60      21354  21826 (384809) + DM412_LTR                                   LTR/Gypsy                           1    482   (89)  13  
  284   16.5  5.6 16.0  NP_60      21827  21970 (384665) + DM412_I                                        LTR/Gypsy                           1    131 (6346)  14  
 3366   13.4  6.2  1.1  NP_60      21971  22594 (384041) + DM412_I                                        LTR/Gypsy                         385   1040 (5437)  14  
  711    4.3  1.1  1.8  NP_60      22597  22719 (383916) C G4_DM                                       LINE/Jockey    (0)   3856   3768  15  
  240   11.4  0.0  0.0  NP_60      22773  22807 (383828) + Gypsy16-LTR_Dya                              LTR/Gypsy                          49     83  (342)  16  
  276   17.2  3.0  4.5  NP_60      23118  23184 (383451) + Gypsy-10_DMoj-LTR                            LTR/Gypsy                          91    156 (2870)  17  
  417   18.3  1.3 10.7  NP_60      23609  23761 (382874) + Gypsy-10_DMoj-LTR                            LTR/Gypsy                         515    654 (2372)  17  
 1703   32.2  1.2  1.0  NP_60      24140  24826 (381809) + Gypsy2-I_DM                                  LTR/Gypsy                         808   1495 (5050)  18  
  505   25.6  6.2  4.3  NP_60      25326  25624 (381011) + Gypsy-10_DMoj-LTR                            LTR/Gypsy                        1967   2476  (550)  18  
 1545   24.5  2.4  2.6  NP_60      25670  26139 (380496) + Gypsy16-I_Dya                                LTR/Gypsy                         727   1168 (3655)  19  
  319    0.0  0.0 22.7  NP_60      26137  26190 (380445) + Gypsy-1_DSe-I                                LTR/Gypsy                        5179   5222  (190)  20 *
 3682    2.1  1.2  0.2  NP_60      26190  26617 (380018) + Gypsy-1_DSe-I                                LTR/Gypsy                        5997   6428    (0)  20  
 1226   10.0 17.8  6.2  NP_60      26621  26941 (379694) + Gypsy-1_DSe-LTR                              LTR/Gypsy                           3    358    (0)  20  
20560    9.1  1.9  0.9  NP_60      26942  31358 (375277) + Gypsy-1_DSe-I                                LTR/Gypsy                           1   4745 (1683)  20  
11036    1.3  0.1  0.9  NP_60      32140  33386 (373249) C LINEJ1_DM                                   LINE/Jockey    (0)   5020   2560  21  
 3212    2.2  0.0  0.0  NP_60      33923  34283 (372352) + Gypsy-1_DSe-I                                LTR/Gypsy                        5997   6357   (71)  22  
  225   26.2  8.3  4.7  NP_60      35510  35653 (370982) + Gypsy5_I                                     LTR/Gypsy                        2000   2148 (3303)  23  
 3689   31.7  1.4  2.2  NP_60      36525  38167 (368468) + Gypsy5_I                                     LTR/Gypsy                        2110   4967 (1514)  23  
 1324   32.1  4.7  4.2  NP_60      38138  39266 (367369) + Gypsy-1_DSim-I                               LTR/Gypsy                        4680   5921 (1241)  24 *
  251   14.5  6.3  1.5  NP_60      39625  39687 (366948) + Gypsy-1_DSim-I                               LTR/Gypsy                        5876   5941 (1627)  24  
  293   34.3  2.6  1.8  NP_60      39918  40298 (366337) + Gypsy-1_DSim-I                               LTR/Gypsy                        6483   6827  (663)  24  
 3429    3.7  0.8  1.1  NP_60      40321  40759 (365876) + DM297_LTR                                    LTR/Gypsy                           5    414    (0)  25 *
44923    2.8  0.9  0.1  NP_60      40731  46335 (360300) + DM297_I                                      LTR/Gypsy                           1   6930  (152)  26  
 3435    2.2  0.7  1.2  NP_60      46336  46751 (359884) + DM297_LTR                                    LTR/Gypsy                           1    414    (0)  27  
 1450   31.3  1.5  1.5  NP_60      46752  47310 (359325) + Gypsy-1_DSim-I                               LTR/Gypsy                        5029   5587  (460)  24  
  235   20.8  1.9  1.9  NP_60      47320  47373 (359262) + Gypsy8-I_Dya                                 LTR/Gypsy                       10257  10310    (1)  28  
  468    3.5  0.0  0.0  NP_60      47407  47463 (359172) C Gypsy11_LTR                                  LTR/Gypsy                       (395)     57      1  29  
 6595   19.0  0.8  0.5  NP_60      47464  48843 (357792) C DM412_I                                        LTR/Gypsy                       (247)   7149   5030  30  
 2155   11.6  0.8  4.1  NP_60      48904  49282 (357353) + Gypsy-28_DYa-LTR                             LTR/Gypsy                           1    367    (0)  31 *
 3206    9.7  0.7  6.7  NP_60      49264  50104 (356531) + Gypsy8-I_Dya                                 LTR/Gypsy                           1   1566 (8745)  31  
 4047    6.6  3.5  2.1  NP_60      50105  50964 (355671) + Gypsy-1_DSim-LTR                             LTR/Gypsy                           1    502   (20)  24  
10385   15.0  3.0  1.7  NP_60      50965  54019 (352616) + Gypsy-1_DSim-I                               LTR/Gypsy                           3   3761 (2396)  24  
 1275   18.8  3.3 10.3  NP_60      54020  54411 (352224) + ROVER-LTR_DM                                 LTR/Gypsy                           1    367    (0)  32  
27264    3.8  1.3  0.5  NP_60      54412  57860 (348775) + Gypsy-1_DSim-I                               LTR/Gypsy                        3230   6705  (317)  33  
 1025   12.6  5.7  1.7  NP_60      57865  58157 (348478) + Gypsy-1_DSim-I                               LTR/Gypsy                        6841   7002   (20)  33  
  249   34.0  0.0  0.0  NP_60      58219  58315 (348320) + Gypsy-8_DSe-I                                LTR/Gypsy                        2922   3018 (3463)  34  
 3782   30.6  4.0  3.5  NP_60      58663  60586 (346049) + Gypsy5_I                                     LTR/Gypsy                        2153   4085 (2424)  35  
  842   30.5  5.9  3.2  NP_60      60608  61549 (345086) + Gypsy5_I                                     LTR/Gypsy                        5137   6114 (1454)  35  
  429   18.1  2.9  5.2  NP_60      61641  61792 (344843) + Gypsy-5_DSim-I                               LTR/Gypsy                        7027   7162    (0)  36  
 3039   13.0  2.2  3.1  NP_60      62095  62778 (343857) C Gypsy-13_DSim-LTR                            LTR/Gypsy                         (2)    769    202  37  
 1494   20.1 11.8  2.6  NP_60      66313  66797 (339838) + Gypsy-3_DSe-I                                LTR/Gypsy                         670   1197 (6176)  38  
  420   24.5  0.0  0.0  NP_60      67004  67097 (339538) + Gypsy-3_DSe-I                                LTR/Gypsy                        1376   1469 (5904)  38  
 2559   15.0  3.0  1.0  NP_60      67098  67570 (339065) + DM412_LTR                                   LTR/Gypsy                           1    482   (89)  39  
  284   16.5  5.6 16.0  NP_60      67571  67714 (338921) + DM412_I                                        LTR/Gypsy                           1    131 (6346)  40  
 3372   13.4  6.3  0.9  NP_60      67715  68337 (338298) + DM412_I                                        LTR/Gypsy                         385   1040 (5437)  40  
  711    4.3  1.1  1.8  NP_60      68340  68462 (338173) C G4_DM                                       LINE/Jockey    (0)   3856   3768  41  
  240   11.4  0.0  0.0  NP_60      68516  68550 (338085) + Gypsy16-LTR_Dya                              LTR/Gypsy                          49     83  (342)  42  
  276   17.2  3.0  4.5  NP_60      68861  68927 (337708) + Gypsy-10_DMoj-LTR                            LTR/Gypsy                          91    156 (2870)  43  
  417   18.3  1.3 10.7  NP_60      69352  69504 (337131) + Gypsy-10_DMoj-LTR                            LTR/Gypsy                         515    654 (2372)  43  
 1661   33.1  1.4  1.2  NP_60      69685  70545 (336090) + Gypsy2-I_DM                                  LTR/Gypsy                         808   2138 (4391)  44  
  485   26.4  6.3  4.5  NP_60      71037  71333 (335302) + Gypsy2-I_DM                                  LTR/Gypsy                        2649   2871 (3658)  44  
 1180   25.2  9.7  2.6  NP_60      71381  71819 (334816) + Gypsy16-I_Dya                                LTR/Gypsy                         727   1168 (3655)  45  
  319    0.0  0.0 22.7  NP_60      71817  71870 (334765) + Gypsy-1_DSe-I                                LTR/Gypsy                        5179   5222  (190)  46 *
 3682    2.1  1.2  0.2  NP_60      71870  72297 (334338) + Gypsy-1_DSe-I                                LTR/Gypsy                        5997   6428    (0)  46  
 1209   10.3 17.8  6.2  NP_60      72301  72621 (334014) + Gypsy-1_DSe-LTR                              LTR/Gypsy                           3    358    (0)  46  
20409    9.0  1.7  0.7  NP_60      72622  77033 (329602) + Gypsy-1_DSe-I                                LTR/Gypsy                           1   4745 (1683)  46  
 3190    2.8  0.0  0.0  NP_60      78363  78723 (327912) + Gypsy-1_DSe-I                                LTR/Gypsy                        5997   6357   (71)  46  
  225   26.2  8.3  4.7  NP_60      79950  80093 (326542) + Gypsy-8_DSe-I                                LTR/Gypsy                        2000   2148 (3303)  47  
 3363   31.0  0.7  0.7  NP_60      80990  82226 (324409) + Gypsy-8_DSe-I                                LTR/Gypsy                        3364   4601 (1880)  47  
  393   28.4  0.0  0.0  NP_60      82239  82340 (324295) + Gypsy-8_DSe-I                                LTR/Gypsy                        4569   4670 (2492)  47  
  244   33.8  0.8  0.8  NP_60      82382  82515 (324120) + Gypsy-1_DSim-I                               LTR/Gypsy                        4273   4406 (2437)  48 *
  645   32.8  4.8  3.5  NP_60      82499  83117 (323518) + Gypsy-1_DSim-I                               LTR/Gypsy                        4681   5307  (910)  48  
  782   25.5  5.3  5.3  NP_60      83147  83560 (323075) + Gypsy-1_DSim-I                               LTR/Gypsy                        5166   5463 (2105)  48  
  251   14.5  6.3  1.5  NP_60      83946  84008 (322627) + Gypsy-1_DSim-I                               LTR/Gypsy                        5876   5941 (1627)  48  
  304   34.3  2.6  1.8  NP_60      84239  84619 (322016) + Gypsy-1_DSim-I                               LTR/Gypsy                        6483   6827  (663)  48  
 3429    3.7  0.8  1.1  NP_60      84642  85080 (321555) + DM297_LTR                                    LTR/Gypsy                           5    414    (0)  49 *
51010    2.6  1.1  0.3  NP_60      85052  91164 (315471) + DM297_I                                      LTR/Gypsy                           1   6930  (152)  50  
 3360    3.2  0.7  1.2  NP_60      91165  91580 (315055) + DM297_LTR                                    LTR/Gypsy                           1    414    (0)  51  
 1450   31.3  1.5  1.5  NP_60      91581  92139 (314496) + Gypsy-1_DSim-I                               LTR/Gypsy                        5029   5587  (460)  48  
  235   20.8  1.9  1.9  NP_60      92149  92202 (314433) + Gypsy8-I_Dya                                 LTR/Gypsy                       10257  10310    (1)  52  
  468    3.5  0.0  0.0  NP_60      92236  92292 (314343) C Gypsy11_LTR                                  LTR/Gypsy                       (395)     57      1  53  
 6596   10.5  2.4  2.6  NP_60      92293  93672 (312963) C DM412_I                                        LTR/Gypsy                       (233)   6244   5030  54  
 2155   11.6  0.8  4.1  NP_60      93733  94111 (312524) + Gypsy-28_DYa-LTR                             LTR/Gypsy                           1    367    (0)  55 *
 3109   10.3  0.7  6.7  NP_60      94093  94933 (311702) + Gypsy8-I_Dya                                 LTR/Gypsy                           1   1566 (8745)  55  
 4157    6.8  2.2  2.0  NP_60      94934  95804 (310831) + Gypsy-1_DSim-LTR                             LTR/Gypsy                           1    504   (18)  48  
10383    9.5  1.6  1.2  NP_60      95820  98924 (307711) + Gypsy-1_DSim-I                               LTR/Gypsy                          26   3234 (3788)  56  
 1332   17.8  4.5  8.4  NP_60      98925  99305 (307330) + ROVER-LTR_DM                                 LTR/Gypsy                           1    367    (0)  57  
23054    3.0  2.1  0.8  NP_60      99306 102738 (303897) + Gypsy-1_DSim-I                               LTR/Gypsy                        3230   6705  (317)  56  
 1027   13.0  5.7  1.6  NP_60     102743 103035 (303600) + Gypsy-1_DSim-I                               LTR/Gypsy                        6841   7002   (20)  56  
 3952   30.6  4.1  2.9  NP_60     103544 105461 (301174) + Gypsy5_I                                     LTR/Gypsy                        2145   4085 (2424)  58  
  855   28.6  2.2  1.9  NP_60     105483 105865 (300770) + ZAM_I                                        LTR/Gypsy                        5327   5657 (1833)  59  
  395   32.8  4.6  4.3  NP_60     105954 106877 (299758) + Gypsy-5_DSim-I                               LTR/Gypsy                        5160   6504 (1064)  60  
  429   18.1  2.9  5.2  NP_60     107324 107475 (299160) + Gypsy-5_DSim-I                               LTR/Gypsy                        7027   7162    (0)  60  
 1981   12.0  0.5  0.7  NP_60     107740 108081 (298554) C Gypsy-13_DSim-LTR                            LTR/Gypsy                       (112)    659    388  61  
 1516   19.9 11.8  2.6  NP_60     111577 112061 (294574) + Gypsy-3_DSe-I                                LTR/Gypsy                         670   1197 (6176)  62  
  401   25.5  0.0  0.0  NP_60     112270 112363 (294272) + Gypsy-3_DSe-I                                LTR/Gypsy                        1376   1469 (5904)  62  
 2591   15.6  1.7  0.6  NP_60     112364 112840 (293795) + DM412_LTR                                   LTR/Gypsy                           1    482   (89)  63 *
 2791   29.4  1.7  1.5  NP_60     112838 114137 (292498) + Gypsy-26_DBp-I                               LTR/Gypsy                         770   2335 (1454)  64  
  502   29.9  3.1  5.6  NP_60     114135 114794 (291841) + Gypsy-26_DBp-I                               LTR/Gypsy                        2219   2379 (1783)  64 *
 1554   29.1  1.7  1.9  NP_60     114918 115496 (291139) + Gypsy-26_DBp-I                               LTR/Gypsy                        2355   2932  (857)  64  
  244   21.4  0.0  0.0  NP_60     115797 115838 (290797) + Gypsy-30_DAn-I                               LTR/Gypsy                        6280   6321    (5)  65  
 3147    2.3  6.7  0.2  NP_60     116182 116570 (290065) + DM297_LTR                                    LTR/Gypsy                           1    414    (0)  65  
 1741   16.6  4.2  1.4  NP_60     116571 117003 (289632) C STALKER4_I                                   LTR/Gypsy                      (5634)    896    389  66  
  985   13.8  0.5  1.1  NP_60     117166 117334 (289301) C STALKER4_LTR                                 LTR/Gypsy                        (29)    373    227  67  
  336   19.0  8.1  2.2  NP_60     117468 117553 (289082) C Gypsy2_LTR                                   LTR/Gypsy                       (236)    117     27  68  
 2462   16.3  0.2  0.5  NP_60     117566 117984 (288651) C Gypsy2_I                                     LTR/Gypsy                       (601)   5534   5117  69  
  803   28.1  0.1  0.5  NP_60     117984 118187 (288448) C Gypsy2_I                                     LTR/Gypsy                      (1124)   5011   4835  70 *
  387   25.4  6.1  7.5  NP_60     118470 118699 (287936) + Gypsy-5_DSim-I                               LTR/Gypsy                        2481   2707 (4455)  71  
  480    4.6  1.5  0.0  NP_60     118719 118783 (287852) + Gypsy-1_DSim-I                               LTR/Gypsy                        6640   6705  (317)  72  
 9666   12.2  2.5  1.5  NP_60     118794 122363 (284272) + Gypsy-1_DSim-I                               LTR/Gypsy                          65   3761 (2396)  73  
 1243   13.8  4.7  4.5  NP_60     122364 122718 (283917) + Gypsy-6_DSim-LTR                             LTR/Gypsy                           1    367    (0)  74  
 4575    6.1  5.1  1.5  NP_60     122719 123376 (283259) + Gypsy-1_DSim-I                               LTR/Gypsy                        3230   3911 (3111)  75  
  821   28.9  0.4  0.4  NP_60     123386 123649 (282986) C Gypsy5_I                                     LTR/Gypsy                      (4093)   2416   2153  76  
  249   34.0  0.0  0.0  NP_60     123997 124093 (282542) C Gypsy-8_DSe-I                                LTR/Gypsy                      (3463)   3018   2922  77  
 1027   11.7  8.1  1.6  NP_60     124155 124447 (282188) C Gypsy-1_DSim-I                               LTR/Gypsy                        (20)   7002   6841  78  
23263    3.1  1.7  0.7  NP_60     124449 127884 (278751) C Gypsy-1_DSim-I                               LTR/Gypsy                       (321)   6701   3230  78  
 1412   16.9  4.5  8.4  NP_60     127885 128265 (278370) C ROVER-LTR_DM                                 LTR/Gypsy                         (0)    367      1  79  
 6733    4.5  4.1  0.3  NP_60     128266 129136 (277499) C Gypsy-1_DSim-I                               LTR/Gypsy                      (3788)   3234   2331  78  
21169    2.6  1.2  0.0  NP_60     129147 131645 (274990) + DM297_I                                      LTR/Gypsy                        2847   5374  (793)  80  
17799    3.1  0.7  0.3  NP_60     131646 133806 (272829) C Gypsy-1_DSim-I                               LTR/Gypsy                      (3997)   2170      1  78  
 3471    3.7  0.8  1.1  NP_60     133778 134220 (272415) C DM297_LTR                                    LTR/Gypsy                         (0)    414      1  81 *
  846   22.5  4.8  3.2  NP_60     134324 134651 (271984) + Gypsy5_I                                     LTR/Gypsy                         245    450 (6059)  82 *
13417   20.4  2.0  0.8  NP_60     134644 137345 (269290) + Gypsy5_I                                     LTR/Gypsy                         909   3644 (2865)  82  
 2965    4.6  0.5  4.0  NP_60     137351 137736 (268899) + STALKER4_LTR                                 LTR/Gypsy                           7    379   (23)  83  
 1612   27.9  4.3  0.9  NP_60     137786 138324 (268311) + Gypsy-31_DYa-I                               LTR/Gypsy                        3326   3882 (3686)  84  
  344   31.9  4.2  4.6  NP_60     138659 139357 (267278) + Gypsy-5_DSim-I                               LTR/Gypsy                        5847   6577  (585)  85  
  429   18.1  2.9  5.2  NP_60     139802 139953 (266682) + Gypsy-5_DSim-I                               LTR/Gypsy                        7027   7162    (0)  85  
 3104   12.6  1.4  2.7  NP_60     140240 140925 (265710) C Gypsy-13_DSim-LTR                            LTR/Gypsy                         (2)    769    257  86  
 1509   20.1 11.5  2.6  NP_60     144415 144900 (261735) + Gypsy-3_DSe-I                                LTR/Gypsy                         670   1197 (6176)  87  
  401   25.5  0.0  0.0  NP_60     145109 145202 (261433) + Gypsy-3_DSe-I                                LTR/Gypsy                        1376   1469 (5904)  87  
 2546   15.7  2.1  1.0  NP_60     145203 145679 (260956) + DM412_LTR                                   LTR/Gypsy                           1    482   (89)  88  
 5666   12.4  3.4  2.9  NP_60     145680 146713 (259922) + DM412_I                                        LTR/Gypsy                           1   1039 (5438)  89  
  711    4.8  1.1  1.8  NP_60     146714 146836 (259799) C G4_DM                                       LINE/Jockey    (0)   3856   3768  90  
  232    9.4  0.0  0.0  NP_60     146893 146924 (259711) + Gypsy16-LTR_Dya                              LTR/Gypsy                          52     83  (342)  91  
  262   16.1  3.4  5.2  NP_60     147243 147301 (259334) + Gypsy-10_DMoj-LTR                            LTR/Gypsy                          99    156 (2870)  92  
 2110   16.8  1.0  3.1  NP_60     147768 148166 (258469) + Gypsy1-LTR_DM                                LTR/Gypsy                           2    392   (16)  93  
  419   15.0  0.9  5.9  NP_60     148201 148306 (258329) + Gypsy-10_DMoj-LTR                            LTR/Gypsy                         554    654 (2372)  92  
 1557   32.8  2.5  1.0  NP_60     148685 149362 (257273) + Gypsy2-I_DM                                  LTR/Gypsy                         808   1495 (5050)  94  
  478   28.6  6.7  6.4  NP_60     149548 150162 (256473) + Gypsy-3_DSe-I                                LTR/Gypsy                        1868   2871 (3658)  87  
 1614   23.9  1.8  2.0  NP_60     150208 150677 (255958) + Gypsy16-I_Dya                                LTR/Gypsy                         727   1168 (3655)  95  
  331    5.1  0.0  0.0  NP_60     150675 150713 (255922) + Gypsy-1_DSe-I                                LTR/Gypsy                        5179   5217  (195)  96 *
 3641    2.6  1.2  0.2  NP_60     150728 151155 (255480) + Gypsy-1_DSe-I                                LTR/Gypsy                        5997   6428    (0)  96  
 1186   10.6 17.8  6.2  NP_60     151159 151479 (255156) + Gypsy-1_DSe-LTR                              LTR/Gypsy                           3    358    (0)  96  
  671    8.2  2.0  0.0  NP_60     151480 151564 (255071) + Gypsy-1_DSe-I                                LTR/Gypsy                           1     87 (6341)  96  
 4471    2.3  0.0  1.2  NP_60     151565 152088 (254547) + NOMAD_LTR                                    LTR/Gypsy                           1    518    (0)  97  
23374    3.2  1.1  0.1  NP_60     152089 154819 (251816) + Gypsy-1_DSe-I                                LTR/Gypsy                          82   2840 (3588)  96  
 1796    2.6 11.1  0.0  NP_60     154816 155041 (251594) + Gypsy-1_DSe-I                                LTR/Gypsy                        3816   4066 (2362)  96 *
17802    3.6  2.2  1.1  NP_60     155060 157236 (249399) + Gypsy-1_DSe-I                                LTR/Gypsy                        4156   6357   (71)  96  
 2150    1.6  0.0  8.2  NP_60     157237 157513 (249122) C STALKER4_LTR                                 LTR/Gypsy                       (146)    256      1  98  
 7346    2.2  7.5  1.3  NP_60     157514 158474 (248161) C STALKER4_I                                   LTR/Gypsy                         (0)   6530   5510  98  
  244   17.5  0.0  4.8  NP_60     158492 158557 (248078) C MDG1_I                                       LTR/Gypsy                      (5317)   1279   1217  99  
  500   11.7  9.9  0.8  NP_60     158739 158859 (247776) C MDG1_I                                       LTR/Gypsy                      (5354)   1242   1111  99  
 2608    9.1  2.9  0.0  NP_60     159004 159377 (247258) C DIVER2_LTR                                   LTR/Pao                           (0)    385      1 100  
  866    7.1  0.0  0.0  NP_60     159378 159489 (247146) C MDG1_I                                       LTR/Gypsy                      (5544)   1052    941  99 *
 3406    2.3  0.2  0.8  NP_60     159487 159882 (246753) C BATUMI_I                                     LTR/Pao                        (2723)   5240   4847 101  
 3883    0.2  0.0  0.0  NP_60     159883 160306 (246329) + Stalker2_LTR                                 LTR/Gypsy                           1    424    (0) 102  
 9940    1.1  1.0  0.3  NP_60     160313 161449 (245186) + Stalker2_I                                   LTR/Gypsy                           1   1145 (6251) 102  
 3923    0.9  1.1  0.0  NP_60     161672 162127 (244508) + Stalker2_I                                   LTR/Gypsy                        1126   1586 (5810) 102  
11220    0.3  0.4  0.0  NP_60     162327 163574 (243061) + Stalker2_I                                   LTR/Gypsy                        1568   2820 (4576) 102  
24019    3.5  0.5  0.5  NP_60     163585 167349 (239286) + Stalker2_I                                   LTR/Gypsy                           1   6356  (174) 102  
18491    9.4  0.8  1.9  NP_60     167350 170385 (236250) C BATUMI_I                                     LTR/Pao                        (3013)   5100   2010 103  
  821    7.7  0.0  0.1  NP_60     170393 173115 (233520) C 15mer_SAT                                    Satellite/Satellite               (5)   2720      1 104 *
 7467    4.2  7.0  2.0  NP_60     173110 174075 (232560) C BATUMI_I                                     LTR/Pao                        (5665)   2298   1284 105  
 5101    2.4  0.7  0.1  NP_60     174076 175006 (231629) + BEL_I                                        LTR/Pao                             1    569 (4835) 106 *
42969    0.8  0.3  0.0  NP_60     175004 179685 (226950) + BEL_I                                        LTR/Pao                           708   5404    (0) 106  
 3277    1.4  0.0  0.0  NP_60     179686 180046 (226589) + BEL_LTR                                      LTR/Pao                             1    361    (0) 106  
 3631    8.8  6.3  4.2  NP_60     180047 181253 (225382) C BATUMI_I                                     LTR/Pao                        (6676)   1287      1 105  
  904   10.6  3.3  5.7  NP_60     181254 181433 (225202) C BATUMI_I                                     LTR/Pao                         (679)   7284   7109 107  
 4621    8.7  2.0  1.6  NP_60     181560 182283 (224352) + Gypsy-13_DSim-LTR                            LTR/Gypsy                           1    769    (2) 108  
 8867   17.8  1.5  0.8  NP_60     182284 184440 (222195) + Gypsy_I                                      LTR/Gypsy                        4064   6490   (17) 109  
  439   12.9  2.3  2.3  NP_60     184439 184525 (222110) + Gypsy_LTR                                    LTR/Gypsy                         319    405   (77) 110 *
 2903   11.9  9.6  2.6  NP_60     184504 185103 (221532) + Gypsy8_I                                     LTR/Gypsy                         509   1274 (5256) 111 *
 6744    2.7  3.0  0.0  NP_60     185101 185914 (220721) + Gypsy-13_DSim-I                              LTR/Gypsy                        3308   4145 (1299) 112  
 2494    8.5  5.4  2.1  NP_60     185915 186287 (220348) + DIVER2_LTR                                   LTR/Pao                             1    385    (0) 113  
 3471    7.7  0.0  4.1  NP_60     186288 186818 (219817) + Gypsy8_I                                     LTR/Gypsy                        2214   2723 (1624) 111  
  549    7.0  1.5  0.3  NP_60     186818 186880 (219755) + Gypsy-4_DSim-I                               LTR/Gypsy                         490    572 (5792) 114 *
54309    2.4  1.5  0.2  NP_60     186881 193404 (213231) + Gypsy-11_DSim-I                              LTR/Gypsy                           1   6271  (276) 115  
 1362    8.9  0.4  0.3  NP_60     193399 193688 (212947) + Gypsy-11_DSim-I                              LTR/Gypsy                        6399   6547    (0) 115 *
 2771    3.8  1.8  0.7  NP_60     193689 194133 (212502) + Gypsy-11_DSim-I                              LTR/Gypsy                         203    901 (5463) 115  
 3061    1.4  0.3  2.7  NP_60     194134 194508 (212127) C LINEJ1_DM                                   LINE/Jockey    (0)   5020   4669 116 *
 7722    3.0  0.0  0.0  NP_60     194508 195420 (211215) + Gypsy-4_DSim-I                               LTR/Gypsy                         893   1805 (4559) 117  
  404   10.1  8.3  0.8  NP_60     195419 195519 (211116) + Gypsy_I                                      LTR/Gypsy                         236    390 (6117) 118 *
10964    1.9  0.2  0.6  NP_60     195523 196765 (209870) C LINEJ1_DM                                   LINE/Jockey    (0)   5020   3002 119  
43187   11.4  0.6  0.0  NP_60     196774 202794 (203841) + Gypsy_I                                      LTR/Gypsy                         460   6507    (0) 120  
  290   13.2  7.5  0.0  NP_60     202752 202784 (203851) C Gypsy-31_DWil-I                              LTR/Gypsy                      (7010)    631    595 121 *
 1526   18.5  8.2  2.1  NP_60     202785 203149 (203486) + Gypsy_LTR                                    LTR/Gypsy                           1    387   (95) 120  
 3225    4.3  0.0  0.0  NP_60     203242 203638 (202997) + DM412_I                                        LTR/Gypsy                        2672   3068 (3409) 122  
  463    6.8  1.6  0.0  NP_60     203632 203700 (202935) + IDEFIX_LTR                                   LTR/Gypsy                         318    388  (236) 123 *
40673   11.6  0.8  0.0  NP_60     203699 209428 (197207) C Gypsy_I                                      LTR/Gypsy                       (276)   6231    460 124  
10882    1.8  0.4  0.3  NP_60     209437 210660 (195975) + LINEJ1_DM                                   LINE/Jockey   3002   5007   (13) 125  
 1007   12.0  0.7  0.4  NP_60     210673 210835 (195800) + Gypsy_I                                      LTR/Gypsy                        6234   6507    (0) 126  
  341   12.7  9.5  0.0  NP_60     210777 210809 (195826) C Gypsy-31_DWil-I                              LTR/Gypsy                      (7010)    631    593 127 *
 1804   18.9  4.8  2.0  NP_60     210810 211203 (195432) + Gypsy_LTR                                    LTR/Gypsy                           1    405   (77) 128  
  939    8.6  1.6  0.0  NP_60     211274 211401 (195234) + STALKER4_LTR                                 LTR/Gypsy                         250    379   (23) 129  
11077    8.4  3.3  2.0  NP_60     211589 213376 (193259) + Gypsy-3_DSe-I                                LTR/Gypsy                         285   2164 (4366) 130  
18572    2.1  0.5  0.8  NP_60     213377 215575 (191060) + Gypsy-3_DSe-I                                LTR/Gypsy                        4312   6504   (26) 130  
  831    9.5  0.8 13.4  NP_60     215581 215800 (190835) + Gypsy-3_DSe-LTR                              LTR/Gypsy                           1    379    (0) 130  
  367   23.2  1.0  3.0  NP_60     215887 215951 (190684) C NOMAD_LTR                                    LTR/Gypsy                       (315)    203    141 131  
59367    4.1  1.2  1.0  NP_60     215952 223256 (183379) + Gypsy-3_DSe-I                                LTR/Gypsy                           1   7373    (0) 130  
 1278    7.9  0.5  7.7  NP_60     223257 223526 (183109) + Gypsy-3_DSe-LTR                              LTR/Gypsy                           1    379    (0) 130  
  365   24.2  0.8  5.0  NP_60     223613 223677 (182958) C NOMAD_LTR                                    LTR/Gypsy                       (315)    203    144 132  
49604    4.1  1.4  1.0  NP_60     223678 230963 (175672) + Gypsy-3_DSe-I                                LTR/Gypsy                           1   7373    (0) 130  
 1278    7.9  0.5  7.7  NP_60     230964 231233 (175402) + Gypsy-3_DSe-LTR                              LTR/Gypsy                           1    379    (0) 130  
  354   21.0  1.2  1.2  NP_60     231320 231384 (175251) C NOMAD_LTR                                    LTR/Gypsy                       (315)    203    139 133  
 1073   18.5  3.6  6.1  NP_60     231385 231637 (174998) + Gypsy-3_DSe-I                                LTR/Gypsy                           1    247 (7126) 130  
 6966    2.6  1.7  0.0  NP_60     231638 232442 (174193) + Gypsy-5_DSim-I                               LTR/Gypsy                        6344   7162    (0) 134  
  328   24.6  1.8  4.6  NP_60     232389 232442 (174193) C noCat_dsim_final-B-P113.23-Map3_novel_repeat DNA/RC                    (54)    809    759 135 *
 2630    5.2  0.7 10.3  NP_60     232443 232846 (173789) + Gypsy-5_DSim-LTR                             LTR/Gypsy                           1    369    (0) 136  
10332    4.1  1.4  0.6  NP_60     232879 234113 (172522) C DIVER_I                                      LTR/Pao                        (4398)   1245      1 137  
 1309   10.5  0.4 12.5  NP_60     234135 234385 (172250) C DIVER_LTR                                    LTR/Pao                           (0)    224      1 137  
 3256    2.2  0.0  0.0  NP_60     234395 234756 (171879) + Gypsy-9_DSim-LTR                             LTR/Gypsy                           1    362    (0) 138  
  264   13.2  0.0  0.0  NP_60     234757 234792 (171843) + NOMAD_LTR                                    LTR/Gypsy                         110    145  (373) 139  
  471   22.6 14.5  0.9  NP_60     234867 235059 (171576) + Gypsy-3_DSe-LTR                              LTR/Gypsy                         153    377    (2) 140  
  672   23.2  2.6  4.3  NP_60     235219 235439 (171196) + Gypsy-3_DSe-LTR                              LTR/Gypsy                         188    518    (0) 130 *
48219    5.4  1.1  1.0  NP_60     235427 241358 (165277) + NOMAD_I                                      LTR/Gypsy                           1   5940  (632) 141  
 1387   35.3  0.7  0.7  NP_60     241351 242047 (164588) + NOMAD_I                                      LTR/Gypsy                        7120   7816  (785) 141 *
 3472    4.3  0.0  0.0  NP_60     242050 242458 (164177) + NOMAD_I                                      LTR/Gypsy                        6170   6572    (0) 142  
  243    6.2  0.0  0.0  NP_60     242453 242484 (164151) + NOMAD_LTR                                    LTR/Gypsy                           1     32  (486) 142 *
  439   24.5 15.7  0.7  NP_60     242533 242757 (163878) + Gypsy-3_DSe-LTR                              LTR/Gypsy                         114    377    (2) 143  
  664   26.2  1.9  4.4  NP_60     242917 243124 (163511) + NOMAD_LTR                                    LTR/Gypsy                         316    518    (0) 144  
  445   11.6  3.4  2.0  NP_60     243130 243278 (163357) C MDG1_I                                       LTR/Gypsy                        (47)   6549   6399 145  
 1380   16.6  5.1  1.3  NP_60     243310 243603 (163032) + DM412_LTR                                   LTR/Gypsy                         161    465  (106) 146  
 3287   14.5  1.9  3.3  NP_60     243638 244278 (162357) + DM412_I                                        LTR/Gypsy                           1    632 (5845) 147  
 2381    6.9  1.0  0.0  NP_60     244281 244593 (162042) + Gypsy-2_DSim-LTR                             LTR/Gypsy                           1    391  (772) 148  
 5439   18.3 12.3  0.8  NP_60     244594 245842 (160793) + Gypsy-34_DEl-I                               LTR/Gypsy                           1   1322 (3081) 149 *
 6718   20.7  0.4  0.3  NP_60     245841 247069 (159566) + Gypsy-34_DEl-I                               LTR/Gypsy                        1481   2710 (2014) 149  
  690   18.9  0.0  0.8  NP_60     247062 247189 (159446) + Gypsy-34_DEl-I                               LTR/Gypsy                        3510   3636 (1011) 149 *
 2058   20.3  2.4  3.5  NP_60     247187 247869 (158766) + Gypsy-34_DEl-I                               LTR/Gypsy                        3739   4408  (316) 149 *
 2437    8.0  8.5  0.6  NP_60     247852 248328 (158307) + Gypsy-2_DSim-I                               LTR/Gypsy                        3212   3580  (110) 150  
  356    9.6  1.9  0.0  NP_60     248433 248484 (158151) + MDG1_I                                       LTR/Gypsy                          73    125 (6471) 151  
 2809    8.2  0.2  5.2  NP_60     248485 248909 (157726) + MDG1_I                                       LTR/Gypsy                         374    778 (5818) 151  
 3050    3.2  3.3 12.0  NP_60     248926 249422 (157213) + Gypsy-5_DSe-LTR                              LTR/Gypsy                           1    441    (0) 152 *
51477    2.8  0.6  0.4  NP_60     249398 255687 (150948) + Gypsy-5_DSe-I                                LTR/Gypsy                           1   6964  (118) 152  
 2796    2.8  4.3  4.1  NP_60     255674 256048 (150587) + Gypsy-5_DSe-LTR                              LTR/Gypsy                          65    436   (62) 152 *
  433   14.2 10.4  0.0  NP_60     256105 256210 (150425) + MDG1_I                                       LTR/Gypsy                        1126   1242 (5354) 153  
32817    4.7  4.3  0.8  NP_60     256403 260621 (146014) + MDG1_I                                       LTR/Gypsy                        1232   5598  (998) 153  
 1116    8.3  0.1  0.0  NP_60     260603 260766 (145869) C MDG1_I                                       LTR/Gypsy                       (859)   5737   5593 154 *
29113    4.6  3.2  0.8  NP_60     260764 264458 (142177) C MDG1_I                                       LTR/Gypsy                      (1651)   4945   1164 154  
 1124    7.8  2.5  2.2  NP_60     264436 264697 (141938) + MDG1_I                                       LTR/Gypsy                        6213   6594    (2) 153 *
  275   15.6  0.0  6.2  NP_60     264698 264814 (141821) C HMSBEAGLE_I                                  LTR/Gypsy                      (5635)    894    786 155 *
 1191   10.7  6.3  0.0  NP_60     264695 264921 (141714) + MDG1_LTR                                     LTR/Gypsy                          17    241  (201) 156  
13013    8.4  0.6  2.2  NP_60     264922 267841 (138794) + Gypsy-10_DSim-I                              LTR/Gypsy                         464   5188    (0) 157  
24209    3.5  0.1  0.6  NP_60     267873 270792 (135843) + Gypsy-10_DSim-I                              LTR/Gypsy                           1   4382 (5970) 157  
14211    1.3  0.1  1.5  NP_60     270779 272387 (134248) + Gypsy-10_DSim-I                              LTR/Gypsy                        2728   4313  (875) 157 *
 9756    3.0  0.0  0.1  NP_60     272387 273533 (133102) + Gypsy-13_DSim-I                              LTR/Gypsy                         626   1771 (3673) 156 *
11433    1.4  0.0  0.0  NP_60     273530 274787 (131848) + Gypsy-10_DSim-I                              LTR/Gypsy                        3056   4313  (875) 158 *
28979    3.5  1.1  0.1  NP_60     274787 278269 (128366) + Gypsy-13_DSim-I                              LTR/Gypsy                         626   4145 (1299) 159  
 2482    8.8  5.4  2.1  NP_60     278270 278642 (127993) + DIVER2_LTR                                   LTR/Pao                             1    385    (0) 160  
 2030    5.1  0.0  0.0  NP_60     278643 278895 (127740) + Gypsy-13_DSim-I                              LTR/Gypsy                        4141   4393 (1051) 159  
  859    2.0  0.0  0.0  NP_60     278897 278994 (127641) + ACCORD2_LTR                                  LTR/Gypsy                           1     98  (117) 161 *
 7822    2.1  3.0  0.2  NP_60     278987 279901 (126734) + ACCORD2_I                                    LTR/Gypsy                         112   1051 (6161) 162  
10393    1.7  0.0  1.0  NP_60     279902 281109 (125526) + ACCORD2_I                                    LTR/Gypsy                        1680   2875 (4337) 162  
 4841    1.9  0.0  0.5  NP_60     281101 281669 (124966) + ACCORD2_I                                    LTR/Gypsy                        6637   7202   (10) 162 *
 1869    0.9  0.9  1.4  NP_60     281670 281885 (124750) + ACCORD2_LTR                                  LTR/Gypsy                           1    215    (0) 162  
 5503   10.4  0.1  6.0  NP_60     281886 282815 (123820) + Gypsy-13_DSim-I                              LTR/Gypsy                        2451   3328 (1019) 156  
 2287   21.3  6.6  5.6  NP_60     282869 284278 (122357) + Gypsy-13_DSim-I                              LTR/Gypsy                        3407   4050  (297) 156  
 3176    4.2  0.5  0.0  NP_60     284329 284705 (121930) C STALKER4_LTR                                 LTR/Gypsy                        (23)    379      1 163  
18611    1.9  0.2  1.0  NP_60     284706 286906 (119729) C STALKER4_I                                   LTR/Gypsy                         (0)   6530   4346 163 *
28388    4.1  1.1  1.0  NP_60     286906 290539 (116096) C STALKER4_I                                   LTR/Gypsy                      (2431)   4099    379 163  
  436    1.9  0.0  0.0  NP_60     290552 290604 (116031) C STALKER4_LTR                                 LTR/Gypsy                        (93)    309    257 164 *
 1505   17.7  7.7  1.9  NP_60     290604 290955 (115680) + Gypsy-1_DSe-I                                LTR/Gypsy                        5997   6368   (60) 165  
 1061   19.1  4.1  3.3  NP_60     291140 291422 (115213) + Gypsy-1_DSe-I                                LTR/Gypsy                         157    663 (6163) 166  
17333   13.9  0.6  0.1  NP_60     292049 294664 (111971) + Gypsy-1_DSe-I                                LTR/Gypsy                         255   2882 (3546) 166  
43567    3.9  0.4  0.9  NP_60     294665 300408 (106227) C DM412_I                                        LTR/Gypsy                         (0)   6477      1 167  
 5580    6.8  1.5  2.0  NP_60     300409 301191 (105444) C MDG1_I                                       LTR/Gypsy                      (5087)    971      1 167  
25091    2.8  0.1  1.3  NP_60     301192 304612 (102023) C DM412_I                                        LTR/Gypsy                         (0)   6477      1 168  
 2286   10.0  6.6  0.8  NP_60     304609 304972 (101663) + DIVER2_LTR                                   LTR/Pao                             1    385    (0) 169 *
18703    2.9  0.2  0.2  NP_60     304949 307128  (99507) + BEL-6_DYa-I                                  LTR/Pao                             1   2157 (3318) 169  
 1768    4.5  0.2  4.0  NP_60     307111 307342  (99293) + BEL-6_DYa-I                                  LTR/Pao                          3711   4042 (1678) 169 *
  996    7.9  0.3  0.1  NP_60     307344 307479  (99156) + BEL-6_DYa-I                                  LTR/Pao                          4321   4439 (1036) 169  
  605    2.8  0.0  0.0  NP_60     307453 307523  (99112) + BEL-6_DYa-I                                  LTR/Pao                          5405   5475    (0) 169 *
 2286   10.0  6.6  0.8  NP_60     307524 307887  (98748) + DIVER2_LTR                                   LTR/Pao                             1    385    (0) 169  
 6756    4.5  0.0  0.0  NP_60     307888 308722  (97913) C DM412_I                                        LTR/Gypsy                      (2890)   3587   2753 170  
 1669   16.3  0.0  0.4  NP_60     308721 308997  (97638) + Gypsy8_I                                     LTR/Gypsy                        4999   5274 (1552) 171 *
 2259   19.7  3.9  6.5  NP_60     308975 309909  (96726) + Gypsy8_I                                     LTR/Gypsy                        3407   5231  (213) 171  
  664    4.6  0.0  0.0  NP_60     309909 309996  (96639) + Gypsy-13_DSim-LTR                            LTR/Gypsy                         115    194  (577) 172 *
17019    2.8  0.5  0.1  NP_60     309998 311980  (94655) C R1_DSi                                      LINE/R1        (5)   5429   3438 173  
 2744   18.8  1.8  8.6  NP_60     311967 313601  (93034) + Gypsy8_I                                     LTR/Gypsy                        2865   5231  (213) 174 *
  649    5.9  0.0  0.0  NP_60     313601 313688  (92947) + Gypsy-13_DSim-LTR                            LTR/Gypsy                         115    194  (577) 175 *
16992    2.8  0.5  0.1  NP_60     313690 315673  (90962) C R1_DSi                                      LINE/R1        (5)   5429   3438 176  
 2744   18.9  1.9  7.8  NP_60     315660 317280  (89355) + Gypsy8_I                                     LTR/Gypsy                        2865   5231  (213) 177 *
  664    4.6  0.0  0.0  NP_60     317280 317367  (89268) + Gypsy-13_DSim-LTR                            LTR/Gypsy                         115    194  (577) 178 *
17030    2.7  0.5  0.1  NP_60     317369 319351  (87284) C R1_DSi                                      LINE/R1        (5)   5429   3438 179  
 2709   19.2  2.4  7.7  NP_60     319338 320959  (85676) + Gypsy8_I                                     LTR/Gypsy                        2865   5231  (213) 180 *
  664    4.6  0.0  0.0  NP_60     320959 321046  (85589) + Gypsy-13_DSim-LTR                            LTR/Gypsy                         115    194  (577) 181 *
12401    3.5  0.8  0.1  NP_60     321048 322516  (84119) C R1_DSi                                      LINE/R1        (5)   5429   3951 182  
  265    3.5  0.0  0.0  NP_60     322520 322548  (84087) C R1_DSi                                      LINE/R1     (1452)   3982   3954 182 *
  447   13.4  0.7  0.2  NP_60     322537 322611  (84024) C R1_DSi                                      LINE/R1      (501)   4933   4871 183 *
12576    2.6  0.6  0.1  NP_60     322595 324062  (82573) C R1_DSi                                      LINE/R1      (521)   4913   3438 183  
 1101   11.9  0.0  3.6  NP_60     324049 324222  (82413) + Gypsy8_I                                     LTR/Gypsy                        2865   3032 (1315) 184 *
 3702    4.0  0.6  7.5  NP_60     324223 324737  (81898) + DM412_LTR                                   LTR/Gypsy                           1    482   (89) 185  
 9101    6.5  2.5  0.9  NP_60     324738 325992  (80643) + DM412_I                                        LTR/Gypsy                           1   1276 (5201) 186  
 6765    7.1  0.6  1.0  NP_60     325983 326870  (79765) + DM412_I                                        LTR/Gypsy                        1399   2282 (4195) 186 *
 2325   13.9  1.7  2.5  NP_60     326871 327275  (79360) + GTWIN_LTR                                    LTR/Gypsy                           1    402   (93) 187  
23469    3.5  4.0  0.2  NP_60     327433 330561  (76074) + DM412_I                                        LTR/Gypsy                        2285   5532  (945) 188  
 9759    4.1  0.6  2.6  NP_60     330564 332257  (74378) + DM412_I                                        LTR/Gypsy                        5089   6477    (0) 189  
 2276   20.8  5.1  6.7  NP_60     332258 333628  (73007) + Gypsy8_I                                     LTR/Gypsy                        3029   5231  (213) 190  
  641    5.9  0.0  0.0  NP_60     333628 333715  (72920) + Gypsy-13_DSim-LTR                            LTR/Gypsy                         115    194  (577) 191 *
16240    2.6  2.9  0.1  NP_60     333717 335652  (70983) C R1_DSi                                      LINE/R1        (5)   5429   3438 192  
 2738   11.1  0.0  9.3  NP_60     335639 336145  (70490) + Gypsy8_I                                     LTR/Gypsy                        2865   3328 (1019) 193 *
 2124    4.4  0.0  0.0  NP_60     336201 336451  (70184) + Gypsy12_LTR                                  LTR/Gypsy                           1    251 (2085) 194  
 8476    6.6  2.0  1.7  NP_60     336470 337639  (68996) + Gypsy12_LTR                                  LTR/Gypsy                         561   1734  (602) 194  
23540    9.1  0.8  1.4  NP_60     337652 343675  (62960) + Gypsy12_I                                    LTR/Gypsy                           1   7347    (0) 194  
17483    6.3  1.3  2.7  NP_60     343675 346044  (60591) + Gypsy12_LTR                                  LTR/Gypsy                           1   2336    (0) 194 *
 2278   19.9  3.3  7.2  NP_60     346082 347119  (59516) + Gypsy8_I                                     LTR/Gypsy                        3407   5231  (213) 195  
  664    4.6  0.0  0.0  NP_60     347119 347206  (59429) + Gypsy-13_DSim-LTR                            LTR/Gypsy                         115    194  (577) 196 *
 3936    3.0  0.0  0.2  NP_60     347206 347666  (58969) C R1_DM                                       LINE/R1        (7)   5349   4890 197  
 2388   11.4  3.8  8.2  NP_60     347684 348152  (58483) + Gypsy8_I                                     LTR/Gypsy                        2879   3328 (1019) 198  
 2297   20.4  3.2  6.8  NP_60     348232 349267  (57368) + Gypsy8_I                                     LTR/Gypsy                        3407   5231  (213) 195  
  641    5.9  0.0  0.0  NP_60     349267 349354  (57281) + Gypsy-13_DSim-LTR                            LTR/Gypsy                         115    194  (577) 199 *
17609    2.9  0.7  0.1  NP_60     349356 351421  (55214) C R1_DSi                                      LINE/R1        (5)   5429   3351 200  
 5988    2.3  0.0  0.1  NP_60     351408 352104  (54531) C R1_DSi                                      LINE/R1     (1301)   4133   3438 200 *
 2437   11.3  3.7  9.3  NP_60     352091 352579  (54056) + Gypsy8_I                                     LTR/Gypsy                        2865   3328 (1019) 201 *
 2276   20.2  3.2  7.0  NP_60     352668 353704  (52931) + Gypsy8_I                                     LTR/Gypsy                        3407   5231  (213) 195  
  664    4.6  0.0  0.0  NP_60     353704 353791  (52844) + Gypsy-13_DSim-LTR                            LTR/Gypsy                         115    194  (577) 202 *
12395    3.5  0.9  0.1  NP_60     353793 355259  (51376) C R1_DSi                                      LINE/R1        (5)   5429   3951 203  
  265    3.5  0.0  0.0  NP_60     355263 355291  (51344) C R1_DSi                                      LINE/R1     (1452)   3982   3954 203 *
12455    2.8  0.1  0.1  NP_60     355280 356727  (49908) C R1_DSi                                      LINE/R1      (501)   4933   3486 204  
  547   20.2  0.3  3.5  NP_60     356707 356846  (49789) + Gypsy8_I                                     LTR/Gypsy                        5093   5202  (242) 195 *
16246    3.4  0.7  0.1  NP_60     356845 358772  (47863) C R1_DSi                                      LINE/R1       (57)   5377   3438 205  
 4385    1.0  3.0  0.0  NP_60     358782 359272  (47363) + TABOR_LTR                                    LTR/Gypsy                           1    506    (0) 206  
47996    3.8  1.1  1.0  NP_60     359273 366181  (40454) + TABOR_I                                      LTR/Gypsy                           1   6336    (0) 206  
 2388   11.4  3.8  8.2  NP_60     366183 366651  (39984) + Gypsy8_I                                     LTR/Gypsy                        2879   3328 (1019) 207  
 2246   20.2  3.3  7.0  NP_60     366740 367776  (38859) + Gypsy8_I                                     LTR/Gypsy                        3407   5231  (213) 207  
  664    4.6  0.0  0.0  NP_60     367776 367863  (38772) + Gypsy-13_DSim-LTR                            LTR/Gypsy                         115    194  (577) 208 *
12414    3.3  0.9  0.1  NP_60     367865 369331  (37304) C R1_DSi                                      LINE/R1        (5)   5429   3951 209  
  265    3.5  0.0  0.0  NP_60     369335 369363  (37272) C R1_DSi                                      LINE/R1     (1452)   3982   3954 209 *
 8308    3.8  0.1  0.1  NP_60     369352 370334  (36301) C R1_DSi                                      LINE/R1      (501)   4933   3951 210  
  265    3.5  0.0  0.0  NP_60     370338 370366  (36269) C R1_DSi                                      LINE/R1     (1452)   3982   3954 210 *
12820    2.9  0.1  0.1  NP_60     370355 371850  (34785) C R1_DSi                                      LINE/R1      (501)   4933   3438 211  
 2430   11.5  3.7  9.3  NP_60     371837 372325  (34310) + Gypsy8_I                                     LTR/Gypsy                        2865   3328 (1019) 212 *
 2160   20.6  4.3  6.3  NP_60     372414 373440  (33195) + Gypsy8_I                                     LTR/Gypsy                        3407   5231  (213) 207  
  638    5.7  0.0  0.0  NP_60     373440 373527  (33108) + Gypsy-13_DSim-LTR                            LTR/Gypsy                         115    194  (577) 213 *
12440    3.3  0.9  0.1  NP_60     373529 374995  (31640) C R1_DSi                                      LINE/R1        (5)   5429   3951 214  
  265    3.5  0.0  0.0  NP_60     374999 375027  (31608) C R1_DSi                                      LINE/R1     (1452)   3982   3954 214 *
13295    2.6  1.5  0.1  NP_60     375016 376575  (30060) C R1_DSi                                      LINE/R1      (501)   4933   3351 215  
 1542    5.2  0.6  0.6  NP_60     376561 376777  (29858) C R1_DSi                                      LINE/R1     (1290)   4320   3951 215 *
12963    2.6  0.1  0.3  NP_60     376766 378271  (28364) C R1_DSi                                      LINE/R1      (501)   4933   3431 216 *
19708    2.6  1.3  0.0  NP_60     378270 380605  (26030) C R1_DSi                                      LINE/R1      (626)   4808   1041 217  
  963   11.3  0.0  0.7  NP_60     380606 380748  (25887) + DM412_I                                        LTR/Gypsy                           1    142  (429) 218  
  615   22.1  4.3  1.6  NP_60     380749 380932  (25703) + DM412_I                                        LTR/Gypsy                         277    465  (106) 218  
 6981   11.9  4.0  2.2  NP_60     380948 382188  (24447) + DM412_I                                        LTR/Gypsy                           1   1263 (5214) 219  
 4965   11.8  0.3  1.9  NP_60     382257 383063  (23572) + DM412_I                                        LTR/Gypsy                         969   2102 (4367) 218  
 2987   14.1  1.0  0.8  NP_60     383299 383813  (22822) + MDG1_I                                       LTR/Gypsy                          69    584 (6012) 220  
  226   15.0  0.0  0.0  NP_60     383815 383854  (22781) + MDG1_I                                       LTR/Gypsy                         506    545 (6051) 220  
  737   20.2  1.6 19.4  NP_60     383923 384465  (22170) + MDG1_I                                       LTR/Gypsy                         572   1369 (4745) 220  
 3710    4.0  0.6  7.5  NP_60     384479 384993  (21642) + DM412_LTR                                   LTR/Gypsy                           1    482   (89) 221  
 5539    7.2  1.2  1.8  NP_60     384994 385776  (20859) + Gypsy-8_DSim-I                               LTR/Gypsy                           1    973 (5085) 222  
45130    2.9  0.3  0.8  NP_60     385777 391535  (15100) + DM412_I                                        LTR/Gypsy                           1   6477    (0) 222  
  389   25.0  2.9  0.8  NP_60     391536 391658  (14977) + DM412_I                                        LTR/Gypsy                        1687   1776   (47) 222  
11879    3.3  2.4  0.1  NP_60     391659 393096  (13539) + Gypsy-8_DSim-I                               LTR/Gypsy                           3   1472 (3940) 222  
26440    3.4  2.5  1.3  NP_60     393097 396426  (10209) + Gypsy-8_DSim-I                               LTR/Gypsy                        2001   5372   (40) 222  
 2989   14.3  0.8  0.8  NP_60     396602 397117   (9518) + Gypsy-8_DSim-I                               LTR/Gypsy                          69    584 (6012) 223  
 3769   14.1  5.6  8.3  NP_60     397216 398425   (8210) + Gypsy-8_DSim-I                               LTR/Gypsy                           3   1531 (4583) 223  
 3187   10.5  1.2  0.6  NP_60     399732 400210   (6425) + DM412_LTR                                   LTR/Gypsy                           1    482   (89) 224  
  301   24.1  3.4  2.2  NP_60     400483 400571   (6064) + Gypsy5_I                                     LTR/Gypsy                        3985   4074 (2435) 225  
  724   12.8  1.3 13.4  NP_60     400604 400800   (5835) C DNAREP1_DSim                                 RC/Helitron                      (20)    773    427 226 *
  914    9.2 16.7  0.4  NP_60     400785 400983   (5652) C DNAREP1_DSim                                 RC/Helitron                     (237)    455    267 227  
  425   10.4  6.0  0.0  NP_60     400991 401057   (5578) C Helitron-1_DEu                               RC/Helitron                    (8065)     71      1 228  
  297    5.6  0.0  0.0  NP_60     402935 402970   (3665) C Hoyak2                                       DNA/hAT-Ac                     (2525)     36      1 229  
 2049   16.3  5.3  1.3  NP_60     402971 403419   (3216) C DNAREP1_DSim                                 RC/Helitron                      (92)    701    254 230  
  361   15.4  8.8  2.4  NP_60     405007 405086   (1549) + noCat_dsim_final-B-P81.43-Map3_novel_repeat  DNA/RC                     786    870    (3) 231 *
 1963    7.5  9.9  7.1  NP_60     405016 405477   (1158) C DNAREP1_DM                                   RC/Helitron                       (0)    692      1 232  
