   SW   perc perc perc  query     position in query        matching          repeat                           position in repeat
score   div. del. ins.  sequence  begin  end      (left)   repeat            class/family                   begin  end    (left)  ID

  385    9.8  5.2  5.2  NP_60          1     96 (359947) C BATUMI_I          LTR/Pao                        (7193)    770    675   1  
  709   22.7  4.4  5.4  NP_60         97    301 (359742) C NOMAD_LTR         LTR/Gypsy                         (0)    518    316   2  
  433   23.1 15.7  0.7  NP_60        461    685 (359358) C Gypsy-3_DSe-LTR   LTR/Gypsy                         (2)    377    114   3  
 5985   15.4  6.5  3.5  NP_60        759   3116 (356927) C NOMAD_I           LTR/Gypsy                         (6)   7533   4991   4 *
14848    4.1  0.3  0.0  NP_60       3116   4954 (355089) C NOMAD_I           LTR/Gypsy                      (1685)   4887   3044   4 *
40523    2.3  1.2  0.5  NP_60       4939  10138 (349905) C DM297_I           LTR/Gypsy                       (929)   5238      1   5  
 3166    2.9  0.7  0.7  NP_60      10139  10552 (349491) C DM297_LTR         LTR/Gypsy                         (0)    414      1   5  
  797   21.8  4.9  3.5  NP_60      10653  10980 (349063) + Gypsy5_I          LTR/Gypsy                         245    450 (6059)   6 *
11587   20.0  4.0  0.7  NP_60      10975  13621 (346422) + Gypsy5_I          LTR/Gypsy                         911   3643 (2866)   6  
 2778    4.8  0.5  4.0  NP_60      13622  14013 (346030) + STALKER4_LTR      LTR/Gypsy                           1    379   (23)   7  
 1259   29.8  1.8  1.0  NP_60      14064  14552 (345491) + Gypsy5_I          LTR/Gypsy                        2527   3019 (3490)   8  
  251   33.2  3.6  2.8  NP_60      15099  15488 (344555) + Gypsy-5_DSim-I    LTR/Gypsy                        6185   6577  (585)   9  
  348   11.7  1.7  0.0  NP_60      16007  16075 (343968) + Gypsy-5_DSim-I    LTR/Gypsy                        7096   7165  (403)   9  
 2417   11.1  5.2  1.3  NP_60      16371  16841 (343202) C Gypsy-13_DSim-LTR LTR/Gypsy                         (2)    769    285  10  
 1291   18.7 12.9  3.0  NP_60      20154  20610 (339433) + Gypsy-3_DSe-I     LTR/Gypsy                         697   1197 (6176)  11  
 6863    3.4  0.0  1.1  NP_60      20795  21694 (338349) + TRANSIB2          DNA/CMC-Transib                     1    890 (1954)  12  
 4002    4.7  1.2  1.1  NP_60      21694  22254 (337789) + TRANSIB2          DNA/CMC-Transib                  2283   2844    (0)  13 *
 6309    1.0  0.4  0.0  NP_60      22255  23046 (336997) + Gypsy-1_DSim-I    LTR/Gypsy                        5516   6310  (712)  14  
 2924    3.2  5.1  0.0  NP_60      23047  23420 (336623) C Invader6_LTR      LTR/Gypsy                         (0)    393      1  15  
  287    2.6  0.0  0.0  NP_60      23421  23451 (336592) C Invader6_I        LTR/Gypsy                        (22)   4467   4437  15 *
 3924    6.8  0.4  4.9  NP_60      23421  24226 (335817) C Invader6_I        LTR/Gypsy                       (527)   4153   3433  15 *
22700    1.2  0.1  0.1  NP_60      24210  26871 (333172) C Invader6_I        LTR/Gypsy                      (1437)   2662      1  15  
 2989    2.9  4.8  0.0  NP_60      26872  27246 (332797) C Invader6_LTR      LTR/Gypsy                         (0)    393      1  15  
 1499    1.0  0.0  0.0  NP_60      27247  27452 (332591) + Gypsy-1_DSim-I    LTR/Gypsy                        6307   6512  (510)  16  
 3269    2.0  0.2  1.5  NP_60      27453  27862 (332181) C NOMAD_LTR         LTR/Gypsy                         (0)    518    114  17  
  226    8.1  5.4  0.0  NP_60      27858  27894 (332149) C Gypsy-2_DAn-I     LTR/Gypsy                        (28)   8573   8535  18 *
 8568    0.6  1.5  3.7  NP_60      27866  28958 (331085) C NOMAD_I           LTR/Gypsy                         (4)   6568   5500  19 *
 9081    1.0  0.3  0.7  NP_60      28955  30052 (329991) C NOMAD_I           LTR/Gypsy                      (5479)   1093      1  19  
 3280    2.9  0.0  1.5  NP_60      30053  30467 (329576) C NOMAD_LTR         LTR/Gypsy                         (0)    518    110  19 *
 4177    4.8  2.1  2.1  NP_60      30464  31118 (328925) + Gypsy-1_DSim-I    LTR/Gypsy                        6509   7019    (3)  16  
 5349    6.9  1.1  0.5  NP_60      31166  31925 (328118) C NOMAD_I           LTR/Gypsy                      (5808)    764      1  20  
  693   23.2  4.4  5.4  NP_60      31926  32130 (327913) C NOMAD_LTR         LTR/Gypsy                         (0)    518    316  20  
  436   24.2 13.0  1.2  NP_60      32290  32519 (327524) C Gypsy-3_DSe-LTR   LTR/Gypsy                         (2)    377    114  21  
  229    6.2  0.0  0.0  NP_60      32567  32598 (327445) C NOMAD_LTR         LTR/Gypsy                       (486)     32      1  22  
 3226    2.2  0.7  0.7  NP_60      32606  33019 (327024) C DM297_LTR         LTR/Gypsy                         (0)    414      1  23  
47783    2.5  0.9  0.3  NP_60      33020  39152 (320891) C DM297_I           LTR/Gypsy                         (0)   6167      1  23  
 3136    2.9  0.7  1.0  NP_60      39153  39567 (320476) C DM297_LTR         LTR/Gypsy                         (0)    414      1  23  
  772   21.5  5.4  3.5  NP_60      39670  39996 (320047) + Gypsy5_I          LTR/Gypsy                         245    450 (6059)  24 *
 3300   24.4  2.4  1.2  NP_60      39991  40920 (319123) + Gypsy5_I          LTR/Gypsy                         911   1851 (4658)  24 *
 7869   18.0  1.5  0.3  NP_60      40915  42426 (317617) + Gypsy5_I          LTR/Gypsy                        2110   3639 (2870)  24  
 1262   15.3  1.5  4.5  NP_60      42427  42700 (317343) C Invader2_LTR      LTR/Gypsy                         (0)    266      1  25  
35589    3.2  0.3  0.4  NP_60      42701  47295 (312748) C Invader2_I        LTR/Gypsy                         (0)   4592      1  25  
 1262   15.3  1.5  4.5  NP_60      47296  47569 (312474) C Invader2_LTR      LTR/Gypsy                         (0)    266      1  25  
 2848    5.0  0.8  0.0  NP_60      47578  47953 (312090) + STALKER4_LTR      LTR/Gypsy                           1    379   (23)  26  
 1485   29.0  2.2  0.7  NP_60      48003  48551 (311492) + Gypsy-31_DYa-I    LTR/Gypsy                        3326   3882 (3686)  27  
  284   25.9  2.7  1.8  NP_60      48873  48982 (311061) + Gypsy5_I          LTR/Gypsy                        5198   5308 (1201)  24  
  305   31.9  3.0  2.5  NP_60      49100  49581 (310462) + Gypsy-5_DSim-I    LTR/Gypsy                        1344   1530 (1277)  28  
  343   13.7  0.8  0.0  NP_60      50099  50165 (309878) + Gypsy-5_DSim-I    LTR/Gypsy                        7096   7165  (403)  28  
 2417   11.1  5.2  1.3  NP_60      50462  50932 (309111) C Gypsy-13_DSim-LTR LTR/Gypsy                         (2)    769    285  29  
 1240   16.2  3.5  2.4  NP_60      54829  55118 (304925) + Gypsy-3_DSe-I     LTR/Gypsy                         670    962 (6411)  30  
 2451    4.2  0.0  1.8  NP_60      55499  55838 (304205) + TRANSIB2          DNA/CMC-Transib                     1    334 (2510)  31  
 1397    3.8  0.0  1.1  NP_60      55842  56027 (304016) + TRANSIB2          DNA/CMC-Transib                   707    890 (1954)  32 *
 3977    4.5  1.6  0.7  NP_60      56027  56583 (303460) + TRANSIB2          DNA/CMC-Transib                  2283   2844    (0)  33  
11939    3.0  1.1  1.3  NP_60      56584  58233 (301810) + Gypsy-1_DSim-I    LTR/Gypsy                        5516   7019    (3)  34  
 5253    6.3  1.9  1.1  NP_60      58281  59038 (301005) C NOMAD_I           LTR/Gypsy                      (5808)    764      1  35  
  693   23.2  4.4  5.4  NP_60      59039  59243 (300800) C NOMAD_LTR         LTR/Gypsy                         (0)    518    316  35  
  426   23.8 13.6  1.2  NP_60      59403  59631 (300412) C Gypsy-3_DSe-LTR   LTR/Gypsy                         (2)    377    114  36  
  229    6.2  0.0  0.0  NP_60      59678  59709 (300334) C NOMAD_LTR         LTR/Gypsy                       (486)     32      1  37  
 2384    2.3  0.6  1.3  NP_60      59717  60029 (300014) C DM297_LTR         LTR/Gypsy                         (0)    414    104  38  
28371    2.1  0.9  0.1  NP_60      60030  63659 (296384) C Gypsy-1_DSim-I    LTR/Gypsy                       (124)   6898   3240  39  
  972   13.8  8.1  4.4  NP_60      63671  64022 (296021) C Gypsy-6_DSim-LTR  LTR/Gypsy                         (0)    367      1  40  
 6791    3.4  0.7  0.4  NP_60      64023  64924 (295119) C Gypsy-1_DSim-I    LTR/Gypsy                      (3788)   3234   2331  41  
25804    2.5  0.9  0.0  NP_60      64935  68227 (291816) + DM297_I           LTR/Gypsy                        2847   6167    (0)  42  
 3209    2.4  0.7  0.7  NP_60      68228  68641 (291402) + DM297_LTR         LTR/Gypsy                           1    414    (0)  42  
16430    2.9  0.7  0.9  NP_60      68642  70811 (289232) + DM297_I           LTR/Gypsy                           1   2167 (4000)  42  
41515    2.6  0.9  0.4  NP_60      70815  76158 (283885) C DM297_I           LTR/Gypsy                       (793)   5374      1  43  
 3230    2.2  0.7  0.7  NP_60      76159  76572 (283471) C DM297_LTR         LTR/Gypsy                         (0)    414      1  43  
  803   21.7  5.0  3.1  NP_60      76674  77000 (283043) + Gypsy5_I          LTR/Gypsy                         245    450 (6059)  44 *
 3267   23.7  3.4  0.8  NP_60      76995  77912 (282131) + Gypsy5_I          LTR/Gypsy                         911   1851 (4658)  44  
 7864   18.1  1.2  0.1  NP_60      77922  79418 (280625) + Gypsy5_I          LTR/Gypsy                        2131   3643 (2866)  44  
 2766    5.0  0.5  4.0  NP_60      79419  79810 (280233) + STALKER4_LTR      LTR/Gypsy                           1    379   (23)  45  
 1522   28.6  2.0  0.9  NP_60      79860  80410 (279633) + Gypsy-31_DYa-I    LTR/Gypsy                        3326   3882 (3686)  46  
  284   27.5  1.8  1.8  NP_60      80730  80840 (279203) + Gypsy5_I          LTR/Gypsy                        5198   5308 (1201)  44  
  304   29.5  2.1  2.1  NP_60      80958  81144 (278899) + Gypsy-26_DEl-I    LTR/Gypsy                        1344   1530 (1277)  47  
  225   13.5  0.0  0.0  NP_60      81963  81999 (278044) + Gypsy-5_DSim-I    LTR/Gypsy                        7104   7140   (22)  48  
 2482   11.9  5.2  0.9  NP_60      82345  82947 (277096) C Gypsy-13_DSim-LTR LTR/Gypsy                         (2)    769    285  49  
 1229   18.6  5.2  3.5  NP_60      86487  86853 (273190) + Gypsy-3_DSe-I     LTR/Gypsy                         670   1042 (6331)  50  
  384   24.5  0.0  0.0  NP_60      87176  87269 (272774) + Gypsy-3_DSe-I     LTR/Gypsy                        1376   1469 (5904)  50  
 2241   15.4  2.6  1.1  NP_60      87270  87727 (272316) + DM412_LTR        LTR/Gypsy                           1    465  (106)  51  
 5262   12.4  3.6  2.9  NP_60      87743  88775 (271268) + DM412_I             LTR/Gypsy                           1   1040 (5437)  52  
  658    3.1  0.9  1.2  NP_60      88778  88888 (271155) C G4_DM            LINE/Jockey    (0)   3856   3768  53  
  232   18.8  3.0  4.5  NP_60      89299  89334 (270709) + Gypsy-10_DMoj-LTR LTR/Gypsy                          91    154 (2870)  54  
  233    3.5  0.0  0.0  NP_60      89335  89363 (270680) + Gypsy16-I_Dya     LTR/Gypsy                           5     33 (4790)  54  
  392    7.7  1.2  7.6  NP_60      89856  89939 (270104) + Gypsy-10_DMoj-LTR LTR/Gypsy                         576    654 (2372)  54  
 1426   33.0  0.7  1.0  NP_60      90287  90976 (269067) + Gypsy2-I_DM       LTR/Gypsy                         808   1495 (5050)  55  
  415   30.9  2.7  1.8  NP_60      91554  91774 (268269) + Gypsy2-I_DM       LTR/Gypsy                        2649   2871 (3658)  55  
 1337   23.4  2.5  2.9  NP_60      91822  92265 (267778) + Gypsy16-I_Dya     LTR/Gypsy                         727   1168 (3655)  56  
  309    5.1  0.0  0.0  NP_60      92289  92327 (267716) + Gypsy-1_DSe-I     LTR/Gypsy                        5179   5217  (195)  57  
 3364    3.3  1.4  0.2  NP_60      92342  92768 (267275) + Gypsy-1_DSe-I     LTR/Gypsy                        5997   6428    (0)  57  
  682    9.7  1.1 21.1  NP_60      92791  92972 (267071) + Gypsy-1_DSe-LTR   LTR/Gypsy                         207    358    (0)  58  
22220    3.0  1.5  0.1  NP_60      92973  95772 (264271) + Gypsy-1_DSe-I     LTR/Gypsy                           1   2840 (3588)  58  
 1666    2.2 11.2  0.0  NP_60      95770  95993 (264050) + Gypsy-1_DSe-I     LTR/Gypsy                        3818   4066 (2362)  58 *
 4642    3.9  0.0  0.0  NP_60      96012  96601 (263442) + Gypsy-1_DSe-I     LTR/Gypsy                        4156   4745 (1683)  58  
 2994    2.8  0.0  0.0  NP_60      97931  98291 (261752) + Gypsy-1_DSe-I     LTR/Gypsy                        5997   6357   (71)  58  
 2881   30.7  0.3  0.2  NP_60     100629 101788 (258255) + Gypsy-8_DSe-I     LTR/Gypsy                        3441   4601 (1880)  59  
  349   28.4  0.0  0.0  NP_60     101801 101902 (258141) + Gypsy-8_DSe-I     LTR/Gypsy                        4569   4670 (2492)  59  
 1023   32.8  4.6  3.5  NP_60     102131 103186 (256857) + Gypsy-8_DSe-I     LTR/Gypsy                        4680   5921 (1241)  59  
  239   27.2  0.0  0.0  NP_60     104096 104217 (255826) + TIRANT_I          LTR/Gypsy                        6974   7032  (660)  60  
 2771    3.1  5.3  1.0  NP_60     104240 104632 (255411) + DM297_LTR         LTR/Gypsy                           5    414    (0)  61  
47181    2.6  1.3  0.3  NP_60     104633 110739 (249304) + DM297_I           LTR/Gypsy                           1   6167    (0)  61  
 3119    3.2  0.7  1.2  NP_60     110740 111155 (248888) + DM297_LTR         LTR/Gypsy                           1    414    (0)  61  
 1236   31.0  1.2  5.1  NP_60     111156 111782 (248261) + Gypsy-1_DSim-I    LTR/Gypsy                        5029   5631  (416)  62  
  436    3.5  0.0  0.0  NP_60     111810 111866 (248177) C Gypsy11_LTR       LTR/Gypsy                       (395)     57      1  63  
 5956   11.3  3.3  1.3  NP_60     111867 113249 (246794) C DM412_I             LTR/Gypsy                       (246)   6231   5030  64  
 1955   11.6  1.1  4.1  NP_60     113307 113684 (246359) + Gypsy-28_DYa-LTR  LTR/Gypsy                           1    367    (0)  65 *
 2869    8.9  0.7  4.7  NP_60     113666 114506 (245537) + Gypsy-28_DYa-I    LTR/Gypsy                           1   1677 (6320)  65  
 3860    6.5  1.8  2.2  NP_60     114507 115377 (244666) + Gypsy-1_DSim-LTR  LTR/Gypsy                           1    504   (18)  62  
 9604    7.7  0.7  0.9  NP_60     115392 118276 (241767) + Gypsy-1_DSim-I    LTR/Gypsy                          26   3264 (3563)  66  
15985    9.1  0.6  0.8  NP_60     118277 122725 (237318) + Jockey-1_DSe     LINE/Jockey      1   4346    (0)  67  
 1733    2.5  1.7  0.0  NP_60     122739 122971 (237072) + Gypsy-1_DSim-I    LTR/Gypsy                        2998   3234 (3788)  66  
 1184   17.5  4.5  8.4  NP_60     122972 123352 (236691) + ROVER-LTR_DM      LTR/Gypsy                           1    367    (0)  68  
21361    2.9  2.2  0.6  NP_60     123364 126772 (233271) + Gypsy-1_DSim-I    LTR/Gypsy                        3240   6705  (317)  66  
  906   12.6  5.9  1.7  NP_60     126778 127069 (232974) + Gypsy-1_DSim-I    LTR/Gypsy                        6841   7002   (20)  66  
 3250   29.6  3.7  1.2  NP_60     127637 128934 (231109) + Gypsy-31_DYa-I    LTR/Gypsy                        3015   4344 (3224)  69  
  376   31.8  1.4  5.9  NP_60     129137 129490 (230553) + ACCORD2_I         LTR/Gypsy                        5600   5938 (1274)  70  
  715   27.6  2.4  1.8  NP_60     129508 129836 (230207) + Gypsy-31_DYa-I    LTR/Gypsy                        5327   5657 (1833)  69  
  298   31.5  3.0  2.5  NP_60     130406 130887 (229156) + Gypsy-1_DSim-I    LTR/Gypsy                        6185   6577  (585)  66  
  335   11.9  3.4  0.0  NP_60     131407 131474 (228569) + Gypsy-1_DSim-I    LTR/Gypsy                        7096   7165  (403)  66  
 1870   12.0  0.5  0.7  NP_60     131748 132089 (227954) C Gypsy-13_DSim-LTR LTR/Gypsy                       (112)    659    388  71  
 1276   19.6 12.2  2.6  NP_60     135600 136082 (223961) + Gypsy-3_DSe-I     LTR/Gypsy                         670   1197 (6176)  72  
  365   25.5  0.0  0.0  NP_60     136289 136382 (223661) + Gypsy-3_DSe-I     LTR/Gypsy                        1376   1469 (5904)  72  
 2334   15.8  1.7  0.6  NP_60     136383 136859 (223184) + DM412_LTR        LTR/Gypsy                           1    482   (89)  73 *
 2341   29.1  1.0  1.7  NP_60     136835 138001 (222042) + Gypsy-26_DBp-I    LTR/Gypsy                        1353   3336 (3599)  74  
  421   29.8  0.6  1.2  NP_60     138105 138466 (221577) + Gypsy-26_DBp-I    LTR/Gypsy                        2219   2361 (1801)  74  
  280   26.7  2.0  2.0  NP_60     138614 138762 (221281) + Gypsy-10_DBp-I    LTR/Gypsy                        6054   6155    (2)  75  
 1298   29.2  1.7  1.9  NP_60     138886 139464 (220579) + Gypsy-26_DBp-I    LTR/Gypsy                        2355   2932  (857)  74  
  228   21.4  0.0  0.0  NP_60     139765 139806 (220237) + Gypsy-30_DAn-I    LTR/Gypsy                        6280   6321    (5)  76  
 2937    2.1  6.7  0.2  NP_60     140141 140529 (219514) + DM297_LTR         LTR/Gypsy                           1    414    (0)  76  
 1659   16.5  2.1  1.3  NP_60     140530 140964 (219079) C STALKER4_I        LTR/Gypsy                      (5642)    888    389  77  
  897   10.7  0.7  0.0  NP_60     141155 141294 (218749) C STALKER4_LTR      LTR/Gypsy                        (29)    373    233  78  
 7024    9.3  0.7  0.6  NP_60     141544 143353 (216690) + Gypsy-1_DSim-I    LTR/Gypsy                        1229   3761 (2396)  79  
 1164   18.7  2.5 11.7  NP_60     143354 143753 (216290) + ROVER-LTR_DM      LTR/Gypsy                           1    367    (0)  80  
 3273    8.4  1.7  0.3  NP_60     143765 144414 (215629) + Gypsy-1_DSim-I    LTR/Gypsy                        2880   3655 (3367)  81  
  700   28.9  0.4  0.4  NP_60     144424 144687 (215356) C Gypsy5_I          LTR/Gypsy                      (4093)   2416   2153  82  
  943   11.5  8.1  1.6  NP_60     145192 145484 (214559) C Gypsy-1_DSim-I    LTR/Gypsy                        (20)   7002   6841  83  
18069    3.5  1.0  0.2  NP_60     145489 147920 (212123) C Gypsy-1_DSim-I    LTR/Gypsy                       (317)   6705   4255  83  
 1410    2.3  0.0  0.0  NP_60     147919 148094 (211949) C Gypsy-1_DSim-I    LTR/Gypsy                      (3087)   3935   3760  83 *
21254    3.3  0.7  0.3  NP_60     148127 150972 (209071) + Gypsy-1_DSim-I    LTR/Gypsy                        3853   6701  (321)  84  
  943   11.9  6.1  1.6  NP_60     150974 151265 (208778) + Gypsy-1_DSim-I    LTR/Gypsy                        6841   7002   (20)  84  
 3350   29.8  3.4  1.2  NP_60     151832 153133 (206910) + Gypsy-31_DYa-I    LTR/Gypsy                        3015   4344 (3224)  85  
 4107    0.8  3.0  0.0  NP_60     153206 153696 (206347) + TABOR_LTR         LTR/Gypsy                           1    506    (0)  86  
44470    3.7  1.0  1.1  NP_60     153697 160621 (199422) + TABOR_I           LTR/Gypsy                           1   6336    (0)  86  
  347   31.6  1.4  6.0  NP_60     160666 161012 (199031) + Gypsy-8_DSe-I     LTR/Gypsy                        5363   5694 (1438)  87  
  660   27.6  6.0  4.8  NP_60     161037 161573 (198470) + Gypsy-8_DSe-I     LTR/Gypsy                        5604   6146  (335)  87  
  280   32.4  2.7  2.3  NP_60     161761 162296 (197747) + TABOR_I           LTR/Gypsy                        6185   6577  (585)  86  
  335   11.9  3.4  0.0  NP_60     162813 162880 (197163) + TABOR_I           LTR/Gypsy                        7096   7165  (403)  86  
 2775   13.2  2.5  3.2  NP_60     163160 163855 (196188) C Gypsy-13_DSim-LTR LTR/Gypsy                         (2)    769    200  88  
 1281   19.8 12.4  2.6  NP_60     167325 167806 (192237) + Gypsy-3_DSe-I     LTR/Gypsy                         670   1197 (6176)  89  
  384   24.5  0.0  0.0  NP_60     168013 168106 (191937) + Gypsy-3_DSe-I     LTR/Gypsy                        1376   1469 (5904)  89  
 2332   14.6  2.6  1.1  NP_60     168107 168564 (191479) + DM412_LTR        LTR/Gypsy                           1    465  (106)  90  
 5103   13.7  3.5  2.0  NP_60     168580 169604 (190439) + DM412_I             LTR/Gypsy                           1   1040 (5437)  91  
  658    2.4  1.0  1.0  NP_60     169610 169714 (190329) C G4_DM            LINE/Jockey    (0)   3856   3768  92  
  232   18.8  3.0  4.5  NP_60     170125 170160 (189883) + Gypsy-10_DMoj-LTR LTR/Gypsy                          91    154 (2870)  93  
  233    3.5  0.0  0.0  NP_60     170161 170189 (189854) + Gypsy16-I_Dya     LTR/Gypsy                           5     33 (4790)  93  
  370    9.0  1.2  7.6  NP_60     170683 170766 (189277) + Gypsy-10_DMoj-LTR LTR/Gypsy                         576    654 (2372)  93  
 1441   32.8  0.7  1.0  NP_60     171136 171825 (188218) + Gypsy2-I_DM       LTR/Gypsy                         808   1495 (5050)  94  
  432   32.1  2.3  1.4  NP_60     172400 172620 (187423) + Gypsy2-I_DM       LTR/Gypsy                        2649   2871 (3658)  94  
 1314   24.6  2.5  2.5  NP_60     172668 173109 (186934) + Gypsy16-I_Dya     LTR/Gypsy                         727   1168 (3655)  95  
  309    5.1  0.0  0.0  NP_60     173133 173171 (186872) + Gypsy-1_DSe-I     LTR/Gypsy                        5179   5217  (195)  96  
 3335    3.1  1.6  0.2  NP_60     173186 173611 (186432) + Gypsy-1_DSe-I     LTR/Gypsy                        5997   6428    (0)  96  
  664    9.7  1.1 21.1  NP_60     173635 173816 (186227) + Gypsy-1_DSe-LTR   LTR/Gypsy                         207    358    (0)  97  
22226    3.1  1.5  0.1  NP_60     173817 176618 (183425) + Gypsy-1_DSe-I     LTR/Gypsy                           1   2840 (3588)  97  
 1586    2.7 12.1  0.0  NP_60     176616 176839 (183204) + Gypsy-1_DSe-I     LTR/Gypsy                        3818   4068 (2360)  97 *
 9660    6.4  0.8  1.3  NP_60     176856 179039 (181004) + Gypsy-1_DSe-I     LTR/Gypsy                        4156   6882    (1)  97  
 1977    2.0  0.0  8.2  NP_60     179040 179316 (180727) C STALKER4_LTR      LTR/Gypsy                       (146)    256      1  98  
 6717    2.5  7.5  1.8  NP_60     179317 180280 (179763) C STALKER4_I        LTR/Gypsy                         (0)   6530   5512  98  
  235   11.1  0.0  0.0  NP_60     180298 180333 (179710) C MDG1_I            LTR/Gypsy                      (5315)   1281   1246  99  
  420    9.6 11.2  0.8  NP_60     180549 180664 (179379) C MDG1_I            LTR/Gypsy                      (5354)   1242   1115  99  
  260   22.1  0.0  0.0  NP_60     180748 180815 (179228) C MDG1_I            LTR/Gypsy                      (5217)   1313   1246 100  
 2406    8.2  4.8  1.8  NP_60     180816 181189 (178854) C DIVER2_LTR        LTR/Pao                           (0)    385      1 101  
 1390    9.5  2.2  0.0  NP_60     181190 181411 (178632) C MDG1_I            LTR/Gypsy                      (5544)   1052    826 100  
 8205   11.4  0.9  0.7  NP_60     181426 183643 (176400) C BATUMI_I          LTR/Pao                        (2688)   5601   3227 102  
 1464    8.6  8.9  0.4  NP_60     183644 183889 (176154) C MDG3_LTR          LTR/Gypsy                         (0)    267      1 103  
  256   15.2  0.0  0.0  NP_60     183877 183889 (176154) C Gypsy-53_DWil-I   LTR/Gypsy                       (107)   4785   4773 104 *
26710    2.6  0.4  0.1  NP_60     183890 188805 (171238) C MDG3_I            LTR/Gypsy                         (0)   4986      4 103  
 1564    8.5  7.6  0.4  NP_60     188808 189056 (170987) C MDG3_LTR          LTR/Gypsy                         (0)    267      1 103  
 8599    3.7  3.4  3.4  NP_60     189057 190277 (169766) C BATUMI_I          LTR/Pao                        (4733)   3230   2010 105  
  753    4.7  0.0  0.2  NP_60     190285 193045 (166998) C 15mer_SAT         Satellite/Satellite               (5)   2756      1 106 *
 6963    4.0  7.0  2.1  NP_60     193040 194006 (166037) C BATUMI_I          LTR/Pao                        (5665)   2298   1284 107  
 3050    1.1  0.3  0.0  NP_60     194007 194366 (165677) + BEL_LTR           LTR/Pao                             1    361    (0) 108  
 3290    8.4  6.7  4.9  NP_60     194367 195576 (164467) C BATUMI_I          LTR/Pao                        (6676)   1287      1 107  
 1518    8.1  2.5  5.0  NP_60     195577 195861 (164182) C BATUMI_I          LTR/Pao                         (679)   7284   7007 109  
 1319   11.0 10.3  5.7  NP_60     195882 196200 (163843) C MDG1_I            LTR/Gypsy                      (5718)    878    546 110  
 4389    8.1  1.9  1.7  NP_60     196235 196957 (163086) + Gypsy-13_DSim-LTR LTR/Gypsy                           1    769    (2) 111  
 5370   13.3  3.9  0.0  NP_60     196958 197834 (162209) + Gypsy_I           LTR/Gypsy                        4064   4974 (1533) 112  
 8300   12.9  0.0  0.0  NP_60     197835 199112 (160931) + Gypsy_I           LTR/Gypsy                        5213   6490   (17) 112  
  359   13.1  3.5  2.3  NP_60     199111 199196 (160847) + Gypsy_LTR         LTR/Gypsy                         319    405   (77) 113 *
 2739   11.4  8.6  2.4  NP_60     199192 199775 (160268) + Gypsy8_I          LTR/Gypsy                         651   1269 (5261) 111  
 5639    3.2  5.3  0.0  NP_60     199797 200548 (159495) + Gypsy-13_DSim-I   LTR/Gypsy                        3354   4145 (1299) 114  
 2279    8.5  5.7  2.1  NP_60     200549 200920 (159123) + DIVER2_LTR        LTR/Pao                             1    385    (0) 115  
 3281    7.3  0.0  4.3  NP_60     200921 201449 (158594) + Gypsy8_I          LTR/Gypsy                        2214   2720 (1627) 111  
  528    5.5  1.6  0.3  NP_60     201452 201514 (158529) + Gypsy-4_DSim-I    LTR/Gypsy                         495    572 (5792) 116  
52931    3.6  1.8  0.4  NP_60     201515 209825 (150218) + Gypsy-11_DSim-I   LTR/Gypsy                           1   7150  (258) 117  
  282    9.9 12.1  0.8  NP_60     209827 209918 (150125) + Gypsy_I           LTR/Gypsy                         236    390 (6117) 118  
 4092    1.0  0.5  1.8  NP_60     209923 210441 (149602) C LINEJ1_DM        LINE/Jockey    (0)   5020   4519 119  
15883    7.6  0.8  0.8  NP_60     210447 212671 (147372) + Gypsy_I           LTR/Gypsy                         420   2642 (3865) 120  
 1930    4.5  2.8  1.3  NP_60     212662 213143 (146900) + Gypsy-11_DSim-LTR LTR/Gypsy                          68    805 (5559) 121 *
 6351    2.9  4.4  0.5  NP_60     213147 213989 (146054) + Gypsy-4_DSim-I    LTR/Gypsy                         930   1805 (4559) 121  
  288    9.8 11.9  0.8  NP_60     213991 214083 (145960) + Gypsy_I           LTR/Gypsy                         236    390 (6117) 122  
 4116    0.8  0.2  1.8  NP_60     214094 214603 (145440) C LINEJ1_DM        LINE/Jockey    (0)   5020   4519 123  
30695   10.4  0.6  0.4  NP_60     214609 219156 (140887) + Gypsy_I           LTR/Gypsy                         420   4974 (1533) 122  
 8224   12.9  0.2  0.0  NP_60     219157 220431 (139612) + Gypsy_I           LTR/Gypsy                        5213   6490   (17) 122  
  359   13.1  3.5  2.3  NP_60     220430 220515 (139528) + Gypsy_LTR         LTR/Gypsy                         319    405   (77) 124 *
27255    3.6  1.7  0.7  NP_60     220511 224148 (135895) + STALKER4_I        LTR/Gypsy                         651   4324 (2206) 125  
  253   25.2  4.0  4.0  NP_60     224700 224823 (135220) + HMSBEAGLE_I       LTR/Gypsy                         220    331 (4492) 126  
  350   17.5  3.4 10.2  NP_60     224961 225106 (134937) + Gypsy-10_DMoj-LTR LTR/Gypsy                         546    682 (2344) 127  
 1521   32.8  0.8  0.8  NP_60     225694 226501 (133542) + HMSBEAGLE_I       LTR/Gypsy                         892   2113 (4416) 126  
 8085   26.8  0.9  0.9  NP_60     226681 230187 (129856) + Gypsy-53_DEl-I    LTR/Gypsy                           1   5159 (1386) 128  
 3483   28.1  2.1  2.2  NP_60     230217 231889 (128154) + Gypsy-53_DEl-I    LTR/Gypsy                        2376   4047  (342) 128  
 2091    3.5  0.0  0.0  NP_60     232276 232535 (127508) + MDG1_LTR          LTR/Gypsy                         183    442    (0) 129  
  614    8.4  0.6  0.8  NP_60     232536 232631 (127412) + MDG1_I            LTR/Gypsy                         702    778 (5818) 130  
47809    2.8  0.6  0.5  NP_60     232633 239222 (120821) + Gypsy-5_DSe-I     LTR/Gypsy                           1   6164    (0) 131  
 3137    2.7  3.4  3.3  NP_60     239211 239661 (120382) + Gypsy-5_DSe-LTR   LTR/Gypsy                           1    436   (62) 131 *
  396   13.1 10.3  0.0  NP_60     239716 239822 (120221) + MDG1_I            LTR/Gypsy                        1125   1242 (5354) 132  
16768    4.9  3.4  0.7  NP_60     240018 242351 (117692) + MDG1_I            LTR/Gypsy                        1235   3631 (2965) 132  
 1198    3.0  0.0  0.6  NP_60     242349 242515 (117528) + MDG1_I            LTR/Gypsy                        4746   4911 (1685) 132 *
25332    4.3  2.9  0.7  NP_60     242524 245956 (114087) C MDG1_I            LTR/Gypsy                      (1924)   4672   1164 133  
 1017    9.3  2.4  1.6  NP_60     245934 246189 (113854) + MDG1_I            LTR/Gypsy                        6213   6594    (2) 132 *
27762    1.2  0.7  0.0  NP_60     246205 249524 (110519) C DOC2_DM          LINE/Jockey    (0)   4793   1451 134  
 1098   11.2  9.0  6.0  NP_60     249525 249769 (110274) + MDG1_LTR          LTR/Gypsy                           2    241  (201) 135  
12172    8.3  0.7  2.2  NP_60     249770 252685 (107358) + Gypsy-10_DSim-I   LTR/Gypsy                         464   5188    (0) 136 *
22551    3.6  0.2  0.7  NP_60     252684 255587 (104456) + Gypsy-10_DSim-I   LTR/Gypsy                           1   4401 (1887) 136  
13149    1.3  0.3  1.8  NP_60     255574 257182 (102861) + Gypsy-10_DSim-I   LTR/Gypsy                        2728   4313  (875) 136 *
18628    5.3  0.5  0.2  NP_60     257182 259720 (100323) + Gypsy-13_DSim-I   LTR/Gypsy                         626   3370 (3823) 135  
12999    1.4  0.4  1.3  NP_60     259720 262630  (97413) + Gypsy-10_DSim-I   LTR/Gypsy                        1352   4313  (875) 137 *
18602   10.6  1.0  0.4  NP_60     262630 266105  (93938) + Gypsy-13_DSim-I   LTR/Gypsy                         564   4085 (1963) 138  
 2288    8.2  5.7  2.1  NP_60     266106 266477  (93566) + DIVER2_LTR        LTR/Pao                             1    385    (0) 139  
 1901    4.8  0.4  0.0  NP_60     266478 266729  (93314) + Gypsy-13_DSim-I   LTR/Gypsy                        4141   4393 (1051) 138  
  801    0.0  0.0  0.0  NP_60     266731 266823  (93220) + ACCORD2_LTR       LTR/Gypsy                           1     93  (122) 140 *
 7214    2.4  3.0  0.2  NP_60     266821 267735  (92308) + ACCORD2_I         LTR/Gypsy                         112   1051 (6161) 141  
 9699    1.8  0.1  0.7  NP_60     267736 268938  (91105) + ACCORD2_I         LTR/Gypsy                        1680   2875 (4337) 141  
 4456    2.1  0.0  0.2  NP_60     268930 269493  (90550) + ACCORD2_I         LTR/Gypsy                        6637   7199   (13) 141 *
 1707    0.9  1.4  1.4  NP_60     269494 269708  (90335) + ACCORD2_LTR       LTR/Gypsy                           1    215    (0) 141  
 3125   11.5  1.2  6.7  NP_60     269709 270587  (89456) + Gypsy-13_DSim-I   LTR/Gypsy                        2451   3328 (1019) 138  
 2195   20.9  5.7  7.8  NP_60     270641 272070  (87973) + Gypsy-13_DSim-I   LTR/Gypsy                        3407   4050  (297) 138  
 2760    4.6  3.0  0.0  NP_60     272129 272496  (87547) C STALKER4_LTR      LTR/Gypsy                        (23)    379      1 142  
45047    3.2  1.4  1.1  NP_60     272497 278555  (81488) C STALKER4_I        LTR/Gypsy                         (0)   6530    379 142  
  406    1.9  0.0  0.0  NP_60     278568 278620  (81423) C STALKER4_LTR      LTR/Gypsy                        (93)    309    257 143 *
 1296   18.0  8.0  1.9  NP_60     278620 278970  (81073) + Gypsy-1_DSe-I     LTR/Gypsy                        5997   6368   (60) 144  
  959   18.8  3.0  4.1  NP_60     279158 279452  (80591) + Gypsy-1_DSe-I     LTR/Gypsy                         146    639 (6187) 145  
15957   13.6  0.9  0.1  NP_60     280073 282680  (77363) + Gypsy-1_DSe-I     LTR/Gypsy                         255   2882 (3546) 145  
40418    3.6  0.5  0.9  NP_60     282681 288415  (71628) C DM412_I             LTR/Gypsy                         (0)   6477      1 146  
 5152    7.0  1.2  1.8  NP_60     288416 289202  (70841) C MDG1_I            LTR/Gypsy                      (5831)    765      1 146  
 3406    4.0  0.8  7.5  NP_60     289203 289716  (70327) C DM412_LTR        LTR/Gypsy                        (89)    482      1 147  
 9651   14.5  0.1  0.4  NP_60     289717 291301  (68742) + Gypsy-13_DSim-I   LTR/Gypsy                        3720   5274 (1552) 138  
 1987   18.1  1.7  6.6  NP_60     291308 292214  (67829) + Gypsy-13_DSim-I   LTR/Gypsy                        3407   3949  (398) 138  
  629    4.5  0.0  0.0  NP_60     292214 292301  (67742) + Gypsy-13_DSim-LTR LTR/Gypsy                         115    194  (577) 148 *
15871    2.6  0.7  0.1  NP_60     292303 294279  (65764) C R1_DSi           LINE/R1        (5)   5429   3441 149  
 2458   10.7  0.6  9.3  NP_60     294269 294772  (65271) + Gypsy8_I          LTR/Gypsy                        2865   3328 (1019) 150 *
 1452   20.6  5.5  6.8  NP_60     294853 295619  (64424) + Gypsy-13_DSim-I   LTR/Gypsy                        4889   5231  (213) 138  
  259    8.6  0.0  0.0  NP_60     295613 295647  (64396) + Gypsy-13_DSim-I   LTR/Gypsy                        3838   3872  (475) 138 *
  721   14.9  5.4  7.4  NP_60     295700 295997  (64046) + Gypsy-13_DSim-I   LTR/Gypsy                        5250   5433   (11) 138  
  758    4.0  0.0  0.0  NP_60     296022 296120  (63923) + Gypsy-13_DSim-LTR LTR/Gypsy                          96    194  (577) 151  
15961    2.4  0.7  0.1  NP_60     296130 298105  (61938) C R1_DSi           LINE/R1        (5)   5429   3441 152  
 2470   11.8  0.2  9.3  NP_60     298095 298600  (61443) + Gypsy8_I          LTR/Gypsy                        2865   3328 (1019) 153 *
 1997   18.9  2.2  7.0  NP_60     298711 299715  (60328) + Gypsy-13_DSim-I   LTR/Gypsy                        3407   5222  (222) 138  
  629    4.5  0.0  0.0  NP_60     299715 299802  (60241) + Gypsy-13_DSim-LTR LTR/Gypsy                         115    194  (577) 154 *
15812    2.5  0.9  0.1  NP_60     299804 301775  (58268) C R1_DSi           LINE/R1        (5)   5429   3441 155  
 2470   19.0  1.8  7.4  NP_60     301765 303386  (56657) + Gypsy8_I          LTR/Gypsy                        2865   5231  (213) 156 *
  629    4.5  0.0  0.0  NP_60     303386 303473  (56570) + Gypsy-13_DSim-LTR LTR/Gypsy                         115    194  (577) 157 *
15505    2.6  1.8  0.1  NP_60     303475 305430  (54613) C R1_DSi           LINE/R1        (5)   5429   3441 158  
 2459   10.9  0.4  9.1  NP_60     305420 305923  (54120) + Gypsy8_I          LTR/Gypsy                        2865   3328 (1019) 159 *
 2011    4.0  0.0  0.0  NP_60     305979 306229  (53814) + Gypsy12_LTR       LTR/Gypsy                           1    251 (2085) 160  
40195    4.0  0.8  1.4  NP_60     306248 313546  (46497) + Gypsy12_I         LTR/Gypsy                           1   5546    (0) 160  
 1987    4.4  0.0  0.0  NP_60     313546 313796  (46247) + Gypsy12_LTR       LTR/Gypsy                           1    251 (2085) 160 *
40142    4.0  0.8  1.5  NP_60     313815 321115  (38928) + Gypsy12_I         LTR/Gypsy                           1   5541    (5) 160  
16069    6.3  1.3  3.3  NP_60     321119 323502  (36541) + Gypsy12_LTR       LTR/Gypsy                           1   2336    (0) 160  
 2052   19.2  1.7  7.4  NP_60     323540 324572  (35471) + Gypsy8_I          LTR/Gypsy                        3407   5231  (213) 161  
  629    4.5  0.0  0.0  NP_60     324572 324659  (35384) + Gypsy-13_DSim-LTR LTR/Gypsy                         115    194  (577) 162 *
15839    2.6  0.9  0.1  NP_60     324661 326633  (33410) C R1_DSi           LINE/R1        (5)   5429   3441 163  
 2181   11.5  4.1  9.3  NP_60     326623 327109  (32934) + Gypsy8_I          LTR/Gypsy                        2865   3328 (1019) 164 *
 2081   19.8  2.3  8.2  NP_60     327198 328227  (31816) + Gypsy8_I          LTR/Gypsy                        3407   5231  (213) 161  
  629    4.5  0.0  0.0  NP_60     328227 328314  (31729) + Gypsy-13_DSim-LTR LTR/Gypsy                         115    194  (577) 165 *
16511    2.7  1.0  0.1  NP_60     328316 330375  (29668) C R1_DSi           LINE/R1        (5)   5429   3351 166  
 1456    3.3  0.0  0.6  NP_60     330362 330545  (29498) C R1_DSi           LINE/R1     (1301)   4133   3951 166 *
  230    3.5  0.0  0.0  NP_60     330549 330577  (29466) C R1_DSi           LINE/R1     (1452)   3982   3954 166 *
12109    2.7  0.3  0.1  NP_60     330566 332065  (27978) C R1_DSi           LINE/R1      (501)   4933   3431 167 *
18248    2.9  1.6  0.0  NP_60     332064 334393  (25650) C R1_DSi           LINE/R1      (626)   4808    968 168  
  890   11.3  0.0  0.7  NP_60     334394 334536  (25507) + DM412_LTR        LTR/Gypsy                           1    142  (429) 169  
  538   22.1  4.3  1.6  NP_60     334537 334720  (25323) + DM412_LTR        LTR/Gypsy                         277    465  (106) 169  
 6401   12.5  3.5  1.7  NP_60     334736 335976  (24067) + DM412_I             LTR/Gypsy                           1   1263 (5214) 170  
 4613   11.1  0.2  1.7  NP_60     336071 336851  (23192) + DM412_I             LTR/Gypsy                        1259   2100 (4369) 170  
 2749   13.3  0.6  0.8  NP_60     337102 337600  (22443) + MDG1_I            LTR/Gypsy                          87    584 (6012) 171  
  661   16.8  3.7  4.8  NP_60     337707 337970  (22073) + MDG1_I            LTR/Gypsy                         593    866 (5603) 171  
  312   22.0  4.7  2.2  NP_60     338110 338244  (21799) + MDG1_I            LTR/Gypsy                        3374   3466 (2639) 171  
 3436    4.0  0.6  7.5  NP_60     338265 338779  (21264) + DM412_LTR        LTR/Gypsy                           1    482   (89) 172  
39967    4.5  1.9  1.2  NP_60     338780 345230  (14813) + DM412_I             LTR/Gypsy                           1   6473    (4) 173  
  341   23.7  3.2  4.6  NP_60     345219 345356  (14687) + DM412_I             LTR/Gypsy                        1675   1779   (44) 173 *
39166    3.0  2.9  0.8  NP_60     345357 350604   (9439) + Gypsy-8_DSim-I    LTR/Gypsy                           3   5355   (57) 173  
 2770   13.9  0.2  0.8  NP_60     350820 351320   (8723) + MDG1_I            LTR/Gypsy                          87    584 (6012) 174  
  685   16.9  3.2  4.6  NP_60     351427 351692   (8351) + MDG1_I            LTR/Gypsy                         593    866 (5603) 174  
  664   16.8  3.7  4.8  NP_60     351925 352188   (7855) + TABOR_DA-I        LTR/Gypsy                         593    866 (5603) 175  
  533   25.8  4.4  3.7  NP_60     352323 352603   (7440) + TABOR_DA-I        LTR/Gypsy                        1232   1514 (4600) 175  
 3471    3.8  8.6  0.3  NP_60     352604 353127   (6916) + Gypsy-8_DSim-I    LTR/Gypsy                           3    569 (4843) 176  
 1755    6.5  0.0  0.8  NP_60     354581 354827   (5216) + DM412_LTR        LTR/Gypsy                           1    245  (326) 177  
  277   24.1  3.4  2.2  NP_60     355117 355205   (4838) + Gypsy5_I          LTR/Gypsy                        3985   4074 (2435) 178  
  633    6.5  2.2  0.0  NP_60     355237 355328   (4715) C DNAREP1_DM        RC/Helitron                      (23)    571    478 179  
  443   17.7  0.0  6.5  NP_60     355327 355441   (4602) C DNAREP1_DSim      RC/Helitron                     (158)    534    427 180 *
  349    8.7 49.6  0.7  NP_60     355453 355579   (4464) C DNAREP1_DSim      RC/Helitron                     (237)    455    267 181  
  400    8.6 10.0  0.0  NP_60     355581 355650   (4393) C DNAREP1_DM        RC/Helitron                     (517)     77      1 182  
 1638   16.3  7.9  0.8  NP_60     357530 358006   (2037) C DNAREP1_DSim      RC/Helitron                       (0)    692    254 183  
 1820    6.5  7.4  4.6  NP_60     359582 360040      (3) C DNAREP1_DM        RC/Helitron                       (0)    692      4 184  
