   SW   perc perc perc  query     position in query        matching                                     repeat                           position in repeat
score   div. del. ins.  sequence  begin  end      (left)   repeat                                       class/family                   begin  end    (left)  ID

 1331   33.3  3.3  2.5  NP_61        475   1522 (427601) + Gypsy-52_DEl-I                               LTR/Gypsy                        4871   5553  (494)   1  
  311    9.1  0.0  0.0  NP_61       1980   2023 (427100) + Gypsy-13_DSim-LTR                            LTR/Gypsy                         427    470  (301)   2  
 7847   12.5  0.1  0.0  NP_61       2041   3159 (425964) + Gypsy_I                                      LTR/Gypsy                        5384   6503    (4)   3  
  319   11.3 11.3  0.0  NP_61       3131   3162 (425961) C Gypsy-31_DWil-I                              LTR/Gypsy                      (7010)    631    593   4 *
 1245   17.1 20.0  2.6  NP_61       3163   3507 (425616) + Gypsy_LTR                                    LTR/Gypsy                           1    405   (77)   3  
  926    8.6  1.6  0.0  NP_61       3578   3705 (425418) + STALKER4_LTR                                 LTR/Gypsy                         250    379   (23)   5  
 3599   13.9  4.0  4.2  NP_61       3892   4803 (424320) + STALKER4_I                                   LTR/Gypsy                         285   1269 (5261)   6  
 8806    3.1  2.5  0.0  NP_61       4805   5864 (423259) + Gypsy-13_DSim-I                              LTR/Gypsy                        3308   4393 (1051)   7  
 2497    6.2  1.0 10.4  NP_61       5870   6268 (422855) + ZAM_LTR                                      LTR/Gypsy                           5    369    (0)   8  
  773   11.0  2.1  4.3  NP_61       6277   6419 (422704) + ZAM_I                                        LTR/Gypsy                           1    140 (7022)   8  
  948    2.9 42.1  0.0  NP_61       6420   6621 (422502) + Gypsy4_LTR                                   LTR/Gypsy                           1    287    (0)   9  
 7659    2.4  6.4  0.2  NP_61       6624   7579 (421544) + Gypsy4_I                                     LTR/Gypsy                           3   1017 (5271)   9  
 1516    0.6  0.6  0.0  NP_61       7584   7754 (421369) + Gypsy4_I                                     LTR/Gypsy                        1299   1470 (4818)   9  
39258    1.7  1.0  0.4  NP_61       7761  12241 (416882) + Gypsy4_I                                     LTR/Gypsy                        1778   6387   (24)   9  
 2526    2.1  0.3  0.0  NP_61      12242  12527 (416596) + Gypsy4_LTR                                   LTR/Gypsy                           1    287    (0)   9  
 4166    9.2  7.7  0.7  NP_61      12528  13201 (415922) + ZAM_I                                        LTR/Gypsy                         642   1362 (6128)   8  
22355    5.6  0.2  0.3  NP_61      13219  16029 (413094) + ZAM_I                                        LTR/Gypsy                        1583   4391 (3099)   8 *
22372    6.7  1.0  0.3  NP_61      16024  19314 (409809) + ZAM_I                                        LTR/Gypsy                        2345   7489    (1)   8  
  344   21.2  9.1  0.0  NP_61      19315  19384 (409739) + ZAM_LTR                                      LTR/Gypsy                         394    472    (0)   8  
 5570   18.0  6.9  5.7  NP_61      19385  21714 (407409) + Gypsy8_I                                     LTR/Gypsy                        2457   5232  (212)  10  
 1609    6.8  0.5  0.5  NP_61      21719  21925 (407198) + Chimpo_LTR                                   LTR/Gypsy                           1    207    (0)  11  
37283    0.6  0.2  0.0  NP_61      21926  25976 (403147) + Chimpo_I                                     LTR/Gypsy                           1   4059    (0)  11  
 1609    6.8  0.5  0.5  NP_61      25977  26183 (402940) + Chimpo_LTR                                   LTR/Gypsy                           1    207    (0)  11  
 1204    9.9  1.0  2.1  NP_61      26191  26385 (402738) + Gypsy-13_DSim-I                              LTR/Gypsy                        5251   5443    (1)  12 *
 1628    3.6  0.1  0.4  NP_61      26356  26581 (402542) + Gypsy-13_DSim-LTR                            LTR/Gypsy                           1    221   (83)  12  
 7512    3.9  1.6  0.0  NP_61      26587  27489 (401634) C R1_DSi                                      LINE/R1        (5)   5429   4513  13 *
12139    5.2  2.7  0.3  NP_61      27477  29002 (400121) C R1_DM                                       LINE/R1     (2003)   3353   1792  14 *
16967    1.3  0.1  0.7  NP_61      28999  30989 (398134) C Gypsy-8_DSe-I                                LTR/Gypsy                      (3116)   3365   1387  15  
  256   23.9  1.4  0.0  NP_61      30952  31022 (398101) C BARI1                                        DNA/TcMar-Tc1                  (1676)     74      3  16 *
  779   11.5  7.0  6.3  NP_61      30991  31148 (397975) + IDEFIX_LTR                                   LTR/Gypsy                           1    159  (435)  17  
  273   17.4  3.1 12.2  NP_61      31161  31258 (397865) + IDEFIX_LTR                                   LTR/Gypsy                         125    214  (380)  17  
 2013    9.4  4.6  1.3  NP_61      31264  31610 (397513) + Gypsy-12_DSim-LTR                            LTR/Gypsy                           1    328    (3)  18 *
38202    6.6  0.8  0.2  NP_61      31581  37676 (391447) + Gypsy-12_DSim-I                              LTR/Gypsy                           1   5627    (1)  19  
  748   12.2  7.0  6.3  NP_61      37655  37812 (391311) + IDEFIX_LTR                                   LTR/Gypsy                           1    159  (435)  20 *
  265   17.6  4.1 12.2  NP_61      37825  37921 (391202) + IDEFIX_LTR                                   LTR/Gypsy                         125    214  (380)  20  
 2077    7.6  4.4  0.9  NP_61      37927  38243 (390880) + Gypsy-12_DSim-LTR                            LTR/Gypsy                           1    328    (3)  21  
 2058    9.6  2.0  1.5  NP_61      38253  38632 (390491) + Gypsy-12_DSim-I                              LTR/Gypsy                        1154   1535 (4946)  19  
 2077    8.0  4.4  0.9  NP_61      38633  38949 (390174) C Gypsy-12_DSim-LTR                            LTR/Gypsy                         (3)    328      1  22  
  265   17.6  4.1 12.2  NP_61      38955  39051 (390072) C IDEFIX_LTR                                   LTR/Gypsy                       (380)    214    125  23  
  748   12.2  7.0  6.3  NP_61      39064  39221 (389902) C IDEFIX_LTR                                   LTR/Gypsy                       (435)    159      1  23 *
 5207   13.1  0.1  0.5  NP_61      39200  40047 (389076) C IDEFIX_I                                     LTR/Gypsy                         (0)   5628   4806  24  
 3868    0.2  0.0  0.0  NP_61      40048  40471 (388652) C Stalker2_LTR                                 LTR/Gypsy                         (0)    424      1  25  
40709    1.9  0.6  0.2  NP_61      40475  45698 (383425) C Stalker2_I                                   LTR/Gypsy                         (4)   6526   1568  25  
 3868    1.1  0.2  0.4  NP_61      45898  46359 (382764) C Stalker2_I                                   LTR/Gypsy                      (5810)   1586   1126  25  
 9868    0.9  1.3  0.1  NP_61      46582  47712 (381411) C Stalker2_I                                   LTR/Gypsy                      (6251)   1145      1  25  
 3868    0.2  0.0  0.0  NP_61      47719  48142 (380981) C Stalker2_LTR                                 LTR/Gypsy                         (0)    424      1  25  
39123    5.9  0.5  0.3  NP_61      48143  53593 (375530) C Gypsy-12_DSim-I                              LTR/Gypsy                       (834)   5111      1  26  
  331   18.2  2.2  8.8  NP_61      53596  53731 (375392) C IDEFIX_LTR                                   LTR/Gypsy                       (294)    300    125  27  
  779   11.5  7.0  6.3  NP_61      53744  53901 (375222) C IDEFIX_LTR                                   LTR/Gypsy                       (435)    159      1  27  
  275   11.9  0.0  0.0  NP_61      53870  53911 (375212) + BARI1                                        DNA/TcMar-Tc1                       3     44 (1706)  28 *
10239    1.0  0.9  0.0  NP_61      53902  55050 (374073) C Gypsy-8_DSe-I                                LTR/Gypsy                      (5322)   1159      1  29  
 2124    2.8  0.4  0.4  NP_61      55051  55303 (373820) C Gypsy-8_DSe-LTR                              LTR/Gypsy                         (0)    288     36  29 *
13730    6.1  3.0  0.7  NP_61      55289  57092 (372031) C R1_DSi                                      LINE/R1     (3238)   2196    361  30  
  668   11.5 16.9  6.1  NP_61      57091  57238 (371885) C R1_DSi                                      LINE/R1     (5170)    264    102  31 *
 3747    3.8  0.6  7.3  NP_61      57239  57752 (371371) + DM412_LTR                                   LTR/Gypsy                           1    482   (89)  32  
 5568    6.5  1.7  1.8  NP_61      57753  58555 (370568) + MDG1_I                                       LTR/Gypsy                           1    993 (5065)  33 *
15191    5.4  2.5  0.3  NP_61      58534  60495 (368628) + DM412_I                                        LTR/Gypsy                        1246   3250 (3227)  33  
22833    1.3  0.3  0.0  NP_61      60506  63103 (366020) + DM412_I                                        LTR/Gypsy                        3548   6153  (324)  33  
 2051    4.7  1.3  0.3  NP_61      63089  63378 (365745) + DM412_I                                        LTR/Gypsy                         139    482   (89)  33 *
  506   14.4  1.0  3.1  NP_61      63378  63477 (365646) C R1_DSi                                      LINE/R1     (5328)    106      9  34 *
 4747    9.2  0.6  0.0  NP_61      63461  64089 (365034) C R1_DSi                                      LINE/R1      (411)   5023   4391  34  
 6134    3.8  0.3  0.5  NP_61      64124  64863 (364260) C R1_DSi                                      LINE/R1     (3162)   2272   1535  35  
 1897   10.9  0.0  0.0  NP_61      64874  65147 (363976) C R1_DM                                       LINE/R1     (4742)    614    341  36  
  499    4.2  8.4  0.0  NP_61      65149  65219 (363904) + R1_DSi                                      LINE/R1       2196   2272 (3162)  37  
 4632   10.6  0.5  0.0  NP_61      65266  65895 (363228) + R1_DSi                                      LINE/R1       4391   5023  (411)  38  
 4533   10.1  2.5  1.7  NP_61      65879  66962 (362161) + R1_DSi                                      LINE/R1          9   1433 (4001)  38 *
 5747    3.7  0.0  0.4  NP_61      66960  67640 (361483) + R1_DSi                                      LINE/R1       1595   2272 (3162)  38  
 4654    8.5  0.8  1.1  NP_61      67680  68311 (360812) + R1_DM                                       LINE/R1       4321   4950  (406)  39  
 1113   13.4 10.7  5.1  NP_61      68295  68537 (360586) + R1_DSi                                      LINE/R1          9    264 (5170)  40 *
 2048   11.6  0.3  0.0  NP_61      68527  68827 (360296) + R1_DM                                       LINE/R1        309    610 (4746)  41 *
 8277    4.4  1.4  0.4  NP_61      68827  69833 (359290) + R1_DSi                                      LINE/R1       1256   2272 (3162)  42  
 3228    8.0  0.7  0.0  NP_61      69870  70282 (358841) + R1_DM                                       LINE/R1       4318   4733  (623)  43 *
11072    4.2  1.8  0.7  NP_61      70281  71639 (357484) + R1_DSi                                      LINE/R1        899   2272 (3162)  44  
 3185    7.4  0.7  0.0  NP_61      71682  72086 (357037) + R1_DM                                       LINE/R1       4326   4733  (623)  45 *
10917    4.4  2.1  0.7  NP_61      72085  73438 (355685) + R1_DSi                                      LINE/R1        899   2272 (3162)  46  
 4610    9.6  0.8  0.2  NP_61      73476  74104 (355019) + R1_DM                                       LINE/R1       4318   4950  (406)  47  
 1133   12.2 11.6  5.1  NP_61      74088  74328 (354795) + R1_DSi                                      LINE/R1          9    264 (5170)  48 *
 1368   12.8  0.5  0.0  NP_61      74318  74528 (354595) + R1_DM                                       LINE/R1        309    520 (4836)  49 *
 8343    5.6  0.3  0.4  NP_61      74527  75559 (353564) + R1_DSi                                      LINE/R1       1241   2272 (3162)  50  
 4714    9.2  0.6  0.3  NP_61      75585  76215 (352908) + R1_DM                                       LINE/R1       4318   4950  (406)  51  
 1122   13.1 11.6  5.1  NP_61      76199  76439 (352684) + R1_DSi                                      LINE/R1          9    264 (5170)  52 *
11344    7.2  0.5  0.7  NP_61      76429  78121 (351002) + R1_DSi                                      LINE/R1        309   2272 (3162)  48  
 4750    8.9  0.6  0.3  NP_61      78150  78780 (350343) + R1_DSi                                      LINE/R1       4318   4950  (406)  48 *
10995    7.8  1.6  1.1  NP_61      78764  80635 (348488) + R1_DSi                                      LINE/R1          9   2220 (3214)  53  
35699    6.5  0.7  0.5  NP_61      80636  85629 (343494) + ZAM_I                                        LTR/Gypsy                           1   7489    (1)  54  
  249   25.9  3.8  0.9  NP_61      85630  85705 (343418) + ZAM_LTR                                      LTR/Gypsy                         394    472    (0)  54  
 5600   14.0  2.7  5.8  NP_61      85706  87019 (342104) + Gypsy8_I                                     LTR/Gypsy                        2455   3328 (1019)  55  
 2534   19.0  6.2  5.7  NP_61      87033  88004 (341119) + Gypsy8_I                                     LTR/Gypsy                        3407   5232  (212)  55  
 1593    7.3  0.5  0.5  NP_61      88009  88215 (340908) + Chimpo_LTR                                   LTR/Gypsy                           1    207    (0)  56  
36977    0.7  0.3  0.0  NP_61      88216  92260 (336863) + Chimpo_I                                     LTR/Gypsy                           1   4059    (0)  56  
  561    0.0  0.0  0.0  NP_61      92261  92323 (336800) + Chimpo_LTR                                   LTR/Gypsy                           1     63  (144)  56 *
 5380    5.8  0.3  0.7  NP_61      92284  92979 (336144) + R1_DSi                                      LINE/R1       1612   2272 (3162)  57  
 4702    9.2  0.8  0.0  NP_61      93013  93640 (335483) + R1_DSi                                      LINE/R1       4391   5023  (411)  58  
  492   13.5  2.0  3.1  NP_61      93624  93722 (335401) + R1_DSi                                      LINE/R1          9    106 (5328)  58 *
 2081    4.7  1.3  0.0  NP_61      93722  94010 (335113) C DM412_LTR                                   LTR/Gypsy                        (89)    482    139  59 *
51865    1.7  1.3  0.5  NP_61      94007 100071 (329052) C DM412_I                                        LTR/Gypsy                       (338)   6139     27  60  
  616   13.2  4.7  4.7  NP_61     100064 100190 (328933) C DM412_LTR                                   LTR/Gypsy                      (6350)    127      1  59 *
 1912   10.9  7.7  2.0  NP_61     100191 100526 (328597) C DM412_LTR                                   LTR/Gypsy                        (89)    482    128  61  
  240    9.3  4.5  2.2  NP_61     100525 100568 (328555) C DM412_LTR                                   LTR/Gypsy                       (410)    161    117  61 *
  246    0.0  6.5  0.0  NP_61     100569 100599 (328524) C DM412_LTR                                   LTR/Gypsy                       (538)     33      1  61  
11063    7.2  0.8  0.3  NP_61     100600 102023 (327100) C R1_DSi                                      LINE/R1     (3312)   2122    692  62  
 7644    3.7  0.6  0.0  NP_61     102031 102929 (326194) C R1_DSi                                      LINE/R1        (5)   5429   4526  63  
 3913   11.2  1.5  0.4  NP_61     102932 103825 (325298) C R1_DSi                                      LINE/R1     (1987)   3457   2491  64  
  456    3.4  0.0  0.0  NP_61     103829 103887 (325236) + Gypsy-5_DSim-LTR                             LTR/Gypsy                           1     59  (310)  65  
 1270    8.3  0.6  6.5  NP_61     103923 104190 (324933) + Gypsy-3_DSe-LTR                              LTR/Gypsy                           1    379    (0)  66  
  353   24.3  1.0  3.0  NP_61     104276 104340 (324783) C NOMAD_LTR                                    LTR/Gypsy                       (315)    203    141  67  
59486    4.2  0.9  1.1  NP_61     104341 111678 (317445) + Gypsy-3_DSe-I                                LTR/Gypsy                           1   7373    (0)  66  
 1270   10.0  0.7  7.0  NP_61     111679 111946 (317177) + Gypsy-3_DSe-LTR                              LTR/Gypsy                           1    379    (0)  66  
  353   24.3  1.0  3.0  NP_61     112033 112097 (317026) C NOMAD_LTR                                    LTR/Gypsy                       (315)    203    141  68  
 1131   17.9  1.9  8.5  NP_61     112098 112360 (316763) + Gypsy-3_DSe-I                                LTR/Gypsy                           1    247 (7126)  66  
 7441    7.0  1.8  4.0  NP_61     112364 113917 (315206) + Gypsy-5_DSim-I                               LTR/Gypsy                          19   1612 (5550)  69  
 4930    3.1  0.0  1.4  NP_61     113987 114580 (314543) + Gypsy-5_DSim-I                               LTR/Gypsy                        1629   2214 (4948)  69  
 3226    4.0  0.0  1.3  NP_61     114577 114977 (314146) + Gypsy-5_DSim-I                               LTR/Gypsy                        2970   3365 (3797)  69 *
 6131    3.3  0.0  0.4  NP_61     114971 115692 (313431) + Gypsy-5_DSim-I                               LTR/Gypsy                        3541   4259 (2903)  69 *
13843    2.2  3.2  0.3  NP_61     115683 117312 (311811) C FW_DM                                       LINE/Jockey (2513)   2179    503  70  
13092   22.1  0.6  0.3  NP_61     117317 120113 (309010) + Gypsy5_I                                     LTR/Gypsy                        3715   6508    (1)  71  
  238   25.2  4.6  4.6  NP_61     120057 120107 (309016) C noCat_dsim_final-B-P113.23-Map3_novel_repeat DNA/RC                    (54)    809    759  72 *
 2643    5.2  0.7 10.3  NP_61     120108 120511 (308612) + Gypsy-5_DSim-LTR                             LTR/Gypsy                           1    369    (0)  71  
 3112    3.7  4.0  0.0  NP_61     120544 120917 (308206) C DIVER_I                                      LTR/Pao                        (4398)   1245    857  73 *
 9928   21.6  0.3  0.3  NP_61     120910 123022 (306101) + Gypsy5_I                                     LTR/Gypsy                        3807   5918  (591)  74  
 2281    0.4  0.8  0.0  NP_61     123047 123297 (305826) + Gypsy-2_DSe-LTR                              LTR/Gypsy                           1    253    (0)  75  
58721    0.2  0.3  0.1  NP_61     123298 129692 (299431) + Gypsy-2_DSe-I                                LTR/Gypsy                           1   6411    (0)  75  
 2320    0.4  0.4  0.0  NP_61     129693 129944 (299179) + Gypsy-2_DSe-LTR                              LTR/Gypsy                           1    253    (0)  75  
 5341    1.4  0.3  0.0  NP_61     129948 130539 (298584) + Gypsy-5_DSim-I                               LTR/Gypsy                        6569   7162    (0)  76  
  279   25.0  3.7  4.6  NP_61     130488 130539 (298584) C noCat_dsim_final-B-P113.23-Map3_novel_repeat DNA/RC                    (54)    809    759  77 *
 2643    5.2  0.7 10.3  NP_61     130540 130943 (298180) + Gypsy-5_DSim-LTR                             LTR/Gypsy                           1    369    (0)  78  
10405    3.7  1.3  0.6  NP_61     130976 132212 (296911) C DIVER_I                                      LTR/Pao                        (4398)   1245      1  79  
 1338   10.0  0.4 10.3  NP_61     132234 132479 (296644) C DIVER_LTR                                    LTR/Pao                           (0)    224      1  79  
  444    9.7  2.0  5.4  NP_61     132490 132641 (296482) C MDG1_I                                       LTR/Gypsy                        (47)   6549   6403  80  
 1350   16.9  5.1  1.3  NP_61     132673 132966 (296157) + DM412_LTR                                   LTR/Gypsy                         161    465  (106)  81  
 3249   12.2  8.5  0.9  NP_61     133001 133589 (295534) + DM412_I                                        LTR/Gypsy                           1    633 (5844)  82  
19293    1.4  2.4  1.0  NP_61     133590 137164 (291959) + Gypsy-7_DSim-I                               LTR/Gypsy                           1   3229 (3597)  83  
 1638   17.2  8.2  0.0  NP_61     137161 137479 (291644) + Gypsy3_I                                     LTR/Gypsy                        4682   5026 (1151)  84 *
 5759    1.7  0.9  0.0  NP_61     137475 138124 (290999) C FW_DM                                       LINE/Jockey (3534)   1158    503  85  
13079   22.2  0.6  0.2  NP_61     138129 140925 (288198) + Gypsy5_I                                     LTR/Gypsy                        3715   6508    (1)  86  
  279   25.0  3.7  4.6  NP_61     140868 140919 (288204) C noCat_dsim_final-B-P113.23-Map3_novel_repeat DNA/RC                    (54)    809    759  87 *
 2160    6.2  7.1 10.0  NP_61     140920 141298 (287825) + Gypsy-5_DSim-LTR                             LTR/Gypsy                           1    369    (0)  86  
10418    3.7  1.3  0.6  NP_61     141331 142566 (286557) C DIVER_I                                      LTR/Pao                        (4398)   1245      1  88  
 1296   11.4  0.4 12.1  NP_61     142588 142837 (286286) C DIVER_LTR                                    LTR/Pao                           (0)    224      1  88  
  437   10.8  1.4  1.4  NP_61     142871 143011 (286112) C MDG1_I                                       LTR/Gypsy                        (57)   6539   6399  89  
 1334   17.2  5.1  1.3  NP_61     143043 143336 (285787) + DM412_LTR                                   LTR/Gypsy                         161    465  (106)  90  
 3368   13.2  5.6  1.4  NP_61     143371 143978 (285145) + DM412_I                                        LTR/Gypsy                           1    633 (5844)  91  
 3561    1.8  0.2  0.0  NP_61     143979 144373 (284750) + Gypsy-7_DSim-LTR                             LTR/Gypsy                           1    396    (2)  92  
  287    5.7  0.0  0.0  NP_61     144375 144409 (284714) + MDG1_I                                       LTR/Gypsy                           2     36 (6790)  92  
 2237    7.3  1.0  0.0  NP_61     144414 144727 (284396) + Gypsy-2_DSim-LTR                             LTR/Gypsy                           1    392  (771)  93  
 1615    2.7  0.5  0.0  NP_61     144755 144942 (284181) C ROOA_LTR                                     LTR/Pao                           (0)    386    198  94 *
10085    4.3  2.8  1.6  NP_61     144942 146204 (282919) + Helena_Ds                                   LINE/Jockey   3619   4896   (16)  95  
  358    9.6  1.9  0.0  NP_61     146264 146315 (282808) + MDG1_I                                       LTR/Gypsy                          73    125 (6471)  92  
 2918   10.3  7.9  3.1  NP_61     146316 146844 (282279) + MDG1_I                                       LTR/Gypsy                         374    927 (5669)  92  
  273   18.7  6.0  3.5  NP_61     146826 146908 (282215) + MDG1_I                                       LTR/Gypsy                        1047   1131 (5465)  92 *
  464   11.5  9.7  0.0  NP_61     146970 147082 (282041) + MDG1_I                                       LTR/Gypsy                        1119   1242 (5354)  92  
 6420    6.1  4.4  1.0  NP_61     147270 148153 (280970) + MDG1_I                                       LTR/Gypsy                        1227   2140 (4456)  92  
 2377    9.1  6.6  0.3  NP_61     148154 148515 (280608) C DIVER2_LTR                                   LTR/Pao                           (0)    385      1  96  
12989    4.3  2.6  0.0  NP_61     148516 150151 (278972) + MDG1_I                                       LTR/Gypsy                        2136   3814 (2782)  92  
 1908   14.1  7.1  1.3  NP_61     150151 150516 (278607) + MDG1_LTR                                     LTR/Gypsy                          37    423   (19)  97 *
 2053   14.8  0.0  0.3  NP_61     150490 150825 (278298) + MDG1_I                                       LTR/Gypsy                        4045   4379 (1249)  92  
  482    1.9  0.0  0.0  NP_61     150826 150878 (278245) + Gypsy-7_DSe-LTR                              LTR/Gypsy                           1     53  (205)  98  
 1713    4.8  0.5  0.0  NP_61     150879 151084 (278039) + Chimpo_LTR                                   LTR/Gypsy                           1    207    (0)  99  
36437    0.9  0.9  0.0  NP_61     151085 155109 (274014) + Chimpo_I                                     LTR/Gypsy                           1   4059    (0)  99  
 1713    4.8  0.5  0.0  NP_61     155110 155315 (273808) + Chimpo_LTR                                   LTR/Gypsy                           1    207    (0)  99  
 1844    1.9  0.0  0.5  NP_61     155316 155525 (273598) + Gypsy-7_DSe-LTR                              LTR/Gypsy                          50    258    (0)  98  
 4087   14.0  0.9  0.6  NP_61     155526 156185 (272938) + IDEFIX_I                                     LTR/Gypsy                        4376   5037  (591) 100  
 2390    9.6  5.5  0.3  NP_61     156186 156551 (272572) + DIVER2_LTR                                   LTR/Pao                             1    385    (0) 101  
  378   11.1  0.0  1.6  NP_61     156552 156609 (272514) + IDEFIX_I                                     LTR/Gypsy                        5034   5090  (538) 100  
 5497    0.2  0.3  0.0  NP_61     156611 157205 (271918) + Gypsy-10_DSim-I                              LTR/Gypsy                        3737   4333  (855) 102  
 2201    9.8  6.4  1.5  NP_61     157207 157599 (271524) + Gypsy-10_DSim-I                              LTR/Gypsy                        5089   5500  (128) 102  
29713    5.9  1.0  0.7  NP_61     157611 162291 (266832) + Gypsy-13_DSim-I                              LTR/Gypsy                           1   3543 (1901) 103  
 2621   11.7  6.4  0.8  NP_61     162292 163067 (266056) + ZAM_I                                        LTR/Gypsy                        6876   7488    (2) 104  
  326   23.0  8.0  0.0  NP_61     163068 163138 (265985) + ZAM_LTR                                      LTR/Gypsy                         394    472    (0) 104  
 3468   10.3  3.5  2.2  NP_61     163140 163715 (265408) + Gypsy8_I                                     LTR/Gypsy                        2451   3033 (1314) 105  
 1017   12.5  0.0  4.0  NP_61     163713 163895 (265228) + Gypsy8_I                                     LTR/Gypsy                        3168   3343 (1004) 105 *
 3286    2.8  5.0  0.0  NP_61     164089 164485 (264638) + TIRANT_LTR                                   LTR/Gypsy                           1    417    (0) 106  
63884    1.4  1.6  0.3  NP_61     164486 171984 (257139) + TIRANT_I                                     LTR/Gypsy                           1   7691    (1) 106  
 3569    2.6  0.5  0.0  NP_61     171976 172390 (256733) + TIRANT_LTR                                   LTR/Gypsy                           1    417    (0) 107 *
 2784   18.1  3.8  7.0  NP_61     172395 173879 (255244) + Gypsy8_I                                     LTR/Gypsy                        3407   5443    (1) 105  
  856   13.2  0.0  0.7  NP_61     173850 173986 (255137) + Gypsy8_LTR                                   LTR/Gypsy                           1    136  (168) 105 *
 1555    4.7  1.6  0.0  NP_61     173990 174179 (254944) C R1_DM                                       LINE/R1        (7)   5349   5157 108 *
22059    2.9  1.1  0.1  NP_61     174178 176766 (252357) C R1_DSi                                      LINE/R1      (331)   5103   2489 109  
 2865    9.3  2.0  2.5  NP_61     176772 177212 (251911) + Gypsy-29_DWil-LTR                            LTR/Gypsy                           1    439    (0) 110  
48315    2.7  0.8  0.6  NP_61     177213 182963 (246160) + Gypsy-29_DWil-I                              LTR/Gypsy                           1   5762    (0) 110  
 2865    9.3  2.0  2.5  NP_61     182964 183404 (245719) + Gypsy-29_DWil-LTR                            LTR/Gypsy                           1    439    (0) 110  
 1413    1.3  0.0  0.0  NP_61     183417 183571 (245552) C R1_DSi                                      LINE/R1     (2942)   2492   2338 109  
 2845    5.8  1.1  0.3  NP_61     183572 183932 (245191) + Gypsy10_LTR                                  LTR/Gypsy                           1    364    (0) 111  
17477   19.8  1.8  2.1  NP_61     183933 190357 (238766) + Gypsy10_I                                    LTR/Gypsy                           1   6736  (218) 111  
  587    6.0  0.0 10.0  NP_61     190440 190539 (238584) + Gypsy10_I                                    LTR/Gypsy                        5196   5278    (0) 112 *
 2913    5.8  0.8  0.0  NP_61     190532 190892 (238231) + Gypsy10_LTR                                  LTR/Gypsy                           1    364    (0) 112  
15198    5.4  2.1  0.4  NP_61     190893 192836 (236287) C R1_DSi                                      LINE/R1     (3093)   2341    366 113  
26667    2.9  0.6  0.2  NP_61     192858 195975 (233148) C R1_DSi                                      LINE/R1      (565)   4869   1742 114  
 4778    6.8  1.3  0.4  NP_61     195976 196891 (232232) C R1_DSi                                      LINE/R1     (3800)   1634    364 114  
30594    3.6  2.1  0.8  NP_61     196914 200682 (228441) C R1_DSi                                      LINE/R1      (565)   4869   1049 115  
 2031   11.6  1.7  2.3  NP_61     200692 201036 (228087) C R1_DSe                                      LINE/R1     (4711)    706    364 116  
36172    4.1  1.7  0.2  NP_61     201058 205497 (223626) C R1_DSi                                      LINE/R1      (565)   4869    366 117  
30996    2.9  0.4  0.9  NP_61     205520 209172 (219951) C R1_DSi                                      LINE/R1      (565)   4869   1234 118  
 6912    7.2  1.2  0.9  NP_61     209154 210101 (219022) C R1_DSi                                      LINE/R1     (4119)   1315    366 118 *
36603    4.0  1.3  0.4  NP_61     210124 214586 (214537) C R1_DSi                                      LINE/R1      (565)   4869    366 119  
32256    3.1  0.6  0.0  NP_61     214609 218382 (210741) C R1_DSi                                      LINE/R1      (565)   4869   1076 120  
 1991    9.7  0.0  0.0  NP_61     218382 218660 (210463) C R1_DM                                       LINE/R1     (4743)    613    335 121 *
31822    3.3  1.0  0.1  NP_61     218683 222442 (206681) C R1_DSi                                      LINE/R1      (565)   4869   1076 122  
 1974   10.0  0.0  0.0  NP_61     222442 222720 (206403) C R1_DM                                       LINE/R1     (4743)    613    335 123 *
19700    3.7  0.9  0.2  NP_61     222743 225108 (204015) C R1_DSi                                      LINE/R1      (565)   4869   2489 124  
 1064   18.9  9.5  2.9  NP_61     225109 225402 (203721) + TIRANT_LTR                                   LTR/Gypsy                           1    313  (104) 125  
  625   18.8  3.9  0.6  NP_61     225529 225683 (203440) + TIRANT_I                                     LTR/Gypsy                           1    160 (7532) 126  
 2091   26.4  2.5 13.0  NP_61     225707 226658 (202465) + TIRANT_I                                     LTR/Gypsy                         351   1214 (6478) 126  
 3920    5.8  4.3  2.3  NP_61     226662 227545 (201578) + Gypsy-1_DSim-LTR                             LTR/Gypsy                           1    522    (0) 127  
41537    2.8  0.5  0.3  NP_61     227546 234862 (194261) + Gypsy-1_DSim-I                               LTR/Gypsy                           1   7021    (1) 127  
  597   16.0  3.4  0.0  NP_61     234863 234974 (194149) + Gypsy-1_DSim-I                               LTR/Gypsy                        1221   1336 (6356) 127  
36850   17.9  0.8  0.2  NP_61     235093 241387 (187736) + Gypsy-1_DSim-I                               LTR/Gypsy                        1369   7692    (0) 127  
 1064   18.9  9.5  2.9  NP_61     241379 241672 (187451) + TIRANT_LTR                                   LTR/Gypsy                           1    313  (104) 128 *
17095    7.3  4.2  1.6  NP_61     241808 244195 (184928) C R1_DSi                                      LINE/R1     (2977)   2457      9 129  
 3503    9.7  0.0  0.4  NP_61     244179 244655 (184468) C R1_DSi                                      LINE/R1      (411)   5023   4549 129 *
  532   10.6  2.3  1.1  NP_61     244664 244749 (184374) C R1_DSi                                      LINE/R1     (3156)   2278   2192 129  
 2693    2.2  0.6  0.9  NP_61     244884 245201 (183922) C NINJA_LTR                                    LTR/Pao                           (0)    317      1 130  
32838    5.2  1.6  0.1  NP_61     245202 250438 (178685) C NINJA_I                                      LTR/Pao                           (0)   5547    666 130  
 3178    1.4  0.8  0.5  NP_61     250442 250809 (178314) + Gypsy-5_DSim-LTR                             LTR/Gypsy                           1    369    (0) 131  
16616    2.1  2.7  1.6  NP_61     250810 252806 (176317) + Gypsy-5_DSim-I                               LTR/Gypsy                           1   2019 (5143) 131  
 1810   11.6 11.2  0.8  NP_61     252807 253155 (175968) C DIVER2_LTR                                   LTR/Pao                           (0)    385      1 132  
 4073    4.2  1.6  0.2  NP_61     253158 253811 (175312) C BEL-6_DYa-I                                  LTR/Pao                           (4)   5471   4960 132 *
 6547    4.2  1.1  0.0  NP_61     253805 254590 (174533) C BEL-6_DYa-I                                  LTR/Pao                        (4680)    795      1 132  
 1908   11.4 10.2  0.8  NP_61     254592 254943 (174180) C DIVER2_LTR                                   LTR/Pao                           (0)    385      1 132  
34584    7.4  1.2  0.2  NP_61     254944 260510 (168613) + Gypsy-5_DSim-I                               LTR/Gypsy                         908   6508    (1) 133  
  279   25.0  3.7  4.6  NP_61     260453 260504 (168619) C noCat_dsim_final-B-P113.23-Map3_novel_repeat DNA/RC                    (54)    809    759 134 *
 3264    1.4  0.3  1.1  NP_61     260505 260876 (168247) + Gypsy-5_DSim-LTR                             LTR/Gypsy                           1    369    (0) 133  
  265    8.6  0.0  0.0  NP_61     260877 260911 (168212) + Gypsy-5_DSim-I                               LTR/Gypsy                           1     35 (7127) 133 *
 4204    5.8  3.6  7.6  NP_61     260901 261595 (167528) C NINJA_I                                      LTR/Pao                        (5342)    669      1 135  
 2701    2.2  0.6  0.9  NP_61     261596 261913 (167210) C NINJA_LTR                                    LTR/Pao                           (0)    317      1 135  
  312   29.1  0.0  0.0  NP_61     263233 263335 (165788) + Gypsy-5_DSim-I                               LTR/Gypsy                         494    596 (5913) 133  
  290   33.8  3.2  3.9  NP_61     263349 263719 (165404) + Gypsy-5_DSim-I                               LTR/Gypsy                        2009   2172 (4990) 133  
  298   28.9  9.3  5.6  NP_61     263997 264561 (164562) + Gypsy-5_DSim-I                               LTR/Gypsy                        3202   3413 (3799) 133  
 1432   25.2  2.0  4.0  NP_61     264809 265295 (163828) + Gypsy-5_DSim-I                               LTR/Gypsy                        3280   3757 (3405) 136  
 1335   31.0  4.0  2.1  NP_61     265310 266187 (162936) + Gypsy-5_DSim-I                               LTR/Gypsy                        4130   5023 (1486) 136  
  266   28.7  6.1  5.8  NP_61     266342 266785 (162338) + Pifo_I                                       LTR/Gypsy                        6789   7233  (879) 137  
  243   28.6  5.3  5.3  NP_61     267127 267333 (161790) + ZAM_I                                        LTR/Gypsy                        6955   7161  (329) 138  
  302   29.0  4.6  1.8  NP_61     267557 267665 (161458) + Gypsy-5_DSim-I                               LTR/Gypsy                        2309   2420  (387) 133  
 5704    9.1  1.5  4.0  NP_61     268024 268938 (160185) + Gypsy-5_DSim-I                               LTR/Gypsy                        2451   3343 (1004) 133  
  255   28.4  4.9  1.0  NP_61     268957 269141 (159982) + Gypsy-15_DRh-I                               LTR/Gypsy                        5134   5325  (723) 139  
 1160   15.0  2.4  7.6  NP_61     269304 269598 (159525) + Gypsy-5_DSim-I                               LTR/Gypsy                        5238   5443    (1) 133 *
 1903    8.9  1.0  0.5  NP_61     269569 269882 (159241) + Gypsy-5_DSim-LTR                             LTR/Gypsy                           1    376  (395) 133 *
 2595   11.2  2.7  1.2  NP_61     269882 270287 (158836) + Gypsy-31_DYa-I                               LTR/Gypsy                        7155   7566    (2) 140  
 2253   10.2  2.8  4.1  NP_61     270412 270809 (158314) + Gypsy-31_DYa-I                               LTR/Gypsy                           1    393 (7175) 141  
 2172   16.3  6.0  6.9  NP_61     270872 271640 (157483) + Gypsy-31_DYa-I                               LTR/Gypsy                         422    884 (6684) 141  
  702   12.7 10.6  6.4  NP_61     271637 271780 (157343) + IDEFIX_LTR                                   LTR/Gypsy                           9    158  (436) 142 *
 2091    8.5  6.2  2.5  NP_61     271781 272235 (156888) + Gypsy-12_DSim-LTR                            LTR/Gypsy                           1    594    (0) 143 *
35421    3.2  0.7  0.4  NP_61     272213 276500 (152623) + Gypsy-12_DSim-I                              LTR/Gypsy                           2   4300  (483) 144  
  235   13.8  0.0 11.4  NP_61     276879 276927 (152196) + Gypsy-10_DMoj-LTR                            LTR/Gypsy                         108    151 (2875) 145  
  310   29.1  7.0  0.7  NP_61     277033 277160 (151963) + Gypsy16-I_Dya                                LTR/Gypsy                         196    331 (4492) 146  
  394   16.6  3.8 11.6  NP_61     277313 277469 (151654) + Gypsy-10_DMoj-LTR                            LTR/Gypsy                         546    691 (2335) 145  
 1788   32.5  0.8  1.3  NP_61     278047 278858 (150265) + HMSBEAGLE_I                                  LTR/Gypsy                         892   2113 (4416) 147  
 8907   26.9  1.1  1.0  NP_61     279066 282539 (146584) + Gypsy-53_DEl-I                               LTR/Gypsy                           1   5159 (1386) 148  
 3985   28.0  2.8  2.3  NP_61     282525 284238 (144885) + Gypsy-53_DEl-I                               LTR/Gypsy                        2325   4047  (342) 148 *
17964    3.3  2.4  0.7  NP_61     284626 286884 (142239) + STALKER4_I                                   LTR/Gypsy                         888   3182 (3348) 149  
 2434   13.6  1.0  2.5  NP_61     286885 287292 (141831) + GTWIN_LTR                                    LTR/Gypsy                           1    402   (93) 150  
 2823    6.9  0.0  5.4  NP_61     287450 287861 (141262) + DM412_I                                        LTR/Gypsy                        2285   2675 (3802) 151  
 1464   19.6  8.6  1.6  NP_61     287862 288223 (140900) + Gypsy_LTR                                    LTR/Gypsy                           1    387   (95) 152  
  813   15.3 24.0  1.0  NP_61     288313 288562 (140561) + Gypsy_I                                      LTR/Gypsy                           1    307 (6200) 153  
  386    0.0  0.0 14.3  NP_61     288584 288647 (140476) C LINEJ1_DM                                   LINE/Jockey    (0)   5020   4965 154  
36068    0.8  0.2  0.0  NP_61     288648 292562 (136561) + LINEJ1_DM                                   LINE/Jockey   1087   5007   (13) 155  
14098   10.0  0.5  0.2  NP_61     292574 294466 (134657) + GTWIN_I                                      LTR/Gypsy                        1848   4916 (1505) 156  
11993    6.7  0.2  0.0  NP_61     294514 295991 (133132) + GTWIN_I                                      LTR/Gypsy                        4921   6401   (20) 156  
 2403   13.3  1.2  2.5  NP_61     296008 296414 (132709) + GTWIN_LTR                                    LTR/Gypsy                           1    402   (93) 156  
28796    1.4  0.6  0.1  NP_61     296572 299906 (129217) + STALKER4_I                                   LTR/Gypsy                        3179   6530    (0) 157  
 3125    4.0  0.8  0.0  NP_61     299907 300282 (128841) + STALKER4_LTR                                 LTR/Gypsy                           1    379   (23) 157  
 1699    8.1  0.0  0.0  NP_61     300330 300551 (128572) + ZAM_I                                        LTR/Gypsy                         424    645 (6845) 158  
  275   11.6  4.7  0.0  NP_61     300541 300583 (128540) + NOMAD_LTR                                    LTR/Gypsy                         101    145  (373) 159 *
  437   25.0 15.3  0.9  NP_61     300613 300850 (128273) + Gypsy-3_DSe-LTR                              LTR/Gypsy                         100    377    (2) 160  
  782   16.7  6.5  7.2  NP_61     301024 301226 (127897) + NOMAD_LTR                                    LTR/Gypsy                         188    518    (0) 159 *
17502    5.9  0.6  3.5  NP_61     301208 303536 (125587) + NOMAD_I                                      LTR/Gypsy                           1   2259 (4313) 161  
17850    3.8  0.4  0.0  NP_61     304577 306633 (122490) + NOMAD_I                                      LTR/Gypsy                        2258   4322 (2250) 161  
10319   16.0  2.1  2.6  NP_61     306632 309405 (119718) + NOMAD_I                                      LTR/Gypsy                        4567   7528   (11) 161 *
  239    6.2  0.0  0.0  NP_61     309406 309437 (119686) + NOMAD_LTR                                    LTR/Gypsy                           1     32  (486) 161  
  423   22.9 17.5  0.9  NP_61     309470 309706 (119417) + Gypsy-3_DSe-LTR                              LTR/Gypsy                          96    377    (2) 162  
  708   21.8  4.7  5.8  NP_61     309880 310069 (119054) + NOMAD_LTR                                    LTR/Gypsy                         331    518    (0) 163  
 2283   11.5 10.0  1.1  NP_61     310070 310493 (118630) + ZAM_I                                        LTR/Gypsy                         949   1410 (6080) 164  
45181    6.4  1.7  0.7  NP_61     310494 316805 (112318) + ZAM_I                                        LTR/Gypsy                           1   7488    (2) 164  
  338   22.0  8.0  0.0  NP_61     316806 316876 (112247) + ZAM_LTR                                      LTR/Gypsy                         394    472    (0) 164  
 5450   10.0  1.3  5.6  NP_61     316878 317792 (111331) + Gypsy8_I                                     LTR/Gypsy                        2451   3328 (1019) 165  
 2793   19.7  6.5  5.8  NP_61     317786 319256 (109867) + Gypsy8_I                                     LTR/Gypsy                        3407   4093  (254) 165 *
 2604    3.2  0.3  2.2  NP_61     319257 319579 (109544) + NINJA_LTR                                    LTR/Pao                             1    317    (0) 166  
 7776    5.9  0.5  0.7  NP_61     319581 320763 (108360) + NINJA_I                                      LTR/Pao                          1690   2947 (3064) 166  
 1935    1.8  0.5  0.0  NP_61     320748 320970 (108153) + NINJA_I                                      LTR/Pao                          4886   5109  (902) 166 *
  288    2.9  0.0  0.0  NP_61     320970 321003 (108120) + NINJA_LTR                                    LTR/Pao                           284    317    (0) 167 *
24167    2.4  1.8  0.8  NP_61     321004 323922 (105201) + NINJA_I                                      LTR/Pao                             1   2947 (3064) 167  
 9764    1.9  0.2  0.2  NP_61     323913 325038 (104085) + NINJA_I                                      LTR/Pao                          4886   6011    (0) 167 *
 2560    4.1  0.0  2.2  NP_61     325039 325361 (103762) + NINJA_LTR                                    LTR/Pao                             1    316    (1) 167  
 1238    8.9  1.0  2.1  NP_61     325377 325571 (103552) + Gypsy8_I                                     LTR/Gypsy                        5251   5443    (1) 165 *
 1664    4.8  0.6  0.7  NP_61     325542 325790 (103333) + Gypsy-13_DSim-LTR                            LTR/Gypsy                           1    314  (457) 165 *
 8522    5.1  1.0  0.0  NP_61     325776 326806 (102317) C R1_DSi                                      LINE/R1        (5)   5429   4389 168  
 7285    3.9  0.2  0.5  NP_61     326833 327707 (101416) C R1_DSi                                      LINE/R1     (3162)   2272   1400 168  
 3186   12.0  1.6  5.1  NP_61     327707 328534 (100589) C R1_DSe                                      LINE/R1     (4329)   1184    387 169 *
 1041   13.5 11.1  5.5  NP_61     328533 328775 (100348) C R1_DSi                                      LINE/R1     (5170)    264      9 170 *
 4756    8.7  0.6  0.2  NP_61     328759 329388  (99735) C R1_DM                                       LINE/R1      (406)   4950   4318 171  
 6439    3.3  0.1  0.5  NP_61     329420 330179  (98944) C R1_DSi                                      LINE/R1     (3162)   2272   1516 172  
 1969   10.9  4.1  0.0  NP_61     330180 330473  (98650) C R1_DM                                       LINE/R1     (4742)    614    309 173  
 1035   13.5 11.1  5.9  NP_61     330463 330706  (98417) C R1_DSi                                      LINE/R1     (5170)    264      9 174 *
  379   13.8  0.0  1.7  NP_61     330690 330739  (98384) C R1_DSe                                      LINE/R1      (409)   5008   4960 175 *
 1961    4.4  2.3  4.7  NP_61     330740 331003  (98120) + BLOOD_LTR                                    LTR/Gypsy                           1    258  (141) 176  
  229   18.5  9.1  7.9  NP_61     330983 331070  (98053) + BLOOD_LTR                                    LTR/Gypsy                         304    392   (32) 177 *
 5337    1.8  6.9  1.4  NP_61     331134 332304  (96819) + BLOOD_I                                      LTR/Gypsy                           1   1237 (5376) 177  
46507    2.5  1.1  0.6  NP_61     332305 337975  (91148) + BLOOD_I                                      LTR/Gypsy                           1   6610    (3) 177  
  229   18.5  9.1  7.9  NP_61     337976 338042  (91081) + Gypsy-1_DVir-LTR                             LTR/Gypsy                         325    392   (32) 178  
 4385    8.9  1.0  0.0  NP_61     338101 338687  (90436) C R1_DM                                       LINE/R1      (446)   4910   4318 179  
 5625    3.3  0.5  0.3  NP_61     338728 339401  (89722) C R1_DSi                                      LINE/R1     (3162)   2272   1598 180  
 6878    8.8  9.6  5.8  NP_61     339402 340731  (88392) C R1_DSi                                      LINE/R1     (4043)   1391      9 180  
 4281    9.2  5.8  0.0  NP_61     340715 341312  (87811) C R1_DSi                                      LINE/R1      (411)   5023   4391 180 *
11094    4.1  1.3  0.3  NP_61     341343 342685  (86438) C R1_DSi                                      LINE/R1     (3162)   2272    917 181  
 1923   11.0  4.1  0.0  NP_61     342695 342984  (86139) C R1_DM                                       LINE/R1     (4746)    610    309 182  
 1104   13.4 10.7  4.7  NP_61     342974 343215  (85908) C R1_DSi                                      LINE/R1     (5170)    264      9 183 *
 4725    8.8  0.8  0.2  NP_61     343199 343827  (85296) C R1_DM                                       LINE/R1      (406)   4950   4318 184  
 7286    3.8  0.3  0.5  NP_61     343865 344739  (84384) C R1_DSi                                      LINE/R1     (3161)   2273   1400 185  
 2485    4.0  0.0  0.0  NP_61     344739 345040  (84083) C R1_DSi                                      LINE/R1     (4350)   1084    783 185 *
 1958   11.1  4.0  0.0  NP_61     345045 345341  (83782) C R1_DM                                       LINE/R1     (4739)    617    309 186  
 1112   13.4 10.7  5.1  NP_61     345331 345573  (83550) C R1_DSi                                      LINE/R1     (5170)    264      9 187 *
 4057    8.5  0.6  0.0  NP_61     345557 346088  (83035) C R1_DSi                                      LINE/R1      (411)   5023   4489 187  
35537    7.5  1.1  0.8  NP_61     346089 352089  (77034) + Gypsy-13_DSim-I                              LTR/Gypsy                           1   5216 (2681) 188  
 4394   15.9  2.8  8.1  NP_61     352172 354242  (74881) + Gypsy-13_DSim-I                              LTR/Gypsy                        2481   5444    (0) 189 *
 4982   13.4  4.8  3.3  NP_61     354210 355459  (73664) + Gypsy-13_DSim-LTR                            LTR/Gypsy                           1    829 (7068) 189  
  764   11.8  1.8  0.0  NP_61     355447 355556  (73567) C R1_DSe                                      LINE/R1      (929)   4488   4377 190 *
 7182    4.0  0.3  0.5  NP_61     355587 356460  (72663) C R1_DSi                                      LINE/R1     (3162)   2272   1400 191  
 1999    3.8  0.0  0.0  NP_61     356460 356698  (72425) C R1_DSi                                      LINE/R1     (4350)   1084    846 191 *
 4389    0.8  3.0  0.0  NP_61     356699 357189  (71934) + TABOR_LTR                                    LTR/Gypsy                           1    506    (0) 192  
47290    3.9  1.2  1.2  NP_61     357190 364101  (65022) + TABOR_I                                      LTR/Gypsy                           1   6336    (0) 192  
  558   12.8  0.4  2.0  NP_61     364102 364204  (64919) C R1_DSe                                      LINE/R1     (4583)    834    746 193 *
 1980   10.8  4.0  0.0  NP_61     364173 364469  (64654) C R1_DM                                       LINE/R1     (4739)    617    309 194  
 1123   12.6 11.2  5.1  NP_61     364459 364700  (64423) C R1_DSi                                      LINE/R1     (5170)    264      9 195 *
 4723    9.1  0.6  0.2  NP_61     364684 365313  (63810) C R1_DM                                       LINE/R1      (406)   4950   4318 196  
 7261    4.0  0.1  0.5  NP_61     365357 366232  (62891) C R1_DSi                                      LINE/R1     (3162)   2272   1400 197  
 5069    8.6 12.8  3.4  NP_61     366232 367199  (61924) C R1_DSi                                      LINE/R1     (4350)   1084     27 197 *
  920   10.2  0.8  0.8  NP_61     367203 367331  (61792) C R1_DSi                                      LINE/R1      (411)   5023   4895 198  
 1253    9.3  0.0  0.0  NP_61     367337 367498  (61625) C R1_DM                                       LINE/R1      (877)   4479   4318 199  
 8534    4.5  0.4  0.4  NP_61     367535 368570  (60553) C R1_DSi                                      LINE/R1     (3162)   2272   1237 200  
 1879   11.8  4.2  0.0  NP_61     368574 368862  (60261) C R1_DM                                       LINE/R1     (4747)    609    309 201  
 1128   12.6 11.2  4.2  NP_61     368852 369074  (60049) C R1_DSi                                      LINE/R1     (5170)    264     27 202 *
 4652    9.2  0.8  0.6  NP_61     369078 369709  (59414) C R1_DM                                       LINE/R1      (406)   4950   4318 203  
12484    7.8  4.1  0.6  NP_61     369738 371526  (57597) C R1_DSi                                      LINE/R1     (3162)   2272    358 204  
  692   19.0  3.8  3.1  NP_61     371532 371740  (57383) C R1_DSi                                      LINE/R1     (5105)    251     25 204  
 3679   10.4  5.4  1.2  NP_61     371751 372322  (56801) C R1_DM                                       LINE/R1      (419)   4937   4342 205  
12671    7.3  6.3  0.9  NP_61     372360 374380  (54743) C R1_DSi                                      LINE/R1     (3151)   2283     27 206  
 4062    9.2  6.5  1.4  NP_61     374384 374986  (54137) C R1_DM                                       LINE/R1      (406)   4950   4318 207  
 7255    3.9  0.5  0.0  NP_61     375020 375888  (53235) C R1_DSi                                      LINE/R1     (3162)   2272   1400 208  
 4879    8.6 13.8  4.0  NP_61     375888 376851  (52272) C R1_DSi                                      LINE/R1     (4350)   1084     27 208 *
  879   11.6  0.0  2.3  NP_61     376855 376986  (52137) C R1_DSi                                      LINE/R1      (411)   5023   4895 209  
  895    7.2  4.8  4.8  NP_61     376995 377139  (51984) C R1_DM                                       LINE/R1      (881)   4475   4331 210  
 8535    4.1  0.7  0.5  NP_61     377179 378212  (50911) C R1_DSi                                      LINE/R1     (3162)   2272   1237 211  
 1504   15.0  9.1  3.6  NP_61     378224 378722  (50401) C R1_DM                                       LINE/R1     (4752)    604     27 212  
 4031    8.5  3.6  0.2  NP_61     378726 379281  (49842) C R1_DSi                                      LINE/R1      (411)   5023   4449 213  
 7439    9.6 10.2  1.7  NP_61     379352 380649  (48474) C R1_DSi                                      LINE/R1     (3162)   2272    866 213  
 1559   19.2  7.3  9.3  NP_61     380664 381307  (47816) C R1_DSi                                      LINE/R1     (4794)    640      9 214 *
 4648    8.2  1.4  0.9  NP_61     381291 381920  (47203) C R1_DSi                                      LINE/R1      (406)   4950   4318 215  
12899    7.8  4.7  1.2  NP_61     381954 383998  (45125) C R1_DSi                                      LINE/R1     (3162)   2272     27 215  
 2138    9.7  8.4  0.3  NP_61     384002 384313  (44810) C R1_DSi                                      LINE/R1      (411)   5023   4686 216  
 7292    7.4  4.3  2.6  NP_61     384314 385724  (43399) C M4DM                                         DNA/CMC-Transib                   (0)   1435      1 217  
 2225    6.6  4.9  0.0  NP_61     385725 386011  (43112) C R1_DM                                       LINE/R1      (738)   4618   4318 218  
 9205    3.4  0.6  1.3  NP_61     386041 387173  (41950) C R1_DSi                                      LINE/R1     (3162)   2272   1148 219  
 4724   11.8  6.5  3.4  NP_61     387217 388939  (40184) C R1_DSi                                      LINE/R1     (4110)   1334    123 219  
 1088   12.6 10.5  6.3  NP_61     388929 389157  (39966) C R1_DSi                                      LINE/R1     (5170)    264     27 219 *
 4178    8.9  6.5  0.3  NP_61     389161 389756  (39367) C R1_DM                                       LINE/R1      (406)   4950   4318 220  
10749    5.0  3.3  0.2  NP_61     389784 391143  (37980) C R1_DSi                                      LINE/R1     (3162)   2272    915 221  
 1024    6.9  0.0  0.0  NP_61     391112 391241  (37882) C R1_DM                                       LINE/R1     (4746)    610    481 222 *
21376    4.0  1.0  0.0  NP_61     391226 393790  (35333) C R1_DSi                                      LINE/R1      (445)   4989   2401 223  
 1292    8.0  1.2  7.3  NP_61     393796 394063  (35060) + Gypsy-3_DSe-LTR                              LTR/Gypsy                           1    379    (0) 224  
 1166   16.6  1.9  8.5  NP_61     394197 394459  (34664) + Gypsy-3_DSe-I                                LTR/Gypsy                           1    247 (7126) 224  
 2972   12.7  2.9  0.2  NP_61     394460 394978  (34145) + DM412_I                                        LTR/Gypsy                         642   1174 (5303) 225  
 3334    7.8  1.0  3.1  NP_61     394979 395470  (33653) + DM412_LTR                                   LTR/Gypsy                           1    482   (89) 226  
 4395    5.3  2.3  2.3  NP_61     395473 396073  (33050) + DM412_I                                        LTR/Gypsy                           3    603 (5874) 227  
 1128   16.7  2.3  8.5  NP_61     396212 396473  (32650) + Gypsy-3_DSe-I                                LTR/Gypsy                           1    247 (7126) 228  
 2947   13.1  2.7  0.4  NP_61     396474 396994  (32129) + DM412_I                                        LTR/Gypsy                         642   1174 (5303) 229  
 3370    7.8  1.0  1.9  NP_61     396995 397480  (31643) + DM412_LTR                                   LTR/Gypsy                           1    482   (89) 230  
 4385    5.3  2.5  2.2  NP_61     397483 398081  (31042) + DM412_I                                        LTR/Gypsy                           3    603 (5874) 231  
 1166   16.6  1.9  8.5  NP_61     398220 398482  (30641) + Gypsy-3_DSe-I                                LTR/Gypsy                           1    247 (7126) 232  
 3036   12.7  2.5  0.6  NP_61     398483 399005  (30118) + DM412_I                                        LTR/Gypsy                         642   1174 (5303) 233  
 3370    7.8  1.0  1.9  NP_61     399006 399491  (29632) + DM412_LTR                                   LTR/Gypsy                           1    482   (89) 234  
 4385    5.3  2.5  2.2  NP_61     399494 400092  (29031) + DM412_I                                        LTR/Gypsy                           3    603 (5874) 235  
 1166   16.6  1.9  8.5  NP_61     400230 400492  (28631) + Gypsy-3_DSe-I                                LTR/Gypsy                           1    247 (7126) 236  
 2977   13.1  2.7  0.2  NP_61     400493 401012  (28111) + DM412_I                                        LTR/Gypsy                         642   1174 (5303) 237  
 3370    7.8  1.0  1.9  NP_61     401013 401498  (27625) + DM412_LTR                                   LTR/Gypsy                           1    482   (89) 238  
14349    7.4  3.3  1.0  NP_61     401501 403561  (25562) + DM412_I                                        LTR/Gypsy                           3   2109 (4368) 239  
 1252    5.4  0.4 19.6  NP_61     403562 403792  (25331) + Gypsy-8_DSim-I                               LTR/Gypsy                        5179   5372   (40) 240  
10459   12.2  2.6  0.1  NP_61     403928 405636  (23487) + GTWIN_I                                      LTR/Gypsy                        2278   4560 (2962) 241  
  936    3.0  0.6 18.0  NP_61     405630 405792  (23331) + GTWIN_I                                      LTR/Gypsy                        5174   5312  (100) 241 *
 2564   13.3  9.0  0.8  NP_61     405989 406465  (22658) + MDG1_I                                       LTR/Gypsy                          69    584 (6012) 242  
  232   15.0  0.0  0.0  NP_61     406467 406506  (22617) + MDG1_I                                       LTR/Gypsy                         506    545 (6051) 242  
  734   22.4  3.6  9.9  NP_61     406572 407247  (21876) + MDG1_I                                       LTR/Gypsy                         593   1514 (4600) 242  
10908    3.7  2.5  0.1  NP_61     407248 408593  (20530) + Gypsy-8_DSim-I                               LTR/Gypsy                           3   1381 (4031) 243  
 3868    0.2  0.0  0.0  NP_61     408594 409017  (20106) + Stalker2_LTR                                 LTR/Gypsy                           1    424    (0) 244  
 9943    0.8  0.7  0.5  NP_61     409024 410166  (18957) + Stalker2_I                                   LTR/Gypsy                           1   1145 (6251) 244  
 3874    1.1  0.2  0.2  NP_61     410389 410849  (18274) + Stalker2_I                                   LTR/Gypsy                        1126   1586 (5810) 244  
40698    3.3  0.7  0.3  NP_61     411048 416241  (12882) + Stalker2_I                                   LTR/Gypsy                        1568   7073   (95) 244  
  309    6.8  2.3  0.0  NP_61     416238 416281  (12842) + Stalker2_I                                   LTR/Gypsy                        6486   6530    (0) 244 *
 3868    0.2  0.0  0.0  NP_61     416282 416705  (12418) + Stalker2_LTR                                 LTR/Gypsy                           1    424    (0) 244  
30716    2.9  3.5  1.1  NP_61     416706 420607   (8516) + Gypsy-8_DSim-I                               LTR/Gypsy                        1378   5372   (40) 245  
 3178   10.9  1.0  0.6  NP_61     421918 422397   (6726) + DM412_LTR                                   LTR/Gypsy                           1    482   (89) 246  
  360   26.4  5.6  4.2  NP_61     422548 422689   (6434) C REP-1_DTa                                    Other/Other                    (2140)    276    133 247  
  297   24.1  3.4  2.2  NP_61     422716 422804   (6319) + Gypsy5_I                                     LTR/Gypsy                        3985   4074 (2435) 248  
  724   13.0 24.9  0.0  NP_61     422837 423033   (6090) C DNAREP1_DSim                                 RC/Helitron                      (20)    672    427 249  
  645    5.1 22.2  1.4  NP_61     423023 423176   (5947) C DNAREP1_DSim                                 RC/Helitron                      (97)    497    307 250 *
  298    5.6  0.0  0.0  NP_61     425012 425047   (4076) C Hoyak2                                       DNA/hAT-Ac                     (2525)     36      1 251 *
 2603   16.4 10.3  1.7  NP_61     425016 425617   (3506) C DNAREP1_DSim                                 RC/Helitron                       (0)    692     40 252  
 2088   17.3  1.0  3.1  NP_61     426044 426442   (2681) + Gypsy1-LTR_DM                                LTR/Gypsy                           2    392   (16) 253  
  227   15.4  0.0  0.0  NP_61     427499 427537   (1586) C Hoyak2                                       DNA/hAT-Ac                     (2522)     39      1 254 *
 1950    7.0  7.6 10.6  NP_61     427504 427963   (1160) C DNAREP1_DM                                   RC/Helitron                       (0)    692      1 255  
