   SW   perc perc perc  query     position in query        matching                                     repeat                           position in repeat
score   div. del. ins.  sequence  begin  end      (left)   repeat                                       class/family                   begin  end    (left)   ID

 2014   14.1  7.8  0.6  NP_61          1    433 (671217) + DNAREP1_DM                                   RC/Helitron                        32    792    (1)    1  
  428   10.0  0.0  0.0  NP_61        382    441 (671209) C Transib-1_DRh                                DNA/CMC-Transib                (2268)    728    669    2 *
 3342   13.2  6.0  0.2  NP_61        466   1034 (670616) + Gypsy-4_DBi-I                                LTR/Gypsy                        2747   3348 (2697)    3  
  727    3.9  0.9  5.8  NP_61       1094   1202 (670448) C BATUMI_I                                     LTR/Pao                         (688)   7275   7172    4  
23876   12.8  3.2  1.8  NP_61       1265   8241 (663409) C BATUMI_I                                     LTR/Pao                          (42)   7746    749    5  
  430    9.8  5.2  5.2  NP_61       8282   8377 (663273) C BATUMI_I                                     LTR/Pao                        (7193)    770    675    5  
  790   22.2  4.4  5.4  NP_61       8378   8582 (663068) C NOMAD_LTR                                    LTR/Gypsy                         (0)    518    316    6  
  497   23.1 15.7  0.7  NP_61       8742   8966 (662684) C Gypsy-3_DSe-LTR                              LTR/Gypsy                         (2)    377    114    7  
  258    3.1  0.0  0.0  NP_61       9015   9046 (662604) C NOMAD_LTR                                    LTR/Gypsy                       (486)     32      1    8  
 4368   15.4  1.9  5.6  NP_61       9047  10102 (661548) C NOMAD_I                                      LTR/Gypsy                        (11)   7528   6032    8  
 3853    0.9  0.0  0.2  NP_61      10113  10543 (661107) + Gypsy5_LTR                                   LTR/Gypsy                           1    430    (0)    9  
 1995   21.9 19.0  2.3  NP_61      10544  11365 (660285) + Gypsy5_I                                     LTR/Gypsy                          25    981 (6181)    9  
52744    0.6  2.7  0.0  NP_61      11540  17770 (653880) + Gypsy5_I                                     LTR/Gypsy                           1   6756  (812)   10  
  292   24.0  9.4  1.8  NP_61      17771  17876 (653774) C noCat_dsim_final-B-P113.23-Map3_novel_repeat DNA/RC                    (54)    809    696   11  
52744    0.6  2.7  0.0  NP_61      17877  18249 (653401) + Gypsy5_I                                     LTR/Gypsy                        6757   7162  (406)   10  
23788    6.4  2.5  0.7  NP_61      18251  21465 (650185) C NOMAD_I                                      LTR/Gypsy                       (529)   6043   3044   12 *
43100    2.7  1.1  0.3  NP_61      21450  26644 (645006) C DM297_I                                      LTR/Gypsy                       (929)   5238      1   13  
 3435    4.0  0.8  1.1  NP_61      26616  27058 (644592) C DM297_LTR                                    LTR/Gypsy                         (0)    414      1   14 *
  842   22.7  4.8  3.2  NP_61      27162  27489 (644161) + Gypsy5_I                                     LTR/Gypsy                         245    450 (6059)    9 *
13399   20.3  2.0  0.8  NP_61      27482  30182 (641468) + Gypsy5_I                                     LTR/Gypsy                         909   3643 (2866)    9  
 2968    5.0  0.5  4.0  NP_61      30183  30574 (641076) + STALKER4_LTR                                 LTR/Gypsy                           1    379   (23)   15  
 1702   28.6  2.0  0.9  NP_61      30624  31193 (640457) + Gypsy-31_DYa-I                               LTR/Gypsy                        3326   3952 (1866)   16  
  339   30.8  3.1  4.5  NP_61      31679  32202 (639448) + Gypsy-5_DSim-I                               LTR/Gypsy                        5847   6577  (585)   17  
  243   18.4  4.0  1.9  NP_61      32689  32765 (638885) + Gypsy-5_DSim-I                               LTR/Gypsy                        7104   7140   (22)   18  
 2649   11.5  6.4  1.0  NP_61      33111  33708 (637942) C Gypsy-13_DSim-LTR                            LTR/Gypsy                         (2)    769    285   19  
 1454   20.1 11.8  2.6  NP_61      37265  37749 (633901) + Gypsy-3_DSe-I                                LTR/Gypsy                         670   1197 (6176)   20  
  422   24.5  0.0  0.0  NP_61      37956  38049 (633601) + Gypsy-3_DSe-I                                LTR/Gypsy                        1376   1469 (5904)   20  
 2444   15.4  2.6  1.1  NP_61      38050  38507 (633143) + DM412_LTR                                   LTR/Gypsy                           1    465  (106)   21  
 5708   12.1  3.4  2.9  NP_61      38523  39557 (632093) + DM412_I                                        LTR/Gypsy                           1   1040 (5437)   22  
  703    4.2  0.9  1.2  NP_61      39561  39674 (631976) C G4_DM                                       LINE/Jockey    (0)   3856   3766   23  
  235    9.4  0.0  0.0  NP_61      39741  39772 (631878) + Gypsy16-LTR_Dya                              LTR/Gypsy                          52     83  (342)   24  
  250   18.8  3.0  4.5  NP_61      40083  40149 (631501) + Gypsy-10_DMoj-LTR                            LTR/Gypsy                          91    156 (2870)   25  
  406   18.3  1.3 10.7  NP_61      40574  40726 (630924) + Gypsy-10_DMoj-LTR                            LTR/Gypsy                         515    654 (2372)   25  
 1657   33.0  1.4  1.2  NP_61      40907  41767 (629883) + Gypsy2-I_DM                                  LTR/Gypsy                         808   2138 (4391)   26  
  487   25.5  6.4  4.5  NP_61      42269  42565 (629085) + Gypsy2-I_DM                                  LTR/Gypsy                        2649   2871 (3658)   26  
 1554   24.2  2.4  2.6  NP_61      42613  43082 (628568) + Gypsy16-I_Dya                                LTR/Gypsy                         727   1168 (3655)   27  
  330    5.1  0.0  0.0  NP_61      43080  43118 (628532) + Gypsy-1_DSe-I                                LTR/Gypsy                        5179   5217  (195)   28 *
 3635    3.0  1.2  0.2  NP_61      43133  43560 (628090) + Gypsy-1_DSe-I                                LTR/Gypsy                        5997   6428    (0)   28  
  766   10.4  1.1 19.7  NP_61      43583  43762 (627888) + Gypsy-1_DSe-LTR                              LTR/Gypsy                         207    358    (0)   29  
21153    8.9  0.8  0.8  NP_61      43763  48236 (623414) + Gypsy-1_DSe-I                                LTR/Gypsy                           1   4745 (1683)   29  
 3179    3.0  0.0  0.0  NP_61      49568  49928 (621722) + Gypsy-1_DSe-I                                LTR/Gypsy                        5997   6357   (71)   29  
  535   25.1  6.1  5.7  NP_61      50793  51106 (620544) + Gypsy-31_DYa-I                               LTR/Gypsy                        5264   5463 (2105)   30  
  274   34.3  2.6  1.8  NP_61      51784  52164 (619486) + Gypsy-31_DYa-I                               LTR/Gypsy                        6483   6827  (663)   30  
 2986    3.1  5.3  1.0  NP_61      52187  52579 (619071) + DM297_LTR                                    LTR/Gypsy                           5    414    (0)   31  
  231   15.0  2.0  8.3  NP_61      52558  52579 (619071) + Gypsy16-I_Dya                                LTR/Gypsy                         153    171 (6008)   27 *
51651    2.4  0.3  0.3  NP_61      52580  58747 (612903) + DM297_I                                      LTR/Gypsy                           1   6930  (152)   32  
 3366    2.9  0.7  1.2  NP_61      58748  59163 (612487) + DM297_LTR                                    LTR/Gypsy                           1    414    (0)   33  
 1405   32.1  1.4  1.4  NP_61      59164  59722 (611928) + Gypsy-1_DSim-I                               LTR/Gypsy                        5029   5587  (460)   34  
  238   20.8  1.9  1.9  NP_61      59732  59785 (611865) + Gypsy8-I_Dya                                 LTR/Gypsy                       10257  10310    (1)   35  
  463    3.5  0.0  0.0  NP_61      59819  59875 (611775) C Gypsy11_LTR                                  LTR/Gypsy                       (395)     57      1   36  
 6493   10.7  2.4  2.3  NP_61      59876  61252 (610398) C DM412_I                                        LTR/Gypsy                       (233)   6244   5030   37  
 2168   11.6  0.8  4.1  NP_61      61313  61691 (609959) + Gypsy-28_DYa-LTR                             LTR/Gypsy                           1    367    (0)   38 *
 3121   10.2  0.7  6.7  NP_61      61673  62513 (609137) + Gypsy8-I_Dya                                 LTR/Gypsy                           1   1566 (8745)   38  
 4081    7.0  2.2  2.0  NP_61      62514  63384 (608266) + Gypsy-1_DSim-LTR                             LTR/Gypsy                           1    504   (18)   34  
10307    9.4  1.6  1.3  NP_61      63400  66504 (605146) + Gypsy-1_DSim-I                               LTR/Gypsy                          26   3234 (3788)   39  
 1338   17.5  4.5  8.4  NP_61      66505  66885 (604765) + ROVER-LTR_DM                                 LTR/Gypsy                           1    367    (0)   40  
22935    2.8  2.3  0.7  NP_61      66886  70303 (601347) + Gypsy-1_DSim-I                               LTR/Gypsy                        3230   6705  (317)   39  
 1227   12.0  6.5  1.8  NP_61      70332  70658 (600992) + Gypsy-1_DSim-I                               LTR/Gypsy                        6623   7002   (20)   39  
 3917   30.4  4.3  2.9  NP_61      71169  73067 (598583) + Gypsy5_I                                     LTR/Gypsy                        2161   4085 (2424)   41  
  836   31.6  5.7  3.5  NP_61      73089  74492 (597158) + Gypsy5_I                                     LTR/Gypsy                        5137   6577  (585)   41  
  432   18.1  2.9  5.2  NP_61      74939  75090 (596560) + Gypsy5_I                                     LTR/Gypsy                        7027   7162    (0)   41  
 2005   12.0  0.5  0.7  NP_61      75342  75683 (595967) C Gypsy-13_DSim-LTR                            LTR/Gypsy                       (112)    659    388   42  
 1455   19.7 12.0  2.6  NP_61      79048  79531 (592119) + Gypsy-3_DSe-I                                LTR/Gypsy                         670   1197 (6176)   43  
  402   25.5  0.0  0.0  NP_61      79738  79831 (591819) + Gypsy-3_DSe-I                                LTR/Gypsy                        1376   1469 (5904)   43  
 2549   15.8  1.7  0.6  NP_61      79832  80308 (591342) + DM412_LTR                                   LTR/Gypsy                           1    482   (89)   44 *
 2707   29.5  1.7  1.6  NP_61      80306  81606 (590044) + Gypsy-26_DBp-I                               LTR/Gypsy                         770   2335 (1454)   45  
  493   30.1  3.1  5.6  NP_61      81604  82263 (589387) + Gypsy-26_DBp-I                               LTR/Gypsy                        2219   2379 (1783)   45 *
 1526   29.1  1.7  1.9  NP_61      82387  82965 (588685) + Gypsy-26_DBp-I                               LTR/Gypsy                        2355   2932  (857)   45  
  246   21.4  0.0  0.0  NP_61      83266  83307 (588343) + Gypsy-30_DAn-I                               LTR/Gypsy                        6280   6321    (5)   46  
 3153    1.8  6.7  0.2  NP_61      83651  84039 (587611) + DM297_LTR                                    LTR/Gypsy                           1    414    (0)   46  
 1791   15.7  4.2  1.4  NP_61      84040  84472 (587178) C STALKER4_I                                   LTR/Gypsy                      (5634)    896    389   47  
  980   13.8  0.5  1.1  NP_61      84635  84803 (586847) C STALKER4_LTR                                 LTR/Gypsy                        (29)    373    227   48  
  338   19.0  8.1  2.2  NP_61      84937  85022 (586628) C Gypsy2_LTR                                   LTR/Gypsy                       (236)    117     27   49  
 2455   16.3  0.2  0.5  NP_61      85035  85453 (586197) C Gypsy2_I                                     LTR/Gypsy                       (601)   5534   5117   50  
  809   28.2  0.1  0.5  NP_61      85453  85656 (585994) C Gypsy2_I                                     LTR/Gypsy                      (1124)   5011   4835   51 *
  417   23.6  8.3  3.7  NP_61      85939  86174 (585476) + Gypsy-1_DSim-I                               LTR/Gypsy                        1986   2163 (4125)   52  
  478    4.6  1.5  0.0  NP_61      86184  86248 (585402) + Gypsy-1_DSim-I                               LTR/Gypsy                        6640   6705  (317)   53  
 9744   23.9  4.6  4.2  NP_61      86252  89843 (581807) + Gypsy-10_DBp-I                               LTR/Gypsy                         156   3761 (2396)   54  
 1335   18.1  2.5 11.7  NP_61      89844  90243 (581407) + ROVER-LTR_DM                                 LTR/Gypsy                           1    367    (0)   55  
 4590    7.2  3.7  1.0  NP_61      90244  90907 (580743) + Gypsy-1_DSim-I                               LTR/Gypsy                        3230   3911 (3111)   56  
  824   28.1  0.4  0.4  NP_61      90917  91180 (580470) C Gypsy5_I                                     LTR/Gypsy                      (4093)   2416   2153   57  
  242   34.0  0.0  0.0  NP_61      91528  91624 (580026) C Gypsy-8_DSe-I                                LTR/Gypsy                      (3463)   3018   2922   58  
  996   11.9  8.1  1.6  NP_61      91686  91978 (579672) C Gypsy-1_DSim-I                               LTR/Gypsy                        (20)   7002   6841   59  
23257    3.0  3.3  0.2  NP_61      91983  94877 (576773) C Gypsy-1_DSim-I                               LTR/Gypsy                       (317)   6705   3723   59 *
23550    3.6  0.5  0.3  NP_61      94859  97813 (573837) + Gypsy-1_DSim-I                               LTR/Gypsy                        2637   6705  (317)   52  
 1024   12.2  5.7  1.7  NP_61      97818  98110 (573540) + Gypsy-1_DSim-I                               LTR/Gypsy                        6841   7002   (20)   52  
  242   34.0  0.0  0.0  NP_61      98172  98268 (573382) + Gypsy-8_DSe-I                                LTR/Gypsy                        2922   3018 (3463)   60  
 3789   30.6  4.2  2.9  NP_61      98616 100523 (571127) + Gypsy5_I                                     LTR/Gypsy                        2153   4085 (2424)   61  
  827   28.6  5.1  2.0  NP_61     100545 101087 (570563) + Gypsy5_I                                     LTR/Gypsy                        5137   5718 (1850)   61  
  656   32.6  4.6  4.2  NP_61     101167 101927 (569723) + Gypsy-31_DYa-I                               LTR/Gypsy                        5160   6504 (1064)   62  
  432   18.1  2.9  5.2  NP_61     102374 102525 (569125) + Gypsy-31_DYa-I                               LTR/Gypsy                        7027   7162    (0)   62  
 2048   11.4  0.5  0.7  NP_61     102790 103131 (568519) C Gypsy-13_DSim-LTR                            LTR/Gypsy                       (112)    659    388   63  
 1473   20.1 11.8  2.5  NP_61     106591 107074 (564576) + Gypsy-3_DSe-I                                LTR/Gypsy                         670   1197 (6176)   64  
  409   25.5  0.0  0.0  NP_61     107281 107374 (564276) + Gypsy-3_DSe-I                                LTR/Gypsy                        1376   1469 (5904)   64  
 2549   15.8  1.7  0.6  NP_61     107375 107851 (563799) + DM412_LTR                                   LTR/Gypsy                           1    482   (89)   65 *
 2788   29.6  1.3  1.6  NP_61     107849 109153 (562497) + Gypsy-26_DBp-I                               LTR/Gypsy                         770   2335 (1454)   66  
  493   29.5  2.8  3.0  NP_61     109151 109547 (562103) + Gypsy-26_DBp-I                               LTR/Gypsy                        2219   2379 (1783)   66 *
 1372   29.3  1.9  3.8  NP_61     109879 110467 (561183) + Gypsy-26_DBp-I                               LTR/Gypsy                        2355   2932  (857)   66  
  246   21.4  0.0  0.0  NP_61     110768 110809 (560841) + Gypsy-30_DAn-I                               LTR/Gypsy                        6280   6321    (5)   67  
 3168    1.5  6.7  0.2  NP_61     111154 111542 (560108) + DM297_LTR                                    LTR/Gypsy                           1    414    (0)   67  
 1786   15.6  2.8  1.3  NP_61     111544 111977 (559673) C STALKER4_I                                   LTR/Gypsy                      (5639)    891    389   68  
  980   13.8  0.5  1.1  NP_61     112140 112308 (559342) C STALKER4_LTR                                 LTR/Gypsy                        (29)    373    227   69  
  338   19.0  8.1  2.2  NP_61     112442 112527 (559123) C Gypsy2_LTR                                   LTR/Gypsy                       (236)    117     27   70  
 2455   16.3  0.2  0.5  NP_61     112540 112958 (558692) C Gypsy2_I                                     LTR/Gypsy                       (601)   5534   5117   71  
  809   28.1  0.1  0.5  NP_61     112958 113161 (558489) C Gypsy2_I                                     LTR/Gypsy                      (1124)   5011   4835   72 *
  375   25.4  6.1  7.5  NP_61     113444 113673 (557977) + Gypsy-1_DSim-I                               LTR/Gypsy                        2481   2707 (4455)   73  
  478    4.6  1.5  0.0  NP_61     113693 113757 (557893) + Gypsy-1_DSim-I                               LTR/Gypsy                        6640   6705  (317)   74  
 9640   23.8  4.7  4.7  NP_61     113768 117374 (554276) + Gypsy-10_DBp-I                               LTR/Gypsy                         156   3761 (2396)   75  
 1335   18.1  2.5 11.7  NP_61     117375 117774 (553876) + ROVER-LTR_DM                                 LTR/Gypsy                           1    367    (0)   76  
 4647    6.8  3.7  1.0  NP_61     117775 118438 (553212) + Gypsy-1_DSim-I                               LTR/Gypsy                        3230   3911 (3111)   73  
  824   28.5  0.4  0.4  NP_61     118448 118711 (552939) C Gypsy5_I                                     LTR/Gypsy                      (4093)   2416   2153   77  
  242   34.0  0.0  0.0  NP_61     119059 119155 (552495) C Gypsy-8_DSe-I                                LTR/Gypsy                      (3463)   3018   2922   78  
 1005   11.7  8.1  1.6  NP_61     119217 119509 (552141) C Gypsy-1_DSim-LTR                             LTR/Gypsy                      (5739)    418      1   79  
23042    3.3  3.3  0.2  NP_61     119514 122407 (549243) C Gypsy-1_DSim-I                               LTR/Gypsy                       (317)   6705   3723   79 *
23718    3.6  0.2  0.3  NP_61     122389 125353 (546297) + Gypsy-1_DSim-I                               LTR/Gypsy                        2637   6705  (317)   80  
 1024   11.9  5.7  1.7  NP_61     125358 125650 (546000) + Gypsy-1_DSim-I                               LTR/Gypsy                        6841   7002   (20)   80  
  242   34.0  0.0  0.0  NP_61     125712 125808 (545842) + Gypsy-8_DSe-I                                LTR/Gypsy                        2922   3018 (3463)   81  
 3834   30.4  4.3  3.0  NP_61     126156 128064 (543586) + Gypsy5_I                                     LTR/Gypsy                        2153   4085 (2424)   82  
  836   32.7  6.9  4.0  NP_61     128086 129489 (542161) + Gypsy5_I                                     LTR/Gypsy                        5137   6577  (585)   82  
  432   18.1  2.9  5.2  NP_61     129936 130087 (541563) + Gypsy5_I                                     LTR/Gypsy                        7027   7162    (0)   82  
 3006   13.3  2.4  3.5  NP_61     130357 131055 (540595) C Gypsy-13_DSim-LTR                            LTR/Gypsy                         (2)    769    200   83  
 1485   19.9 12.0  2.6  NP_61     134530 135013 (536637) + Gypsy-3_DSe-I                                LTR/Gypsy                         670   1197 (6176)   84  
  392   25.5  0.0  0.0  NP_61     135221 135314 (536336) + Gypsy-3_DSe-I                                LTR/Gypsy                        1376   1469 (5904)   84  
 2476   14.4  2.5  1.3  NP_61     135315 135758 (535892) + DM412_LTR                                   LTR/Gypsy                           1    449  (122)   85  
 5555   12.6  4.0  2.8  NP_61     135803 136836 (534814) + DM412_I                                        LTR/Gypsy                           1   1040 (5437)   86  
  699    4.6  1.2  1.8  NP_61     136839 136962 (534688) C G4_DM                                       LINE/Jockey    (0)   3856   3768   87  
  250   18.8  3.0  4.5  NP_61     137361 137427 (534223) + Gypsy-10_DMoj-LTR                            LTR/Gypsy                          91    156 (2870)   88  
  374   21.1  0.7 10.0  NP_61     137852 138004 (533646) + Gypsy-10_DMoj-LTR                            LTR/Gypsy                         515    654 (2372)   88  
 1673   32.8  0.7  1.0  NP_61     138376 139065 (532585) + Gypsy2-I_DM                                  LTR/Gypsy                         808   1495 (5050)   89  
  491   25.2  7.2  5.3  NP_61     139565 139863 (531787) + Gypsy-10_DMoj-LTR                            LTR/Gypsy                        1967   2476  (550)   89  
 1543   24.4  2.4  2.6  NP_61     139909 140378 (531272) + Gypsy16-I_Dya                                LTR/Gypsy                         727   1168 (3655)   90  
  330    5.1  0.0  0.0  NP_61     140376 140414 (531236) + Gypsy-1_DSe-I                                LTR/Gypsy                        5179   5217  (195)   91 *
 3666    2.6  1.2  0.2  NP_61     140429 140856 (530794) + Gypsy-1_DSe-I                                LTR/Gypsy                        5997   6428    (0)   91  
 1212   10.0 17.8  6.2  NP_61     140860 141180 (530470) + Gypsy-1_DSe-LTR                              LTR/Gypsy                           3    358    (0)   91  
24022    3.1  1.2  0.2  NP_61     141181 143990 (527660) + Gypsy-1_DSe-I                                LTR/Gypsy                           1   2840 (3588)   91  
 1808    2.6 11.0  0.0  NP_61     143987 144214 (527436) + Gypsy-1_DSe-I                                LTR/Gypsy                        3816   4068 (2360)   91 *
10413    2.9  0.6  1.8  NP_61     144231 145714 (525936) + Gypsy-1_DSe-I                                LTR/Gypsy                        4156   5679  (749)   91  
 1747    3.5  0.0  0.0  NP_61     145715 145917 (525733) + Copia1-LTR_DM                                LTR/Copia                           1    203    (0)   92  
37596    1.0  0.1  0.0  NP_61     145918 150039 (521611) + Copia1-I_DM                                  LTR/Copia                           1   4124    (0)   92  
 1747    3.5  0.0  0.0  NP_61     150040 150242 (521408) + Copia1-LTR_DM                                LTR/Copia                           1    203    (0)   92  
 6078    2.5  0.0  0.0  NP_61     150243 150925 (520725) + Gypsy-1_DSe-I                                LTR/Gypsy                        5675   6357   (71)   91  
 2292    1.6  0.0  0.0  NP_61     150926 151181 (520469) C STALKER4_LTR                                 LTR/Gypsy                       (146)    256      1   93  
 7247    2.7  0.2  1.3  NP_61     151182 152142 (519508) C STALKER4_I                                   LTR/Gypsy                         (0)   6530   5510   93  
  239   18.5  0.0  4.6  NP_61     152158 152225 (519425) C MDG1_I                                       LTR/Gypsy                      (5315)   1281   1217   94  
  422   12.9 12.9  0.6  NP_61     152407 152546 (519104) C MDG1_I                                       LTR/Gypsy                      (5354)   1242   1086   94  
 2618    8.8  2.9  0.0  NP_61     152676 153049 (518601) C DIVER2_LTR                                   LTR/Pao                           (0)    385      1   95  
 1513    9.7  2.2  0.0  NP_61     153050 153277 (518373) C MDG1_I                                       LTR/Gypsy                      (5544)   1052    820   94  
18686   12.0  0.9  1.9  NP_61     153347 156762 (514888) C BATUMI_I                                     LTR/Pao                        (2688)   5601   2010   96  
  799    8.2  0.0  0.6  NP_61     156770 167361 (504289) C 15mer_SAT                                    Satellite/Satellite               (5)  10531      1   97 *
 7564    3.8  7.0  2.0  NP_61     167356 168321 (503329) C BATUMI_I                                     LTR/Pao                        (5665)   2298   1284   98  
49614    1.1  0.4  0.0  NP_61     168322 174072 (497578) + BEL_I                                        LTR/Pao                             1   5404    (0)   99  
 3240    1.9  0.0  0.0  NP_61     174073 174433 (497217) + BEL_LTR                                      LTR/Pao                             1    361    (0)   99  
 3550    8.7  6.3  4.2  NP_61     174434 175640 (496010) C BATUMI_I                                     LTR/Pao                        (6676)   1287      1   98  
 1712    8.0  2.0  5.3  NP_61     175641 175932 (495718) C BATUMI_I                                     LTR/Pao                         (679)   7284   7002  100  
 1525   10.4 10.6  8.8  NP_61     175911 176258 (495392) C MDG1_I                                       LTR/Gypsy                      (5697)    899    546  101 *
 4726    8.5  2.0  1.6  NP_61     176293 177016 (494634) + Gypsy-13_DSim-LTR                            LTR/Gypsy                           1    769    (2)  102  
 8943   17.8  1.5  0.8  NP_61     177017 179173 (492477) + Gypsy_I                                      LTR/Gypsy                        4064   6490   (17)  103  
  439   12.9  2.3  2.3  NP_61     179172 179258 (492392) + Gypsy_LTR                                    LTR/Gypsy                         319    405   (77)  104 *
 3410   11.7  3.4  2.6  NP_61     179237 179872 (491778) + Gypsy8_I                                     LTR/Gypsy                         509   1274 (5256)  105 *
 6149    3.1  8.0  0.0  NP_61     179870 180645 (491005) + Gypsy-13_DSim-I                              LTR/Gypsy                        3308   4145 (1299)  106  
 2465    9.0  5.4  2.1  NP_61     180646 181018 (490632) + DIVER2_LTR                                   LTR/Pao                             1    385    (0)  107  
 3589    7.1  0.4  3.7  NP_61     181019 181545 (490105) + Gypsy8_I                                     LTR/Gypsy                        2214   2723 (1624)  105  
  564    5.5  1.6  0.3  NP_61     181545 181607 (490043) + Gypsy-4_DSim-I                               LTR/Gypsy                         495    572 (5792)  108 *
 8217    4.7  3.4  1.1  NP_61     181608 182967 (488683) + Gypsy-11_DSim-I                              LTR/Gypsy                           1   1053 (5494)  109 *
46122    1.0  0.0  0.2  NP_61     182962 188349 (483301) C I_DM                                        LINE/I         (9)   5365      1  110  
  787    6.8  3.9  0.0  NP_61     188344 188446 (483204) + Gypsy-11_DSim-I                              LTR/Gypsy                        1031   1137 (5410)  111 *
38767    2.8  0.4  0.5  NP_61     188455 192947 (478703) + DMCR1A                                      LINE/CR1         2   4560    (0)  112 *
47541    2.8  0.6  0.0  NP_61     192936 198329 (473321) + Gypsy-11_DSim-I                              LTR/Gypsy                        1123   6547    (0)  111  
  244   14.6  0.0  0.0  NP_61     198298 198338 (473312) + Gypsy-4_DSim-I                               LTR/Gypsy                        6086   6126    (0)  113 *
 1772    4.7  1.9  0.7  NP_61     198330 198809 (472841) + Gypsy-4_DSim-I                               LTR/Gypsy                           1    795 (5569)  113  
 1718    0.5  0.0  0.0  NP_61     198809 199001 (472649) + Helena_Ds                                   LINE/Jockey   4703   4895   (17)  114 *
 1026    5.0  0.1  0.4  NP_61     198977 199110 (472540) + Gypsy-4_DSim-I                               LTR/Gypsy                         788    901 (5463)  113 *
 3010    1.4  0.3  3.0  NP_61     199111 199486 (472164) C LINEJ1_DM                                   LINE/Jockey    (0)   5020   4669  115 *
 7690    3.0  0.0  0.0  NP_61     199486 200398 (471252) + Gypsy-4_DSim-I                               LTR/Gypsy                         893   1805 (4559)  116  
  379   11.4  8.3  0.8  NP_61     200397 200496 (471154) + Gypsy_I                                      LTR/Gypsy                         236    389 (6118)  117 *
10976    2.1  0.2  0.7  NP_61     200497 201758 (469892) C LINEJ1_DM                                   LINE/Jockey    (0)   5020   3002  118  
 4905   11.6  1.6  0.8  NP_61     201730 202458 (469192) + Gypsy_I                                      LTR/Gypsy                         421   1155 (5352)  119 *
33865   12.1  1.0  0.0  NP_61     202441 207236 (464414) + Gypsy_I                                      LTR/Gypsy                        1677   6507    (0)  119  
  292   13.2  7.5  0.0  NP_61     207194 207226 (464424) C Gypsy-31_DWil-I                              LTR/Gypsy                      (7010)    631    595  120 *
 1535   18.5  8.2  2.1  NP_61     207227 207591 (464059) + Gypsy_LTR                                    LTR/Gypsy                           1    387   (95)  119  
 3192    4.3  0.0  0.0  NP_61     207684 208080 (463570) + DM412_I                                        LTR/Gypsy                        2672   3068 (3409)  121  
  462    6.8  1.6  0.0  NP_61     208074 208142 (463508) + IDEFIX_LTR                                   LTR/Gypsy                         318    388  (236)  122 *
36392   11.6  1.5  0.1  NP_61     208141 213869 (457781) C Gypsy_I                                      LTR/Gypsy                       (276)   6231    421  123  
10868    1.8  0.0  0.2  NP_61     213851 215066 (456584) + LINEJ1_DM                                   LINE/Jockey   3002   5007   (13)  124 *
 1011   12.0  0.7  0.4  NP_61     215079 215241 (456409) + Gypsy_I                                      LTR/Gypsy                        6234   6507    (0)  125  
  340   12.7  9.5  0.0  NP_61     215183 215215 (456435) C Gypsy-31_DWil-I                              LTR/Gypsy                      (7010)    631    593  126 *
 1885   19.6  1.7  2.2  NP_61     215216 215622 (456028) + Gypsy_LTR                                    LTR/Gypsy                           1    405   (77)  127  
  930    8.6  1.6  0.0  NP_61     215693 215820 (455830) + STALKER4_LTR                                 LTR/Gypsy                         250    379   (23)  128  
 7681   10.0  4.2  2.5  NP_61     215993 217404 (454246) + Gypsy-3_DSe-I                                LTR/Gypsy                         285   1787 (4743)  129  
 2290    2.9  0.0  0.4  NP_61     217405 217681 (453969) + Copia_LTR                                    LTR/Copia                           1    276    (0)  130  
41585    0.3  0.0  0.1  NP_61     217682 222277 (449373) + Copia_I                                      LTR/Copia                           1   4593    (0)  130  
 2290    2.9  0.0  0.4  NP_61     222278 222554 (449096) + Copia_LTR                                    LTR/Copia                           1    276    (0)  130  
 2954    3.3  5.5  0.0  NP_61     222555 222916 (448734) + Gypsy-3_DSe-I                                LTR/Gypsy                        1783   2164 (4366)  129  
18034    1.9  0.7  0.8  NP_61     222935 225089 (446561) + Gypsy-3_DSe-I                                LTR/Gypsy                        4354   6504   (26)  129  
 1320    8.1  0.4  7.3  NP_61     225095 225364 (446286) + Gypsy-3_DSe-LTR                              LTR/Gypsy                           1    379    (0)  129  
  376   23.2  1.0  3.0  NP_61     225451 225515 (446135) C NOMAD_LTR                                    LTR/Gypsy                       (315)    203    141  131  
58062    4.0  1.4  0.8  NP_61     225516 232602 (439048) + Gypsy-3_DSe-I                                LTR/Gypsy                           1   7179  (194)  129  
  972    6.0  0.0  0.0  NP_61     232601 232717 (438933) + Gypsy-3_DSe-LTR                              LTR/Gypsy                         263    379    (0)  132 *
42878    3.7  0.8  0.2  NP_61     232809 237762 (433888) + Gypsy-3_DSe-I                                LTR/Gypsy                         764   5747 (1626)  133  
 2882    9.1  2.0  2.5  NP_61     237768 238208 (433442) + Gypsy-29_DWil-LTR                            LTR/Gypsy                           1    439    (0)  134  
48761    2.6  0.6  0.6  NP_61     238209 243968 (427682) + Gypsy-29_DWil-I                              LTR/Gypsy                           1   5762    (0)  134  
 2882    9.1  2.0  2.5  NP_61     243969 244409 (427241) + Gypsy-29_DWil-LTR                            LTR/Gypsy                           1    439    (0)  134  
12494    3.2  0.0  1.5  NP_61     244422 245878 (425772) + Gypsy-3_DSe-I                                LTR/Gypsy                        5744   7179  (194)  135  
  980    5.1  0.0  0.0  NP_61     245877 245993 (425657) + Gypsy-3_DSe-LTR                              LTR/Gypsy                         263    379    (0)  136 *
 3054    3.7  1.8  1.3  NP_61     246085 246465 (425185) + Gypsy-3_DSe-I                                LTR/Gypsy                         764   1146 (6227)  137  
 6669    2.8  1.7  0.2  NP_61     246481 247265 (424385) + DMCR1A                                      LINE/CR1      3675   4470    (0)  138  
 2756    7.6  2.5  0.0  NP_61     247275 247681 (423969) C G5A_DM                                      LINE/Jockey (1062)   1779   1283  139 *
 3124    7.8  6.3  2.5  NP_61     247677 248138 (423512) C G5A_DM                                      LINE/Jockey (1842)    999    521  139  
 1502    7.0 10.2  0.4  NP_61     248139 248354 (423296) C G5A_DM                                      LINE/Jockey (2449)    392    156  139  
  428   27.5  2.7  3.6  NP_61     251679 251902 (419748) + Gypsy_I                                      LTR/Gypsy                        5793   5982 (1180)  140  
 1347   33.2  3.3  2.5  NP_61     252377 253424 (418226) + Gypsy-52_DEl-I                               LTR/Gypsy                        4871   5553  (494)  141  
  246   22.2  3.6  2.4  NP_61     253441 253523 (418127) + Gypsy8-I_Dya                                 LTR/Gypsy                       10227  10310    (1)  142  
  311    9.1  0.0  0.0  NP_61     253884 253927 (417723) + Gypsy-13_DSim-LTR                            LTR/Gypsy                         427    470  (301)  143  
 7744   12.7  0.9  0.1  NP_61     253948 255089 (416561) + Gypsy_I                                      LTR/Gypsy                        5384   7323  (338)  140  
  340   12.7  9.5  0.0  NP_61     255031 255063 (416587) C Gypsy-31_DWil-I                              LTR/Gypsy                      (7010)    631    593  144 *
 1218   17.1 20.0  2.6  NP_61     255064 255408 (416242) + Gypsy_LTR                                    LTR/Gypsy                           1    405   (77)  145  
  956    7.8  1.6  0.0  NP_61     255479 255606 (416044) + STALKER4_LTR                                 LTR/Gypsy                         250    379   (23)  146  
 3639   14.4  3.5  4.3  NP_61     255794 256714 (414936) + STALKER4_I                                   LTR/Gypsy                         285   1274 (5256)  147 *
 8941    2.8  2.3  0.0  NP_61     256712 257773 (413877) + Gypsy-13_DSim-I                              LTR/Gypsy                        3308   4393 (1051)  148  
 2534    6.1  0.8 10.4  NP_61     257779 258178 (413472) + Gypsy-5_DSim-LTR                             LTR/Gypsy                           5    369    (0)  149  
  788   10.3  2.8  4.3  NP_61     258187 258328 (413322) + ZAM_I                                        LTR/Gypsy                           1    140 (7022)  149  
  948    2.9 42.1  0.0  NP_61     258329 258530 (413120) + Gypsy4_LTR                                   LTR/Gypsy                           1    287    (0)  150  
 7507    2.6  7.3  0.2  NP_61     258533 259480 (412170) + Gypsy4_I                                     LTR/Gypsy                           3   1017 (5271)  150  
 1554    0.6  0.0  0.0  NP_61     259485 259656 (411994) + Gypsy4_I                                     LTR/Gypsy                        1299   1470 (4818)  150  
40143    1.5  0.6  0.1  NP_61     259663 264149 (407501) + Gypsy4_I                                     LTR/Gypsy                        1778   6387   (24)  150  
 2526    2.1  0.3  0.0  NP_61     264150 264435 (407215) + Gypsy4_LTR                                   LTR/Gypsy                           1    287    (0)  150  
 4238    9.1  7.5  0.7  NP_61     264436 265110 (406540) + ZAM_I                                        LTR/Gypsy                         642   1362 (6128)  149  
47170    6.1  1.0  0.4  NP_61     265130 270944 (400706) + ZAM_I                                        LTR/Gypsy                           1   9689  (622)  149  
  227   26.4  5.4  6.1  NP_61     270945 271093 (400557) C noCat_dsim_final-B-P113.23-Map3_novel_repeat DNA/RC                     (8)    855    708  151  
47170    6.1  1.0  0.4  NP_61     271094 271464 (400186) + ZAM_I                                        LTR/Gypsy                        9690  10310    (1)  149  
  329   21.0  7.9  0.9  NP_61     271465 271536 (400114) + Gypsy-5_DSim-LTR                             LTR/Gypsy                         394    472    (0)  149  
 5692   17.1  4.3  7.3  NP_61     271538 274110 (397540) + Gypsy8_I                                     LTR/Gypsy                        2451   5443    (1)  152  
 1633    3.6  0.1  0.4  NP_61     274081 274306 (397344) + Gypsy-13_DSim-LTR                            LTR/Gypsy                           1    221   (83)  152 *
 7756    3.6  1.0  0.0  NP_61     274312 275219 (396431) C R1_DSi                                      LINE/R1        (5)   5429   4513  153 *
12124    5.1  2.8  0.3  NP_61     275207 276731 (394919) C R1_DM                                       LINE/R1     (2003)   3353   1792  154 *
17053    1.0  0.1  0.7  NP_61     276728 278718 (392932) C Gypsy-8_DSe-I                                LTR/Gypsy                      (3116)   3365   1387  155  
  256   23.9  1.4  0.0  NP_61     278681 278751 (392899) C BARI1                                        DNA/TcMar-Tc1                  (1676)     74      3  156 *
  781   11.5  7.0  6.3  NP_61     278720 278877 (392773) + IDEFIX_LTR                                   LTR/Gypsy                           1    159  (435)  157  
  273   17.4  3.1 12.2  NP_61     278890 278987 (392663) + IDEFIX_LTR                                   LTR/Gypsy                         125    214  (380)  157  
38908    6.5  0.6  0.2  NP_61     278993 285425 (386225) + Gypsy-12_DSim-I                              LTR/Gypsy                           1   5628    (0)  158  
  750   10.8  6.8  8.2  NP_61     285404 285564 (386086) + IDEFIX_LTR                                   LTR/Gypsy                           1    159  (435)  159 *
  273   17.4  3.1 12.2  NP_61     285577 285674 (385976) + IDEFIX_LTR                                   LTR/Gypsy                         125    214  (380)  159  
 2077    7.6  4.4  0.9  NP_61     285680 285996 (385654) + Gypsy-12_DSim-LTR                            LTR/Gypsy                           1    328    (3)  160  
 2065    9.3  2.0  1.5  NP_61     285997 286376 (385274) C Gypsy-12_DSim-I                              LTR/Gypsy                      (4946)   1535   1154  161  
 2065    8.3  4.4  0.9  NP_61     286386 286702 (384948) C Gypsy-12_DSim-LTR                            LTR/Gypsy                         (3)    328      1  162  
  273   17.4  3.1 12.2  NP_61     286708 286805 (384845) C IDEFIX_LTR                                   LTR/Gypsy                       (380)    214    125  163  
  748   12.2  7.0  6.3  NP_61     286818 286975 (384675) C IDEFIX_LTR                                   LTR/Gypsy                       (435)    159      1  163 *
39163    6.0  0.3  0.2  NP_61     286954 293070 (378580) C Gypsy-12_DSim-I                              LTR/Gypsy                         (0)   5628      1  161  
 1280    8.8  1.9  1.7  NP_61     293041 293250 (378400) C Gypsy-12_DSim-LTR                            LTR/Gypsy                         (3)    328    149  164 *
  331   18.2  2.2  8.8  NP_61     293253 293388 (378262) C IDEFIX_LTR                                   LTR/Gypsy                       (294)    300    125  165  
  779   11.5  7.0  6.3  NP_61     293401 293558 (378092) C IDEFIX_LTR                                   LTR/Gypsy                       (435)    159      1  165  
  275   11.9  0.0  0.0  NP_61     293527 293568 (378082) + BARI1                                        DNA/TcMar-Tc1                       3     44 (1706)  166 *
10265    1.0  0.7  0.0  NP_61     293559 294709 (376941) C Gypsy-8_DSe-I                                LTR/Gypsy                      (5322)   1159      1  167  
 2163    2.8  0.0  0.4  NP_61     294710 294963 (376687) C Gypsy-8_DSe-LTR                              LTR/Gypsy                         (0)    288     36  167 *
13274    6.2  4.6  0.9  NP_61     294949 296729 (374921) C R1_DSi                                      LINE/R1     (3238)   2196    361  168  
 1152   12.6 10.7  5.1  NP_61     296728 296970 (374680) C R1_DSi                                      LINE/R1     (5170)    264      9  169 *
 4714    9.7  0.5  0.0  NP_61     296954 297583 (374067) C R1_DSi                                      LINE/R1      (411)   5023   4391  169  
 6066    4.6  0.0  0.8  NP_61     297617 298360 (373290) C R1_DSi                                      LINE/R1     (3162)   2272   1535  170  
 1726    9.8 11.7  0.0  NP_61     298371 298644 (373006) C R1_DM                                       LINE/R1     (4742)    614    309  171  
  668   11.5 16.9  6.1  NP_61     298634 298781 (372869) C R1_DSi                                      LINE/R1     (5170)    264    102  172 *
 3747    3.8  0.6  7.3  NP_61     298782 299295 (372355) + DM412_LTR                                   LTR/Gypsy                           1    482   (89)  173  
 5556    7.2  1.2  1.6  NP_61     299296 300097 (371553) + MDG1_I                                       LTR/Gypsy                           1    993 (5065)  174 *
40802    2.9  1.1  0.1  NP_61     300078 304925 (366725) + DM412_I                                        LTR/Gypsy                        1246   6139  (338)  174  
 2081    4.7  1.3  0.0  NP_61     304922 305210 (366440) + DM412_LTR                                   LTR/Gypsy                         139    482   (89)  175 *
  506   14.4  1.0  3.1  NP_61     305210 305309 (366341) C R1_DSi                                      LINE/R1     (5328)    106      9  176 *
 4775    9.4  0.5  0.0  NP_61     305293 305922 (365728) C R1_DSi                                      LINE/R1      (411)   5023   4391  176  
 6177    4.1  0.0  0.5  NP_61     305959 306700 (364950) C R1_DSi                                      LINE/R1     (3162)   2272   1535  177  
 1920   10.6  0.0  0.0  NP_61     306711 306984 (364666) C R1_DM                                       LINE/R1     (4742)    614    341  178  
  561    6.7  2.7  0.0  NP_61     306986 307060 (364590) + R1_DSi                                      LINE/R1       2196   2272 (3162)  179  
 4656   10.5  0.5  0.0  NP_61     307098 307727 (363923) + R1_DSi                                      LINE/R1       4391   5023  (411)  180 *
 8155    8.9  2.1  1.4  NP_61     307711 309039 (362611) + R1_DSi                                      LINE/R1          9   1433 (4001)  180  
 5765    3.7  0.0  0.6  NP_61     309037 309718 (361932) + R1_DSi                                      LINE/R1       1595   2272 (3162)  180 *
 4582    8.8  0.6  2.9  NP_61     309758 310401 (361249) + R1_DM                                       LINE/R1       4321   4950  (406)  181  
 1086   13.0 10.7  5.1  NP_61     310385 310627 (361023) + R1_DSi                                      LINE/R1          9    264 (5170)  182 *
 2070   11.3  0.3  0.0  NP_61     310617 310917 (360733) + R1_DM                                       LINE/R1        309    610 (4746)  183 *
 8416    4.3  1.1  0.4  NP_61     310917 311926 (359724) + R1_DSi                                      LINE/R1       1256   2272 (3162)  184  
 3201    8.2  0.7  0.0  NP_61     311965 312377 (359273) + R1_DM                                       LINE/R1       4318   4733  (623)  185 *
11211    4.2  1.7  0.3  NP_61     312376 313730 (357920) + R1_DSi                                      LINE/R1        899   2272 (3162)  186  
 3221    8.2  0.7  0.0  NP_61     313763 314175 (357475) + R1_DM                                       LINE/R1       4318   4733  (623)  187 *
11027    4.4  2.0  0.6  NP_61     314174 315528 (356122) + R1_DSi                                      LINE/R1        899   2272 (3162)  188  
 4686    9.2  0.6  0.2  NP_61     315563 316192 (355458) + R1_DM                                       LINE/R1       4318   4950  (406)  189  
 1161   12.6 10.7  5.1  NP_61     316176 316418 (355232) + R1_DSi                                      LINE/R1          9    264 (5170)  190 *
11411    7.5  0.3  0.7  NP_61     316408 318104 (353546) + R1_DSi                                      LINE/R1        309   2272 (3162)  182  
 4750    8.9  0.6  0.3  NP_61     318135 318765 (352885) + R1_DSi                                      LINE/R1       4318   4950  (406)  182 *
11489    7.9  1.4  1.2  NP_61     318749 320675 (350975) + R1_DSi                                      LINE/R1          9   2272 (3162)  191  
 4750    8.9  0.6  0.3  NP_61     320706 321336 (350314) + R1_DSi                                      LINE/R1       4318   4950  (406)  191 *
11499    7.8  1.4  1.2  NP_61     321320 323246 (348404) + R1_DSi                                      LINE/R1          9   2272 (3162)  192  
 4718    9.4  0.6  0.3  NP_61     323276 323906 (347744) + R1_DM                                       LINE/R1       4318   4950  (406)  193 *
11182    7.2  2.5  0.8  NP_61     323890 325732 (345918) + R1_DSi                                      LINE/R1          9   2220 (3214)  194  
36176    6.5  0.5  0.5  NP_61     325733 330740 (340910) + ZAM_I                                        LTR/Gypsy                           1   7490    (0)  195  
  255   25.7  2.8  1.9  NP_61     330741 330818 (340832) + ZAM_LTR                                      LTR/Gypsy                         394    472    (0)  195  
 5803   13.8  2.2  5.7  NP_61     330819 332141 (339509) + Gypsy8_I                                     LTR/Gypsy                        2457   3328 (1019)  196  
 2725   17.5  4.5  7.4  NP_61     332155 333334 (338316) + Gypsy8_I                                     LTR/Gypsy                        3407   5443    (1)  196  
  921    7.4  0.6  0.4  NP_61     333303 333470 (338180) + Gypsy-13_DSim-LTR                            LTR/Gypsy                           1    228   (38)  196 *
 4724    8.1  4.8  0.6  NP_61     333450 334142 (337508) C R1_DSe                                      LINE/R1     (4346)   1071    350  197  
 1107   13.9 10.7  5.1  NP_61     334143 334385 (337265) C R1_DSi                                      LINE/R1     (5170)    264      9  198 *
 4656   10.5  0.5  0.0  NP_61     334369 334998 (336652) C R1_DSi                                      LINE/R1      (411)   5023   4391  198  
 6141    4.5  0.0  0.5  NP_61     335033 335774 (335876) C R1_DSi                                      LINE/R1     (3162)   2272   1535  199  
 1920   10.6  0.0  0.0  NP_61     335785 336058 (335592) C R1_DM                                       LINE/R1     (4742)    614    341  200  
  621    2.7  2.7  0.0  NP_61     336060 336134 (335516) + R1_DSi                                      LINE/R1       2196   2272 (3162)  201  
 4759    9.4  0.5  0.0  NP_61     336171 336800 (334850) + R1_DSi                                      LINE/R1       4391   5023  (411)  202  
  511   13.2  2.1  0.5  NP_61     336786 336883 (334767) + R1_DSi                                      LINE/R1         11    112 (5401)  202 *
 2106    4.3  1.3  0.0  NP_61     336883 337171 (334479) C DM412_LTR                                   LTR/Gypsy                        (89)    482    139  203 *
48247    1.5  0.9  0.4  NP_61     337168 342766 (328884) C DM412_I                                        LTR/Gypsy                       (338)   6139    510  204  
 4134    5.3  3.6  1.5  NP_61     342751 343299 (328351) C DM412_I                                        LTR/Gypsy                      (5900)    577     27  204 *
  593   14.1  4.7  4.7  NP_61     343292 343418 (328232) C DM412_I                                        LTR/Gypsy                      (6350)    127      1  205 *
 1936   10.9  7.8  1.1  NP_61     343419 343751 (327899) C DM412_LTR                                   LTR/Gypsy                        (89)    482    128  206  
  240    9.3  4.5  2.2  NP_61     343750 343793 (327857) C DM412_LTR                                   LTR/Gypsy                       (410)    161    117  206 *
  246    0.0  6.5  0.0  NP_61     343794 343824 (327826) C DM412_LTR                                   LTR/Gypsy                       (538)     33      1  206  
11156    7.2  0.6  0.3  NP_61     343825 345250 (326400) C R1_DSi                                      LINE/R1     (3312)   2122    692  207  
 7683    3.7  0.4  0.0  NP_61     345258 346157 (325493) C R1_DSi                                      LINE/R1        (5)   5429   4526  208  
 3924   11.1  1.5  0.3  NP_61     346160 347053 (324597) C R1_DSi                                      LINE/R1     (1987)   3457   2491  198  
  456    3.4  0.0  0.0  NP_61     347057 347115 (324535) + Gypsy-5_DSim-LTR                             LTR/Gypsy                           1     59  (310)  209  
 1298    8.9  0.0  6.8  NP_61     347151 347420 (324230) + Gypsy-3_DSe-LTR                              LTR/Gypsy                           1    379    (0)  210  
  353   24.3  1.0  3.0  NP_61     347507 347571 (324079) C NOMAD_LTR                                    LTR/Gypsy                       (315)    203    141  211  
60140    4.2  0.7  1.1  NP_61     347572 354918 (316732) + Gypsy-3_DSe-I                                LTR/Gypsy                           1   7373    (0)  210  
 1301    9.0  0.4  7.3  NP_61     354919 355188 (316462) + Gypsy-3_DSe-LTR                              LTR/Gypsy                           1    379    (0)  210  
  353   24.3  1.0  3.0  NP_61     355275 355339 (316311) C NOMAD_LTR                                    LTR/Gypsy                       (315)    203    141  212  
12117    7.2  1.5  5.5  NP_61     355340 357252 (314398) + Gypsy-3_DSe-I                                LTR/Gypsy                           1   1612 (5550)  210  
 4880    3.6  0.0  1.4  NP_61     357322 357915 (313735) + Gypsy-3_DSe-I                                LTR/Gypsy                        1629   2214 (4948)  210  
 3226    4.0  0.0  1.3  NP_61     357912 358312 (313338) + Gypsy-3_DSe-I                                LTR/Gypsy                        2970   3365 (3797)  210 *
 6156    3.2  0.0  0.4  NP_61     358306 359027 (312623) + Gypsy-3_DSe-I                                LTR/Gypsy                        3541   4259 (2903)  210 *
13887    2.2  3.2  0.2  NP_61     359018 360646 (311004) C FW_DM                                       LINE/Jockey (2513)   2179    503  213  
13128   22.3  0.6  0.3  NP_61     360651 363448 (308202) + Gypsy5_I                                     LTR/Gypsy                        3715   6509    (0)  214  
  296   24.6  1.8  7.4  NP_61     363386 363442 (308208) C noCat_dsim_final-B-P113.23-Map3_novel_repeat DNA/RC                    (54)    809    759  215 *
 2643    5.2  0.7 10.3  NP_61     363443 363846 (307804) + Gypsy-5_DSim-LTR                             LTR/Gypsy                           1    369    (0)  214  
 3112    3.7  4.0  0.0  NP_61     363879 364252 (307398) C DIVER_I                                      LTR/Pao                        (4398)   1245    857  216 *
10119   21.6  0.1  0.2  NP_61     364245 366359 (305291) + Gypsy-2_DSe-I                                LTR/Gypsy                        3807   5918  (591)  217  
  225    0.0  0.0  0.0  NP_61     366360 366383 (305267) + Gypsy-2_DSe-I                                LTR/Gypsy                        6388   6411    (0)  217  
 2320    0.4  0.4  0.0  NP_61     366384 366635 (305015) + Gypsy-2_DSe-LTR                              LTR/Gypsy                           1    253    (0)  217  
59233    0.3  0.1  0.1  NP_61     366636 373045 (298605) + Gypsy-2_DSe-I                                LTR/Gypsy                           1   6411    (0)  217  
 2320    0.4  0.4  0.0  NP_61     373046 373297 (298353) + Gypsy-2_DSe-LTR                              LTR/Gypsy                           1    253    (0)  217  
 5330    2.2  0.1  0.4  NP_61     373301 373910 (297740) + Gypsy-5_DSim-I                               LTR/Gypsy                        6413   7161    (1)  218  
  254   25.0  1.6 13.9  NP_61     373841 373904 (297746) C noCat_dsim_final-B-P113.23-Map3_novel_repeat DNA/RC                    (54)    809    759  219 *
 2643    5.2  0.7 10.3  NP_61     373905 374308 (297342) + Gypsy-5_DSim-LTR                             LTR/Gypsy                           1    369    (0)  218  
10410    3.7  1.3  0.6  NP_61     374341 375576 (296074) C DIVER_I                                      LTR/Pao                        (4398)   1245      1  220  
 1323   10.4  0.4 11.2  NP_61     375598 375845 (295805) C DIVER_LTR                                    LTR/Pao                           (0)    224      1  220  
  482   10.1  1.3  4.6  NP_61     375856 376011 (295639) C MDG1_I                                       LTR/Gypsy                        (47)   6549   6399  221  
 1350   16.9  5.1  1.3  NP_61     376043 376336 (295314) + DM412_LTR                                   LTR/Gypsy                         161    465  (106)  222  
 3359   13.2  5.6  1.6  NP_61     376371 376979 (294671) + DM412_I                                        LTR/Gypsy                           1    633 (5844)  223  
19576    1.3  2.0  1.0  NP_61     376980 380568 (291082) + Gypsy-7_DSim-I                               LTR/Gypsy                           1   3229 (3597)  224  
 1689   17.8  7.5  0.0  NP_61     380565 380885 (290765) + Gypsy-7_DSim-I                               LTR/Gypsy                        4682   5026 (1151)  225 *
 5772    1.7  0.8  0.0  NP_61     380881 381531 (290119) C FW_DM                                       LINE/Jockey (3534)   1158    503  226  
13212   22.3  0.3  0.3  NP_61     381536 384341 (287309) + Gypsy5_I                                     LTR/Gypsy                        3715   6509    (0)  227  
  296   24.6  1.8  7.4  NP_61     384279 384335 (287315) C noCat_dsim_final-B-P113.23-Map3_novel_repeat DNA/RC                    (54)    809    759  228 *
 2643    5.2  0.7 10.3  NP_61     384336 384739 (286911) + Gypsy-5_DSim-LTR                             LTR/Gypsy                           1    369    (0)  227  
10473    3.7  1.2  0.6  NP_61     384772 386008 (285642) C DIVER_I                                      LTR/Pao                        (4398)   1245      1  229  
23588    2.9  0.3  0.9  NP_61     386024 390307 (281343) + Gypsy-7_DSim-I                               LTR/Gypsy                           1   7154  (254)  225  
 8061    1.2  0.0  0.1  NP_61     390311 391193 (280457) + Gypsy-7_DSim-I                               LTR/Gypsy                        2914   3795 (3031)  225 *
13938   15.3  1.7  0.8  NP_61     391193 393893 (277757) + Gypsy-7_DSim-I                               LTR/Gypsy                        4402   7154  (254)  225  
  309    2.8  0.0  0.0  NP_61     393894 393929 (277721) + Gypsy-7_DSim-I                               LTR/Gypsy                           1     36 (6790)  225  
 2237    7.3  1.0  0.0  NP_61     393934 394247 (277403) + Gypsy-2_DSim-LTR                             LTR/Gypsy                           1    392  (771)  230  
 1626    3.2  0.0  0.0  NP_61     394274 394462 (277188) C ROOA_LTR                                     LTR/Pao                           (0)    386    198  231 *
10144    4.5  2.5  1.6  NP_61     394462 395729 (275921) + Helena_Ds                                   LINE/Jockey   3619   4898   (14)  232  
  358    9.6  1.9  0.0  NP_61     395789 395840 (275810) + Gypsy-7_DSim-I                               LTR/Gypsy                          73    125 (6471)  225  
 2977   10.1  7.9  3.1  NP_61     395841 396369 (275281) + Gypsy-7_DSim-I                               LTR/Gypsy                         374    927 (5669)  225  
  508   11.5  8.2  0.0  NP_61     396496 396617 (275033) + Gypsy-7_DSim-I                               LTR/Gypsy                        1111   1242 (5354)  225  
 6250    6.3  5.4  1.0  NP_61     396805 397679 (273971) + Gypsy-7_DSim-I                               LTR/Gypsy                        1227   2140 (4456)  225  
 2419    9.4  6.0  0.3  NP_61     397680 398043 (273607) C DIVER2_LTR                                   LTR/Pao                           (0)    385      1  233  
22281    4.4  1.5  1.0  NP_61     398044 400841 (270809) + Gypsy-7_DSim-I                               LTR/Gypsy                        2136   4945 (1651)  225  
 1112    8.3  0.1  0.0  NP_61     400839 401001 (270649) + Gypsy-7_DSim-I                               LTR/Gypsy                        5593   5737  (859)  225 *
26207    4.4  3.7  1.1  NP_61     400984 404360 (267290) C MDG1_I                                       LTR/Gypsy                       (998)   5598   2136  234  
 2419    9.4  6.0  0.3  NP_61     404361 404724 (266926) + DIVER2_LTR                                   LTR/Pao                             1    385    (0)  235  
 6231    6.3  9.5  0.6  NP_61     404725 405621 (266029) C MDG1_I                                       LTR/Gypsy                      (4456)   2140   1164  234  
  538    9.4  3.7  2.0  NP_61     405599 405795 (265855) + Gypsy-7_DSim-I                               LTR/Gypsy                        6512   6596    (0)  225 *
 2093   13.3  6.4  2.6  NP_61     405778 406185 (265465) + Gypsy-7_DSim-LTR                             LTR/Gypsy                           1    423   (19)  225  
 2053   14.8  0.0  0.3  NP_61     406159 406494 (265156) + IDEFIX_I                                     LTR/Gypsy                        4045   4379 (1249)  236 *
  482    1.9  0.0  0.0  NP_61     406495 406547 (265103) + Gypsy-7_DSe-LTR                              LTR/Gypsy                           1     53  (205)  237  
 1713    4.8  0.5  0.0  NP_61     406548 406753 (264897) + Chimpo_LTR                                   LTR/Gypsy                           1    207    (0)  238  
36670    0.9  0.7  0.0  NP_61     406754 410783 (260867) + Chimpo_I                                     LTR/Gypsy                           1   4059    (0)  238  
 1713    4.8  0.5  0.0  NP_61     410784 410989 (260661) + Chimpo_LTR                                   LTR/Gypsy                           1    207    (0)  238  
 1844    1.9  0.0  0.5  NP_61     410990 411199 (260451) + Gypsy-7_DSe-LTR                              LTR/Gypsy                          50    258    (0)  237  
 4111   14.1  0.8  0.6  NP_61     411200 411860 (259790) + IDEFIX_I                                     LTR/Gypsy                        4376   5037  (591)  239  
 2355   10.6  4.8  2.1  NP_61     411861 412235 (259415) + DIVER2_LTR                                   LTR/Pao                             1    385    (0)  240  
  378   11.1  0.0  1.6  NP_61     412236 412293 (259357) + IDEFIX_I                                     LTR/Gypsy                        5034   5090  (538)  239  
 5575    0.2  0.0  0.0  NP_61     412295 412891 (258759) + Gypsy-10_DSim-I                              LTR/Gypsy                        3737   4333  (855)  241  
 2226   10.1  6.1  1.5  NP_61     412893 413286 (258364) + Gypsy-10_DSim-I                              LTR/Gypsy                        5089   5500  (128)  241  
37170    5.4  0.8  0.6  NP_61     413298 418830 (252820) + Gypsy-13_DSim-I                              LTR/Gypsy                           1   4393 (1051)  242  
 2188   14.9  9.6  1.3  NP_61     418832 419267 (252383) + ZAM_LTR                                      LTR/Gypsy                           1    472    (0)  243  
  278   24.0  7.9  0.9  NP_61     419268 419339 (252311) + ZAM_LTR                                      LTR/Gypsy                         394    472    (0)  243  
 3721    9.7  2.4  2.2  NP_61     419341 419922 (251728) + Gypsy8_I                                     LTR/Gypsy                        2451   3033 (1314)  244  
 1017   12.5  0.0  4.0  NP_61     419920 420102 (251548) + Gypsy8_I                                     LTR/Gypsy                        3168   3343 (1004)  244 *
 3323    2.8  4.8  0.0  NP_61     420296 420693 (250957) + TIRANT_LTR                                   LTR/Gypsy                           1    417    (0)  245  
64813    1.4  1.2  0.4  NP_61     420694 428222 (243428) + TIRANT_I                                     LTR/Gypsy                           1   7692    (0)  245  
  238   27.5  2.9  2.9  NP_61     428121 428213 (243437) C noCat_dsim_final-B-P113.23-Map3_novel_repeat DNA/RC                    (12)    851    759  246 *
 3644    2.6  0.0  0.0  NP_61     428214 428630 (243020) + TIRANT_LTR                                   LTR/Gypsy                           1    417    (0)  247  
 2796   18.3  3.5  7.5  NP_61     428635 430134 (241516) + Gypsy8_I                                     LTR/Gypsy                        3407   5443    (1)  248  
  856   13.2  0.0  0.7  NP_61     430105 430241 (241409) + Gypsy8_LTR                                   LTR/Gypsy                           1    136  (168)  248 *
 1611    4.2  0.5  0.0  NP_61     430245 430436 (241214) C R1_DM                                       LINE/R1        (7)   5349   5157  249 *
39237    3.8  1.1  0.4  NP_61     430435 435137 (236513) C R1_DSi                                      LINE/R1      (331)   5103    366  250  
32161    4.2  1.0  0.4  NP_61     435160 439293 (232357) C R1_DSi                                      LINE/R1      (565)   4869    364  251  
31819    4.3  1.7  0.4  NP_61     439316 443420 (228230) C R1_DSi                                      LINE/R1      (565)   4869    364  251  
36685    4.1  1.5  0.4  NP_61     443443 447898 (223752) C R1_DSi                                      LINE/R1      (565)   4869    366  251  
36707    4.2  1.4  0.4  NP_61     447921 452379 (219271) C R1_DSi                                      LINE/R1      (565)   4869    366  251  
36430    4.2  1.8  0.5  NP_61     452402 456848 (214802) C R1_DSi                                      LINE/R1      (565)   4869    366  251  
36513    4.2  1.8  0.5  NP_61     456871 461318 (210332) C R1_DSi                                      LINE/R1      (565)   4869    366  251  
32649    3.3  0.2  0.0  NP_61     461341 465127 (206523) C R1_DSi                                      LINE/R1      (565)   4869   1076  252  
 1991    9.7  0.0  0.0  NP_61     465127 465405 (206245) C R1_DM                                       LINE/R1     (4743)    613    335  253 *
32208    3.4  0.7  0.1  NP_61     465428 469197 (202453) C R1_DSi                                      LINE/R1      (565)   4869   1076  254  
 1996    9.7  0.0  0.0  NP_61     469197 469475 (202175) C R1_DM                                       LINE/R1     (4743)    613    335  255 *
32087    3.5  0.6  0.2  NP_61     469498 473275 (198375) C R1_DSi                                      LINE/R1      (565)   4869   1076  256  
 1996    9.7  0.0  0.0  NP_61     473275 473553 (198097) C R1_DM                                       LINE/R1     (4743)    613    335  257 *
19873    3.6  0.7  0.2  NP_61     473576 475945 (195705) C R1_DSi                                      LINE/R1      (565)   4869   2489  258  
 1103   18.9  9.2  2.9  NP_61     475946 476240 (195410) + TIRANT_LTR                                   LTR/Gypsy                           1    313  (104)  259  
  625   18.8  3.9  0.6  NP_61     476367 476521 (195129) + TIRANT_I                                     LTR/Gypsy                           1    160 (7532)  260  
 2683   26.2  2.4 11.5  NP_61     476545 477617 (194033) + TIRANT_I                                     LTR/Gypsy                         351   1336 (6356)  260  
37240   18.1  0.6  0.1  NP_61     477850 484155 (187495) + TIRANT_I                                     LTR/Gypsy                        1369   7692    (0)  260  
 1103   18.9  9.2  2.9  NP_61     484147 484441 (187209) + TIRANT_LTR                                   LTR/Gypsy                           1    313  (104)  261 *
17301    7.1  4.0  1.8  NP_61     484577 486973 (184677) C R1_DSi                                      LINE/R1     (2977)   2457      9  262  
 3503    9.7  0.0  0.4  NP_61     486957 487433 (184217) C R1_DSi                                      LINE/R1      (411)   5023   4549  262 *
  610   10.3  0.0  1.1  NP_61     487442 487529 (184121) C R1_DSi                                      LINE/R1     (3156)   2278   2192  262  
 2693    2.2  0.6  0.9  NP_61     487664 487981 (183669) C NINJA_LTR                                    LTR/Pao                           (0)    317      1  263  
32540    5.2  2.2  0.1  NP_61     487982 493196 (178454) C NINJA_I                                      LTR/Pao                           (0)   5547    666  263  
 3258    1.4  0.3  1.4  NP_61     493200 493572 (178078) + Gypsy-5_DSim-LTR                             LTR/Gypsy                           1    369    (0)  264  
 7912    1.4  0.1  0.2  NP_61     493573 494451 (177199) + Gypsy-5_DSim-I                               LTR/Gypsy                           1    878 (6284)  264  
 4638    1.0  0.0  0.0  NP_61     494452 494957 (176693) + TABOR_LTR                                    LTR/Gypsy                           1    506    (0)  265  
55431    0.9  0.3  1.5  NP_61     494958 501868 (169782) + TABOR_I                                      LTR/Gypsy                           1   6336    (0)  265  
43828    6.4  1.6  0.6  NP_61     501869 508553 (163097) + TABOR_I                                      LTR/Gypsy                         245   6509    (0)  265  
  338   24.6  1.8  4.6  NP_61     508494 508547 (163103) C noCat_dsim_final-B-P113.23-Map3_novel_repeat DNA/RC                    (54)    809    759  266 *
 3258    1.4  0.3  1.4  NP_61     508548 508920 (162730) + TABOR_LTR                                    LTR/Gypsy                           1    369    (0)  265  
  265    8.6  0.0  0.0  NP_61     508921 508955 (162695) + TABOR_I                                      LTR/Gypsy                           1     35 (7127)  265 *
 4257    6.0  3.1  7.6  NP_61     508945 509642 (162008) C NINJA_I                                      LTR/Pao                        (5342)    669      1  267  
 2677    2.5  0.6  0.9  NP_61     509643 509960 (161690) C NINJA_LTR                                    LTR/Pao                           (0)    317      1  267  
  312   29.1  0.0  0.0  NP_61     511278 511380 (160270) + TABOR_I                                      LTR/Gypsy                         494    596 (5913)  265  
  369   34.0  3.1  2.8  NP_61     511394 511750 (159900) + TABOR_I                                      LTR/Gypsy                         697   1054 (5455)  265  
  318   29.4  8.9  5.7  NP_61     512039 512605 (159045) + TABOR_I                                      LTR/Gypsy                        3202   3413 (3799)  265  
 1453   24.8  1.8  4.2  NP_61     512853 513341 (158309) + Gypsy-5_DSim-I                               LTR/Gypsy                        3280   3757 (3405)  268  
 1338   31.2  3.8  2.0  NP_61     513356 514234 (157416) + Gypsy-5_DSim-I                               LTR/Gypsy                        4130   5023 (1486)  268  
  323   28.7  6.8  4.7  NP_61     514397 514838 (156812) + TIRANT_I                                     LTR/Gypsy                        6369   6819  (873)  269  
  243   28.6  5.3  5.3  NP_61     515177 515383 (156267) + TIRANT_I                                     LTR/Gypsy                        6955   7161  (329)  269  
  326   28.4  2.7  2.7  NP_61     515607 515654 (155996) + TABOR_I                                      LTR/Gypsy                        2309   2403  (404)  265  
  339   17.5  0.0  0.0  NP_61     515655 515711 (155939) C noCat_dsim_final-B-P113.23-Map3_novel_repeat DNA/RC                    (54)    809    753  270  
 5771    9.2  1.3  4.0  NP_61     516077 516993 (154657) + TABOR_I                                      LTR/Gypsy                        2451   3343 (1004)  265  
  255   28.4  4.9  1.0  NP_61     517012 517196 (154454) + Gypsy-15_DRh-I                               LTR/Gypsy                        5134   5325  (723)  271  
 1172   14.8  2.0  8.5  NP_61     517359 517656 (153994) + TABOR_I                                      LTR/Gypsy                        5238   5443    (1)  265 *
 1940    9.0  0.6  0.5  NP_61     517627 517941 (153709) + TABOR_LTR                                    LTR/Gypsy                           1    376  (395)  265 *
 2647   11.0  2.7  1.0  NP_61     517941 518345 (153305) + Gypsy-31_DYa-I                               LTR/Gypsy                        7155   7566    (2)  272  
 2253   10.2  2.8  4.1  NP_61     518471 518868 (152782) + STALKER4_I                                   LTR/Gypsy                           1    393 (7175)  273  
 2264   16.9  3.2  6.0  NP_61     518962 519656 (151994) + STALKER4_I                                   LTR/Gypsy                         422    884 (6684)  273  
  702   12.7 10.6  6.4  NP_61     519653 519796 (151854) + IDEFIX_LTR                                   LTR/Gypsy                           9    158  (436)  274 *
 2106    8.7  5.9  2.5  NP_61     519797 520252 (151398) + Gypsy-12_DSim-LTR                            LTR/Gypsy                           1    594    (0)  275 *
35129    3.6  0.6  0.4  NP_61     520230 524521 (147129) + Gypsy-12_DSim-I                              LTR/Gypsy                           2   4300  (483)  276  
18189    3.2  2.2  0.7  NP_61     524932 527193 (144457) + STALKER4_I                                   LTR/Gypsy                         888   3182 (3348)  273  
 2434   13.6  1.0  2.5  NP_61     527194 527601 (144049) + GTWIN_LTR                                    LTR/Gypsy                           1    402   (93)  277  
 2931    7.2  0.0  1.5  NP_61     527759 528155 (143495) + DM412_I                                        LTR/Gypsy                        2285   2675 (3802)  278  
 1524   18.8  8.2  2.1  NP_61     528156 528520 (143130) + Gypsy_LTR                                    LTR/Gypsy                           1    387   (95)  279  
  813   15.3 24.0  1.0  NP_61     528611 528860 (142790) + GTWIN_I                                      LTR/Gypsy                           1    307 (6200)  280  
  386    0.0  0.0 14.3  NP_61     528880 528943 (142707) C LINEJ1_DM                                   LINE/Jockey    (0)   5020   4965  281  
36108    1.0  0.1  0.2  NP_61     528944 532881 (138769) + LINEJ1_DM                                   LINE/Jockey   1087   5020    (0)  282  
16395   15.6  0.7  0.7  NP_61     533009 537446 (134204) + GTWIN_I                                      LTR/Gypsy                         466   5021 (1486)  280  
12068    7.1  0.1  0.0  NP_61     537508 539005 (132645) + GTWIN_I                                      LTR/Gypsy                        4921   6420    (1)  280  
 2307   13.6  2.7  2.5  NP_61     539014 539414 (132236) + GTWIN_LTR                                    LTR/Gypsy                           1    402   (93)  280  
29146    1.3  0.5  0.1  NP_61     539572 542909 (128741) + STALKER4_I                                   LTR/Gypsy                        3179   6530    (0)  283  
 3166    4.0  0.5  0.0  NP_61     542910 543286 (128364) + STALKER4_LTR                                 LTR/Gypsy                           1    379   (23)  283  
 1699    8.1  0.0  0.0  NP_61     543334 543555 (128095) + ZAM_I                                        LTR/Gypsy                         424    645 (6845)  284  
  275   11.6  4.7  0.0  NP_61     543545 543587 (128063) + NOMAD_LTR                                    LTR/Gypsy                         101    145  (373)  285 *
 2220   10.8  6.6  0.8  NP_61     543700 544063 (127587) C DIVER2_LTR                                   LTR/Pao                           (0)    385      1  286  
  612    2.8  0.0  0.0  NP_61     544064 544134 (127516) C BEL-6_DYa-I                                  LTR/Pao                           (0)   5475   5405  286 *
 1002    7.9  0.3  0.1  NP_61     544108 544243 (127407) C BEL-6_DYa-I                                  LTR/Pao                        (1036)   4439   4321  286  
 1762    5.0  0.2  3.6  NP_61     544245 544476 (127174) C BEL-6_DYa-I                                  LTR/Pao                        (1699)   4021   3711  286 *
18811    2.9  0.2  0.5  NP_61     544459 546644 (125006) C BEL-6_DYa-I                                  LTR/Pao                        (3318)   2157      1  286  
 2220   10.8  6.6  0.8  NP_61     546621 546984 (124666) C DIVER2_LTR                                   LTR/Pao                           (0)    385      1  286 *
  339   19.6 17.4  0.0  NP_61     546988 547079 (124571) + Gypsy-3_DSe-LTR                              LTR/Gypsy                         255    362   (17)  287  
  782   16.7  6.5  7.2  NP_61     547320 547522 (124128) + NOMAD_LTR                                    LTR/Gypsy                         188    518    (0)  288 *
17806    5.9  0.3  3.2  NP_61     547504 549833 (121817) + NOMAD_I                                      LTR/Gypsy                           1   2259 (4313)  289  
17973    3.9  0.2  0.0  NP_61     550883 552943 (118707) + NOMAD_I                                      LTR/Gypsy                        2258   4322 (2250)  289  
10522   16.0  1.8  2.6  NP_61     552942 555724 (115926) + NOMAD_I                                      LTR/Gypsy                        4567   7528   (11)  289 *
  239    6.2  0.0  0.0  NP_61     555725 555756 (115894) + NOMAD_LTR                                    LTR/Gypsy                           1     32  (486)  289  
  444   23.4 16.8  0.8  NP_61     555791 556029 (115621) + Gypsy-3_DSe-LTR                              LTR/Gypsy                          96    377    (2)  290  
  708   21.8  4.7  5.8  NP_61     556204 556393 (115257) + NOMAD_LTR                                    LTR/Gypsy                         331    518    (0)  291  
 2294   11.5  9.7  1.1  NP_61     556394 556818 (114832) + ZAM_I                                        LTR/Gypsy                         949   1410 (6080)  292  
45784    6.5  1.5  0.3  NP_61     556819 562595 (109055) + ZAM_I                                        LTR/Gypsy                           1   6993  (497)  292  
  281   29.5  0.9  0.9  NP_61     562596 562708 (108942) C noCat_dsim_final-B-P113.23-Map3_novel_repeat DNA/RC                    (43)    820    708  293  
45784    6.5  1.5  0.3  NP_61     562709 563117 (108533) + ZAM_I                                        LTR/Gypsy                        6994   7490    (0)  292  
  308   22.0  7.9  0.9  NP_61     563118 563189 (108461) + ZAM_LTR                                      LTR/Gypsy                         394    472    (0)  292  
 5600    9.4  0.9  5.8  NP_61     563191 564111 (107539) + Gypsy8_I                                     LTR/Gypsy                        2451   3328 (1019)  294  
 2747   19.7  7.7  6.0  NP_61     564105 565532 (106118) + Gypsy8_I                                     LTR/Gypsy                        3407   4093  (254)  294 *
 2619    2.9  0.3  2.2  NP_61     565533 565855 (105795) + NINJA_LTR                                    LTR/Pao                             1    317    (0)  295  
 7776    5.9  0.5  0.7  NP_61     565857 567039 (104611) + NINJA_I                                      LTR/Pao                          1690   2947 (3064)  295 *
 9789    2.0  0.1  0.2  NP_61     567024 568150 (103500) + NINJA_I                                      LTR/Pao                          4886   6011    (0)  295  
 2575    3.8  0.0  2.2  NP_61     568151 568473 (103177) + NINJA_LTR                                    LTR/Pao                             1    316    (1)  295  
 1274    8.8  0.5  2.1  NP_61     568489 568684 (102966) + Gypsy8_I                                     LTR/Gypsy                        5251   5443    (1)  294 *
 1643    5.5  0.3  0.3  NP_61     568655 568903 (102747) + Gypsy-13_DSim-LTR                            LTR/Gypsy                           1    314  (457)  294 *
 8143    4.2  0.9  0.0  NP_61     568889 569852 (101798) C R1_DSi                                      LINE/R1        (5)   5429   4457  296  
 4172    4.4  0.0  0.8  NP_61     569862 570367 (101283) C R1_DSi                                      LINE/R1     (3417)   2017   1516  296  
 1969   10.9  4.1  0.0  NP_61     570368 570661 (100989) C R1_DM                                       LINE/R1     (4742)    614    309  297  
 1055   13.9 10.7  5.5  NP_61     570651 570894 (100756) C R1_DSi                                      LINE/R1     (5170)    264      9  298 *
 4777    8.6  0.6  0.2  NP_61     570878 571507 (100143) C R1_DM                                       LINE/R1      (406)   4950   4318  299  
 6477    3.3  0.0  0.5  NP_61     571541 572301  (99349) C R1_DSi                                      LINE/R1     (3162)   2272   1516  300  
 1969   10.9  4.1  0.0  NP_61     572302 572595  (99055) C R1_DM                                       LINE/R1     (4742)    614    309  301  
 1055   13.9 10.7  5.5  NP_61     572585 572828  (98822) C R1_DSi                                      LINE/R1     (5170)    264      9  302 *
  379   13.8  0.0  1.7  NP_61     572812 572861  (98789) C R1_DSe                                      LINE/R1      (409)   5008   4960  303 *
 1986    4.0  2.3  4.7  NP_61     572862 573125  (98525) + BLOOD_LTR                                    LTR/Gypsy                           1    258  (141)  304  
  229   18.5  9.1  7.9  NP_61     573105 573192  (98458) + BLOOD_LTR                                    LTR/Gypsy                         304    392   (32)  305 *
 5459    1.8  6.7  1.4  NP_61     573256 574428  (97222) + BLOOD_I                                      LTR/Gypsy                           1   1237 (5376)  305  
46807    2.4  1.0  0.6  NP_61     574429 580100  (91550) + BLOOD_I                                      LTR/Gypsy                           1   6613    (0)  305  
 4437    9.0  0.7  0.0  NP_61     580226 580814  (90836) C R1_DM                                       LINE/R1      (446)   4910   4318  306  
 5726    3.3  0.0  0.6  NP_61     580851 581529  (90121) C R1_DSi                                      LINE/R1     (3162)   2272   1598  307  
 5753    9.8  1.6  3.2  NP_61     581530 582659  (88991) C R1_DSi                                      LINE/R1     (4022)   1491    387  307  
 1082   13.4 10.7  5.5  NP_61     582658 582901  (88749) C R1_DSi                                      LINE/R1     (5170)    264      9  307 *
 4308    9.0  5.8  0.0  NP_61     582885 583482  (88168) C R1_DSi                                      LINE/R1      (411)   5023   4391  307  
11334    4.0  0.4  0.4  NP_61     583517 584871  (86779) C R1_DSi                                      LINE/R1     (3162)   2272    917  308  
 1923   11.0  4.1  0.0  NP_61     584881 585170  (86480) C R1_DM                                       LINE/R1     (4746)    610    309  309  
 1088   13.8 10.2  5.1  NP_61     585160 585403  (86247) C R1_DSi                                      LINE/R1     (5170)    264      9  310 *
 4738    9.9  0.5  0.0  NP_61     585380 586016  (85634) C R1_DSi                                      LINE/R1      (404)   5030   4391  310  
 5849    3.5  0.0  0.6  NP_61     586060 586756  (84894) C R1_DSi                                      LINE/R1     (3167)   2267   1575  311  
 1544    5.3  0.0  0.0  NP_61     586759 586946  (84704) C R1_DSe                                      LINE/R1     (4461)    956    769  312  
 1958   11.1  4.0  0.0  NP_61     586951 587247  (84403) C R1_DM                                       LINE/R1     (4739)    617    309  313  
 1082   13.4 10.7  5.5  NP_61     587237 587480  (84170) C R1_DSi                                      LINE/R1     (5170)    264      9  314 *
 4057    8.5  0.6  0.0  NP_61     587464 587995  (83655) C R1_DSi                                      LINE/R1      (411)   5023   4489  314  
29443    8.2  0.8  0.4  NP_61     587996 593174  (78476) + Gypsy-13_DSim-I                              LTR/Gypsy                           1   4759 (3138)  315  
 5160    3.0  2.7  0.7  NP_61     593170 593910  (77740) + Gypsy-13_DSim-I                              LTR/Gypsy                        4039   4794  (650)  315 *
 4405   15.8  1.9  7.6  NP_61     593972 595935  (75715) + Gypsy-13_DSim-I                              LTR/Gypsy                        2481   5444    (0)  316 *
 4982   13.4  4.8  3.4  NP_61     595903 597153  (74497) + Gypsy-13_DSim-LTR                            LTR/Gypsy                           1    829 (7068)  316  
  764   11.8  1.8  0.0  NP_61     597141 597250  (74400) C R1_DSe                                      LINE/R1      (929)   4488   4377  317 *
 7327    4.0  0.0  0.5  NP_61     597286 598162  (73488) C R1_DSi                                      LINE/R1     (3162)   2272   1400  318  
 5103    8.3 12.7  4.0  NP_61     598162 599134  (72516) C R1_DSi                                      LINE/R1     (4350)   1084     27  318 *
  934   10.8  0.0  0.8  NP_61     599138 599267  (72383) C R1_DSi                                      LINE/R1      (411)   5023   4895  319  
 1230    9.9  0.0  0.0  NP_61     599273 599434  (72216) C R1_DM                                       LINE/R1      (877)   4479   4318  320  
 2331    3.0  0.0  0.0  NP_61     599471 599741  (71909) C R1_DSi                                      LINE/R1     (3162)   2272   2002  321  
 4120    5.8  0.0  0.0  NP_61     599752 600249  (71401) C R1_DSi                                      LINE/R1     (3700)   1734   1237  321  
 1888   11.4  4.2  0.0  NP_61     600253 600541  (71109) C R1_DM                                       LINE/R1     (4747)    609    309  322  
 1098   12.6 11.2  4.6  NP_61     600531 600754  (70896) C R1_DSi                                      LINE/R1     (5170)    264     27  323 *
 4671    9.7  0.6  0.3  NP_61     600758 601388  (70262) C R1_DM                                       LINE/R1      (406)   4950   4318  324  
13299    7.4  4.1  1.2  NP_61     601421 603474  (68176) C R1_DSi                                      LINE/R1     (3162)   2272     27  325  
 4193    8.9  6.9  0.3  NP_61     603478 604071  (67579) C R1_DM                                       LINE/R1      (406)   4950   4318  326  
13181    5.2  2.1  1.5  NP_61     604104 605781  (65869) C R1_DSi                                      LINE/R1     (3162)   2272    585  327  
 1077   15.1  0.6  0.0  NP_61     605778 605956  (65694) C R1_DM                                       LINE/R1     (4868)    488    309  328 *
 1128   12.6 11.2  4.2  NP_61     605946 606168  (65482) C R1_DSi                                      LINE/R1     (5170)    264     27  327  
 4199    8.9  6.9  0.2  NP_61     606172 606764  (64886) C R1_DSi                                      LINE/R1      (406)   4950   4318  329  
13295    7.8  3.9  1.1  NP_61     606796 608849  (62801) C R1_DSi                                      LINE/R1     (3162)   2272     27  329  
 4181    9.1  6.9  0.3  NP_61     608853 609446  (62204) C R1_DM                                       LINE/R1      (406)   4950   4318  330  
13256    7.7  4.1  1.3  NP_61     609480 611534  (60116) C R1_DSi                                      LINE/R1     (3162)   2272     27  331  
 4181    9.1  6.9  0.3  NP_61     611538 612131  (59519) C R1_DM                                       LINE/R1      (406)   4950   4318  332  
13244    7.7  4.0  1.1  NP_61     612164 614216  (57434) C R1_DSi                                      LINE/R1     (3162)   2272     27  333  
 4181    9.1  6.9  0.3  NP_61     614220 614813  (56837) C R1_DSi                                      LINE/R1      (406)   4950   4318  334  
13243    7.6  4.1  1.2  NP_61     614849 616902  (54748) C R1_DSi                                      LINE/R1     (3162)   2272     27  334  
 4181    9.1  6.9  0.3  NP_61     616906 617499  (54151) C R1_DSi                                      LINE/R1      (406)   4950   4318  335  
13130    7.6  4.1  1.5  NP_61     617533 619494  (52156) C R1_DSi                                      LINE/R1     (3162)   2272    123  335  
  590    4.3  0.0  0.0  NP_61     619496 619564  (52086) C R1_DSi                                      LINE/R1     (4161)   1273   1205  336  
  435    9.8  0.0  0.0  NP_61     619586 619646  (52004) C R1_DSi                                      LINE/R1     (4789)    645    585  336 *
 1077   15.1  0.6  0.0  NP_61     619643 619821  (51829) C R1_DM                                       LINE/R1     (4868)    488    309  337  
 1073   13.1 11.1  5.0  NP_61     619811 620035  (51615) C R1_DSi                                      LINE/R1     (5170)    264     27  336 *
 4169    9.1  6.9  0.3  NP_61     620039 620632  (51018) C R1_DM                                       LINE/R1      (406)   4950   4318  338  
13262    7.7  4.0  1.1  NP_61     620665 622717  (48933) C R1_DSi                                      LINE/R1     (3162)   2272     27  339  
 4181    9.1  6.9  0.3  NP_61     622721 623314  (48336) C R1_DSi                                      LINE/R1      (406)   4950   4318  340  
13243    7.6  4.1  1.2  NP_61     623349 625402  (46248) C R1_DSi                                      LINE/R1     (3162)   2272     27  340  
 4181    9.1  6.9  0.3  NP_61     625406 625999  (45651) C R1_DSi                                      LINE/R1      (406)   4950   4318  341  
13237    7.6  4.1  1.3  NP_61     626034 628088  (43562) C R1_DSi                                      LINE/R1     (3162)   2272     27  341  
 4181    9.1  6.9  0.3  NP_61     628092 628685  (42965) C R1_DSi                                      LINE/R1      (406)   4950   4318  342  
13192    7.5  3.9  1.7  NP_61     628719 630682  (40968) C R1_DSi                                      LINE/R1     (3162)   2272    123  342  
  590    4.3  0.0  0.0  NP_61     630684 630752  (40898) C R1_DSi                                      LINE/R1     (4161)   1273   1205  343  
  435    9.8  0.0  0.0  NP_61     630774 630834  (40816) C R1_DSi                                      LINE/R1     (4789)    645    585  343 *
 1077   15.1  0.6  0.0  NP_61     630831 631009  (40641) C R1_DM                                       LINE/R1     (4868)    488    309  344  
 1073   13.1 11.1  5.0  NP_61     630999 631223  (40427) C R1_DSi                                      LINE/R1     (5170)    264     27  343 *
 4196    8.9  6.9  0.3  NP_61     631227 631820  (39830) C R1_DSi                                      LINE/R1      (406)   4950   4318  345  
13286    7.7  3.7  1.2  NP_61     631853 633912  (37738) C R1_DSi                                      LINE/R1     (3162)   2272     27  345  
 4196    8.9  6.9  0.3  NP_61     633916 634509  (37141) C R1_DM                                       LINE/R1      (406)   4950   4318  346  
10897    5.0  3.0  0.0  NP_61     634543 635904  (35746) C R1_DSi                                      LINE/R1     (3162)   2272    915  347  
 1024    6.9  0.0  0.0  NP_61     635873 636002  (35648) C R1_DM                                       LINE/R1     (4746)    610    481  348 *
21662    3.9  0.5  0.0  NP_61     635987 638563  (33087) C R1_DSi                                      LINE/R1      (445)   4989   2401  349  
 1328    8.0  0.4  7.3  NP_61     638569 638838  (32812) + Gypsy-3_DSe-LTR                              LTR/Gypsy                           1    379    (0)  350  
 1166   16.6  1.9  8.5  NP_61     638972 639234  (32416) + Gypsy-3_DSe-I                                LTR/Gypsy                           1    247 (7126)  350  
 2974   12.9  2.9  0.2  NP_61     639235 639753  (31897) + DM412_I                                        LTR/Gypsy                         642   1174 (5303)  351  
 3430    7.8  1.0  0.6  NP_61     639754 640233  (31417) + DM412_LTR                                   LTR/Gypsy                           1    482   (89)  352  
 8682    6.0  3.7  1.4  NP_61     640236 641465  (30185) + DM412_I                                        LTR/Gypsy                           3   1259 (5218)  353  
 5859    9.5  1.4  0.3  NP_61     641535 642376  (29274) + DM412_I                                        LTR/Gypsy                        1259   2109 (4368)  353  
 1252    5.4  0.4 19.6  NP_61     642377 642607  (29043) + Gypsy-8_DSim-I                               LTR/Gypsy                        5179   5372   (40)  354  
10391   12.6  3.1  0.1  NP_61     642743 644443  (27207) + GTWIN_I                                      LTR/Gypsy                        2278   4149 (2358)  355  
  936    3.0  0.6 18.0  NP_61     644438 644600  (27050) + GTWIN_I                                      LTR/Gypsy                        5174   5312  (100)  355 *
 3008   14.4  0.8  0.8  NP_61     644797 645312  (26338) + MDG1_I                                       LTR/Gypsy                          69    584 (6012)  356  
  232   15.0  0.0  0.0  NP_61     645314 645353  (26297) + MDG1_I                                       LTR/Gypsy                         506    545 (6051)  356  
  738   16.1  2.6  8.1  NP_61     645419 645681  (25969) + MDG1_I                                       LTR/Gypsy                         572    866 (5603)  356  
 2271    9.7  6.9  0.8  NP_61     645851 646213  (25437) C DIVER2_LTR                                   LTR/Pao                           (0)    385      1  357  
  612    2.8  0.0  0.0  NP_61     646214 646284  (25366) C BEL-6_DYa-I                                  LTR/Pao                           (0)   5475   5405  357 *
  804    8.1  4.6  0.1  NP_61     646258 646388  (25262) C BEL-6_DYa-I                                  LTR/Pao                        (1036)   4439   4321  357  
 1741    4.5  0.7  3.6  NP_61     646390 646620  (25030) C BEL-6_DYa-I                                  LTR/Pao                        (1699)   4021   3711  357 *
15304    3.3  5.4  0.1  NP_61     646603 648650  (23000) C BEL-6_DYa-I                                  LTR/Pao                        (3318)   2157      1  357  
  225    0.0  0.0  0.0  NP_61     648632 648655  (22995) C Gypsy-7_DAn-I                                LTR/Gypsy                      (3938)     24      1  358 *
 1843   11.2 10.3  0.8  NP_61     648651 649000  (22650) C DIVER2_LTR                                   LTR/Pao                           (2)    383      1  357  
  641   24.5  5.0  3.5  NP_61     649001 649256  (22394) + MDG1_I                                       LTR/Gypsy                        1255   1514 (4600)  356  
41914    3.0  3.3  0.8  NP_61     649257 654500  (17150) + Gypsy-8_DSim-I                               LTR/Gypsy                           3   5372   (40)  359  
 3098   11.3  1.2  0.6  NP_61     655811 656289  (15361) + DM412_LTR                                   LTR/Gypsy                           1    482   (89)  360  
  350   24.6  6.1  4.5  NP_61     656456 656587  (15063) C REP-1_DTa                                    Other/Other                    (2150)    266    133  361  
  297   24.1  3.4  2.2  NP_61     656614 656702  (14948) + Gypsy5_I                                     LTR/Gypsy                        3985   4074 (2435)  362  
  724   13.0 24.9  0.0  NP_61     656735 656931  (14719) C DNAREP1_DSim                                 RC/Helitron                      (20)    672    427  363  
  662    5.9 21.4  1.4  NP_61     656924 657078  (14572) C DNAREP1_DSim                                 RC/Helitron                      (97)    497    305  364 *
  298    5.6  0.0  0.0  NP_61     658910 658945  (12705) C Hoyak2                                       DNA/hAT-Ac                     (2525)     36      1  365 *
 2733   16.3  9.6  1.8  NP_61     658914 659520  (12130) C DNAREP1_DSim                                 RC/Helitron                       (0)    692     40  366  
 1772   18.2  6.4  1.3  NP_61     659956 660328  (11322) + Gypsy3_LTR                                   LTR/Gypsy                           1    392    (6)  367  
33453   16.8  1.3  1.6  NP_61     660408 667560   (4090) + Gypsy1-I_DM                                  LTR/Gypsy                           1   7154  (254)  368  
  227   15.4  0.0  0.0  NP_61     668623 668661   (2989) C Hoyak2                                       DNA/hAT-Ac                     (2522)     39      1  369 *
 1975    7.1  9.9  7.1  NP_61     668628 669088   (2562) C DNAREP1_DM                                   RC/Helitron                       (0)    692      1  370  
  576   20.4 15.6  2.0  NP_61     671114 671363    (287) + DNAREP1_DSim                                 RC/Helitron                       125    555   (39)  371  
