   SW   perc perc perc  query     position in query        matching                                     repeat                           position in repeat
score   div. del. ins.  sequence  begin  end      (left)   repeat                                       class/family                   begin  end    (left)  ID

  428   27.5  2.7  3.6  NP_61          1    224 (430203) + Gypsy_I                                      LTR/Gypsy                        5793   5982 (1180)   1  
 1347   33.2  3.3  2.5  NP_61        698   1745 (428682) + Gypsy-52_DEl-I                               LTR/Gypsy                        4871   5553  (494)   2  
  311    9.1  0.0  0.0  NP_61       2204   2247 (428180) + Gypsy-13_DSim-LTR                            LTR/Gypsy                         427    470  (301)   3  
 7731   12.6  1.0  0.1  NP_61       2266   3406 (427021) + Gypsy_I                                      LTR/Gypsy                        5384   7323  (338)   1  
  340   12.7  9.5  0.0  NP_61       3348   3380 (427047) C Gypsy-31_DWil-I                              LTR/Gypsy                      (7010)    631    593   4 *
 1218   17.1 20.0  2.6  NP_61       3381   3725 (426702) + Gypsy_LTR                                    LTR/Gypsy                           1    405   (77)   5  
  956    7.8  1.6  0.0  NP_61       3796   3923 (426504) + STALKER4_LTR                                 LTR/Gypsy                         250    379   (23)   6  
 3639   14.4  3.5  4.3  NP_61       4110   5030 (425397) + STALKER4_I                                   LTR/Gypsy                         285   1274 (5256)   7 *
 8904    2.8  2.4  0.0  NP_61       5028   6088 (424339) + Gypsy-13_DSim-I                              LTR/Gypsy                        3308   4393 (1051)   8  
 2534    6.1  0.8 10.4  NP_61       6094   6493 (423934) + Gypsy-5_DSim-LTR                             LTR/Gypsy                           5    369    (0)   9  
  773   11.0  2.1  4.3  NP_61       6502   6644 (423783) + ZAM_I                                        LTR/Gypsy                           1    140 (7022)   9  
  948    2.9 42.1  0.0  NP_61       6645   6846 (423581) + Gypsy4_LTR                                   LTR/Gypsy                           1    287    (0)  10  
 7364    2.6  7.5  0.5  NP_61       6849   7797 (422630) + Gypsy4_I                                     LTR/Gypsy                           3   1017 (5271)  10  
 1554    0.6  0.0  0.0  NP_61       7802   7973 (422454) + Gypsy4_I                                     LTR/Gypsy                        1299   1470 (4818)  10  
39925    1.5  0.7  0.1  NP_61       7980  12463 (417964) + Gypsy4_I                                     LTR/Gypsy                        1778   6387   (24)  10  
 2526    2.1  0.3  0.0  NP_61      12464  12749 (417678) + Gypsy4_LTR                                   LTR/Gypsy                           1    287    (0)  10  
 4222    8.6  7.7  0.7  NP_61      12750  13423 (417004) + ZAM_I                                        LTR/Gypsy                         642   1362 (6128)   9  
47023    6.1  1.0  0.4  NP_61      13441  19768 (410659) + ZAM_I                                        LTR/Gypsy                           1   7489    (1)   9  
  356   21.0  8.0  0.0  NP_61      19769  19839 (410588) + Gypsy-5_DSim-LTR                             LTR/Gypsy                         394    472    (0)   9  
 5663   16.9  4.1  7.5  NP_61      19840  22379 (408048) + Gypsy8_I                                     LTR/Gypsy                        2457   5443    (1)  11  
 1633    3.6  0.1  0.4  NP_61      22350  22575 (407852) + Gypsy-13_DSim-LTR                            LTR/Gypsy                           1    221   (83)  11 *
 7677    3.6  1.2  0.0  NP_61      22581  23486 (406941) C R1_DSi                                      LINE/R1        (5)   5429   4513  12 *
12012    5.1  3.0  0.3  NP_61      23474  24994 (405433) C R1_DM                                       LINE/R1     (2003)   3353   1792  13 *
17032    1.1  0.1  0.7  NP_61      24991  26980 (403447) C Gypsy-8_DSe-I                                LTR/Gypsy                      (3116)   3365   1387  14  
  256   23.9  1.4  0.0  NP_61      26943  27013 (403414) C BARI1                                        DNA/TcMar-Tc1                  (1676)     74      3  15 *
  791   12.1  6.3  6.3  NP_61      26982  27140 (403287) + IDEFIX_LTR                                   LTR/Gypsy                           1    159  (435)  16  
  273   17.4  3.1 12.2  NP_61      27153  27250 (403177) + IDEFIX_LTR                                   LTR/Gypsy                         125    214  (380)  16  
38100    6.7  1.0  0.2  NP_61      27256  33664 (396763) + Gypsy-12_DSim-I                              LTR/Gypsy                           1   5628    (0)  17  
  781   11.5  7.0  6.3  NP_61      33643  33800 (396627) + IDEFIX_LTR                                   LTR/Gypsy                           1    159  (435)  18 *
  273   17.4  3.1 12.2  NP_61      33813  33910 (396517) + IDEFIX_LTR                                   LTR/Gypsy                         125    214  (380)  18  
 2062    7.7  4.8  0.9  NP_61      33916  34231 (396196) + Gypsy-12_DSim-LTR                            LTR/Gypsy                           1    328    (3)  19  
 1822   10.5  3.7  2.7  NP_61      34232  34609 (395818) C Gypsy-12_DSim-I                              LTR/Gypsy                      (4946)   1535   1154  20  
 2065    8.3  4.4  0.9  NP_61      34619  34935 (395492) C Gypsy-12_DSim-LTR                            LTR/Gypsy                         (3)    328      1  21  
  273   17.4  3.1 12.2  NP_61      34941  35038 (395389) C IDEFIX_LTR                                   LTR/Gypsy                       (380)    214    125  22  
  748   12.2  7.0  6.3  NP_61      35051  35208 (395219) C IDEFIX_LTR                                   LTR/Gypsy                       (435)    159      1  22 *
39072    6.1  0.5  0.3  NP_61      35187  41484 (388943) C Gypsy-12_DSim-I                              LTR/Gypsy                         (0)   5628      1  20  
  331   18.2  2.2  8.8  NP_61      41487  41622 (388805) C IDEFIX_LTR                                   LTR/Gypsy                       (294)    300    125  23  
  748   12.2  7.0  6.3  NP_61      41635  41791 (388636) C IDEFIX_LTR                                   LTR/Gypsy                       (436)    158      1  23  
  275   11.9  0.0  0.0  NP_61      41760  41801 (388626) + BARI1                                        DNA/TcMar-Tc1                       3     44 (1706)  24 *
10121    1.2  1.0  0.0  NP_61      41792  42939 (387488) C Gypsy-8_DSe-I                                LTR/Gypsy                      (5322)   1159      1  25  
 2163    2.8  0.0  0.4  NP_61      42940  43193 (387234) C Gypsy-8_DSe-LTR                              LTR/Gypsy                         (0)    288     36  25 *
13237    6.2  4.7  0.9  NP_61      43179  44958 (385469) C R1_DSi                                      LINE/R1     (3238)   2196    361  26  
 1152   12.6 10.7  5.1  NP_61      44957  45199 (385228) C R1_DSi                                      LINE/R1     (5170)    264      9  27 *
 4714    9.7  0.5  0.0  NP_61      45183  45812 (384615) C R1_DSi                                      LINE/R1      (411)   5023   4391  27  
 6045    4.5  0.3  0.5  NP_61      45849  46587 (383840) C R1_DSi                                      LINE/R1     (3163)   2271   1535  28  
 1726    9.8 11.7  0.0  NP_61      46598  46871 (383556) C R1_DM                                       LINE/R1     (4742)    614    309  29  
  629   11.6 17.7  6.1  NP_61      46861  47007 (383420) C R1_DSi                                      LINE/R1     (5170)    264    102  30 *
 3706    3.8  0.8  7.3  NP_61      47008  47520 (382907) + DM412_LTR                                   LTR/Gypsy                           1    482   (89)  31  
 5488    7.1  1.5  1.7  NP_61      47521  48317 (382110) + MDG1_I                                       LTR/Gypsy                           1    993 (5065)  32 *
 6894    6.3  1.8  0.0  NP_61      48288  49195 (381232) + DM412_I                                        LTR/Gypsy                        1234   2157 (4320)  32  
 7408    1.8  1.2  0.4  NP_61      49196  50445 (379982) C ROO_I                                        LTR/Pao                           (0)   8256   7429  33  
  975    3.0  2.3  0.7  NP_61      50420  50552 (379875) C ROO_I                                        LTR/Pao                        (2369)   5887   5753  33 *
20240    1.5  2.5  0.9  NP_61      50541  53317 (377110) C ROO_I                                        LTR/Pao                        (5867)   2389      1  33  
33256    2.1  2.0  0.2  NP_61      53318  57231 (373196) + DM412_I                                        LTR/Gypsy                        2153   6139  (338)  34  
 2081    4.7  1.3  0.0  NP_61      57228  57516 (372911) + DM412_LTR                                   LTR/Gypsy                         139    482   (89)  35 *
  506   14.4  1.0  3.1  NP_61      57516  57615 (372812) C R1_DSi                                      LINE/R1     (5328)    106      9  36 *
 4745    9.4  0.5  0.2  NP_61      57599  58229 (372198) C R1_DSi                                      LINE/R1      (411)   5023   4391  36  
 6177    4.1  0.0  0.5  NP_61      58264  59005 (371422) C R1_DSi                                      LINE/R1     (3162)   2272   1535  37  
 1920   10.6  0.0  0.0  NP_61      59016  59289 (371138) C R1_DM                                       LINE/R1     (4742)    614    341  38  
  524    6.8  4.0  0.0  NP_61      59291  59364 (371063) + R1_DSi                                      LINE/R1       2196   2272 (3162)  39  
 4575   10.1  1.0  0.2  NP_61      59397  60024 (370403) + R1_DSi                                      LINE/R1       4318   4950  (406)  40 *
 7990    8.8  2.9  1.5  NP_61      60008  61326 (369101) + R1_DSi                                      LINE/R1          9   1433 (4001)  40  
 5762    3.5  0.0  0.4  NP_61      61324  62004 (368423) + R1_DSi                                      LINE/R1       1595   2272 (3162)  40 *
 3143    8.3  1.2  0.0  NP_61      62034  62444 (367983) + R1_DM                                       LINE/R1       4318   4733  (623)  41 *
11061    3.9  2.1  0.3  NP_61      62443  63792 (366635) + R1_DSi                                      LINE/R1        899   2272 (3162)  42  
 3218    7.3  1.2  0.2  NP_61      63819  64230 (366197) + R1_DM                                       LINE/R1       4318   4733  (623)  43 *
10787    4.4  2.5  0.6  NP_61      64229  65577 (364850) + R1_DSi                                      LINE/R1        899   2272 (3162)  44  
 4646    9.2  0.8  0.2  NP_61      65609  66237 (364190) + R1_DM                                       LINE/R1       4318   4950  (406)  45 *
11443    7.0  1.8  1.3  NP_61      66221  68143 (362284) + R1_DSi                                      LINE/R1          9   2272 (3162)  46  
 4675    9.2  0.8  0.5  NP_61      68171  68801 (361626) + R1_DM                                       LINE/R1       4318   4950  (406)  47  
 1056   12.5 10.2  4.2  NP_61      68805  69029 (361398) + R1_DSi                                      LINE/R1         27    264 (5170)  48  
 1175   12.2 13.0  0.0  NP_61      69043  69289 (361138) + R1_DSe                                      LINE/R1        365    643 (4774)  49 *
10881    4.8  1.5  0.1  NP_61      69287  70648 (359779) + R1_DSi                                      LINE/R1        892   2272 (3162)  48  
 4692    7.9  1.6  0.3  NP_61      70674  71298 (359129) + R1_DM                                       LINE/R1       4318   4950  (406)  50  
 1122   13.1 11.6  5.1  NP_61      71282  71522 (358905) + R1_DSi                                      LINE/R1          9    264 (5170)  51 *
 1906    9.5  3.4  0.0  NP_61      71525  71818 (358609) + R1_DSe                                      LINE/R1        344    647 (4770)  52  
  584   12.5  1.4  2.5  NP_61      71798  71924 (358503) + R1_DSi                                      LINE/R1        883   1100 (4413)  53 *
 8266    3.5  0.1  0.4  NP_61      71892  72862 (357565) + R1_DSi                                      LINE/R1       1305   2272 (3162)  53  
 4707    8.9  1.0  0.2  NP_61      72896  73523 (356904) + R1_DM                                       LINE/R1       4318   4950  (406)  54  
 1110   13.6 11.6  5.1  NP_61      73507  73747 (356680) + R1_DSi                                      LINE/R1          9    264 (5170)  55 *
11103    6.4  0.5  0.7  NP_61      73737  75376 (355051) + R1_DSi                                      LINE/R1        309   2220 (3214)  51  
35926    6.4  1.0  0.4  NP_61      75377  80346 (350081) + ZAM_I                                        LTR/Gypsy                           1   7489    (1)  56  
  290   22.0  7.7  3.7  NP_61      80347  80421 (350006) + ZAM_LTR                                      LTR/Gypsy                         394    472    (0)  56  
 5725   13.8  2.6  5.5  NP_61      80422  81737 (348690) + Gypsy8_I                                     LTR/Gypsy                        2457   3328 (1019)  57  
 2626   17.5  4.8  7.5  NP_61      81751  82930 (347497) + Gypsy8_I                                     LTR/Gypsy                        3407   5443    (1)  57  
  921    7.4  0.6  0.4  NP_61      82899  83066 (347361) + Gypsy-13_DSim-LTR                            LTR/Gypsy                           1    228   (38)  57 *
 4789    7.3  5.8  0.8  NP_61      83046  83733 (346694) C R1_DSe                                      LINE/R1     (4346)   1071    350  58  
 1079   13.6 11.6  5.1  NP_61      83734  83974 (346453) C R1_DSi                                      LINE/R1     (5170)    264      9  59 *
 4680   10.3  0.5  0.0  NP_61      83958  84587 (345840) C R1_DSi                                      LINE/R1      (411)   5023   4391  59  
 6103    4.3  0.1  0.7  NP_61      84621  85362 (345065) C R1_DSi                                      LINE/R1     (3162)   2272   1535  60  
 1920   10.6  0.0  0.0  NP_61      85373  85646 (344781) C R1_DM                                       LINE/R1     (4742)    614    341  61  
  621    2.7  2.7  0.0  NP_61      85648  85722 (344705) + R1_DSi                                      LINE/R1       2196   2272 (3162)  62  
 4759    9.4  0.5  0.0  NP_61      85756  86385 (344042) + R1_DSi                                      LINE/R1       4391   5023  (411)  63  
  487   13.9  2.4  0.7  NP_61      86371  86468 (343959) + R1_DSi                                      LINE/R1         11    112 (5401)  63 *
 2106    4.3  1.3  0.0  NP_61      86468  86756 (343671) C DM412_LTR                                   LTR/Gypsy                        (89)    482    139  64 *
47994    1.5  1.0  0.4  NP_61      86753  92347 (338080) C DM412_I                                        LTR/Gypsy                       (338)   6139    510  65  
 4384    3.7  0.2  6.7  NP_61      92332  92956 (337471) C DM412_I                                        LTR/Gypsy                      (5900)    577      1  65 *
 2153    7.4  5.6  0.8  NP_61      92957  93295 (337132) C DM412_LTR                                   LTR/Gypsy                        (89)    482    128  66  
  240    9.3  4.5  2.2  NP_61      93294  93337 (337090) C DM412_LTR                                   LTR/Gypsy                       (410)    161    117  66 *
  246    0.0  6.5  0.0  NP_61      93338  93368 (337059) C DM412_LTR                                   LTR/Gypsy                       (538)     33      1  66  
10998    7.3  1.1  0.3  NP_61      93369  94787 (335640) C R1_DSi                                      LINE/R1     (3312)   2122    692  67  
 7512    3.7  1.0  0.0  NP_61      94795  95689 (334738) C R1_DSi                                      LINE/R1        (5)   5429   4526  68  
 3924   11.1  1.5  0.3  NP_61      95692  96585 (333842) C R1_DSi                                      LINE/R1     (1987)   3457   2491  59  
  456    3.4  0.0  0.0  NP_61      96589  96647 (333780) + Gypsy-5_DSim-LTR                             LTR/Gypsy                           1     59  (310)  69  
 1262    8.9  0.6  6.8  NP_61      96683  96951 (333476) + Gypsy-3_DSe-LTR                              LTR/Gypsy                           1    379    (0)  70  
  353   24.3  1.0  3.0  NP_61      97038  97102 (333325) C NOMAD_LTR                                    LTR/Gypsy                       (315)    203    141  71  
59596    4.2  1.0  1.1  NP_61      97103 104427 (326000) + Gypsy-3_DSe-I                                LTR/Gypsy                           1   7373    (0)  70  
 1301    8.9  0.4  7.0  NP_61     104428 104696 (325731) + Gypsy-3_DSe-LTR                              LTR/Gypsy                           1    379    (0)  70  
  353   24.3  1.0  3.0  NP_61     104782 104846 (325581) C NOMAD_LTR                                    LTR/Gypsy                       (315)    203    141  72  
12321    7.1  1.6  4.1  NP_61     104847 106732 (323695) + Gypsy-3_DSe-I                                LTR/Gypsy                           1   1612 (5550)  70  
 4902    3.4  0.0  1.4  NP_61     106802 107395 (323032) + Gypsy-3_DSe-I                                LTR/Gypsy                        1629   2214 (4948)  70  
 3226    4.0  0.0  1.3  NP_61     107392 107792 (322635) + Gypsy-3_DSe-I                                LTR/Gypsy                        2970   3365 (3797)  70 *
 6156    3.2  0.0  0.4  NP_61     107786 108507 (321920) + Gypsy-3_DSe-I                                LTR/Gypsy                        3541   4259 (2903)  70 *
13690    2.1  3.4  0.4  NP_61     108498 110124 (320303) C FW_DM                                       LINE/Jockey (2513)   2179    503  73  
13047   22.2  0.7  0.2  NP_61     110129 112920 (317507) + Gypsy5_I                                     LTR/Gypsy                        3715   6505    (4)  74  
  297   24.8  2.7  4.6  NP_61     112862 112914 (317513) C noCat_dsim_final-B-P113.23-Map3_novel_repeat DNA/RC                    (54)    809    759  75 *
 2643    5.2  0.7 10.3  NP_61     112915 113318 (317109) + Gypsy-5_DSim-LTR                             LTR/Gypsy                           1    369    (0)  74  
 3112    3.7  4.0  0.0  NP_61     113351 113724 (316703) C DIVER_I                                      LTR/Pao                        (4398)   1245    857  76 *
10096   21.5  0.1  0.2  NP_61     113717 115830 (314597) + Gypsy-2_DSe-I                                LTR/Gypsy                        3807   5918  (591)  77  
  225    0.0  0.0  0.0  NP_61     115831 115854 (314573) + Gypsy-2_DSe-I                                LTR/Gypsy                        6388   6411    (0)  77  
 2263    0.8  0.8  0.0  NP_61     115855 116105 (314322) + Gypsy-2_DSe-LTR                              LTR/Gypsy                           1    253    (0)  77  
58559    0.3  0.3  0.1  NP_61     116106 122500 (307927) + Gypsy-2_DSe-I                                LTR/Gypsy                           1   6411    (0)  77  
 2320    0.4  0.4  0.0  NP_61     122501 122752 (307675) + Gypsy-2_DSe-LTR                              LTR/Gypsy                           1    253    (0)  77  
 5357    1.4  0.2  0.0  NP_61     122756 123348 (307079) + Gypsy-5_DSim-I                               LTR/Gypsy                        6569   7162    (0)  78  
  297   24.8  2.7  4.6  NP_61     123296 123348 (307079) C noCat_dsim_final-B-P113.23-Map3_novel_repeat DNA/RC                    (54)    809    759  79 *
 2659    6.3  0.2  8.7  NP_61     123349 123748 (306679) + Gypsy-5_DSim-LTR                             LTR/Gypsy                           1    369    (0)  80  
 7884    4.2  1.6  0.0  NP_61     123781 124717 (305710) C DIVER_I                                      LTR/Pao                        (4398)   1245    294  81  
58514    3.0  0.8  0.2  NP_61     124718 131882 (298545) + Gypsy-11_DSim-I                              LTR/Gypsy                           1   7150  (258)  82  
 2531    2.7  0.7  2.3  NP_61     131878 132184 (298243) C DIVER_I                                      LTR/Pao                        (5341)    302      1  81 *
 1308   11.3  0.4 11.2  NP_61     132206 132453 (297974) C DIVER_LTR                                    LTR/Pao                           (0)    224      1  81  
  464   10.1  1.3  3.3  NP_61     132464 132617 (297810) C MDG1_I                                       LTR/Gypsy                        (47)   6549   6399  83  
 1350   16.9  5.1  1.3  NP_61     132648 132941 (297486) + DM412_LTR                                   LTR/Gypsy                         161    465  (106)  84  
 3290   13.2  5.9  1.4  NP_61     132976 133581 (296846) + DM412_I                                        LTR/Gypsy                           1    633 (5844)  85  
19512    1.3  2.1  1.0  NP_61     133582 137166 (293261) + Gypsy-7_DSim-I                               LTR/Gypsy                           1   3229 (3597)  86  
 1689   17.8  7.5  0.0  NP_61     137163 137483 (292944) + MDG1_I                                       LTR/Gypsy                        4682   5026 (1151)  87 *
 5772    1.7  0.8  0.0  NP_61     137479 138129 (292298) C FW_DM                                       LINE/Jockey (3534)   1158    503  88  
13176   22.2  0.5  0.2  NP_61     138134 140932 (289495) + Gypsy5_I                                     LTR/Gypsy                        3715   6508    (1)  89  
  285   25.0  3.7  3.7  NP_61     140875 140926 (289501) C noCat_dsim_final-B-P113.23-Map3_novel_repeat DNA/RC                    (54)    809    758  90 *
 2605    5.2  1.0 10.3  NP_61     140927 141329 (289098) + Gypsy-5_DSim-LTR                             LTR/Gypsy                           1    369    (0)  89  
 9319    4.1  1.5  0.0  NP_61     141362 142466 (287961) C DIVER_I                                      LTR/Pao                        (4398)   1245    124  91  
 1692    0.5  0.0  3.6  NP_61     142440 142638 (287789) C DIVER_I                                      LTR/Pao                        (5451)    192      1  91 *
23311    2.9  0.5  0.9  NP_61     142654 146925 (283502) + MDG1_I                                       LTR/Gypsy                           2   7154  (254)  87  
 8015    2.2  0.3  0.3  NP_61     146897 147809 (282618) + MDG1_I                                       LTR/Gypsy                        2914   3795 (3031)  87 *
13781   15.3  1.9  0.8  NP_61     147809 150502 (279925) + MDG1_I                                       LTR/Gypsy                        4402   7154  (254)  87  
  287    5.7  0.0  0.0  NP_61     150503 150537 (279890) + MDG1_I                                       LTR/Gypsy                           2     36 (6790)  87  
 2237    7.3  1.0  0.0  NP_61     150542 150855 (279572) + Gypsy-2_DSim-LTR                             LTR/Gypsy                           1    392  (771)  92  
 1626    3.2  0.0  0.0  NP_61     150882 151070 (279357) C ROOA_LTR                                     LTR/Pao                           (0)    386    198  93 *
10196    4.3  2.5  1.6  NP_61     151070 152340 (278087) + Helena_Ds                                   LINE/Jockey   3619   4901   (11)  94  
  358    9.6  1.9  0.0  NP_61     152400 152451 (277976) + MDG1_I                                       LTR/Gypsy                          73    125 (6471)  87  
 2883   10.2  8.3  3.2  NP_61     152452 152979 (277448) + MDG1_I                                       LTR/Gypsy                         374    927 (5669)  87  
  511    8.9  8.9  0.0  NP_61     153109 153220 (277207) + MDG1_I                                       LTR/Gypsy                        1121   1242 (5354)  87  
 6354    6.3  4.8  1.0  NP_61     153408 154287 (276140) + MDG1_I                                       LTR/Gypsy                        1227   2140 (4456)  87  
 2323    9.2  7.2  0.3  NP_61     154288 154647 (275780) C DIVER2_LTR                                   LTR/Pao                           (0)    385      1  95  
25691    4.6  3.6  1.3  NP_61     154648 158034 (272393) + MDG1_I                                       LTR/Gypsy                        2136   5598  (998)  87  
  958    9.7  0.7  0.7  NP_61     158035 158179 (272248) C MDG1_I                                       LTR/Gypsy                       (859)   5737   5593  96 *
22232    4.3  1.5  1.2  NP_61     158166 160974 (269453) C MDG1_I                                       LTR/Gypsy                      (1644)   4952   2136  96  
 2403    9.4  6.3  0.3  NP_61     160975 161337 (269090) + DIVER2_LTR                                   LTR/Pao                             1    385    (0)  97  
 6851    5.9  5.0  0.7  NP_61     161338 162274 (268153) C MDG1_I                                       LTR/Gypsy                      (4456)   2140   1164  96  
  528    9.6  3.9  1.7  NP_61     162252 162447 (267980) + MDG1_I                                       LTR/Gypsy                        6512   6596    (0)  87 *
 2057   13.3  6.3  4.0  NP_61     162430 162843 (267584) + MDG1_LTR                                     LTR/Gypsy                           1    423   (19)  98  
 2053   14.8  0.0  0.3  NP_61     162817 163152 (267275) + IDEFIX_I                                     LTR/Gypsy                        4045   4379 (1249)  99 *
  482    1.9  0.0  0.0  NP_61     163153 163205 (267222) + Gypsy-7_DSe-LTR                              LTR/Gypsy                           1     53  (205) 100  
 1697    5.3  0.5  0.0  NP_61     163206 163411 (267016) + Chimpo_LTR                                   LTR/Gypsy                           1    207    (0) 101  
36444    0.8  0.9  0.0  NP_61     163412 167435 (262992) + Chimpo_I                                     LTR/Gypsy                           1   4059    (0) 101  
 1713    4.8  0.5  0.0  NP_61     167436 167641 (262786) + Chimpo_LTR                                   LTR/Gypsy                           1    207    (0) 101  
 1844    1.9  0.0  0.5  NP_61     167642 167851 (262576) + Gypsy-7_DSe-LTR                              LTR/Gypsy                          50    258    (0) 100  
 1985   14.3  0.0  0.0  NP_61     167852 168163 (262264) + IDEFIX_I                                     LTR/Gypsy                        4376   4687  (941) 102  
37024    3.2  0.5  0.3  NP_61     168300 172709 (257718) + Gypsy-13_DSim-I                              LTR/Gypsy                           1   4393 (1051) 103  
 2141   15.1  9.9  1.1  NP_61     172711 173144 (257283) + ZAM_LTR                                      LTR/Gypsy                           1    472    (0) 104  
  278   24.0  7.9  0.9  NP_61     173145 173216 (257211) + ZAM_LTR                                      LTR/Gypsy                         394    472    (0) 104  
 3671    9.5  2.8  1.9  NP_61     173218 173795 (256632) + Gypsy8_I                                     LTR/Gypsy                        2451   3033 (1314) 105  
 1017   12.5  0.0  4.0  NP_61     173793 173975 (256452) + Gypsy8_I                                     LTR/Gypsy                        3168   3343 (1004) 105 *
 3286    2.8  5.0  0.0  NP_61     174169 174565 (255862) + TIRANT_LTR                                   LTR/Gypsy                           1    417    (0) 106  
64291    1.4  1.4  0.3  NP_61     174566 182073 (248354) + TIRANT_I                                     LTR/Gypsy                           1   7691    (1) 106  
 3606    2.6  0.2  0.0  NP_61     182065 182480 (247947) + TIRANT_LTR                                   LTR/Gypsy                           1    417    (0) 107 *
 2305   19.9  2.4  6.8  NP_61     182485 183653 (246774) + Gypsy8_I                                     LTR/Gypsy                        3407   5232  (212) 105  
  297   22.6 14.3  0.0  NP_61     183667 183750 (246677) + Gypsy8_I                                     LTR/Gypsy                        4001   4096  (251) 105  
  665   14.2  4.4  2.1  NP_61     183798 183934 (246493) + Gypsy8_I                                     LTR/Gypsy                        5295   5434   (10) 105  
  289    8.8 15.4  0.5  NP_61     183938 184021 (246406) + Gypsy-13_DSim-LTR                            LTR/Gypsy                         151    194  (577) 105  
  725    7.1  9.8  0.0  NP_61     184025 184136 (246291) C R1_DM                                       LINE/R1        (7)   5349   5227 108 *
20528    2.7  0.8  0.2  NP_61     184129 186522 (243905) C R1_DSi                                      LINE/R1      (286)   5148   2743 109  
 3786    0.7  0.7  0.2  NP_61     186523 186950 (243477) + Gypsy5_LTR                                   LTR/Gypsy                           1    430    (0) 110  
 2172   21.6 18.3  2.3  NP_61     186951 187777 (242650) + Gypsy-5_DSim-I                               LTR/Gypsy                          25    981 (6181) 110  
57470    0.4  0.8  0.1  NP_61     187953 194316 (236111) + Gypsy5_I                                     LTR/Gypsy                           1   6764  (804) 111  
  267   25.2 10.6  0.9  NP_61     194317 194420 (236007) C noCat_dsim_final-B-P113.23-Map3_novel_repeat DNA/RC                    (54)    809    696 112  
57470    0.4  0.8  0.1  NP_61     194421 194793 (235634) + Gypsy5_I                                     LTR/Gypsy                        6765   7162  (406) 111  
19115    4.7  1.5  0.6  NP_61     194792 197152 (233275) C R1_DSi                                      LINE/R1     (2686)   2748    366 113 *
19874    3.1  0.5  0.3  NP_61     197166 199548 (230879) C R1_DSi                                      LINE/R1      (553)   4881   2369 114  
 8826    6.9  5.8  0.7  NP_61     199539 200997 (229430) C R1_DSi                                      LINE/R1     (3185)   2249    364 114 *
33226    3.0  0.7  0.7  NP_61     201025 204993 (225434) C R1_DSi                                      LINE/R1      (799)   4635    667 115  
  656   14.9  8.1  0.6  NP_61     204986 205133 (225294) C R1_DSi                                      LINE/R1     (5249)    185     27 114 *
37805    4.2  0.7  0.3  NP_61     205157 209775 (220652) C R1_DSi                                      LINE/R1      (433)   5001    366 116  
37109    3.9  0.8  0.3  NP_61     209799 214278 (216149) C R1_DSi                                      LINE/R1      (565)   4869    366 117  
32137    3.1  0.6  0.1  NP_61     214301 218068 (212359) C R1_DSi                                      LINE/R1      (565)   4869   1084 118  
 1312   14.7  5.8  0.7  NP_61     218070 218330 (212097) C R1_DSe                                      LINE/R1     (4775)    642    369 119  
32190    3.1  0.7  0.1  NP_61     218355 222125 (208302) C R1_DSi                                      LINE/R1      (565)   4869   1076 120  
 1852   10.5  1.1  0.0  NP_61     222125 222400 (208027) C R1_DM                                       LINE/R1     (4743)    613    335 121 *
31871    3.2  1.0  0.1  NP_61     222423 226182 (204245) C R1_DSi                                      LINE/R1      (565)   4869   1076 122  
 1975   10.1  0.0  0.0  NP_61     226182 226459 (203968) C R1_DM                                       LINE/R1     (4743)    613    336 123 *
19688    3.8  0.8  0.2  NP_61     226481 228847 (201580) C R1_DSi                                      LINE/R1      (565)   4869   2489 124  
 1064   18.9  9.5  2.9  NP_61     228848 229141 (201286) + TIRANT_LTR                                   LTR/Gypsy                           1    313  (104) 125  
  625   18.8  3.9  0.6  NP_61     229268 229422 (201005) + TIRANT_I                                     LTR/Gypsy                           1    160 (7532) 126  
 2539   26.1  2.4 12.2  NP_61     229446 230525 (199902) + TIRANT_I                                     LTR/Gypsy                         351   1336 (6356) 126  
36838   18.1  0.8  0.1  NP_61     230644 236936 (193491) + TIRANT_I                                     LTR/Gypsy                        1369   7692    (0) 126  
 1064   18.9  9.5  2.9  NP_61     236928 237221 (193206) + TIRANT_LTR                                   LTR/Gypsy                           1    313  (104) 127 *
15293    6.5  3.8  0.3  NP_61     237357 239378 (191049) C R1_DSi                                      LINE/R1     (2977)   2457    366 128  
 2352    9.1  0.6  0.6  NP_61     239401 239721 (190706) C R1_DM                                       LINE/R1      (560)   4796   4476 129  
  572   10.5  1.1  1.1  NP_61     239730 239816 (190611) C R1_DSi                                      LINE/R1     (3156)   2278   2192 130  
 2693    2.2  0.6  0.9  NP_61     239950 240267 (190160) C NINJA_LTR                                    LTR/Pao                           (0)    317      1 131  
32943    5.2  1.5  0.1  NP_61     240268 245507 (184920) C NINJA_I                                      LTR/Pao                           (0)   5547    666 131  
 3203    1.4  0.5  2.2  NP_61     245511 245885 (184542) + Gypsy-5_DSim-LTR                             LTR/Gypsy                           1    369    (0) 132  
51592    5.9  1.4  0.6  NP_61     245886 253455 (176972) + Gypsy-5_DSim-I                               LTR/Gypsy                           1   6509    (0) 132  
  338   24.6  1.8  4.6  NP_61     253396 253449 (176978) C noCat_dsim_final-B-P113.23-Map3_novel_repeat DNA/RC                    (54)    809    759 133 *
 3276    1.4  0.3  0.5  NP_61     253450 253819 (176608) + Gypsy-5_DSim-LTR                             LTR/Gypsy                           1    369    (0) 132  
  265    8.6  0.0  0.0  NP_61     253820 253854 (176573) + Gypsy-5_DSim-I                               LTR/Gypsy                           1     35 (7127) 132 *
 4194    5.9  3.6  7.6  NP_61     253844 254538 (175889) C NINJA_I                                      LTR/Pao                        (5342)    669      1 134  
 2677    2.5  0.6  0.9  NP_61     254539 254856 (175571) C NINJA_LTR                                    LTR/Pao                           (0)    317      1 134  
  285   30.1  0.0  0.0  NP_61     256177 256279 (174148) + Gypsy-5_DSim-I                               LTR/Gypsy                         494    596 (5913) 132  
  369   34.0  3.1  2.8  NP_61     256293 256649 (173778) + Gypsy-5_DSim-I                               LTR/Gypsy                         697   1054 (5455) 132  
  298   29.3  9.3  5.6  NP_61     256938 257502 (172925) + Gypsy-5_DSim-I                               LTR/Gypsy                        3202   3413 (3799) 132  
 1422   25.4  1.6  4.4  NP_61     257750 258240 (172187) + Gypsy-5_DSim-I                               LTR/Gypsy                        3280   3757 (3405) 135  
  514   28.1  1.9  0.9  NP_61     258255 258466 (171961) + Gypsy-5_DSim-I                               LTR/Gypsy                        4130   4343 (2166) 135  
  288   25.5  3.7  0.0  NP_61     258451 258565 (171862) C TIRANT_I                                     LTR/Gypsy                      (2133)   5559   5481 136 *
  935   29.2  4.1  3.6  NP_61     258551 259212 (171215) + Gypsy-5_DSim-I                               LTR/Gypsy                        5605   6148  (333) 132  
  322   27.3  6.3  6.5  NP_61     259367 259812 (170615) + Pifo_I                                       LTR/Gypsy                        6789   7233  (879) 137  
  243   28.6  5.3  5.3  NP_61     260154 260360 (170067) + ZAM_I                                        LTR/Gypsy                        6955   7161  (329) 138  
  347   21.2  0.5  1.6  NP_61     260585 260695 (169732) + Gypsy8_I                                     LTR/Gypsy                        7099   7162    (0) 139  
 5663    9.0  1.9  3.9  NP_61     261053 261963 (168464) + Gypsy8_I                                     LTR/Gypsy                        2451   3343 (1004) 139  
  255   28.4  4.9  1.0  NP_61     261982 262166 (168261) + Gypsy-5_DSim-I                               LTR/Gypsy                        5134   5325  (723) 132  
 1190   14.5  2.0  8.2  NP_61     262329 262625 (167802) + Gypsy-13_DSim-I                              LTR/Gypsy                        5238   5443    (1) 140 *
 1903    8.9  1.0  0.5  NP_61     262596 262909 (167518) + Gypsy-13_DSim-LTR                            LTR/Gypsy                           1    376  (395) 140 *
 2647   11.0  2.7  1.0  NP_61     262909 263313 (167114) + Gypsy-31_DYa-I                               LTR/Gypsy                        7155   7566    (2) 141  
 2254   10.0  3.0  4.1  NP_61     263438 263834 (166593) + Gypsy-31_DYa-I                               LTR/Gypsy                           1    393 (7175) 142  
 2226   16.5  5.7  6.4  NP_61     263897 264665 (165762) + Gypsy-31_DYa-I                               LTR/Gypsy                         422    884 (6684) 142  
  702   12.7 10.6  6.4  NP_61     264662 264805 (165622) + IDEFIX_LTR                                   LTR/Gypsy                           9    158  (436) 143 *
 2094    7.8  6.9  2.5  NP_61     264806 265258 (165169) + Gypsy-12_DSim-LTR                            LTR/Gypsy                           1    594    (0) 144 *
35389    3.4  0.6  0.5  NP_61     265236 269527 (160900) + Gypsy-12_DSim-I                              LTR/Gypsy                           2   4300  (483) 145  
  235   13.8  0.0 11.4  NP_61     269908 269956 (160471) + Gypsy-10_DMoj-LTR                            LTR/Gypsy                         108    151 (2875) 146  
  310   29.1  7.0  0.7  NP_61     270062 270189 (160238) + Gypsy16-I_Dya                                LTR/Gypsy                         196    331 (4492) 147  
  391   17.9  3.1 12.3  NP_61     270341 270499 (159928) + Gypsy-10_DMoj-LTR                            LTR/Gypsy                         546    691 (2335) 146  
 1762   32.7  0.8  0.9  NP_61     271075 271883 (158544) + HMSBEAGLE_I                                  LTR/Gypsy                         892   2113 (4416) 148  
 8934   26.9  1.0  1.0  NP_61     272092 275568 (154859) + Gypsy-53_DEl-I                               LTR/Gypsy                           1   5159 (1386) 149  
 3934   27.8  3.0  2.4  NP_61     275554 277265 (153162) + Gypsy-53_DEl-I                               LTR/Gypsy                        2325   4047  (342) 149 *
18119    2.4  1.0  0.5  NP_61     277744 279912 (150515) + STALKER4_I                                   LTR/Gypsy                         812   3182 (3348) 150  
 2415   13.8  1.0  2.5  NP_61     279913 280320 (150107) + GTWIN_LTR                                    LTR/Gypsy                           1    402   (93) 151  
 2931    7.2  0.0  1.5  NP_61     280477 280873 (149554) + DM412_I                                        LTR/Gypsy                        2285   2675 (3802) 152  
 1496   19.0  8.2  2.1  NP_61     280874 281238 (149189) + Gypsy_LTR                                    LTR/Gypsy                           1    387   (95) 153  
  758   14.8 26.0  1.0  NP_61     281329 281574 (148853) + GTWIN_I                                      LTR/Gypsy                           1    307 (6200) 154  
16343   15.5  0.6  0.5  NP_61     281609 285722 (144705) + GTWIN_I                                      LTR/Gypsy                         700   5021 (1486) 154  
12070   10.0  0.5  0.5  NP_61     285783 287690 (142737) + GTWIN_I                                      LTR/Gypsy                        4921   6420    (1) 154  
24423    1.2  0.4  0.1  NP_61     287848 290621 (139806) + STALKER4_I                                   LTR/Gypsy                        3179   5961  (569) 155  
20797    0.1  0.1  0.0  NP_61     290629 292865 (137562) + Helena_Ds                                   LINE/Jockey   2673   4912    (0) 156  
 4827    2.5  0.9  0.3  NP_61     292861 293492 (136935) + STALKER4_I                                   LTR/Gypsy                        5895   6530    (0) 155 *
 3166    4.0  0.5  0.0  NP_61     293493 293869 (136558) + STALKER4_LTR                                 LTR/Gypsy                           1    379   (23) 155  
 1699    8.1  0.0  0.0  NP_61     293917 294138 (136289) + GTWIN_I                                      LTR/Gypsy                         424    645 (6845) 154  
  275   11.6  4.7  0.0  NP_61     294128 294170 (136257) + NOMAD_LTR                                    LTR/Gypsy                         101    145  (373) 157 *
  447   25.4 14.7  0.9  NP_61     294199 294437 (135990) + Gypsy-3_DSe-LTR                              LTR/Gypsy                         100    377    (2) 158  
  767   17.6  6.5  7.2  NP_61     294608 294810 (135617) + NOMAD_LTR                                    LTR/Gypsy                         188    518    (0) 157 *
17795    6.0  0.5  2.2  NP_61     294792 297093 (133334) + NOMAD_I                                      LTR/Gypsy                           1   2257 (4315) 159  
28378   11.7  2.8  1.6  NP_61     298127 303124 (127303) + NOMAD_I                                      LTR/Gypsy                        2258   7528   (11) 159  
  239    6.2  0.0  0.0  NP_61     303125 303156 (127271) + NOMAD_LTR                                    LTR/Gypsy                           1     32  (486) 159  
  433   23.4 16.8  0.9  NP_61     303190 303427 (127000) + Gypsy-3_DSe-LTR                              LTR/Gypsy                          96    377    (2) 160  
  708   21.8  4.7  5.8  NP_61     303601 303790 (126637) + NOMAD_LTR                                    LTR/Gypsy                         331    518    (0) 161  
 2265   11.5  9.7  1.1  NP_61     303791 304215 (126212) + ZAM_I                                        LTR/Gypsy                         949   1410 (6080) 162  
45737    6.4  1.5  0.2  NP_61     304216 310511 (119916) + ZAM_I                                        LTR/Gypsy                           1   7488    (2) 162  
  261   24.0  7.9  0.9  NP_61     310512 310583 (119844) + ZAM_LTR                                      LTR/Gypsy                         394    472    (0) 162  
 5565   10.0  0.8  5.6  NP_61     310585 311504 (118923) + Gypsy8_I                                     LTR/Gypsy                        2451   3328 (1019) 163  
 2674   20.1  6.5  6.1  NP_61     311498 312971 (117456) + Gypsy8_I                                     LTR/Gypsy                        3407   4093  (254) 163 *
 2586    3.2  0.3  3.1  NP_61     312972 313297 (117130) + NINJA_LTR                                    LTR/Pao                             1    317    (0) 164  
 7302    5.9  3.7  0.7  NP_61     313299 314450 (115977) + NINJA_I                                      LTR/Pao                          1690   2947 (3064) 164 *
 9797    1.9  0.1  0.2  NP_61     314435 315561 (114866) + NINJA_I                                      LTR/Pao                          4886   6011    (0) 164  
 2575    3.8  0.0  2.2  NP_61     315562 315884 (114543) + NINJA_LTR                                    LTR/Pao                             1    316    (1) 164  
 1238    8.9  1.0  2.1  NP_61     315900 316094 (114333) + Gypsy8_I                                     LTR/Gypsy                        5251   5443    (1) 163 *
 1664    4.8  0.6  0.7  NP_61     316065 316313 (114114) + Gypsy-13_DSim-LTR                            LTR/Gypsy                           1    314  (457) 163 *
 8063    4.0  1.1  0.1  NP_61     316299 317261 (113166) C R1_DSi                                      LINE/R1        (5)   5429   4457 165  
 5035    4.4  0.0  2.1  NP_61     317271 317901 (112526) C R1_DSi                                      LINE/R1     (3417)   2017   1400 165  
 4856    8.8 12.4  6.2  NP_61     317901 318912 (111515) C R1_DSi                                      LINE/R1     (4350)   1084      9 165 *
 4777    8.6  0.6  0.2  NP_61     318896 319525 (110902) C R1_DM                                       LINE/R1      (406)   4950   4318 166 *
 6442    2.9  0.1  0.5  NP_61     319561 320315 (110112) C R1_DSi                                      LINE/R1     (3167)   2267   1516 167  
 1969   10.9  4.1  0.0  NP_61     320316 320609 (109818) C R1_DM                                       LINE/R1     (4742)    614    309 168  
 1057   13.1 11.6  5.1  NP_61     320599 320839 (109588) C R1_DSi                                      LINE/R1     (5170)    264      9 169 *
  338   14.0  1.7  1.7  NP_61     320823 320871 (109556) C R1_DSe                                      LINE/R1      (409)   5008   4960 170 *
 1986    4.0  2.3  4.7  NP_61     320872 321135 (109292) + BLOOD_LTR                                    LTR/Gypsy                           1    258  (141) 171  
  229   18.5  9.1  7.9  NP_61     321115 321202 (109225) + BLOOD_LTR                                    LTR/Gypsy                         304    392   (32) 172 *
51976    2.2  2.1  1.2  NP_61     321266 328160 (102267) + BLOOD_I                                      LTR/Gypsy                           1   6613    (0) 172  
 4416    9.2  0.7  0.0  NP_61     328225 328813 (101614) C R1_DM                                       LINE/R1      (446)   4910   4318 173  
 5596    3.3  0.6  0.6  NP_61     328846 329520 (100907) C R1_DSi                                      LINE/R1     (3162)   2272   1598 174  
 7489    7.3  9.9  4.7  NP_61     329521 330834  (99593) C R1_DSi                                      LINE/R1     (4043)   1391      9 174  
 2318    8.1  1.3  0.0  NP_61     330818 331125  (99302) C R1_DSi                                      LINE/R1      (411)   5023   4712 174 *
  426   10.5  0.0  0.0  NP_61     331126 331182  (99245) C R1_DM                                       LINE/R1      (982)   4374   4318 175  
10218    4.9  4.0  0.3  NP_61     331218 332525  (97902) C R1_DSi                                      LINE/R1     (3162)   2272    917 176  
 1901   11.4  4.1  0.0  NP_61     332535 332824  (97603) C R1_DM                                       LINE/R1     (4746)    610    309 177  
 1082   12.6 10.7  5.5  NP_61     332814 333057  (97370) C R1_DSi                                      LINE/R1     (5170)    264      9 176 *
 4563    9.3  1.0  0.0  NP_61     333034 333648  (96779) C R1_DSi                                      LINE/R1      (404)   5030   4410 176 *
 9992    4.4  0.7  0.6  NP_61     333648 334864  (95563) C R1_DSi                                      LINE/R1     (3309)   2125    908 178  
 1796   12.0  4.8  0.3  NP_61     334864 335155  (95272) C R1_DM                                       LINE/R1     (4743)    613    309 179 *
 1052   13.6 11.7  4.2  NP_61     335145 335366  (95061) C R1_DSi                                      LINE/R1     (5170)    264     27 180 *
 4734    8.8  0.8  0.3  NP_61     335370 335999  (94428) C R1_DM                                       LINE/R1      (406)   4950   4318 181  
13130    7.2  4.3  1.4  NP_61     336028 338079  (92348) C R1_DSi                                      LINE/R1     (3162)   2272     30 182  
 4071    9.3  6.7  0.2  NP_61     338084 338677  (91750) C R1_DM                                       LINE/R1      (406)   4950   4318 183  
 7224    3.7  0.2  0.6  NP_61     338711 339581  (90846) C R1_DSi                                      LINE/R1     (3167)   2267   1400 184  
 2485    4.0  0.0  0.0  NP_61     339581 339882  (90545) C R1_DSi                                      LINE/R1     (4350)   1084    783 184 *
 1958   11.1  4.0  0.0  NP_61     339887 340183  (90244) C R1_DM                                       LINE/R1     (4739)    617    309 185  
 1076   13.4 10.6  5.9  NP_61     340173 340417  (90010) C R1_DSi                                      LINE/R1     (5170)    264      9 186 *
 2114    8.6  0.0  0.0  NP_61     340401 340678  (89749) C R1_DSi                                      LINE/R1      (411)   5023   4746 186  
 1209    4.3  0.0  0.0  NP_61     340679 340819  (89608) C R1_DM                                       LINE/R1      (800)   4556   4416 187  
34269    7.8  2.2  0.4  NP_61     340820 346739  (83688) + Gypsy-13_DSim-I                              LTR/Gypsy                           1   5203 (2694) 188  
37734    0.5  0.3  0.2  NP_61     346740 350956  (79471) + DOC6_DM                                     LINE/Jockey      1   4222    (0) 189  
 4364   16.2  2.3  8.7  NP_61     351163 353250  (77177) + Gypsy-13_DSim-I                              LTR/Gypsy                        2481   5444    (0) 190 *
 4958   13.4  4.8  3.3  NP_61     353218 354467  (75960) + Gypsy-13_DSim-LTR                            LTR/Gypsy                           1    829 (7068) 190  
  764   11.8  1.8  0.0  NP_61     354455 354564  (75863) C R1_DSe                                      LINE/R1      (929)   4488   4377 191 *
 7289    4.1  0.0  0.5  NP_61     354602 355478  (74949) C R1_DSi                                      LINE/R1     (3162)   2272   1400 192  
 2436    6.5  0.0  2.5  NP_61     355478 355810  (74617) C R1_DSi                                      LINE/R1     (4350)   1084    760 192 *
 1783   11.0  6.5  0.3  NP_61     355790 356080  (74347) C R1_DM                                       LINE/R1     (4739)    617    309 193 *
 1101   12.2 11.7  4.2  NP_61     356070 356291  (74136) C R1_DSi                                      LINE/R1     (5170)    264     27 192 *
 4653    8.9  0.9  0.3  NP_61     356295 356923  (73504) C R1_DM                                       LINE/R1      (406)   4950   4318 194  
 7281    3.6  0.3  0.5  NP_61     356953 357827  (72600) C R1_DSi                                      LINE/R1     (3162)   2272   1399 195  
 4488   13.4  4.7  3.8  NP_61     357826 358833  (71594) C R1_DSe                                      LINE/R1     (4350)   1067    369 196 *
  594   13.3  0.0  1.1  NP_61     358802 358892  (71535) C R1_DSe                                      LINE/R1      (450)   4984   4895 196 *
 1193    9.3  0.0  1.9  NP_61     358898 359062  (71365) C R1_DM                                       LINE/R1      (877)   4479   4318 197  
 8437    4.8  0.6  0.5  NP_61     359095 360129  (70298) C R1_DSi                                      LINE/R1     (3162)   2272   1237 198  
 1612   13.3  5.8  5.0  NP_61     360134 360604  (69823) C R1_DM                                       LINE/R1     (4760)    596     29 199  
 4447    7.9  1.2  0.0  NP_61     360606 361188  (69239) C R1_DM                                       LINE/R1      (449)   4907   4318 200  
 7586    6.6  3.0  0.6  NP_61     361223 362257  (68170) C R1_DSi                                      LINE/R1     (3162)   2272   1213 201  
 1815   12.5  4.0  5.3  NP_61     362263 362821  (67606) C R1_DM                                       LINE/R1     (4686)    748    309 200  
10957    7.2  2.1  2.5  NP_61     362822 364413  (66014) C R1_DSi                                      LINE/R1     (2613)   2821   1237 202  
 1431    8.4  5.7  4.0  NP_61     364417 364664  (65763) C R1_DSe                                      LINE/R1     (4779)    638    387 203  
  905   14.2 12.6  5.5  NP_61     364649 364871  (65556) C R1_DM                                       LINE/R1     (5170)    264     27 200 *
 4658    8.4  0.8  1.3  NP_61     364864 365501  (64926) C R1_DSi                                      LINE/R1      (404)   4952   4318 204  
 6460   11.5  6.4  4.4  NP_61     365529 367200  (63227) C R1_DSi                                      LINE/R1     (1767)   3667   1114 204 *
13561    9.3  7.1  1.9  NP_61     367190 370051  (60376) C R1_DSi                                      LINE/R1      (406)   4950      9 204  
 4043    9.3  6.9  0.8  NP_61     370035 370631  (59796) C R1_DM                                       LINE/R1      (406)   4950   4318 205 *
13021    7.5  4.2  1.4  NP_61     370662 372708  (57719) C R1_DSi                                      LINE/R1     (3162)   2272     27 206  
 4375   10.0  3.9  0.0  NP_61     372712 373320  (57107) C R1_DSi                                      LINE/R1      (411)   5023   4391 207  
12374    2.7  0.1  0.0  NP_61     373356 374777  (55650) C R1_DSi                                      LINE/R1     (3162)   2272    850 208  
  989   14.8  2.3  0.0  NP_61     374813 374988  (55439) C R1_DSi                                      LINE/R1     (4868)    488    309 209  
  530   11.9 20.6  7.0  NP_61     374978 375103  (55324) C R1_DSi                                      LINE/R1     (5170)    264    123 210 *
 4477    9.2  6.5  1.0  NP_61     375084 375933  (54494) C R1_DSi                                      LINE/R1     (4161)   1273     15 209  
 1040   12.8 12.1  5.5  NP_61     375923 376146  (54281) C R1_DSi                                      LINE/R1     (5170)    264     27 209 *
19359    3.9  1.8  0.0  NP_61     376150 378484  (51943) C R1_DSi                                      LINE/R1      (411)   5023   2649 211  
10368    2.8  1.4  0.0  NP_61     378506 379726  (50701) C R1_DSi                                      LINE/R1     (1796)   3638   2401 212  
 1292    8.0  1.0  7.3  NP_61     379732 380000  (50427) + Gypsy-3_DSe-LTR                              LTR/Gypsy                           1    379    (0) 213  
 1166   16.6  1.9  8.5  NP_61     380134 380396  (50031) + Gypsy-3_DSe-I                                LTR/Gypsy                           1    247 (7126) 213  
 2974   12.9  2.9  0.2  NP_61     380397 380915  (49512) + DM412_I                                        LTR/Gypsy                         642   1174 (5303) 214  
 3385    7.5  1.0  1.9  NP_61     380916 381401  (49026) + DM412_LTR                                   LTR/Gypsy                           1    482   (89) 215  
 8080   13.2  3.9  2.7  NP_61     381404 383426  (47001) + DM412_I                                        LTR/Gypsy                           3   2109 (4368) 216  
  887    3.1  0.6 21.6  NP_61     383423 383584  (46843) + Gypsy-8_DSim-I                               LTR/Gypsy                        5179   5312  (100) 217 *
 2564   13.3  9.0  0.8  NP_61     383781 384257  (46170) + MDG1_I                                       LTR/Gypsy                          69    584 (6012) 218  
  232   15.0  0.0  0.0  NP_61     384259 384298  (46129) + MDG1_I                                       LTR/Gypsy                         506    545 (6051) 218  
  732   20.3  2.7 12.9  NP_61     384356 385143  (45284) + MDG1_I                                       LTR/Gypsy                         599   1796   (27) 218  
 3868    0.2  0.0  0.0  NP_61     385144 385567  (44860) + Stalker2_LTR                                 LTR/Gypsy                           1    424    (0) 219  
 9642    0.8  1.4  2.6  NP_61     385574 386732  (43695) + Stalker2_I                                   LTR/Gypsy                           1   1145 (6251) 219  
 3935    0.9  0.2  0.0  NP_61     386955 387414  (43013) + Stalker2_I                                   LTR/Gypsy                        1126   1586 (5810) 219  
40684    3.2  0.8  0.3  NP_61     387613 392801  (37626) + Stalker2_I                                   LTR/Gypsy                        1568   7073   (95) 219  
  309    6.8  2.3  0.0  NP_61     392798 392841  (37586) + Stalker2_I                                   LTR/Gypsy                        6486   6530    (0) 219 *
 3868    0.2  0.0  0.0  NP_61     392842 393265  (37162) + Stalker2_LTR                                 LTR/Gypsy                           1    424    (0) 219  
33709    8.1  1.3  0.8  NP_61     393280 398946  (31481) + TABOR_I                                      LTR/Gypsy                           1   6336    (0) 220  
47282    3.8  1.1  1.3  NP_61     398947 405868  (24559) + TABOR_I                                      LTR/Gypsy                           1   6336    (0) 220  
 4117    0.8  0.6  6.8  NP_61     406645 407156  (23271) + DM412_LTR                                   LTR/Gypsy                           1    482   (89) 221  
 5145    1.0  0.4  0.2  NP_61     407157 407726  (22701) + DM412_I                                        LTR/Gypsy                           1    561 (5916) 222  
53324    0.4  0.3  0.7  NP_61     407727 414208  (16219) + DM412_I                                        LTR/Gypsy                           1   6477    (0) 222  
 3100   11.3  1.2  0.6  NP_61     414644 415122  (15305) + DM412_LTR                                   LTR/Gypsy                           1    482   (89) 223  
  360   26.4  5.6  4.2  NP_61     415273 415414  (15013) C REP-1_DTa                                    Other/Other                    (2140)    276    133 224  
  297   24.1  3.4  2.2  NP_61     415441 415529  (14898) + Gypsy5_I                                     LTR/Gypsy                        3985   4074 (2435) 225  
  724   13.0 24.9  0.0  NP_61     415560 415756  (14671) C DNAREP1_DSim                                 RC/Helitron                      (20)    672    427 226  
  662    5.9 21.4  1.4  NP_61     415749 415903  (14524) C DNAREP1_DSim                                 RC/Helitron                      (97)    497    305 227 *
  298    5.6  0.0  0.0  NP_61     417893 417928  (12499) C Hoyak2                                       DNA/hAT-Ac                     (2525)     36      1 228 *
 2733   16.3  9.6  1.8  NP_61     417897 418503  (11924) C DNAREP1_DSim                                 RC/Helitron                       (0)    692     40 229  
 2088   18.0  1.7  3.3  NP_61     418939 419374  (11053) + Gypsy1-LTR_DM                                LTR/Gypsy                           2    392   (16) 230  
34225   17.0  0.9  1.4  NP_61     419414 426615   (3812) + Gypsy1-I_DM                                  LTR/Gypsy                           1   7154  (254) 230  
  227   15.4  0.0  0.0  NP_61     427676 427714   (2713) C Hoyak2                                       DNA/hAT-Ac                     (2522)     39      1 231 *
 1975    7.1  9.9  7.3  NP_61     427681 428142   (2285) C DNAREP1_DM                                   RC/Helitron                       (0)    692      1 232  
  576   20.3 15.8  2.0  NP_61     430160 430408     (19) + DNAREP1_DSim                                 RC/Helitron                       125    555   (39) 233  
