   SW   perc perc perc  query     position in query        matching                                     repeat                           position in repeat
score   div. del. ins.  sequence  begin  end      (left)   repeat                                       class/family                   begin  end    (left)   ID

 8704    6.5  1.9  1.6  NP_60          1   1792 (395225) C DM297_I                                      LTR/Gypsy                      (4608)   1559      1    1  
  907   21.9  4.8  2.8  NP_60       1895   2221 (394796) + Gypsy5_I                                     LTR/Gypsy                         245    450 (6059)    2 *
 3720   24.1  2.7  1.1  NP_60       2214   3151 (393866) + Gypsy5_I                                     LTR/Gypsy                         909   1861 (4648)    2 *
 8395   18.2  1.7  0.3  NP_60       3136   4643 (392374) + Gypsy5_I                                     LTR/Gypsy                        2111   3639 (2870)    2  
 1365   17.1  1.1  1.9  NP_60       4644   4911 (392106) C Invader2_LTR                                 LTR/Gypsy                         (0)    266      1    3  
38174    3.2  0.2  0.4  NP_60       4912   9513 (387504) C Invader2_I                                   LTR/Gypsy                         (0)   4592      1    3  
 1390   15.3  1.5  4.5  NP_60       9514   9787 (387230) C Invader2_LTR                                 LTR/Gypsy                         (0)    266      1    3  
 3125    4.8  0.5  0.0  NP_60       9796  10172 (386845) + STALKER4_LTR                                 LTR/Gypsy                           1    379   (23)    4  
  758   22.6 14.4  1.8  NP_60      10222  10582 (386435) + Gypsy-31_DYa-I                               LTR/Gypsy                        3326   3695 (2593)    5  
  341   30.5  5.2  2.9  NP_60      11048  11575 (385442) + Gypsy-31_DYa-I                               LTR/Gypsy                        5824   6577  (585)    5  
  280   20.3 14.2  5.6  NP_60      12021  12153 (384864) + Gypsy-31_DYa-I                               LTR/Gypsy                        7027   7165  (403)    5  
 3077   13.6  1.6  3.3  NP_60      12449  13161 (383856) C Gypsy-13_DSim-LTR                            LTR/Gypsy                         (2)    769    200    6  
 1459   19.7 12.4  2.8  NP_60      16581  17062 (379955) + Gypsy-3_DSe-I                                LTR/Gypsy                         697   1197 (6176)    7  
  383   25.5  0.0  0.0  NP_60      17269  17362 (379655) + Gypsy-3_DSe-I                                LTR/Gypsy                        1376   1469 (5904)    7  
 2454   13.5  2.4  0.9  NP_60      17363  17782 (379235) + DM412_LTR                                   LTR/Gypsy                           1    426  (145)    8  
 5522   12.8  4.1  2.7  NP_60      17841  18872 (378145) + DM412_I                                        LTR/Gypsy                           1   1040 (5437)    9  
  699    4.4  2.2  1.7  NP_60      18875  18996 (378021) C G4_DM                                       LINE/Jockey    (0)   3856   3768   10  
  232    9.4  0.0  0.0  NP_60      19053  19084 (377933) + Gypsy16-LTR_Dya                              LTR/Gypsy                          52     83  (342)   11  
  260   24.4  2.4  3.6  NP_60      19395  19479 (377538) + Gypsy-10_DMoj-LTR                            LTR/Gypsy                          91    174 (2852)   12  
  403   18.3  8.9  8.9  NP_60      19884  20063 (376954) + Gypsy-10_DMoj-LTR                            LTR/Gypsy                         515    694 (2332)   12  
 1657   31.8  0.8  1.1  NP_60      20412  21047 (375970) + Gypsy2-I_DM                                  LTR/Gypsy                         808   1441 (5104)   13  
  518   26.2  6.0  4.1  NP_60      21094  21390 (375627) + Gypsy2-I_DM                                  LTR/Gypsy                        2649   2871 (3658)   13  
 1587   24.0  2.5  2.7  NP_60      21438  21907 (375110) + Gypsy_I                                      LTR/Gypsy                         727   1168 (3655)   14  
  331    5.1  0.0  0.0  NP_60      21905  21943 (375074) + Gypsy-1_DSe-I                                LTR/Gypsy                        5179   5217  (195)   15 *
 3682    2.1  1.2  0.2  NP_60      21958  22385 (374632) + Gypsy-1_DSe-I                                LTR/Gypsy                        5997   6428    (0)   15  
 1390   12.2 11.1  4.2  NP_60      22389  22722 (374295) + Gypsy-1_DSe-LTR                              LTR/Gypsy                           3    358    (0)   15  
24381    3.9  1.7  1.7  NP_60      22723  26015 (371002) + Gypsy-1_DSe-I                                LTR/Gypsy                           1   3868 (2560)   15  
 4432    9.4 18.9  1.0  NP_60      26023  26984 (370033) C LINEJ1_DM                                   LINE/Jockey    (0)   5020   3888   16 *
16629    3.3  1.1  4.7  NP_60      26710  28907 (368110) + Gypsy-1_DSe-I                                LTR/Gypsy                        3732   5853  (575)   17 *
20140    1.2  0.1  0.1  NP_60      28906  31099 (365918) C LINEJ1_DM                                   LINE/Jockey   (87)   4933   2740   18  
 4739    0.4  3.5  0.0  NP_60      31100  31638 (365379) C ACCORD_LTR                                   LTR/Gypsy                         (0)    558      1   19  
  284   18.2 12.5  2.9  NP_60      31598  31626 (365391) + noCat_dsim_final-B-P113.23-Map3_novel_repeat DNA/RC                     709    746  (117)   20 *
 4781    1.1  0.1  0.5  NP_60      31627  32168 (364849) C ACCORD_I                                     LTR/Gypsy                         (0)   6288   5760   21 *
17451    0.7  0.2  0.2  NP_60      32148  34104 (362913) C ACCORD_I                                     LTR/Gypsy                      (4331)   1957      1   21  
 4740    0.4  3.3  0.4  NP_60      34105  34646 (362371) C ACCORD_LTR                                   LTR/Gypsy                         (0)    558      1   21  
11183    1.2  0.2  0.2  NP_60      34647  35869 (361148) C LINEJ1_DM                                   LINE/Jockey (2277)   2743   1521   22  
  414    0.0  0.0  0.0  NP_60      35868  35911 (361106) C LINEJ1_DM                                   LINE/Jockey  (864)   4156   4113   23 *
39308   11.3  0.6  0.0  NP_60      35948  41427 (355590) + Gypsy_I                                      LTR/Gypsy                        1003   6507    (0)   14  
  290   13.2  7.5  0.0  NP_60      41385  41417 (355600) C Gypsy-31_DWil-I                              LTR/Gypsy                      (7010)    631    595   24 *
 1547   18.2  8.2  2.1  NP_60      41418  41782 (355235) + Gypsy_LTR                                    LTR/Gypsy                           1    387   (95)   14  
  348   13.8  3.2  0.8  NP_60      41924  42001 (355016) + Gypsy-5_DSim-I                               LTR/Gypsy                        7096   7165  (403)   25  
 2894   14.1  2.4  3.6  NP_60      42304  43002 (354015) C Gypsy-13_DSim-LTR                            LTR/Gypsy                         (2)    769    200   26  
 1503   20.4 11.4  3.0  NP_60      46298  46797 (350220) + Gypsy-3_DSe-I                                LTR/Gypsy                         657   1197 (6176)   27  
  401   23.7  1.1  0.0  NP_60      47009  47101 (349916) + Gypsy-3_DSe-I                                LTR/Gypsy                        1376   1469 (5904)   27  
 2414   14.8  2.8  2.3  NP_60      47102  47550 (349467) + DM412_I                                        LTR/Gypsy                           1    426  (145)   28  
 5522   13.0  4.0  2.4  NP_60      47579  48608 (348409) + DM412_I                                        LTR/Gypsy                           1   1040 (5437)   28  
  705    2.8  1.1  1.2  NP_60      48611  48719 (348298) C G4_DM                                       LINE/Jockey    (1)   3855   3768   29  
  240   11.4  0.0  0.0  NP_60      48785  48819 (348198) + Gypsy16-LTR_Dya                              LTR/Gypsy                          49     83  (342)   30  
  257   18.8  3.0  4.5  NP_60      49130  49196 (347821) + Gypsy-10_DMoj-LTR                            LTR/Gypsy                          91    156 (2870)   31  
  258   10.7 24.6  1.4  NP_60      49731  49787 (347230) + Gypsy-10_DMoj-LTR                            LTR/Gypsy                         625    694 (2332)   31  
 1559   31.8  1.3  1.1  NP_60      50110  50742 (346275) + Gypsy2-I_DM                                  LTR/Gypsy                         808   1441 (5104)   32  
  480   26.4  6.9  3.8  NP_60      50788  51081 (345936) + Gypsy2-I_DM                                  LTR/Gypsy                        2649   2871 (3658)   32  
 1568   23.9  2.7  2.7  NP_60      51129  51597 (345420) + Gypsy16-I_Dya                                LTR/Gypsy                         727   1168 (3655)   33  
  331    5.1  0.0  0.0  NP_60      51595  51633 (345384) + Gypsy-1_DSe-I                                LTR/Gypsy                        5179   5217  (195)   34 *
 3657    2.6  1.2  0.2  NP_60      51648  52075 (344942) + Gypsy-1_DSe-I                                LTR/Gypsy                        5997   6428    (0)   34  
  767    7.8  2.8 20.4  NP_60      52098  52275 (344742) + Gypsy-1_DSe-LTR                              LTR/Gypsy                         207    358    (0)   35  
20663    9.1  1.9  0.9  NP_60      52276  56704 (340313) + Gypsy-1_DSe-I                                LTR/Gypsy                           1   4745 (1683)   35  
 3206    3.2  0.0  0.0  NP_60      58026  58395 (338622) + Gypsy-1_DSe-I                                LTR/Gypsy                        5988   6357   (71)   35  
  225   26.2  8.3  4.7  NP_60      59621  59764 (337253) + Gypsy-1_DSim-I                               LTR/Gypsy                        2000   2148 (3303)   36  
 3733   31.8  0.9  1.2  NP_60      60636  62266 (334751) + Gypsy-1_DSim-I                               LTR/Gypsy                        2110   4406 (2437)   36  
 1285   32.2  4.6  4.0  NP_60      62321  63377 (333640) + Gypsy-1_DSim-I                               LTR/Gypsy                        4680   5921 (1241)   36  
  251   14.5  6.3  1.5  NP_60      63732  63794 (333223) + Gypsy-1_DSim-I                               LTR/Gypsy                        5876   5941 (1627)   36  
  304   34.3  2.6  1.8  NP_60      64025  64405 (332612) + Gypsy-1_DSim-I                               LTR/Gypsy                        6483   6827  (663)   36  
 3052    2.8  5.4  0.7  NP_60      64428  64819 (332198) + DM297_LTR                                    LTR/Gypsy                           5    414    (0)   37  
  232   15.0  2.0  8.3  NP_60      64798  64819 (332198) + Gypsy-15_DEl-I                               LTR/Gypsy                         153    171 (6008)   38 *
50964    2.4  1.4  0.3  NP_60      64820  70919 (326098) + DM297_I                                      LTR/Gypsy                           1   6930  (152)   37  
 3339    2.9  1.0  1.2  NP_60      70920  71334 (325683) + DM297_LTR                                    LTR/Gypsy                           1    414    (0)   39  
 1471   30.5  0.9  5.7  NP_60      71335  71967 (325050) + Gypsy-1_DSim-I                               LTR/Gypsy                        5029   5631  (416)   36  
  468    3.5  0.0  0.0  NP_60      71995  72051 (324966) C Gypsy11_LTR                                  LTR/Gypsy                       (395)     57      1   40  
 6567   18.9  0.8  0.5  NP_60      72052  73431 (323586) C DM412_I                                        LTR/Gypsy                       (247)   7149   5030   41  
 2113   11.6  1.1  4.1  NP_60      73492  73869 (323148) + Gypsy-28_DYa-LTR                             LTR/Gypsy                           1    367    (0)   42 *
 3101   10.4  0.7  6.7  NP_60      73851  74691 (322326) + Gypsy8-I_Dya                                 LTR/Gypsy                           1   1566 (8745)   42  
 4122    6.8  2.3  1.9  NP_60      74692  75559 (321458) + Gypsy-1_DSim-LTR                             LTR/Gypsy                           1    502   (20)   36  
10326    8.8  1.8  1.4  NP_60      75560  78688 (318329) + Gypsy-1_DSim-I                               LTR/Gypsy                           2   3240 (3782)   36  
 1268   13.7  3.2  4.3  NP_60      78689  79023 (317994) + Gypsy-6_DSim-LTR                             LTR/Gypsy                           1    367    (0)   43  
 5362    3.1  2.1  0.4  NP_60      79024  79694 (317323) + Gypsy-1_DSim-I                               LTR/Gypsy                        3230   3911 (3111)   44  
  249   34.0  0.0  0.0  NP_60      80063  80159 (316858) C Gypsy-8_DSe-I                                LTR/Gypsy                      (3463)   3018   2922   45  
 1027   11.3  8.3  1.6  NP_60      80220  80511 (316506) C Gypsy-1_DSim-I                               LTR/Gypsy                        (20)   7002   6841   46  
 4348    3.8  0.9  0.7  NP_60      80516  81070 (315947) C Gypsy-1_DSim-I                               LTR/Gypsy                       (317)   6705   6150   46  
45362    1.2  0.5  0.2  NP_60      81071  86429 (310588) + I_DM                                        LINE/I           1   5374    (0)   47  
18793    3.1  4.0  0.2  NP_60      86436  88783 (308234) C Gypsy-1_DSim-I                               LTR/Gypsy                       (862)   6160   3723   46 *
23720    3.6  0.4  0.3  NP_60      88765  91725 (305292) + Gypsy-1_DSim-I                               LTR/Gypsy                        2637   6705  (317)   48  
  971   12.0  6.6  1.7  NP_60      91730  92019 (304998) + Gypsy-1_DSim-LTR                             LTR/Gypsy                           1    161  (361)   48  
  249   34.0  0.0  0.0  NP_60      92080  92176 (304841) + Gypsy-8_DSe-I                                LTR/Gypsy                        2922   3018 (3463)   49  
 3852   30.2  4.5  3.0  NP_60      92524  94428 (302589) + Gypsy5_I                                     LTR/Gypsy                        2153   4085 (2424)   50  
  951   32.9  6.0  3.7  NP_60      94450  95852 (301165) + Gypsy5_I                                     LTR/Gypsy                        5137   6577  (585)   50  
  375   19.2  4.6  4.5  NP_60      96299  96448 (300569) + Gypsy5_I                                     LTR/Gypsy                        7027   7162    (0)   50  
 2924   13.4  2.2  3.8  NP_60      96718  97418 (299599) C Gypsy-13_DSim-LTR                            LTR/Gypsy                         (2)    769    200   51  
 1479   19.9 12.0  2.6  NP_60     100884 101367 (295650) + Gypsy-3_DSe-I                                LTR/Gypsy                         670   1197 (6176)   52  
  390   25.5  0.0  0.0  NP_60     101576 101669 (295348) + Gypsy-3_DSe-I                                LTR/Gypsy                        1376   1469 (5904)   52  
 2417   14.8  2.8  2.3  NP_60     101670 102118 (294899) + DM412_I                                        LTR/Gypsy                           1    426  (145)   53  
 5606   12.4  4.1  2.7  NP_60     102147 103178 (293839) + DM412_I                                        LTR/Gypsy                           1   1040 (5437)   53  
  711    4.3  1.2  1.7  NP_60     103181 103302 (293715) C G4_DM                                       LINE/Jockey    (0)   3856   3768   54  
  232    9.4  0.0  0.0  NP_60     103359 103390 (293627) + Gypsy16-LTR_Dya                              LTR/Gypsy                          52     83  (342)   55  
  255   16.4  3.5  5.3  NP_60     103709 103766 (293251) + Gypsy-10_DMoj-LTR                            LTR/Gypsy                         100    156 (2870)   56  
  376   18.4  2.0 10.7  NP_60     104190 104341 (292676) + Gypsy-10_DMoj-LTR                            LTR/Gypsy                         515    654 (2372)   56  
 1672   31.6  0.8  1.1  NP_60     104712 105347 (291670) + Gypsy2-I_DM                                  LTR/Gypsy                         808   1441 (5104)   57  
  480   23.9  4.9  3.3  NP_60     105795 106012 (291005) + Gypsy2-I_DM                                  LTR/Gypsy                        2048   2234 (2506)   57  
 1531   24.1  3.0  2.5  NP_60     106060 106526 (290491) + Gypsy16-I_Dya                                LTR/Gypsy                         727   1168 (3655)   58  
  331    5.1  0.0  0.0  NP_60     106524 106562 (290455) + Gypsy-1_DSe-I                                LTR/Gypsy                        5179   5217  (195)   59 *
 3682    2.1  1.2  0.2  NP_60     106577 107004 (290013) + Gypsy-1_DSe-I                                LTR/Gypsy                        5997   6428    (0)   59  
 1222    9.9 17.4  6.2  NP_60     107006 107327 (289690) + Gypsy-1_DSe-LTR                              LTR/Gypsy                           3    358    (0)   59  
23010    3.0  1.6  0.1  NP_60     107328 110024 (286993) + Gypsy-1_DSe-I                                LTR/Gypsy                           1   2719 (3709)   59  
 1659    2.6  0.0  1.0  NP_60     110015 110211 (286806) + Gypsy-1_DSe-I                                LTR/Gypsy                        3874   4068 (2360)   59 *
10385    2.9  0.8  1.7  NP_60     110227 111705 (285312) + Gypsy-1_DSe-I                                LTR/Gypsy                        4156   5679  (749)   59  
 1757    3.5  0.0  0.0  NP_60     111706 111908 (285109) + Copia1-LTR_DM                                LTR/Copia                           1    203    (0)   60  
37135    1.0  0.3  0.1  NP_60     111909 116021 (280996) + Copia1-I_DM                                  LTR/Copia                           1   4124    (0)   60  
 1757    3.5  0.0  0.0  NP_60     116022 116224 (280793) + Copia1-LTR_DM                                LTR/Copia                           1    203    (0)   60  
 6005    2.5  0.1  0.0  NP_60     116225 116906 (280111) + Gypsy-1_DSe-I                                LTR/Gypsy                        5675   6357   (71)   59  
 2225    1.6  0.8  0.0  NP_60     116907 117160 (279857) C STALKER4_LTR                                 LTR/Gypsy                       (146)    256      1   61  
 7165    2.6  7.7  1.6  NP_60     117161 118122 (278895) C STALKER4_I                                   LTR/Gypsy                         (0)   6530   5510   61  
  244   18.5  0.0  4.6  NP_60     118138 118205 (278812) C MDG1_I                                       LTR/Gypsy                      (5315)   1281   1217   62  
  488   10.1 10.8  0.8  NP_60     118387 118506 (278511) C MDG1_I                                       LTR/Gypsy                      (5354)   1242   1111   62  
 2584    8.8  3.2  0.0  NP_60     118650 119022 (277995) C DIVER2_LTR                                   LTR/Pao                           (0)    385      1   63  
 1459    8.9  3.6  0.0  NP_60     119023 119247 (277770) C MDG1_I                                       LTR/Gypsy                      (5544)   1052    820   62  
18575   11.9  0.9  1.9  NP_60     119317 122731 (274286) C BATUMI_I                                     LTR/Pao                        (2688)   5601   2010   64  
  821    0.7  0.3  1.1  NP_60     122739 134323 (262694) C 15mer_SAT                                    Satellite/Satellite               (5)  11493      1   65  
 4803    4.4 10.3  2.2  NP_60     134344 134979 (262038) C BATUMI_I                                     LTR/Pao                        (5992)   1971   1284   66  
 3289    1.4  0.0  0.0  NP_60     134980 135340 (261677) + BEL_LTR                                      LTR/Pao                             1    361    (0)   67 *
48766    0.9  0.8  0.1  NP_60     135337 140702 (256315) + BEL_I                                        LTR/Pao                             2   5404    (0)   67  
 3208    1.9  0.3  0.0  NP_60     140703 141062 (255955) + BEL_LTR                                      LTR/Pao                             1    361    (0)   67  
 3595    8.6  6.7  4.2  NP_60     141063 142264 (254753) C BATUMI_I                                     LTR/Pao                        (6676)   1287      1   66  
 1693    8.3  2.0  5.3  NP_60     142265 142556 (254461) C BATUMI_I                                     LTR/Pao                         (679)   7284   7002   68  
 1516    9.5 12.5  5.7  NP_60     142571 142883 (254134) C MDG1_I                                       LTR/Gypsy                      (5718)    878    546   69  
 4660    8.5  2.0  1.6  NP_60     142918 143641 (253376) + Gypsy-13_DSim-LTR                            LTR/Gypsy                           1    769    (2)   70  
 8854   17.8  1.6  0.8  NP_60     143642 145796 (251221) + Gypsy_I                                      LTR/Gypsy                        4064   6490   (17)   71  
  439   12.9  2.3  2.3  NP_60     145795 145881 (251136) + Gypsy_LTR                                    LTR/Gypsy                         319    405   (77)   72 *
 3330   11.8  4.2  2.5  NP_60     145860 146489 (250528) + Gypsy8_I                                     LTR/Gypsy                         509   1274 (5256)   73 *
 6079    3.2  8.0  0.0  NP_60     146487 147262 (249755) + Gypsy-13_DSim-I                              LTR/Gypsy                        3308   4145 (1299)   74  
 2470    9.0  5.4  2.1  NP_60     147263 147635 (249382) + DIVER2_LTR                                   LTR/Pao                             1    385    (0)   75  
 3553    6.7  0.8  3.5  NP_60     147636 148159 (248858) + Gypsy8_I                                     LTR/Gypsy                        2214   2723 (1624)   73  
  562    5.5  1.6  0.3  NP_60     148159 148221 (248796) + Gypsy-4_DSim-I                               LTR/Gypsy                         495    572 (5792)   76 *
 8185    4.7  3.4  1.1  NP_60     148222 149581 (247436) + Gypsy-11_DSim-I                              LTR/Gypsy                           1   1053 (5494)   77 *
26156    1.2  0.3  0.2  NP_60     149576 154868 (242149) C I_DM                                        LINE/I         (9)   5365      1   78  
  803    5.8  3.9  0.0  NP_60     154863 154965 (242052) + Gypsy-11_DSim-I                              LTR/Gypsy                        1031   1137 (5410)   79 *
38235    2.8  0.7  0.6  NP_60     154974 159454 (237563) + DMCR1A                                      LINE/CR1         2   4560    (0)   80 *
46990    2.8  0.8  0.1  NP_60     159440 164826 (232191) + Gypsy-11_DSim-I                              LTR/Gypsy                        1123   6547    (0)   79  
  241   14.6  0.0  0.0  NP_60     164795 164835 (232182) + Gypsy-4_DSim-I                               LTR/Gypsy                        6086   6126    (0)   81 *
 1776    4.7  1.9  0.7  NP_60     164827 165306 (231711) + Gypsy-4_DSim-I                               LTR/Gypsy                           1    795 (5569)   81  
 1733    0.5  0.0  0.0  NP_60     165306 165498 (231519) + Helena_Ds                                   LINE/Jockey   4703   4895   (17)   82 *
 1036    5.0  0.1  0.4  NP_60     165474 165607 (231410) + Gypsy-4_DSim-I                               LTR/Gypsy                         788    901 (5463)   81 *
 3031    1.4  0.3  3.0  NP_60     165608 165983 (231034) C LINEJ1_DM                                   LINE/Jockey    (0)   5020   4669   83 *
 7691    3.1  0.0  0.0  NP_60     165983 166895 (230122) + Gypsy-4_DSim-I                               LTR/Gypsy                         893   1805 (4559)   84  
  387   11.4  8.3  0.8  NP_60     166894 166994 (230023) + Gypsy_I                                      LTR/Gypsy                         236    390 (6117)   85 *
10909    2.4  0.2  0.6  NP_60     166998 168258 (228759) C LINEJ1_DM                                   LINE/Jockey    (0)   5020   3002   86  
 4859   11.6  1.8  0.8  NP_60     168230 168957 (228060) + Gypsy_I                                      LTR/Gypsy                         421   1155 (5352)   87 *
33586   11.7  1.2  0.0  NP_60     168940 173708 (223309) + Gypsy_I                                      LTR/Gypsy                        1677   6504    (3)   87  
  258   11.8 11.8  0.0  NP_60     173679 173709 (223308) C Gypsy-31_DWil-I                              LTR/Gypsy                      (7010)    631    595   88 *
 1430   19.6  8.2  2.6  NP_60     173710 174076 (222941) + Gypsy_LTR                                    LTR/Gypsy                           1    387   (95)   87  
 3150    4.3  0.5  0.0  NP_60     174169 174563 (222454) + DM412_I                                        LTR/Gypsy                        2672   3068 (3409)   89  
  386   10.4  2.1  0.0  NP_60     174557 174624 (222393) + IDEFIX_LTR                                   LTR/Gypsy                         318    391  (233)   90 *
40233   11.5  1.2  0.1  NP_60     174623 180370 (216647) C Gypsy_I                                      LTR/Gypsy                       (276)   6231    421   91  
10780    1.7  0.8  0.3  NP_60     180342 181560 (215457) + LINEJ1_DM                                   LINE/Jockey   3002   5007   (13)   92 *
  967   12.4  0.3  0.2  NP_60     181573 181723 (215294) + Gypsy_I                                      LTR/Gypsy                        6234   6504    (3)   93  
  305   11.5 13.1  0.0  NP_60     181677 181707 (215310) C Gypsy-31_DWil-I                              LTR/Gypsy                      (7010)    631    593   94 *
 1886   19.6  1.7  2.2  NP_60     181708 182114 (214903) + Gypsy_LTR                                    LTR/Gypsy                           1    405   (77)   93  
  939    8.6  1.6  0.0  NP_60     182185 182312 (214705) + STALKER4_LTR                                 LTR/Gypsy                         250    379   (23)   95  
 7631    9.7  4.8  1.8  NP_60     182500 183902 (213115) + Gypsy-3_DSe-I                                LTR/Gypsy                         285   1787 (4743)   96  
 2284    2.9  0.0  0.7  NP_60     183903 184180 (212837) + Copia_LTR                                    LTR/Copia                           1    276    (0)   97  
41415    0.3  0.2  0.1  NP_60     184181 188765 (208252) + Copia_I                                      LTR/Copia                           1   4590    (3)   97  
 2314    2.9  0.0  0.4  NP_60     188768 189044 (207973) + Copia_LTR                                    LTR/Copia                           1    276    (0)   97  
 2944    3.0  5.8  0.0  NP_60     189045 189405 (207612) + Gypsy-3_DSe-I                                LTR/Gypsy                        1783   2164 (4366)   96  
17966    1.8  0.9  0.9  NP_60     189424 191573 (205444) + Gypsy-3_DSe-I                                LTR/Gypsy                        4354   6504   (26)   96  
 1304    8.1  0.4  7.3  NP_60     191579 191848 (205169) + Gypsy-3_DSe-LTR                              LTR/Gypsy                           1    379    (0)   96  
  367   23.2  1.0  3.0  NP_60     191935 191999 (205018) C NOMAD_LTR                                    LTR/Gypsy                       (315)    203    141   98  
57349    4.2  1.5  1.0  NP_60     192000 199071 (197946) + Gypsy-3_DSe-I                                LTR/Gypsy                           1   7179  (194)   96  
  960    6.0  0.0  0.0  NP_60     199070 199186 (197831) + Gypsy-3_DSe-LTR                              LTR/Gypsy                         263    379    (0)   99 *
54630    3.6  0.9  0.5  NP_60     199278 205670 (191347) + Gypsy-3_DSe-I                                LTR/Gypsy                         764   7179  (194)  100  
  968    5.1  0.0  0.0  NP_60     205669 205785 (191232) + Gypsy-3_DSe-LTR                              LTR/Gypsy                         263    379    (0)  101 *
45804    3.7  1.8  0.5  NP_60     205877 212402 (184615) + Gypsy-3_DSe-I                                LTR/Gypsy                         764   7373    (0)  102  
 1304    8.2  0.2  6.5  NP_60     212403 212670 (184347) + Gypsy-3_DSe-LTR                              LTR/Gypsy                           1    379    (0)  102  
  354   21.0  1.2  1.2  NP_60     212757 212821 (184196) C NOMAD_LTR                                    LTR/Gypsy                       (315)    203    139  103  
 1056   18.1  3.5  7.3  NP_60     212822 213077 (183940) + Gypsy-3_DSe-I                                LTR/Gypsy                           1    247 (7126)  102 *
 7017    2.1  2.0  0.0  NP_60     213074 213880 (183137) + Gypsy-5_DSim-I                               LTR/Gypsy                        6340   7162    (0)  104  
  270   25.0  3.7  4.6  NP_60     213829 213880 (183137) C noCat_dsim_final-B-P113.23-Map3_novel_repeat DNA/RC                    (54)    809    759  105 *
 2596    6.0  0.5 10.3  NP_60     213881 214285 (182732) + Gypsy-5_DSim-LTR                             LTR/Gypsy                           1    369    (0)  106  
 9994    4.2  3.0  0.6  NP_60     214318 215532 (181485) C DIVER_I                                      LTR/Pao                        (4398)   1245      1  107  
 1309   10.5  0.4 12.5  NP_60     215554 215804 (181213) C DIVER_LTR                                    LTR/Pao                           (0)    224      1  107  
 3229    2.5  0.0  0.0  NP_60     215814 216175 (180842) + Gypsy-9_DSim-LTR                             LTR/Gypsy                           1    362    (0)  108  
  264   13.2  0.0  0.0  NP_60     216176 216211 (180806) + NOMAD_LTR                                    LTR/Gypsy                         110    145  (373)  109  
  470   22.4 16.4  0.7  NP_60     216259 216482 (180535) + Gypsy-3_DSe-LTR                              LTR/Gypsy                         114    377    (2)  110  
  672   23.2  2.6  4.3  NP_60     216642 216862 (180155) + Gypsy-3_DSe-LTR                              LTR/Gypsy                         188    518    (0)  102 *
46873    5.4  2.0  1.1  NP_60     216850 222738 (174279) + NOMAD_I                                      LTR/Gypsy                           1   5940  (632)  111  
 4452   20.6  1.4  4.0  NP_60     222745 224168 (172849) + NOMAD_I                                      LTR/Gypsy                        6032   7528   (11)  111  
  243    6.2  0.0  0.0  NP_60     224169 224200 (172817) + NOMAD_LTR                                    LTR/Gypsy                           1     32  (486)  111  
  456   22.9 16.4  0.7  NP_60     224247 224470 (172547) + Gypsy-3_DSe-LTR                              LTR/Gypsy                         114    377    (2)  112  
  672   26.2  1.9  4.4  NP_60     224630 224837 (172180) + Gypsy-3_DSe-LTR                              LTR/Gypsy                         316    518    (0)  102  
  516   10.9  2.7  1.3  NP_60     224843 224991 (172026) C MDG1_I                                       LTR/Gypsy                        (47)   6549   6399  113  
 1380   16.6  5.1  1.3  NP_60     225024 225317 (171700) + DM412_LTR                                   LTR/Gypsy                         161    465  (106)  114  
 3348   13.4  2.7  3.8  NP_60     225346 225985 (171032) + DM412_I                                        LTR/Gypsy                           1    627 (5850)  115  
 2397    7.6  1.1  0.5  NP_60     225986 226305 (170712) + Gypsy-2_DSim-LTR                             LTR/Gypsy                           1    391  (772)  116  
 3325   18.8  9.1  1.2  NP_60     226306 227109 (169908) + Gypsy-34_DEl-I                               LTR/Gypsy                           1    816 (3587)  117  
 2905    9.1  2.0  2.5  NP_60     227113 227553 (169464) + Gypsy-29_DWil-LTR                            LTR/Gypsy                           1    439    (0)  118  
48474    2.6  0.8  0.7  NP_60     227554 233306 (163711) + Gypsy-29_DWil-I                              LTR/Gypsy                           1   5762    (0)  118  
 2888    9.3  2.0  2.5  NP_60     233307 233747 (163270) + Gypsy-29_DWil-LTR                            LTR/Gypsy                           1    439    (0)  118  
 2219   17.8 13.0  0.0  NP_60     233760 234220 (162797) + Gypsy-34_DEl-I                               LTR/Gypsy                         730   1250 (3474)  117  
 6719   20.8  0.3  0.3  NP_60     234223 235452 (161565) + Gypsy-34_DEl-I                               LTR/Gypsy                        1481   2710 (2014)  117  
  708   18.1  0.0  0.8  NP_60     235445 235572 (161445) + Gypsy-34_DEl-I                               LTR/Gypsy                        3510   3636 (1011)  117 *
 2058   20.3  2.4  3.5  NP_60     235570 236252 (160765) + Gypsy-34_DEl-I                               LTR/Gypsy                        3739   4408  (316)  117 *
 2472    7.3  7.1  2.1  NP_60     236235 236714 (160303) + Gypsy-2_DSim-I                               LTR/Gypsy                        3018   3580  (110)  119  
  356    9.6  1.9  0.0  NP_60     236818 236869 (160148) + MDG1_I                                       LTR/Gypsy                          73    125 (6471)  120  
 2779    8.9  0.2  4.4  NP_60     236870 237291 (159726) + MDG1_I                                       LTR/Gypsy                         374    778 (5818)  120  
 3362    3.3  3.6  3.5  NP_60     237308 237765 (159252) + Gypsy-5_DSe-LTR                              LTR/Gypsy                           1    441    (0)  121 *
51342    2.9  0.6  1.2  NP_60     237741 244377 (152640) + Gypsy-5_DSe-I                                LTR/Gypsy                           1   6964  (118)  121  
  420   14.7  1.1  0.0  NP_60     244433 244527 (152490) + Gypsy-5_DSe-I                                LTR/Gypsy                        1126   1221 (5375)  121  
17930    4.8  4.3  0.2  NP_60     244727 247038 (149979) + Gypsy-5_DSe-I                                LTR/Gypsy                        1227   3631 (2965)  121  
 5668    5.8  8.5  0.1  NP_60     247021 247820 (149197) + Gypsy-5_DSe-I                                LTR/Gypsy                        4746   5598  (998)  121 *
 1116    8.3  0.1  0.0  NP_60     247802 247965 (149052) C MDG1_I                                       LTR/Gypsy                       (859)   5737   5593  122 *
 1696    8.8  1.0  0.9  NP_60     247965 248121 (148896) C MDG1_I                                       LTR/Gypsy                      (3125)   3471   3362  122  
  322   21.5  0.0  1.3  NP_60     248122 248201 (148816) + Gypsy-23_DWil-I                              LTR/Gypsy                         544    622 (2429)  123  
 1696    8.8  1.0  0.9  NP_60     248202 248341 (148676) C MDG1_I                                       LTR/Gypsy                      (3125)   3361   3263  122  
 2836    6.1  0.8  0.3  NP_60     248342 248703 (148314) + Gypsy10_LTR                                  LTR/Gypsy                           1    364    (0)  124  
17651   19.8  1.6  2.1  NP_60     248704 255135 (141882) + Gypsy10_I                                    LTR/Gypsy                           1   6736  (218)  124  
  587    6.0  0.0 10.0  NP_60     255218 255317 (141700) + Gypsy10_I                                    LTR/Gypsy                        5196   5278    (0)  125 *
 2798    6.1  1.1  0.3  NP_60     255310 255670 (141347) + Gypsy10_LTR                                  LTR/Gypsy                           1    364    (0)  125  
15721    5.0  4.3  0.1  NP_60     255671 257690 (139327) C MDG1_I                                       LTR/Gypsy                      (3330)   3266   1164  126  
 1090    8.1  2.5  2.5  NP_60     257668 257930 (139087) + MDG1_I                                       LTR/Gypsy                        6213   6594    (2)  127 *
  343   12.6  5.2  4.7  NP_60     257931 258101 (138916) C MDG1_I                                       LTR/Gypsy                      (5572)    957    786  126 *
 1181    9.3  5.1  0.0  NP_60     257928 258208 (138809) + MDG1_LTR                                     LTR/Gypsy                          17    241  (201)  128  
29053    7.1  0.8  1.1  NP_60     258209 264274 (132743) + Gypsy-2_DBp-I                                LTR/Gypsy                           1   5188    (0)  129  
14144    1.1  0.2  1.5  NP_60     264275 265866 (131151) + Gypsy-2_DBp-I                                LTR/Gypsy                        2742   4313  (875)  129 *
29030    3.2  1.3  0.1  NP_60     265866 269343 (127674) + Gypsy-13_DSim-I                              LTR/Gypsy                         626   4145 (1299)  128  
 2468    8.8  5.4  2.1  NP_60     269344 269716 (127301) + DIVER2_LTR                                   LTR/Pao                             1    385    (0)  130  
 1979    4.8  0.8  0.0  NP_60     269717 269967 (127050) + Gypsy-13_DSim-I                              LTR/Gypsy                        4141   4393 (1051)  128  
  859    2.0  0.0  0.0  NP_60     269969 270066 (126951) + ACCORD2_LTR                                  LTR/Gypsy                           1     98  (117)  131 *
 7711    1.9  3.5  0.1  NP_60     270059 270967 (126050) + ACCORD2_I                                    LTR/Gypsy                         112   1051 (6161)  132  
10310    1.9  0.2  0.7  NP_60     270968 272169 (124848) + ACCORD2_I                                    LTR/Gypsy                        1680   2875 (4337)  132  
 4762    2.5  0.0  0.2  NP_60     272161 272724 (124293) + ACCORD2_I                                    LTR/Gypsy                        6637   7199   (13)  132 *
 1869    0.9  0.9  1.4  NP_60     272725 272940 (124077) + ACCORD2_LTR                                  LTR/Gypsy                           1    215    (0)  132  
 5414   10.1  0.8  5.7  NP_60     272941 273861 (123156) + Gypsy8_I                                     LTR/Gypsy                        2451   3328 (1019)  133  
 2220   21.6  6.5  5.6  NP_60     273915 275319 (121698) + Gypsy-13_DSim-I                              LTR/Gypsy                        3407   4050  (297)  128  
 3159    4.5  0.5  0.0  NP_60     275378 275754 (121263) C STALKER4_LTR                                 LTR/Gypsy                        (23)    379      1  134  
49317    3.1  0.8  0.7  NP_60     275755 281822 (115195) C STALKER4_I                                   LTR/Gypsy                         (0)   6530    379  134  
  436    1.9  0.0  0.0  NP_60     281835 281887 (115130) C STALKER4_LTR                                 LTR/Gypsy                        (93)    309    257  135 *
 1493   17.9  7.7  1.9  NP_60     281887 282238 (114779) + Gypsy-1_DSim-I                               LTR/Gypsy                        5997   6368   (60)  136  
 1037   18.0  4.8 11.0  NP_60     282422 282720 (114297) + Gypsy-31_DEl-I                               LTR/Gypsy                         157    664 (6162)  137  
 2540   24.4  2.2  1.4  NP_60     283127 283750 (113267) + Gypsy-31_DEl-I                               LTR/Gypsy                         877   1505 (5321)  137  
12574   11.4  0.6  0.1  NP_60     283758 285532 (111485) + Gypsy-1_DSe-I                                LTR/Gypsy                        1100   2882 (3546)  138  
 2184    5.0  1.1  0.7  NP_60     285533 285812 (111205) C DM412_LTR                                   LTR/Gypsy                        (89)    482    202  139  
 3914    6.1  4.4  2.3  NP_60     285813 286696 (110321) + Gypsy-1_DSim-LTR                             LTR/Gypsy                           1    522    (0)  136 *
59734    2.5  0.5  0.2  NP_60     286696 293942 (103075) + Gypsy-1_DSim-I                               LTR/Gypsy                           1   7021    (1)  136  
 1545    2.5  0.0 16.6  NP_60     293943 294176 (102841) C DM412_LTR                                   LTR/Gypsy                       (371)    200      1  140  
10359   14.4  0.3  0.3  NP_60     294177 295757 (101260) + Gypsy-31_DEl-I                               LTR/Gypsy                        3720   5274 (1552)  141  
 2279   19.8  2.0  7.9  NP_60     295735 296672 (100345) + Gypsy-31_DEl-I                               LTR/Gypsy                        3407   5231  (213)  141 *
  664    4.6  0.0  0.0  NP_60     296672 296759 (100258) + Gypsy-13_DSim-LTR                            LTR/Gypsy                         115    194  (577)  142 *
16921    2.7  0.7  0.1  NP_60     296761 298740  (98277) C R1_DSi                                      LINE/R1        (5)   5429   3438  143  
 2678   20.0  3.2  7.2  NP_60     298727 300356  (96661) + Gypsy8_I                                     LTR/Gypsy                        2865   5231  (213)  144 *
  664    4.6  0.0  0.0  NP_60     300356 300443  (96574) + Gypsy-13_DSim-LTR                            LTR/Gypsy                         115    194  (577)  145 *
17615    2.5  0.7  0.9  NP_60     300445 302552  (94465) C R1_DSi                                      LINE/R1        (5)   5429   3326  146  
 1107   16.9  7.3  8.0  NP_60     302498 302838  (94179) + Gypsy8_I                                     LTR/Gypsy                        2990   3328 (1019)  147 *
 2211   19.8  3.7  7.1  NP_60     302948 303954  (93063) + Gypsy8_I                                     LTR/Gypsy                        3407   5231  (213)  144  
  664    4.6  0.0  0.0  NP_60     303954 304041  (92976) + Gypsy-13_DSim-LTR                            LTR/Gypsy                         115    194  (577)  148 *
 7565    6.6  3.0  0.6  NP_60     304041 305048  (91969) C R1_DM                                       LINE/R1        (7)   5349   4318  149  
 2893    3.1  4.1  4.8  NP_60     305085 305525  (91492) C R1_DSi                                      LINE/R1     (3162)   2272   1835  150  
 2635    8.7  3.0  0.8  NP_60     305551 306152  (90865) C R1_DSi                                      LINE/R1     (3846)   1598   1237  151  
  978   13.5 14.7  3.9  NP_60     306153 306384  (90633) C R1_DSi                                      LINE/R1     (5170)    264      9  151 *
13187    4.0  0.3  0.1  NP_60     306368 307949  (89068) C R1_DSi                                      LINE/R1      (411)   5023   3438  151  
 2620   20.5  3.9  7.1  NP_60     307936 309556  (87461) + Gypsy8_I                                     LTR/Gypsy                        2865   5231  (213)  144 *
  641    5.9  0.0  0.0  NP_60     309556 309643  (87374) + Gypsy-13_DSim-LTR                            LTR/Gypsy                         115    194  (577)  152 *
11635    4.0  3.1  0.4  NP_60     309645 311107  (85910) C R1_DSi                                      LINE/R1        (5)   5429   3927  153  
 6295    2.0  0.8  1.2  NP_60     311108 312258  (84759) C ROO_I                                        LTR/Pao                           (0)   8256   7540  154 *
59569    0.4  1.0  0.5  NP_60     312229 318987  (78030) C ROO_I                                        LTR/Pao                        (1464)   6792      1  154  
 3333    0.0  0.0  0.0  NP_60     319000 319353  (77664) C ROO_LTR                                      LTR/Pao                          (56)    372     19  155  
 2706    2.2  0.0  0.0  NP_60     319354 319667  (77350) C R1_DSi                                      LINE/R1     (1683)   3751   3438  156  
 2634   13.4  1.6  8.1  NP_60     319654 320222  (76795) + Gypsy8_I                                     LTR/Gypsy                        2865   3310 (1037)  157 *
 2215   19.6  3.6  6.8  NP_60     320216 321221  (75796) + Gypsy8_I                                     LTR/Gypsy                        3407   5231  (213)  157 *
  664    4.6  0.0  0.0  NP_60     321230 321317  (75700) + Gypsy-13_DSim-LTR                            LTR/Gypsy                         115    194  (577)  158  
12193    3.4  1.1  0.2  NP_60     321319 322784  (74233) C R1_DSi                                      LINE/R1        (5)   5429   3951  159  
  265    3.5  0.0  0.0  NP_60     322788 322816  (74201) C R1_DSi                                      LINE/R1     (1452)   3982   3954  159 *
12796    2.7  0.2  0.1  NP_60     322805 324298  (72719) C R1_DSi                                      LINE/R1      (501)   4933   3438  160  
 1071   11.4  0.6  3.6  NP_60     324285 324457  (72560) + Gypsy8_I                                     LTR/Gypsy                        2865   3032 (1315)  161 *
 3720    3.8  0.6  7.7  NP_60     324458 324973  (72044) + DM412_LTR                                   LTR/Gypsy                           1    482   (89)  162  
44025    1.8  1.0  0.9  NP_60     324974 330189  (66828) + DM412_I                                        LTR/Gypsy                           1   5218 (1259)  163  
 5520    4.4  1.9  4.2  NP_60     330191 331415  (65602) + DM412_I                                        LTR/Gypsy                        5089   6473    (4)  163  
 4530    2.9  3.2  0.2  NP_60     331416 331975  (65042) + DM412_I                                        LTR/Gypsy                           1    577 (5900)  164 *
41429    0.8  0.3  0.3  NP_60     331970 336664  (60353) + DM412_I                                        LTR/Gypsy                         510   5201 (1276)  163  
 4836    6.2  2.7  1.3  NP_60     336665 337690  (59327) + DM412_I                                        LTR/Gypsy                        5865   6473    (4)  163  
59377    1.3  0.6  0.4  NP_60     337691 344706  (52311) + BLOOD_I                                      LTR/Gypsy                           1   6613    (0)  163  
 3726    3.8  0.6  7.3  NP_60     344706 345216  (51801) + DM412_I                                        LTR/Gypsy                           4    482   (89)  163 *
 1068   11.5 23.0  1.2  NP_60     345215 345462  (51555) + Gypsy8_I                                     LTR/Gypsy                        3027   3328 (1019)  165 *
 2211   20.4  3.6  6.7  NP_60     345551 346582  (50435) + Gypsy8_I                                     LTR/Gypsy                        3407   5230  (214)  165  
  664    4.6  0.0  0.0  NP_60     346582 346669  (50348) + Gypsy-13_DSim-LTR                            LTR/Gypsy                         115    194  (577)  166 *
16875    2.7  0.7  0.1  NP_60     346671 348649  (48368) C R1_DSi                                      LINE/R1        (5)   5429   3438  167  
 2658   11.7  0.0  9.3  NP_60     348636 349142  (47875) + Gypsy8_I                                     LTR/Gypsy                        2865   3328 (1019)  168 *
43561    4.1  0.8  1.5  NP_60     349198 357090  (39927) + Gypsy12_I                                    LTR/Gypsy                           1   5546    (0)  169  
17587    6.0  1.2  3.0  NP_60     357090 359466  (37551) + Gypsy12_LTR                                  LTR/Gypsy                           1   2336    (0)  169 *
 2154   19.0  3.7  7.6  NP_60     359504 360527  (36490) + Gypsy8_I                                     LTR/Gypsy                        3407   5231  (213)  170  
  658    5.6  0.0  0.0  NP_60     360527 360614  (36403) + Gypsy-13_DSim-LTR                            LTR/Gypsy                         115    194  (577)  171 *
 9020    2.9  1.3  0.0  NP_60     360616 361676  (35341) C R1_DSi                                      LINE/R1        (5)   5429   4355  172  
 5393    1.9  0.0  0.0  NP_60     361676 362289  (34728) C R1_DSe                                      LINE/R1     (1139)   4278   3665  173 *
 1745   11.7  4.9  9.9  NP_60     362290 362680  (34337) + Gypsy8_I                                     LTR/Gypsy                        2956   3328 (1019)  174  
 2222   20.4  3.6  6.8  NP_60     362769 363801  (33216) + Gypsy8_I                                     LTR/Gypsy                        3407   5231  (213)  170  
  618    4.6  1.3  0.0  NP_60     363801 363887  (33130) + Gypsy-13_DSim-LTR                            LTR/Gypsy                         115    194  (577)  175 *
  417    4.0  0.0  0.0  NP_60     363887 363936  (33081) C R1_DM                                       LINE/R1        (7)   5349   5300  176 *
 6113    2.4  0.4  0.0  NP_60     363935 364638  (32379) C R1_DSi                                      LINE/R1      (269)   5165   4459  177  
 5592    1.4  0.6  0.0  NP_60     364642 365284  (31733) C R1_DSi                                      LINE/R1     (1350)   4084   3438  177  
 2674   11.3  0.2  9.3  NP_60     365271 365776  (31241) + Gypsy8_I                                     LTR/Gypsy                        2865   3328 (1019)  178 *
 1736   20.1  3.1  7.7  NP_60     365865 366524  (30493) + Gypsy8_I                                     LTR/Gypsy                        4889   5230  (214)  170  
 7640    2.1  1.9  0.0  NP_60     366528 367422  (29595) C R1_DSi                                      LINE/R1     (1092)   4342   3431  179 *
19554    2.4  0.8  0.1  NP_60     367421 369720  (27297) C R1_DSi                                      LINE/R1      (626)   4808   2493  180  
  362   10.9  0.0  0.0  NP_60     369725 369779  (27238) C R1_DSi                                      LINE/R1     (4339)   1095   1041  181  
  934   12.0  0.0  0.7  NP_60     369780 369922  (27095) + DM412_LTR                                   LTR/Gypsy                           1    142  (429)  182  
  642   21.5  4.3  1.6  NP_60     369923 370106  (26911) + DM412_LTR                                   LTR/Gypsy                         277    465  (106)  182  
 6839   12.1  3.9  2.6  NP_60     370122 371368  (25649) + DM412_I                                        LTR/Gypsy                           1   1263 (5214)  183  
 5020   10.8  0.5  1.7  NP_60     371463 372241  (24776) + DM412_I                                        LTR/Gypsy                        1259   2102 (4367)  183  
 2984   14.3  0.8  0.8  NP_60     372477 372992  (24025) + Gypsy-8_DSim-I                               LTR/Gypsy                          69    584 (6012)  184  
  226   15.0  0.0  0.0  NP_60     372994 373033  (23984) + Gypsy-8_DSim-I                               LTR/Gypsy                         506    545 (6051)  184  
11823   10.3  3.0  3.4  NP_60     373091 375215  (21802) + Gypsy-8_DSim-I                               LTR/Gypsy                           3   1531 (4583)  184  
 3332    4.6  2.5  0.0  NP_60     375216 375648  (21369) + Gypsy-8_DSim-I                               LTR/Gypsy                        2001   2444 (2968)  184  
 3037    4.9  3.3  0.0  NP_60     375648 376038  (20979) + Gypsy-8_DSim-I                               LTR/Gypsy                        1069   1472 (3940)  185 *
13244    3.0  1.4  0.1  NP_60     376039 377620  (19397) + Gypsy-8_DSim-I                               LTR/Gypsy                        2001   3603 (1809)  185  
  233   13.8  0.0 11.4  NP_60     377991 378039  (18978) + Gypsy-10_DMoj-LTR                            LTR/Gypsy                         108    151 (2875)  186  
  318   25.2  3.5 15.5  NP_60     378144 378345  (18672) + HMSBEAGLE_I                                  LTR/Gypsy                         196    547 (2479)  187  
  419   17.2  3.1 12.3  NP_60     378425 378583  (18434) + Gypsy-10_DMoj-LTR                            LTR/Gypsy                         546    691 (2335)  188  
 1783   32.7  0.8  0.9  NP_60     379161 379969  (17048) + HMSBEAGLE_I                                  LTR/Gypsy                         892   2113 (4416)  187  
 9000   27.0  1.0  1.0  NP_60     380177 383656  (13361) + Gypsy-53_DEl-I                               LTR/Gypsy                           1   5159 (1386)  189  
 4154   28.0  2.9  2.3  NP_60     383642 385353  (11664) + Gypsy-53_DEl-I                               LTR/Gypsy                        2325   4047  (342)  189 *
13008    4.0  4.0  2.6  NP_60     385730 387502   (9515) + Gypsy-8_DSim-I                               LTR/Gypsy                        3577   5372   (40)  190  
 2951   14.3  1.0  0.8  NP_60     387678 388192   (8825) + Gypsy-8_DSim-I                               LTR/Gypsy                          69    584 (6012)  191  
  226   15.0  0.0  0.0  NP_60     388194 388233   (8784) + Gypsy-8_DSim-I                               LTR/Gypsy                         506    545 (6051)  191  
 3748   14.4  5.4  8.8  NP_60     388291 389504   (7513) + Gypsy-8_DSim-I                               LTR/Gypsy                           3   1531 (4583)  191  
 3199   10.3  1.2  0.6  NP_60     390974 391452   (5565) + DM412_LTR                                   LTR/Gypsy                           1    482   (89)  192  
  301   24.1  3.4  2.2  NP_60     391725 391813   (5204) + Gypsy-53_DEl-I                               LTR/Gypsy                        3985   4074 (2435)  189  
 1019   12.4  8.5 19.5  NP_60     391846 392224   (4793) C DNAREP1_DSim                                 RC/Helitron                      (20)    773    267  193  
  452    7.1 10.0  0.0  NP_60     392226 392295   (4722) C DNAREP1_DSim                                 RC/Helitron                     (615)     77      1  193  
  297    5.6  0.0  0.0  NP_60     393996 394031   (2986) C Hoyak2                                       DNA/hAT-Ac                     (2525)     36      1  194  
 2036   16.7  5.3  1.3  NP_60     394032 394480   (2537) C DNAREP1_DSim                                 RC/Helitron                      (92)    701    254  195  
 1947    7.7  9.9  7.1  NP_60     396074 396535    (482) C DNAREP1_DM                                   RC/Helitron                       (0)    692      1  196  
